[0.012s] Invoking command in '/home/autodrive_devkit/build/nav2_util': AMENT_PREFIX_PATH=/home/autodrive_devkit/install/nav2_msgs:/home/autodrive_devkit/install/nav2_common:${AMENT_PREFIX_PATH} CMAKE_PREFIX_PATH=/home/autodrive_devkit/install/nav2_msgs:/home/autodrive_devkit/install/nav2_common:/home/autodrive_devkit/install/slam_toolbox:/home/autodrive_devkit/install/f1tenth_stanley_controller:/home/autodrive_devkit/install/autodrive_f1tenth:/opt/ros/humble LD_LIBRARY_PATH=/home/autodrive_devkit/install/nav2_msgs/lib:${LD_LIBRARY_PATH} PYTHONPATH=/home/autodrive_devkit/install/nav2_msgs/local/lib/python3.10/dist-packages:/home/autodrive_devkit/install/nav2_common/local/lib/python3.10/dist-packages:${PYTHONPATH} /usr/bin/cmake /home/autodrive_devkit/src/navigation2/nav2_util -DCMAKE_INSTALL_PREFIX=/home/autodrive_devkit/install/nav2_util
[0.066s] -- The C compiler identification is GNU 11.4.0
[0.113s] -- The CXX compiler identification is GNU 11.4.0
[0.121s] -- Detecting C compiler ABI info
[0.197s] -- Detecting C compiler ABI info - done
[0.205s] -- Check for working C compiler: /usr/bin/cc - skipped
[0.205s] -- Detecting C compile features
[0.205s] -- Detecting C compile features - done
[0.207s] -- Detecting CXX compiler ABI info
[0.281s] -- Detecting CXX compiler ABI info - done
[0.287s] -- Check for working CXX compiler: /usr/bin/c++ - skipped
[0.287s] -- Detecting CXX compile features
[0.288s] -- Detecting CXX compile features - done
[0.290s] -- Found ament_cmake: 1.3.10 (/opt/ros/humble/share/ament_cmake/cmake)
[0.415s] -- Found Python3: /usr/bin/python3 (found version "3.10.12") found components: Interpreter 
[0.493s] -- Found bond: 3.0.2 (/opt/ros/humble/share/bond/cmake)
[0.526s] -- Found rosidl_generator_c: 3.1.5 (/opt/ros/humble/share/rosidl_generator_c/cmake)
[0.532s] -- Found rosidl_adapter: 3.1.5 (/opt/ros/humble/share/rosidl_adapter/cmake)
[0.539s] -- Found rosidl_generator_cpp: 3.1.5 (/opt/ros/humble/share/rosidl_generator_cpp/cmake)
[0.549s] -- Using all available rosidl_typesupport_c: rosidl_typesupport_fastrtps_c;rosidl_typesupport_introspection_c
[0.562s] -- Using all available rosidl_typesupport_cpp: rosidl_typesupport_fastrtps_cpp;rosidl_typesupport_introspection_cpp
[0.592s] -- Found bondcpp: 3.0.2 (/opt/ros/humble/share/bondcpp/cmake)
[0.627s] -- Found rmw_implementation_cmake: 6.1.2 (/opt/ros/humble/share/rmw_implementation_cmake/cmake)
[0.629s] -- Found rmw_fastrtps_cpp: 6.2.7 (/opt/ros/humble/share/rmw_fastrtps_cpp/cmake)
[0.722s] -- Found OpenSSL: /usr/lib/x86_64-linux-gnu/libcrypto.so (found version "3.0.2")  
[0.747s] -- Found FastRTPS: /opt/ros/humble/include  
[0.786s] -- Using RMW implementation 'rmw_fastrtps_cpp' as default
[0.794s] -- Looking for pthread.h
[0.874s] -- Looking for pthread.h - found
[0.874s] -- Performing Test CMAKE_HAVE_LIBC_PTHREAD
[0.959s] -- Performing Test CMAKE_HAVE_LIBC_PTHREAD - Success
[0.961s] -- Found Threads: TRUE  
[1.011s] -- Found geometry_msgs: 4.2.4 (/opt/ros/humble/share/geometry_msgs/cmake)
[1.018s] -- Found nav2_common: 1.3.1 (/home/autodrive_devkit/install/nav2_common/share/nav2_common/cmake)
[1.019s] -- Found nav2_msgs: 1.3.1 (/home/autodrive_devkit/install/nav2_msgs/share/nav2_msgs/cmake)
[1.077s] -- Found rclcpp_action: 16.0.10 (/opt/ros/humble/share/rclcpp_action/cmake)
[1.085s] -- Found tf2: 0.25.7 (/opt/ros/humble/share/tf2/cmake)
[1.096s] -- Found tf2_geometry_msgs: 0.25.7 (/opt/ros/humble/share/tf2_geometry_msgs/cmake)
[1.112s] -- Found eigen3_cmake_module: 0.1.1 (/opt/ros/humble/share/eigen3_cmake_module/cmake)
[1.113s] -- Found Eigen3: TRUE (found version "3.4.0") 
[1.113s] -- Ensuring Eigen3 include directory is part of orocos-kdl CMake target
[1.155s] -- Setting build type to Release as none was specified.
[1.158s] -- Found ament_lint_auto: 0.12.11 (/opt/ros/humble/share/ament_lint_auto/cmake)
[1.160s] -- Found ament_cmake_pytest: 1.3.10 (/opt/ros/humble/share/ament_cmake_pytest/cmake)
[1.253s] -- Found gtest sources under '/opt/ros/humble/src/gtest_vendor': C++ tests using 'Google Test' will be built
[1.267s] [31mCMake Error at test/CMakeLists.txt:8 (find_package):
[1.267s]   By not providing "Findtest_msgs.cmake" in CMAKE_MODULE_PATH this project
[1.267s]   has asked CMake to find a package configuration file provided by
[1.267s]   "test_msgs", but CMake did not find one.
[1.267s] 
[1.267s]   Could not find a package configuration file provided by "test_msgs" with
[1.268s]   any of the following names:
[1.268s] 
[1.268s]     test_msgsConfig.cmake
[1.268s]     test_msgs-config.cmake
[1.268s] 
[1.268s]   Add the installation prefix of "test_msgs" to CMAKE_PREFIX_PATH or set
[1.268s]   "test_msgs_DIR" to a directory containing one of the above files.  If
[1.268s]   "test_msgs" provides a separate development package or SDK, be sure it has
[1.268s]   been installed.
[1.268s] 
[1.268s] [0m
[1.268s] -- Configuring incomplete, errors occurred!
[1.268s] See also "/home/autodrive_devkit/build/nav2_util/CMakeFiles/CMakeOutput.log".
[1.275s] Invoked command in '/home/autodrive_devkit/build/nav2_util' returned '1': AMENT_PREFIX_PATH=/home/autodrive_devkit/install/nav2_msgs:/home/autodrive_devkit/install/nav2_common:${AMENT_PREFIX_PATH} CMAKE_PREFIX_PATH=/home/autodrive_devkit/install/nav2_msgs:/home/autodrive_devkit/install/nav2_common:/home/autodrive_devkit/install/slam_toolbox:/home/autodrive_devkit/install/f1tenth_stanley_controller:/home/autodrive_devkit/install/autodrive_f1tenth:/opt/ros/humble LD_LIBRARY_PATH=/home/autodrive_devkit/install/nav2_msgs/lib:${LD_LIBRARY_PATH} PYTHONPATH=/home/autodrive_devkit/install/nav2_msgs/local/lib/python3.10/dist-packages:/home/autodrive_devkit/install/nav2_common/local/lib/python3.10/dist-packages:${PYTHONPATH} /usr/bin/cmake /home/autodrive_devkit/src/navigation2/nav2_util -DCMAKE_INSTALL_PREFIX=/home/autodrive_devkit/install/nav2_util
