[0.021s] Invoking command in '/home/autodrive_devkit/build/nav2_common': CMAKE_PREFIX_PATH=${CMAKE_PREFIX_PATH}:/home/autodrive_devkit/install/f1tenth_stanley_controller:/home/autodrive_devkit/install/autodrive_f1tenth:/opt/ros/humble /usr/bin/cmake --build /home/autodrive_devkit/build/nav2_common -- -j16 -l16
[0.323s] Built target ament_cmake_python_copy_nav2_common
[0.324s] running egg_info
[0.324s] writing nav2_common.egg-info/PKG-INFO
[0.324s] writing dependency_links to nav2_common.egg-info/dependency_links.txt
[0.324s] writing top-level names to nav2_common.egg-info/top_level.txt
[0.324s] reading manifest file 'nav2_common.egg-info/SOURCES.txt'
[0.325s] writing manifest file 'nav2_common.egg-info/SOURCES.txt'
[0.325s] Built target ament_cmake_python_build_nav2_common_egg
[0.466s] Invoked command in '/home/autodrive_devkit/build/nav2_common' returned '0': CMAKE_PREFIX_PATH=${CMAKE_PREFIX_PATH}:/home/autodrive_devkit/install/f1tenth_stanley_controller:/home/autodrive_devkit/install/autodrive_f1tenth:/opt/ros/humble /usr/bin/cmake --build /home/autodrive_devkit/build/nav2_common -- -j16 -l16
[0.494s] Invoking command in '/home/autodrive_devkit/build/nav2_common': CMAKE_PREFIX_PATH=${CMAKE_PREFIX_PATH}:/home/autodrive_devkit/install/f1tenth_stanley_controller:/home/autodrive_devkit/install/autodrive_f1tenth:/opt/ros/humble /usr/bin/cmake --install /home/autodrive_devkit/build/nav2_common
[0.502s] -- Install configuration: ""
[0.502s] -- Up-to-date: /home/autodrive_devkit/install/nav2_common/share/nav2_common/environment/pythonpath.sh
[0.502s] -- Up-to-date: /home/autodrive_devkit/install/nav2_common/share/nav2_common/environment/pythonpath.dsv
[0.502s] -- Up-to-date: /home/autodrive_devkit/install/nav2_common/local/lib/python3.10/dist-packages/nav2_common-1.3.1-py3.10.egg-info
[0.502s] -- Installing: /home/autodrive_devkit/install/nav2_common/local/lib/python3.10/dist-packages/nav2_common-1.3.1-py3.10.egg-info/SOURCES.txt
[0.502s] -- Installing: /home/autodrive_devkit/install/nav2_common/local/lib/python3.10/dist-packages/nav2_common-1.3.1-py3.10.egg-info/PKG-INFO
[0.503s] -- Installing: /home/autodrive_devkit/install/nav2_common/local/lib/python3.10/dist-packages/nav2_common-1.3.1-py3.10.egg-info/dependency_links.txt
[0.503s] -- Installing: /home/autodrive_devkit/install/nav2_common/local/lib/python3.10/dist-packages/nav2_common-1.3.1-py3.10.egg-info/top_level.txt
[0.503s] -- Up-to-date: /home/autodrive_devkit/install/nav2_common/local/lib/python3.10/dist-packages/nav2_common
[0.503s] -- Up-to-date: /home/autodrive_devkit/install/nav2_common/local/lib/python3.10/dist-packages/nav2_common/__init__.py
[0.503s] -- Up-to-date: /home/autodrive_devkit/install/nav2_common/local/lib/python3.10/dist-packages/nav2_common/launch
[0.503s] -- Up-to-date: /home/autodrive_devkit/install/nav2_common/local/lib/python3.10/dist-packages/nav2_common/launch/replace_string.py
[0.504s] -- Up-to-date: /home/autodrive_devkit/install/nav2_common/local/lib/python3.10/dist-packages/nav2_common/launch/__init__.py
[0.504s] -- Up-to-date: /home/autodrive_devkit/install/nav2_common/local/lib/python3.10/dist-packages/nav2_common/launch/has_node_params.py
[0.504s] -- Up-to-date: /home/autodrive_devkit/install/nav2_common/local/lib/python3.10/dist-packages/nav2_common/launch/rewritten_yaml.py
[0.528s] Listing '/home/autodrive_devkit/install/nav2_common/local/lib/python3.10/dist-packages/nav2_common'...
[0.528s] Listing '/home/autodrive_devkit/install/nav2_common/local/lib/python3.10/dist-packages/nav2_common/launch'...
[0.530s] -- Up-to-date: /home/autodrive_devkit/install/nav2_common/share/ament_index/resource_index/package_run_dependencies/nav2_common
[0.530s] -- Up-to-date: /home/autodrive_devkit/install/nav2_common/share/ament_index/resource_index/parent_prefix_path/nav2_common
[0.531s] -- Up-to-date: /home/autodrive_devkit/install/nav2_common/share/nav2_common/environment/ament_prefix_path.sh
[0.531s] -- Up-to-date: /home/autodrive_devkit/install/nav2_common/share/nav2_common/environment/ament_prefix_path.dsv
[0.531s] -- Up-to-date: /home/autodrive_devkit/install/nav2_common/share/nav2_common/environment/path.sh
[0.531s] -- Up-to-date: /home/autodrive_devkit/install/nav2_common/share/nav2_common/environment/path.dsv
[0.531s] -- Up-to-date: /home/autodrive_devkit/install/nav2_common/share/nav2_common/local_setup.bash
[0.531s] -- Up-to-date: /home/autodrive_devkit/install/nav2_common/share/nav2_common/local_setup.sh
[0.531s] -- Up-to-date: /home/autodrive_devkit/install/nav2_common/share/nav2_common/local_setup.zsh
[0.531s] -- Up-to-date: /home/autodrive_devkit/install/nav2_common/share/nav2_common/local_setup.dsv
[0.531s] -- Installing: /home/autodrive_devkit/install/nav2_common/share/nav2_common/package.dsv
[0.531s] -- Up-to-date: /home/autodrive_devkit/install/nav2_common/share/ament_index/resource_index/packages/nav2_common
[0.532s] -- Up-to-date: /home/autodrive_devkit/install/nav2_common/share/nav2_common/cmake/nav2_common-extras.cmake
[0.532s] -- Up-to-date: /home/autodrive_devkit/install/nav2_common/share/nav2_common/cmake/nav2_commonConfig.cmake
[0.532s] -- Up-to-date: /home/autodrive_devkit/install/nav2_common/share/nav2_common/cmake/nav2_commonConfig-version.cmake
[0.532s] -- Up-to-date: /home/autodrive_devkit/install/nav2_common/share/nav2_common/package.xml
[0.532s] -- Up-to-date: /home/autodrive_devkit/install/nav2_common/share/nav2_common/cmake
[0.532s] -- Up-to-date: /home/autodrive_devkit/install/nav2_common/share/nav2_common/cmake/nav2_package.cmake
[0.535s] Invoked command in '/home/autodrive_devkit/build/nav2_common' returned '0': CMAKE_PREFIX_PATH=${CMAKE_PREFIX_PATH}:/home/autodrive_devkit/install/f1tenth_stanley_controller:/home/autodrive_devkit/install/autodrive_f1tenth:/opt/ros/humble /usr/bin/cmake --install /home/autodrive_devkit/build/nav2_common
