[0.790s] Invoking command in '/home/autodrive_devkit/src/f1tenth_stanley_controller': PYTHONPATH=/home/autodrive_devkit/build/f1tenth_stanley_controller/prefix_override:/usr/lib/python3/dist-packages/colcon_core/task/python/colcon_distutils_commands:/home/autodrive_devkit/install/f1tenth_stanley_controller/lib/python3.10/site-packages:${PYTHONPATH} /usr/bin/python3 -W ignore:setup.py install is deprecated setup.py egg_info --egg-base ../../build/f1tenth_stanley_controller build --build-base /home/autodrive_devkit/build/f1tenth_stanley_controller/build install --record /home/autodrive_devkit/build/f1tenth_stanley_controller/install.log --install-scripts $base/lib/f1tenth_stanley_controller --single-version-externally-managed install_data
[1.034s] /usr/lib/python3/dist-packages/setuptools/dist.py:723: UserWarning: Usage of dash-separated 'script-dir' will not be supported in future versions. Please use the underscore name 'script_dir' instead
[1.034s]   warnings.warn(
[1.045s] running egg_info
[1.046s] creating ../../build/f1tenth_stanley_controller/f1tenth_stanley_controller.egg-info
[1.046s] writing ../../build/f1tenth_stanley_controller/f1tenth_stanley_controller.egg-info/PKG-INFO
[1.047s] writing dependency_links to ../../build/f1tenth_stanley_controller/f1tenth_stanley_controller.egg-info/dependency_links.txt
[1.047s] writing entry points to ../../build/f1tenth_stanley_controller/f1tenth_stanley_controller.egg-info/entry_points.txt
[1.047s] writing requirements to ../../build/f1tenth_stanley_controller/f1tenth_stanley_controller.egg-info/requires.txt
[1.047s] writing top-level names to ../../build/f1tenth_stanley_controller/f1tenth_stanley_controller.egg-info/top_level.txt
[1.048s] writing manifest file '../../build/f1tenth_stanley_controller/f1tenth_stanley_controller.egg-info/SOURCES.txt'
[1.050s] reading manifest file '../../build/f1tenth_stanley_controller/f1tenth_stanley_controller.egg-info/SOURCES.txt'
[1.051s] writing manifest file '../../build/f1tenth_stanley_controller/f1tenth_stanley_controller.egg-info/SOURCES.txt'
[1.051s] running build
[1.051s] running build_py
[1.051s] creating /home/autodrive_devkit/build/f1tenth_stanley_controller/build
[1.051s] creating /home/autodrive_devkit/build/f1tenth_stanley_controller/build/lib
[1.051s] creating /home/autodrive_devkit/build/f1tenth_stanley_controller/build/lib/f1tenth_stanley_controller
[1.052s] copying f1tenth_stanley_controller/__init__.py -> /home/autodrive_devkit/build/f1tenth_stanley_controller/build/lib/f1tenth_stanley_controller
[1.052s] copying f1tenth_stanley_controller/controller_node.py -> /home/autodrive_devkit/build/f1tenth_stanley_controller/build/lib/f1tenth_stanley_controller
[1.052s] copying f1tenth_stanley_controller/get_waypoints.py -> /home/autodrive_devkit/build/f1tenth_stanley_controller/build/lib/f1tenth_stanley_controller
[1.052s] running install
[1.053s] running install_lib
[1.055s] creating /home/autodrive_devkit/install/f1tenth_stanley_controller/lib/python3.10/site-packages/f1tenth_stanley_controller
[1.055s] copying /home/autodrive_devkit/build/f1tenth_stanley_controller/build/lib/f1tenth_stanley_controller/__init__.py -> /home/autodrive_devkit/install/f1tenth_stanley_controller/lib/python3.10/site-packages/f1tenth_stanley_controller
[1.055s] copying /home/autodrive_devkit/build/f1tenth_stanley_controller/build/lib/f1tenth_stanley_controller/controller_node.py -> /home/autodrive_devkit/install/f1tenth_stanley_controller/lib/python3.10/site-packages/f1tenth_stanley_controller
[1.055s] copying /home/autodrive_devkit/build/f1tenth_stanley_controller/build/lib/f1tenth_stanley_controller/get_waypoints.py -> /home/autodrive_devkit/install/f1tenth_stanley_controller/lib/python3.10/site-packages/f1tenth_stanley_controller
[1.056s] byte-compiling /home/autodrive_devkit/install/f1tenth_stanley_controller/lib/python3.10/site-packages/f1tenth_stanley_controller/__init__.py to __init__.cpython-310.pyc
[1.056s] byte-compiling /home/autodrive_devkit/install/f1tenth_stanley_controller/lib/python3.10/site-packages/f1tenth_stanley_controller/controller_node.py to controller_node.cpython-310.pyc
[1.059s] byte-compiling /home/autodrive_devkit/install/f1tenth_stanley_controller/lib/python3.10/site-packages/f1tenth_stanley_controller/get_waypoints.py to get_waypoints.cpython-310.pyc
[1.060s] running install_data
[1.060s] creating /home/autodrive_devkit/install/f1tenth_stanley_controller/share/ament_index
[1.060s] creating /home/autodrive_devkit/install/f1tenth_stanley_controller/share/ament_index/resource_index
[1.060s] creating /home/autodrive_devkit/install/f1tenth_stanley_controller/share/ament_index/resource_index/packages
[1.060s] copying resource/f1tenth_stanley_controller -> /home/autodrive_devkit/install/f1tenth_stanley_controller/share/ament_index/resource_index/packages
[1.060s] copying package.xml -> /home/autodrive_devkit/install/f1tenth_stanley_controller/share/f1tenth_stanley_controller
[1.060s] creating /home/autodrive_devkit/install/f1tenth_stanley_controller/share/f1tenth_stanley_controller/launch
[1.061s] copying launch/controller_launch.py -> /home/autodrive_devkit/install/f1tenth_stanley_controller/share/f1tenth_stanley_controller/launch
[1.061s] running install_egg_info
[1.064s] Copying ../../build/f1tenth_stanley_controller/f1tenth_stanley_controller.egg-info to /home/autodrive_devkit/install/f1tenth_stanley_controller/lib/python3.10/site-packages/f1tenth_stanley_controller-0.0.0-py3.10.egg-info
[1.065s] running install_scripts
[1.092s] Installing controller_node script to /home/autodrive_devkit/install/f1tenth_stanley_controller/lib/f1tenth_stanley_controller
[1.092s] writing list of installed files to '/home/autodrive_devkit/build/f1tenth_stanley_controller/install.log'
[1.200s] Invoked command in '/home/autodrive_devkit/src/f1tenth_stanley_controller' returned '0': PYTHONPATH=/home/autodrive_devkit/build/f1tenth_stanley_controller/prefix_override:/usr/lib/python3/dist-packages/colcon_core/task/python/colcon_distutils_commands:/home/autodrive_devkit/install/f1tenth_stanley_controller/lib/python3.10/site-packages:${PYTHONPATH} /usr/bin/python3 -W ignore:setup.py install is deprecated setup.py egg_info --egg-base ../../build/f1tenth_stanley_controller build --build-base /home/autodrive_devkit/build/f1tenth_stanley_controller/build install --record /home/autodrive_devkit/build/f1tenth_stanley_controller/install.log --install-scripts $base/lib/f1tenth_stanley_controller --single-version-externally-managed install_data
