[0.083s] DEBUG:colcon:Command line arguments: ['/usr/bin/colcon', 'build']
[0.083s] DEBUG:colcon:Parsed command line arguments: Namespace(log_base=None, log_level=None, verb_name='build', build_base='build', install_base='install', merge_install=False, symlink_install=False, test_result_base=None, continue_on_error=False, executor='parallel', parallel_workers=16, event_handlers=None, ignore_user_meta=False, metas=['./colcon.meta'], base_paths=['.'], packages_ignore=None, packages_ignore_regex=None, paths=None, packages_up_to=None, packages_up_to_regex=None, packages_above=None, packages_above_and_dependencies=None, packages_above_depth=None, packages_select_by_dep=None, packages_skip_by_dep=None, packages_skip_up_to=None, packages_select_build_failed=False, packages_skip_build_finished=False, packages_select_test_failures=False, packages_skip_test_passed=False, packages_select=None, packages_skip=None, packages_select_regex=None, packages_skip_regex=None, packages_start=None, packages_end=None, cmake_args=None, cmake_target=None, cmake_target_skip_unavailable=False, cmake_clean_cache=False, cmake_clean_first=False, cmake_force_configure=False, ament_cmake_args=None, catkin_cmake_args=None, catkin_skip_building_tests=False, mixin_files=None, mixin=None, verb_parser=<colcon_mixin.mixin.mixin_argument.MixinArgumentDecorator object at 0x705031254310>, verb_extension=<colcon_core.verb.build.BuildVerb object at 0x7050313f07f0>, main=<bound method BuildVerb.main of <colcon_core.verb.build.BuildVerb object at 0x7050313f07f0>>, mixin_verb=('build',))
[0.177s] Level 1:colcon.colcon_core.package_discovery:discover_packages(colcon_meta) check parameters
[0.178s] INFO:colcon.colcon_metadata.package_discovery.colcon_meta:Using configuration from '/root/.colcon/metadata/default/Gazebo.meta'
[0.178s] INFO:colcon.colcon_metadata.package_discovery.colcon_meta:Using configuration from '/root/.colcon/metadata/default/fastrtps.meta'
[0.178s] Level 1:colcon.colcon_core.package_discovery:discover_packages(recursive) check parameters
[0.178s] Level 1:colcon.colcon_core.package_discovery:discover_packages(ignore) check parameters
[0.178s] Level 1:colcon.colcon_core.package_discovery:discover_packages(path) check parameters
[0.178s] Level 1:colcon.colcon_core.package_discovery:discover_packages(colcon_meta) discover
[0.178s] Level 1:colcon.colcon_core.package_discovery:discover_packages(recursive) discover
[0.178s] INFO:colcon.colcon_core.package_discovery:Crawling recursively for packages in '/home/autodrive_devkit'
[0.178s] Level 1:colcon.colcon_core.package_identification:_identify(.) by extensions ['ignore', 'ignore_ament_install']
[0.178s] Level 1:colcon.colcon_core.package_identification:_identify(.) by extension 'ignore'
[0.178s] Level 1:colcon.colcon_core.package_identification:_identify(.) by extension 'ignore_ament_install'
[0.178s] Level 1:colcon.colcon_core.package_identification:_identify(.) by extensions ['colcon_pkg']
[0.178s] Level 1:colcon.colcon_core.package_identification:_identify(.) by extension 'colcon_pkg'
[0.178s] Level 1:colcon.colcon_core.package_identification:_identify(.) by extensions ['colcon_meta']
[0.178s] Level 1:colcon.colcon_core.package_identification:_identify(.) by extension 'colcon_meta'
[0.178s] Level 1:colcon.colcon_core.package_identification:_identify(.) by extensions ['ros']
[0.178s] Level 1:colcon.colcon_core.package_identification:_identify(.) by extension 'ros'
[0.187s] Level 1:colcon.colcon_core.package_identification:_identify(.) by extensions ['cmake', 'python']
[0.187s] Level 1:colcon.colcon_core.package_identification:_identify(.) by extension 'cmake'
[0.187s] Level 1:colcon.colcon_core.package_identification:_identify(.) by extension 'python'
[0.187s] Level 1:colcon.colcon_core.package_identification:_identify(.) by extensions ['python_setup_py']
[0.187s] Level 1:colcon.colcon_core.package_identification:_identify(.) by extension 'python_setup_py'
[0.188s] Level 1:colcon.colcon_core.package_identification:_identify(build) by extensions ['ignore', 'ignore_ament_install']
[0.188s] Level 1:colcon.colcon_core.package_identification:_identify(build) by extension 'ignore'
[0.188s] Level 1:colcon.colcon_core.package_identification:_identify(build) ignored
[0.188s] Level 1:colcon.colcon_core.package_identification:_identify(install) by extensions ['ignore', 'ignore_ament_install']
[0.188s] Level 1:colcon.colcon_core.package_identification:_identify(install) by extension 'ignore'
[0.188s] Level 1:colcon.colcon_core.package_identification:_identify(install) ignored
[0.188s] Level 1:colcon.colcon_core.package_identification:_identify(log) by extensions ['ignore', 'ignore_ament_install']
[0.188s] Level 1:colcon.colcon_core.package_identification:_identify(log) by extension 'ignore'
[0.188s] Level 1:colcon.colcon_core.package_identification:_identify(log) ignored
[0.188s] Level 1:colcon.colcon_core.package_identification:_identify(src) by extensions ['ignore', 'ignore_ament_install']
[0.188s] Level 1:colcon.colcon_core.package_identification:_identify(src) by extension 'ignore'
[0.188s] Level 1:colcon.colcon_core.package_identification:_identify(src) by extension 'ignore_ament_install'
[0.188s] Level 1:colcon.colcon_core.package_identification:_identify(src) by extensions ['colcon_pkg']
[0.188s] Level 1:colcon.colcon_core.package_identification:_identify(src) by extension 'colcon_pkg'
[0.188s] Level 1:colcon.colcon_core.package_identification:_identify(src) by extensions ['colcon_meta']
[0.188s] Level 1:colcon.colcon_core.package_identification:_identify(src) by extension 'colcon_meta'
[0.189s] Level 1:colcon.colcon_core.package_identification:_identify(src) by extensions ['ros']
[0.189s] Level 1:colcon.colcon_core.package_identification:_identify(src) by extension 'ros'
[0.189s] Level 1:colcon.colcon_core.package_identification:_identify(src) by extensions ['cmake', 'python']
[0.189s] Level 1:colcon.colcon_core.package_identification:_identify(src) by extension 'cmake'
[0.189s] Level 1:colcon.colcon_core.package_identification:_identify(src) by extension 'python'
[0.189s] Level 1:colcon.colcon_core.package_identification:_identify(src) by extensions ['python_setup_py']
[0.189s] Level 1:colcon.colcon_core.package_identification:_identify(src) by extension 'python_setup_py'
[0.189s] Level 1:colcon.colcon_core.package_identification:_identify(src/autodrive_devkit) by extensions ['ignore', 'ignore_ament_install']
[0.189s] Level 1:colcon.colcon_core.package_identification:_identify(src/autodrive_devkit) by extension 'ignore'
[0.189s] Level 1:colcon.colcon_core.package_identification:_identify(src/autodrive_devkit) by extension 'ignore_ament_install'
[0.189s] Level 1:colcon.colcon_core.package_identification:_identify(src/autodrive_devkit) by extensions ['colcon_pkg']
[0.189s] Level 1:colcon.colcon_core.package_identification:_identify(src/autodrive_devkit) by extension 'colcon_pkg'
[0.189s] Level 1:colcon.colcon_core.package_identification:_identify(src/autodrive_devkit) by extensions ['colcon_meta']
[0.189s] Level 1:colcon.colcon_core.package_identification:_identify(src/autodrive_devkit) by extension 'colcon_meta'
[0.189s] Level 1:colcon.colcon_core.package_identification:_identify(src/autodrive_devkit) by extensions ['ros']
[0.189s] Level 1:colcon.colcon_core.package_identification:_identify(src/autodrive_devkit) by extension 'ros'
[0.192s] DEBUG:colcon.colcon_core.package_identification:Package 'src/autodrive_devkit' with type 'ros.ament_python' and name 'autodrive_f1tenth'
[0.192s] Level 1:colcon.colcon_core.package_identification:_identify(src/f1tenth_stanley_controller) by extensions ['ignore', 'ignore_ament_install']
[0.192s] Level 1:colcon.colcon_core.package_identification:_identify(src/f1tenth_stanley_controller) by extension 'ignore'
[0.192s] Level 1:colcon.colcon_core.package_identification:_identify(src/f1tenth_stanley_controller) by extension 'ignore_ament_install'
[0.192s] Level 1:colcon.colcon_core.package_identification:_identify(src/f1tenth_stanley_controller) by extensions ['colcon_pkg']
[0.192s] Level 1:colcon.colcon_core.package_identification:_identify(src/f1tenth_stanley_controller) by extension 'colcon_pkg'
[0.192s] Level 1:colcon.colcon_core.package_identification:_identify(src/f1tenth_stanley_controller) by extensions ['colcon_meta']
[0.192s] Level 1:colcon.colcon_core.package_identification:_identify(src/f1tenth_stanley_controller) by extension 'colcon_meta'
[0.192s] Level 1:colcon.colcon_core.package_identification:_identify(src/f1tenth_stanley_controller) by extensions ['ros']
[0.192s] Level 1:colcon.colcon_core.package_identification:_identify(src/f1tenth_stanley_controller) by extension 'ros'
[0.193s] DEBUG:colcon.colcon_core.package_identification:Package 'src/f1tenth_stanley_controller' with type 'ros.ament_python' and name 'f1tenth_stanley_controller'
[0.193s] Level 1:colcon.colcon_core.package_identification:_identify(src/slam_toolbox) by extensions ['ignore', 'ignore_ament_install']
[0.193s] Level 1:colcon.colcon_core.package_identification:_identify(src/slam_toolbox) by extension 'ignore'
[0.193s] Level 1:colcon.colcon_core.package_identification:_identify(src/slam_toolbox) by extension 'ignore_ament_install'
[0.193s] Level 1:colcon.colcon_core.package_identification:_identify(src/slam_toolbox) by extensions ['colcon_pkg']
[0.193s] Level 1:colcon.colcon_core.package_identification:_identify(src/slam_toolbox) by extension 'colcon_pkg'
[0.193s] Level 1:colcon.colcon_core.package_identification:_identify(src/slam_toolbox) by extensions ['colcon_meta']
[0.193s] Level 1:colcon.colcon_core.package_identification:_identify(src/slam_toolbox) by extension 'colcon_meta'
[0.193s] Level 1:colcon.colcon_core.package_identification:_identify(src/slam_toolbox) by extensions ['ros']
[0.193s] Level 1:colcon.colcon_core.package_identification:_identify(src/slam_toolbox) by extension 'ros'
[0.194s] DEBUG:colcon.colcon_core.package_identification:Package 'src/slam_toolbox' with type 'ros.ament_cmake' and name 'slam_toolbox'
[0.194s] Level 1:colcon.colcon_core.package_discovery:discover_packages(recursive) using defaults
[0.194s] Level 1:colcon.colcon_core.package_discovery:discover_packages(ignore) discover
[0.194s] Level 1:colcon.colcon_core.package_discovery:discover_packages(ignore) using defaults
[0.194s] Level 1:colcon.colcon_core.package_discovery:discover_packages(path) discover
[0.195s] Level 1:colcon.colcon_core.package_discovery:discover_packages(path) using defaults
[0.211s] Level 5:colcon.colcon_core.verb:set package 'autodrive_f1tenth' build argument 'cmake_args' from command line to 'None'
[0.211s] Level 5:colcon.colcon_core.verb:set package 'autodrive_f1tenth' build argument 'cmake_target' from command line to 'None'
[0.211s] Level 5:colcon.colcon_core.verb:set package 'autodrive_f1tenth' build argument 'cmake_target_skip_unavailable' from command line to 'False'
[0.211s] Level 5:colcon.colcon_core.verb:set package 'autodrive_f1tenth' build argument 'cmake_clean_cache' from command line to 'False'
[0.211s] Level 5:colcon.colcon_core.verb:set package 'autodrive_f1tenth' build argument 'cmake_clean_first' from command line to 'False'
[0.211s] Level 5:colcon.colcon_core.verb:set package 'autodrive_f1tenth' build argument 'cmake_force_configure' from command line to 'False'
[0.211s] Level 5:colcon.colcon_core.verb:set package 'autodrive_f1tenth' build argument 'ament_cmake_args' from command line to 'None'
[0.211s] Level 5:colcon.colcon_core.verb:set package 'autodrive_f1tenth' build argument 'catkin_cmake_args' from command line to 'None'
[0.211s] Level 5:colcon.colcon_core.verb:set package 'autodrive_f1tenth' build argument 'catkin_skip_building_tests' from command line to 'False'
[0.211s] DEBUG:colcon.colcon_core.verb:Building package 'autodrive_f1tenth' with the following arguments: {'ament_cmake_args': None, 'build_base': '/home/autodrive_devkit/build/autodrive_f1tenth', 'catkin_cmake_args': None, 'catkin_skip_building_tests': False, 'cmake_args': None, 'cmake_clean_cache': False, 'cmake_clean_first': False, 'cmake_force_configure': False, 'cmake_target': None, 'cmake_target_skip_unavailable': False, 'install_base': '/home/autodrive_devkit/install/autodrive_f1tenth', 'merge_install': False, 'path': '/home/autodrive_devkit/src/autodrive_devkit', 'symlink_install': False, 'test_result_base': None}
[0.211s] Level 5:colcon.colcon_core.verb:set package 'f1tenth_stanley_controller' build argument 'cmake_args' from command line to 'None'
[0.211s] Level 5:colcon.colcon_core.verb:set package 'f1tenth_stanley_controller' build argument 'cmake_target' from command line to 'None'
[0.211s] Level 5:colcon.colcon_core.verb:set package 'f1tenth_stanley_controller' build argument 'cmake_target_skip_unavailable' from command line to 'False'
[0.211s] Level 5:colcon.colcon_core.verb:set package 'f1tenth_stanley_controller' build argument 'cmake_clean_cache' from command line to 'False'
[0.211s] Level 5:colcon.colcon_core.verb:set package 'f1tenth_stanley_controller' build argument 'cmake_clean_first' from command line to 'False'
[0.211s] Level 5:colcon.colcon_core.verb:set package 'f1tenth_stanley_controller' build argument 'cmake_force_configure' from command line to 'False'
[0.211s] Level 5:colcon.colcon_core.verb:set package 'f1tenth_stanley_controller' build argument 'ament_cmake_args' from command line to 'None'
[0.211s] Level 5:colcon.colcon_core.verb:set package 'f1tenth_stanley_controller' build argument 'catkin_cmake_args' from command line to 'None'
[0.211s] Level 5:colcon.colcon_core.verb:set package 'f1tenth_stanley_controller' build argument 'catkin_skip_building_tests' from command line to 'False'
[0.211s] DEBUG:colcon.colcon_core.verb:Building package 'f1tenth_stanley_controller' with the following arguments: {'ament_cmake_args': None, 'build_base': '/home/autodrive_devkit/build/f1tenth_stanley_controller', 'catkin_cmake_args': None, 'catkin_skip_building_tests': False, 'cmake_args': None, 'cmake_clean_cache': False, 'cmake_clean_first': False, 'cmake_force_configure': False, 'cmake_target': None, 'cmake_target_skip_unavailable': False, 'install_base': '/home/autodrive_devkit/install/f1tenth_stanley_controller', 'merge_install': False, 'path': '/home/autodrive_devkit/src/f1tenth_stanley_controller', 'symlink_install': False, 'test_result_base': None}
[0.211s] Level 5:colcon.colcon_core.verb:set package 'slam_toolbox' build argument 'cmake_args' from command line to 'None'
[0.211s] Level 5:colcon.colcon_core.verb:set package 'slam_toolbox' build argument 'cmake_target' from command line to 'None'
[0.211s] Level 5:colcon.colcon_core.verb:set package 'slam_toolbox' build argument 'cmake_target_skip_unavailable' from command line to 'False'
[0.211s] Level 5:colcon.colcon_core.verb:set package 'slam_toolbox' build argument 'cmake_clean_cache' from command line to 'False'
[0.211s] Level 5:colcon.colcon_core.verb:set package 'slam_toolbox' build argument 'cmake_clean_first' from command line to 'False'
[0.211s] Level 5:colcon.colcon_core.verb:set package 'slam_toolbox' build argument 'cmake_force_configure' from command line to 'False'
[0.211s] Level 5:colcon.colcon_core.verb:set package 'slam_toolbox' build argument 'ament_cmake_args' from command line to 'None'
[0.211s] Level 5:colcon.colcon_core.verb:set package 'slam_toolbox' build argument 'catkin_cmake_args' from command line to 'None'
[0.212s] Level 5:colcon.colcon_core.verb:set package 'slam_toolbox' build argument 'catkin_skip_building_tests' from command line to 'False'
[0.212s] DEBUG:colcon.colcon_core.verb:Building package 'slam_toolbox' with the following arguments: {'ament_cmake_args': None, 'build_base': '/home/autodrive_devkit/build/slam_toolbox', 'catkin_cmake_args': None, 'catkin_skip_building_tests': False, 'cmake_args': None, 'cmake_clean_cache': False, 'cmake_clean_first': False, 'cmake_force_configure': False, 'cmake_target': None, 'cmake_target_skip_unavailable': False, 'install_base': '/home/autodrive_devkit/install/slam_toolbox', 'merge_install': False, 'path': '/home/autodrive_devkit/src/slam_toolbox', 'symlink_install': False, 'test_result_base': None}
[0.212s] INFO:colcon.colcon_core.executor:Executing jobs using 'parallel' executor
[0.213s] DEBUG:colcon.colcon_parallel_executor.executor.parallel:run_until_complete
[0.213s] INFO:colcon.colcon_ros.task.ament_python.build:Building ROS package in '/home/autodrive_devkit/src/autodrive_devkit' with build type 'ament_python'
[0.213s] Level 1:colcon.colcon_core.shell:create_environment_hook('autodrive_f1tenth', 'ament_prefix_path')
[0.215s] INFO:colcon.colcon_core.plugin_system:Skipping extension 'colcon_core.shell.bat': Not used on non-Windows systems
[0.215s] INFO:colcon.colcon_core.shell:Creating environment hook '/home/autodrive_devkit/install/autodrive_f1tenth/share/autodrive_f1tenth/hook/ament_prefix_path.ps1'
[0.215s] INFO:colcon.colcon_core.shell:Creating environment descriptor '/home/autodrive_devkit/install/autodrive_f1tenth/share/autodrive_f1tenth/hook/ament_prefix_path.dsv'
[0.216s] INFO:colcon.colcon_core.shell:Creating environment hook '/home/autodrive_devkit/install/autodrive_f1tenth/share/autodrive_f1tenth/hook/ament_prefix_path.sh'
[0.216s] INFO:colcon.colcon_core.shell:Skip shell extension 'powershell' for command environment: Not usable outside of PowerShell
[0.216s] DEBUG:colcon.colcon_core.shell:Skip shell extension 'dsv' for command environment
[0.220s] INFO:colcon.colcon_ros.task.ament_python.build:Building ROS package in '/home/autodrive_devkit/src/f1tenth_stanley_controller' with build type 'ament_python'
[0.221s] Level 1:colcon.colcon_core.shell:create_environment_hook('f1tenth_stanley_controller', 'ament_prefix_path')
[0.221s] INFO:colcon.colcon_core.shell:Creating environment hook '/home/autodrive_devkit/install/f1tenth_stanley_controller/share/f1tenth_stanley_controller/hook/ament_prefix_path.ps1'
[0.221s] INFO:colcon.colcon_core.shell:Creating environment descriptor '/home/autodrive_devkit/install/f1tenth_stanley_controller/share/f1tenth_stanley_controller/hook/ament_prefix_path.dsv'
[0.222s] INFO:colcon.colcon_core.shell:Creating environment hook '/home/autodrive_devkit/install/f1tenth_stanley_controller/share/f1tenth_stanley_controller/hook/ament_prefix_path.sh'
[0.222s] INFO:colcon.colcon_core.shell:Skip shell extension 'powershell' for command environment: Not usable outside of PowerShell
[0.222s] DEBUG:colcon.colcon_core.shell:Skip shell extension 'dsv' for command environment
[0.225s] INFO:colcon.colcon_ros.task.ament_cmake.build:Building ROS package in '/home/autodrive_devkit/src/slam_toolbox' with build type 'ament_cmake'
[0.225s] INFO:colcon.colcon_cmake.task.cmake.build:Building CMake package in '/home/autodrive_devkit/src/slam_toolbox'
[0.226s] INFO:colcon.colcon_core.shell:Skip shell extension 'powershell' for command environment: Not usable outside of PowerShell
[0.226s] DEBUG:colcon.colcon_core.shell:Skip shell extension 'dsv' for command environment
[0.397s] INFO:colcon.colcon_core.task.python.build:Building Python package in '/home/autodrive_devkit/src/autodrive_devkit'
[0.397s] INFO:colcon.colcon_core.shell:Skip shell extension 'powershell' for command environment: Not usable outside of PowerShell
[0.397s] DEBUG:colcon.colcon_core.shell:Skip shell extension 'dsv' for command environment
[0.572s] INFO:colcon.colcon_core.task.python.build:Building Python package in '/home/autodrive_devkit/src/f1tenth_stanley_controller'
[0.572s] INFO:colcon.colcon_core.shell:Skip shell extension 'powershell' for command environment: Not usable outside of PowerShell
[0.572s] DEBUG:colcon.colcon_core.shell:Skip shell extension 'dsv' for command environment
[0.579s] DEBUG:colcon.colcon_core.event_handler.log_command:Invoking command in '/home/autodrive_devkit/build/slam_toolbox': CMAKE_PREFIX_PATH=${CMAKE_PREFIX_PATH}:/home/autodrive_devkit/install/f1tenth_stanley_controller:/home/autodrive_devkit/install/autodrive_f1tenth:/opt/ros/humble /usr/bin/cmake --build /home/autodrive_devkit/build/slam_toolbox -- -j16 -l16
[0.869s] DEBUG:colcon.colcon_core.event_handler.log_command:Invoking command in '/home/autodrive_devkit/src/autodrive_devkit': PYTHONPATH=/home/autodrive_devkit/build/autodrive_f1tenth/prefix_override:/usr/lib/python3/dist-packages/colcon_core/task/python/colcon_distutils_commands:/home/autodrive_devkit/install/autodrive_f1tenth/lib/python3.10/site-packages:${PYTHONPATH} /usr/bin/python3 -W ignore:setup.py install is deprecated setup.py egg_info --egg-base ../../build/autodrive_f1tenth build --build-base /home/autodrive_devkit/build/autodrive_f1tenth/build install --record /home/autodrive_devkit/build/autodrive_f1tenth/install.log --single-version-externally-managed install_data
[0.891s] DEBUG:colcon.colcon_core.event_handler.log_command:Invoking command in '/home/autodrive_devkit/src/f1tenth_stanley_controller': PYTHONPATH=/home/autodrive_devkit/build/f1tenth_stanley_controller/prefix_override:/usr/lib/python3/dist-packages/colcon_core/task/python/colcon_distutils_commands:/home/autodrive_devkit/install/f1tenth_stanley_controller/lib/python3.10/site-packages:${PYTHONPATH} /usr/bin/python3 -W ignore:setup.py install is deprecated setup.py egg_info --egg-base ../../build/f1tenth_stanley_controller build --build-base /home/autodrive_devkit/build/f1tenth_stanley_controller/build install --record /home/autodrive_devkit/build/f1tenth_stanley_controller/install.log --install-scripts $base/lib/f1tenth_stanley_controller --single-version-externally-managed install_data
[0.910s] DEBUG:colcon.colcon_core.event_handler.log_command:Invoked command in '/home/autodrive_devkit/build/slam_toolbox' returned '0': CMAKE_PREFIX_PATH=${CMAKE_PREFIX_PATH}:/home/autodrive_devkit/install/f1tenth_stanley_controller:/home/autodrive_devkit/install/autodrive_f1tenth:/opt/ros/humble /usr/bin/cmake --build /home/autodrive_devkit/build/slam_toolbox -- -j16 -l16
[1.091s] DEBUG:colcon.colcon_core.event_handler.log_command:Invoked command in '/home/autodrive_devkit/src/autodrive_devkit' returned '0': PYTHONPATH=/home/autodrive_devkit/build/autodrive_f1tenth/prefix_override:/usr/lib/python3/dist-packages/colcon_core/task/python/colcon_distutils_commands:/home/autodrive_devkit/install/autodrive_f1tenth/lib/python3.10/site-packages:${PYTHONPATH} /usr/bin/python3 -W ignore:setup.py install is deprecated setup.py egg_info --egg-base ../../build/autodrive_f1tenth build --build-base /home/autodrive_devkit/build/autodrive_f1tenth/build install --record /home/autodrive_devkit/build/autodrive_f1tenth/install.log --single-version-externally-managed install_data
[1.093s] Level 1:colcon.colcon_core.environment:checking '/home/autodrive_devkit/install/autodrive_f1tenth' for CMake module files
[1.094s] Level 1:colcon.colcon_core.environment:checking '/home/autodrive_devkit/install/autodrive_f1tenth' for CMake config files
[1.094s] Level 1:colcon.colcon_core.environment:checking '/home/autodrive_devkit/install/autodrive_f1tenth/lib'
[1.094s] Level 1:colcon.colcon_core.environment:checking '/home/autodrive_devkit/install/autodrive_f1tenth/bin'
[1.094s] Level 1:colcon.colcon_core.environment:checking '/home/autodrive_devkit/install/autodrive_f1tenth/lib/pkgconfig/autodrive_f1tenth.pc'
[1.095s] Level 1:colcon.colcon_core.environment:checking '/home/autodrive_devkit/install/autodrive_f1tenth/lib/python3.10/site-packages'
[1.095s] Level 1:colcon.colcon_core.shell:create_environment_hook('autodrive_f1tenth', 'pythonpath')
[1.095s] INFO:colcon.colcon_core.shell:Creating environment hook '/home/autodrive_devkit/install/autodrive_f1tenth/share/autodrive_f1tenth/hook/pythonpath.ps1'
[1.095s] INFO:colcon.colcon_core.shell:Creating environment descriptor '/home/autodrive_devkit/install/autodrive_f1tenth/share/autodrive_f1tenth/hook/pythonpath.dsv'
[1.095s] INFO:colcon.colcon_core.shell:Creating environment hook '/home/autodrive_devkit/install/autodrive_f1tenth/share/autodrive_f1tenth/hook/pythonpath.sh'
[1.096s] Level 1:colcon.colcon_core.environment:checking '/home/autodrive_devkit/install/autodrive_f1tenth/bin'
[1.096s] Level 1:colcon.colcon_core.environment:create_environment_scripts_only(autodrive_f1tenth)
[1.096s] INFO:colcon.colcon_core.shell:Creating package script '/home/autodrive_devkit/install/autodrive_f1tenth/share/autodrive_f1tenth/package.ps1'
[1.097s] INFO:colcon.colcon_core.shell:Creating package descriptor '/home/autodrive_devkit/install/autodrive_f1tenth/share/autodrive_f1tenth/package.dsv'
[1.097s] INFO:colcon.colcon_core.shell:Creating package script '/home/autodrive_devkit/install/autodrive_f1tenth/share/autodrive_f1tenth/package.sh'
[1.098s] INFO:colcon.colcon_core.shell:Creating package script '/home/autodrive_devkit/install/autodrive_f1tenth/share/autodrive_f1tenth/package.bash'
[1.099s] INFO:colcon.colcon_core.shell:Creating package script '/home/autodrive_devkit/install/autodrive_f1tenth/share/autodrive_f1tenth/package.zsh'
[1.099s] Level 1:colcon.colcon_core.environment:create_file_with_runtime_dependencies(/home/autodrive_devkit/install/autodrive_f1tenth/share/colcon-core/packages/autodrive_f1tenth)
[1.113s] Level 1:colcon.colcon_core.environment:checking '/home/autodrive_devkit/install/f1tenth_stanley_controller' for CMake module files
[1.114s] DEBUG:colcon.colcon_core.event_handler.log_command:Invoked command in '/home/autodrive_devkit/src/f1tenth_stanley_controller' returned '0': PYTHONPATH=/home/autodrive_devkit/build/f1tenth_stanley_controller/prefix_override:/usr/lib/python3/dist-packages/colcon_core/task/python/colcon_distutils_commands:/home/autodrive_devkit/install/f1tenth_stanley_controller/lib/python3.10/site-packages:${PYTHONPATH} /usr/bin/python3 -W ignore:setup.py install is deprecated setup.py egg_info --egg-base ../../build/f1tenth_stanley_controller build --build-base /home/autodrive_devkit/build/f1tenth_stanley_controller/build install --record /home/autodrive_devkit/build/f1tenth_stanley_controller/install.log --install-scripts $base/lib/f1tenth_stanley_controller --single-version-externally-managed install_data
[1.114s] Level 1:colcon.colcon_core.environment:checking '/home/autodrive_devkit/install/f1tenth_stanley_controller' for CMake config files
[1.115s] Level 1:colcon.colcon_core.environment:checking '/home/autodrive_devkit/install/f1tenth_stanley_controller/lib'
[1.115s] Level 1:colcon.colcon_core.environment:checking '/home/autodrive_devkit/install/f1tenth_stanley_controller/bin'
[1.115s] Level 1:colcon.colcon_core.environment:checking '/home/autodrive_devkit/install/f1tenth_stanley_controller/lib/pkgconfig/f1tenth_stanley_controller.pc'
[1.115s] Level 1:colcon.colcon_core.environment:checking '/home/autodrive_devkit/install/f1tenth_stanley_controller/lib/python3.10/site-packages'
[1.115s] Level 1:colcon.colcon_core.shell:create_environment_hook('f1tenth_stanley_controller', 'pythonpath')
[1.115s] INFO:colcon.colcon_core.shell:Creating environment hook '/home/autodrive_devkit/install/f1tenth_stanley_controller/share/f1tenth_stanley_controller/hook/pythonpath.ps1'
[1.116s] INFO:colcon.colcon_core.shell:Creating environment descriptor '/home/autodrive_devkit/install/f1tenth_stanley_controller/share/f1tenth_stanley_controller/hook/pythonpath.dsv'
[1.116s] INFO:colcon.colcon_core.shell:Creating environment hook '/home/autodrive_devkit/install/f1tenth_stanley_controller/share/f1tenth_stanley_controller/hook/pythonpath.sh'
[1.117s] Level 1:colcon.colcon_core.environment:checking '/home/autodrive_devkit/install/f1tenth_stanley_controller/bin'
[1.117s] Level 1:colcon.colcon_core.environment:create_environment_scripts_only(f1tenth_stanley_controller)
[1.117s] INFO:colcon.colcon_core.shell:Creating package script '/home/autodrive_devkit/install/f1tenth_stanley_controller/share/f1tenth_stanley_controller/package.ps1'
[1.117s] INFO:colcon.colcon_core.shell:Creating package descriptor '/home/autodrive_devkit/install/f1tenth_stanley_controller/share/f1tenth_stanley_controller/package.dsv'
[1.118s] INFO:colcon.colcon_core.shell:Creating package script '/home/autodrive_devkit/install/f1tenth_stanley_controller/share/f1tenth_stanley_controller/package.sh'
[1.118s] INFO:colcon.colcon_core.shell:Creating package script '/home/autodrive_devkit/install/f1tenth_stanley_controller/share/f1tenth_stanley_controller/package.bash'
[1.118s] INFO:colcon.colcon_core.shell:Creating package script '/home/autodrive_devkit/install/f1tenth_stanley_controller/share/f1tenth_stanley_controller/package.zsh'
[1.118s] Level 1:colcon.colcon_core.environment:create_file_with_runtime_dependencies(/home/autodrive_devkit/install/f1tenth_stanley_controller/share/colcon-core/packages/f1tenth_stanley_controller)
[1.179s] DEBUG:colcon.colcon_core.event_handler.log_command:Invoking command in '/home/autodrive_devkit/build/slam_toolbox': CMAKE_PREFIX_PATH=${CMAKE_PREFIX_PATH}:/home/autodrive_devkit/install/f1tenth_stanley_controller:/home/autodrive_devkit/install/autodrive_f1tenth:/opt/ros/humble /usr/bin/cmake --install /home/autodrive_devkit/build/slam_toolbox
[1.245s] Level 1:colcon.colcon_core.environment:create_environment_scripts_only(slam_toolbox)
[1.245s] Level 1:colcon.colcon_core.environment:checking '/home/autodrive_devkit/install/slam_toolbox' for CMake module files
[1.246s] DEBUG:colcon.colcon_core.event_handler.log_command:Invoked command in '/home/autodrive_devkit/build/slam_toolbox' returned '0': CMAKE_PREFIX_PATH=${CMAKE_PREFIX_PATH}:/home/autodrive_devkit/install/f1tenth_stanley_controller:/home/autodrive_devkit/install/autodrive_f1tenth:/opt/ros/humble /usr/bin/cmake --install /home/autodrive_devkit/build/slam_toolbox
[1.246s] Level 1:colcon.colcon_core.environment:checking '/home/autodrive_devkit/install/slam_toolbox' for CMake config files
[1.247s] Level 1:colcon.colcon_core.shell:create_environment_hook('slam_toolbox', 'cmake_prefix_path')
[1.247s] INFO:colcon.colcon_core.shell:Creating environment hook '/home/autodrive_devkit/install/slam_toolbox/share/slam_toolbox/hook/cmake_prefix_path.ps1'
[1.247s] INFO:colcon.colcon_core.shell:Creating environment descriptor '/home/autodrive_devkit/install/slam_toolbox/share/slam_toolbox/hook/cmake_prefix_path.dsv'
[1.247s] INFO:colcon.colcon_core.shell:Creating environment hook '/home/autodrive_devkit/install/slam_toolbox/share/slam_toolbox/hook/cmake_prefix_path.sh'
[1.248s] Level 1:colcon.colcon_core.environment:checking '/home/autodrive_devkit/install/slam_toolbox/lib'
[1.248s] Level 1:colcon.colcon_core.shell:create_environment_hook('slam_toolbox', 'ld_library_path_lib')
[1.249s] INFO:colcon.colcon_core.shell:Creating environment hook '/home/autodrive_devkit/install/slam_toolbox/share/slam_toolbox/hook/ld_library_path_lib.ps1'
[1.249s] INFO:colcon.colcon_core.shell:Creating environment descriptor '/home/autodrive_devkit/install/slam_toolbox/share/slam_toolbox/hook/ld_library_path_lib.dsv'
[1.249s] INFO:colcon.colcon_core.shell:Creating environment hook '/home/autodrive_devkit/install/slam_toolbox/share/slam_toolbox/hook/ld_library_path_lib.sh'
[1.250s] Level 1:colcon.colcon_core.environment:checking '/home/autodrive_devkit/install/slam_toolbox/bin'
[1.250s] Level 1:colcon.colcon_core.environment:checking '/home/autodrive_devkit/install/slam_toolbox/lib/pkgconfig/slam_toolbox.pc'
[1.250s] Level 1:colcon.colcon_core.environment:checking '/home/autodrive_devkit/install/slam_toolbox/lib/python3.10/site-packages'
[1.250s] Level 1:colcon.colcon_core.environment:checking '/home/autodrive_devkit/install/slam_toolbox/bin'
[1.250s] INFO:colcon.colcon_core.shell:Creating package script '/home/autodrive_devkit/install/slam_toolbox/share/slam_toolbox/package.ps1'
[1.251s] INFO:colcon.colcon_core.shell:Creating package descriptor '/home/autodrive_devkit/install/slam_toolbox/share/slam_toolbox/package.dsv'
[1.251s] INFO:colcon.colcon_core.shell:Creating package script '/home/autodrive_devkit/install/slam_toolbox/share/slam_toolbox/package.sh'
[1.251s] INFO:colcon.colcon_core.shell:Creating package script '/home/autodrive_devkit/install/slam_toolbox/share/slam_toolbox/package.bash'
[1.252s] INFO:colcon.colcon_core.shell:Creating package script '/home/autodrive_devkit/install/slam_toolbox/share/slam_toolbox/package.zsh'
[1.252s] Level 1:colcon.colcon_core.environment:create_file_with_runtime_dependencies(/home/autodrive_devkit/install/slam_toolbox/share/colcon-core/packages/slam_toolbox)
[1.513s] Level 1:colcon.colcon_core.environment:create_environment_scripts_only(slam_toolbox)
[1.513s] Level 1:colcon.colcon_core.environment:checking '/home/autodrive_devkit/install/slam_toolbox' for CMake module files
[1.513s] Level 1:colcon.colcon_core.environment:checking '/home/autodrive_devkit/install/slam_toolbox' for CMake config files
[1.514s] Level 1:colcon.colcon_core.shell:create_environment_hook('slam_toolbox', 'cmake_prefix_path')
[1.514s] INFO:colcon.colcon_core.shell:Creating environment hook '/home/autodrive_devkit/install/slam_toolbox/share/slam_toolbox/hook/cmake_prefix_path.ps1'
[1.515s] INFO:colcon.colcon_core.shell:Creating environment descriptor '/home/autodrive_devkit/install/slam_toolbox/share/slam_toolbox/hook/cmake_prefix_path.dsv'
[1.515s] INFO:colcon.colcon_core.shell:Creating environment hook '/home/autodrive_devkit/install/slam_toolbox/share/slam_toolbox/hook/cmake_prefix_path.sh'
[1.516s] Level 1:colcon.colcon_core.environment:checking '/home/autodrive_devkit/install/slam_toolbox/lib'
[1.516s] Level 1:colcon.colcon_core.shell:create_environment_hook('slam_toolbox', 'ld_library_path_lib')
[1.516s] INFO:colcon.colcon_core.shell:Creating environment hook '/home/autodrive_devkit/install/slam_toolbox/share/slam_toolbox/hook/ld_library_path_lib.ps1'
[1.517s] INFO:colcon.colcon_core.shell:Creating environment descriptor '/home/autodrive_devkit/install/slam_toolbox/share/slam_toolbox/hook/ld_library_path_lib.dsv'
[1.517s] INFO:colcon.colcon_core.shell:Creating environment hook '/home/autodrive_devkit/install/slam_toolbox/share/slam_toolbox/hook/ld_library_path_lib.sh'
[1.517s] Level 1:colcon.colcon_core.environment:checking '/home/autodrive_devkit/install/slam_toolbox/bin'
[1.517s] Level 1:colcon.colcon_core.environment:checking '/home/autodrive_devkit/install/slam_toolbox/lib/pkgconfig/slam_toolbox.pc'
[1.517s] Level 1:colcon.colcon_core.environment:checking '/home/autodrive_devkit/install/slam_toolbox/lib/python3.10/site-packages'
[1.517s] Level 1:colcon.colcon_core.environment:checking '/home/autodrive_devkit/install/slam_toolbox/bin'
[1.518s] INFO:colcon.colcon_core.shell:Creating package script '/home/autodrive_devkit/install/slam_toolbox/share/slam_toolbox/package.ps1'
[1.518s] INFO:colcon.colcon_core.shell:Creating package descriptor '/home/autodrive_devkit/install/slam_toolbox/share/slam_toolbox/package.dsv'
[1.518s] INFO:colcon.colcon_core.shell:Creating package script '/home/autodrive_devkit/install/slam_toolbox/share/slam_toolbox/package.sh'
[1.518s] INFO:colcon.colcon_core.shell:Creating package script '/home/autodrive_devkit/install/slam_toolbox/share/slam_toolbox/package.bash'
[1.519s] INFO:colcon.colcon_core.shell:Creating package script '/home/autodrive_devkit/install/slam_toolbox/share/slam_toolbox/package.zsh'
[1.519s] Level 1:colcon.colcon_core.environment:create_file_with_runtime_dependencies(/home/autodrive_devkit/install/slam_toolbox/share/colcon-core/packages/slam_toolbox)
[1.519s] DEBUG:colcon.colcon_parallel_executor.executor.parallel:closing loop
[1.519s] DEBUG:colcon.colcon_parallel_executor.executor.parallel:loop closed
[1.519s] DEBUG:colcon.colcon_parallel_executor.executor.parallel:run_until_complete finished with '0'
[1.519s] DEBUG:colcon.colcon_core.event_reactor:joining thread
[1.524s] INFO:colcon.colcon_core.plugin_system:Skipping extension 'colcon_notification.desktop_notification.notify_send': Could not find 'notify-send'
[1.525s] INFO:colcon.colcon_core.plugin_system:Skipping extension 'colcon_notification.desktop_notification.terminal_notifier': Not used on non-Darwin systems
[1.525s] INFO:colcon.colcon_core.plugin_system:Skipping extension 'colcon_notification.desktop_notification.win32': Not used on non-Windows systems
[1.525s] INFO:colcon.colcon_notification.desktop_notification:Sending desktop notification using 'notify2'
[1.528s] DEBUG:colcon.colcon_notification.desktop_notification.notify2:Failed to initialize notify2: org.freedesktop.DBus.Error.Spawn.ExecFailed: /usr/bin/dbus-launch terminated abnormally without any error message
[1.528s] DEBUG:colcon.colcon_core.event_reactor:joined thread
[1.529s] INFO:colcon.colcon_core.shell:Creating prefix script '/home/autodrive_devkit/install/local_setup.ps1'
[1.530s] INFO:colcon.colcon_core.shell:Creating prefix util module '/home/autodrive_devkit/install/_local_setup_util_ps1.py'
[1.530s] INFO:colcon.colcon_core.shell:Creating prefix chain script '/home/autodrive_devkit/install/setup.ps1'
[1.531s] INFO:colcon.colcon_core.shell:Creating prefix script '/home/autodrive_devkit/install/local_setup.sh'
[1.531s] INFO:colcon.colcon_core.shell:Creating prefix util module '/home/autodrive_devkit/install/_local_setup_util_sh.py'
[1.532s] INFO:colcon.colcon_core.shell:Creating prefix chain script '/home/autodrive_devkit/install/setup.sh'
[1.532s] INFO:colcon.colcon_core.shell:Creating prefix script '/home/autodrive_devkit/install/local_setup.bash'
[1.533s] INFO:colcon.colcon_core.shell:Creating prefix chain script '/home/autodrive_devkit/install/setup.bash'
[1.533s] INFO:colcon.colcon_core.shell:Creating prefix script '/home/autodrive_devkit/install/local_setup.zsh'
[1.534s] INFO:colcon.colcon_core.shell:Creating prefix chain script '/home/autodrive_devkit/install/setup.zsh'
