Determining if the function sgemm_ exists failed with the following output:
Change Dir: /home/autodrive_devkit/build/slam_toolbox/CMakeFiles/CMakeTmp

Run Build Command(s):/usr/bin/gmake -f Makefile cmTC_85224/fast && /usr/bin/gmake  -f CMakeFiles/cmTC_85224.dir/build.make CMakeFiles/cmTC_85224.dir/build
gmake[1]: Entering directory '/home/autodrive_devkit/build/slam_toolbox/CMakeFiles/CMakeTmp'
Building C object CMakeFiles/cmTC_85224.dir/CheckFunctionExists.c.o
/usr/bin/cc   -DCHECK_FUNCTION_EXISTS=sgemm_ -o CMakeFiles/cmTC_85224.dir/CheckFunctionExists.c.o -c /usr/share/cmake-3.22/Modules/CheckFunctionExists.c
Linking C executable cmTC_85224
/usr/bin/cmake -E cmake_link_script CMakeFiles/cmTC_85224.dir/link.txt --verbose=1
/usr/bin/cc  -DCHECK_FUNCTION_EXISTS=sgemm_ CMakeFiles/cmTC_85224.dir/CheckFunctionExists.c.o -o cmTC_85224 
/usr/bin/ld: CMakeFiles/cmTC_85224.dir/CheckFunctionExists.c.o: in function `main':
CheckFunctionExists.c:(.text+0x14): undefined reference to `sgemm_'
collect2: error: ld returned 1 exit status
gmake[1]: *** [CMakeFiles/cmTC_85224.dir/build.make:99: cmTC_85224] Error 1
gmake[1]: Leaving directory '/home/autodrive_devkit/build/slam_toolbox/CMakeFiles/CMakeTmp'
gmake: *** [Makefile:127: cmTC_85224/fast] Error 2



Determining if the function cheev_ exists failed with the following output:
Change Dir: /home/autodrive_devkit/build/slam_toolbox/CMakeFiles/CMakeTmp

Run Build Command(s):/usr/bin/gmake -f Makefile cmTC_09d1d/fast && /usr/bin/gmake  -f CMakeFiles/cmTC_09d1d.dir/build.make CMakeFiles/cmTC_09d1d.dir/build
gmake[1]: Entering directory '/home/autodrive_devkit/build/slam_toolbox/CMakeFiles/CMakeTmp'
Building C object CMakeFiles/cmTC_09d1d.dir/CheckFunctionExists.c.o
/usr/bin/cc   -DCHECK_FUNCTION_EXISTS=cheev_ -o CMakeFiles/cmTC_09d1d.dir/CheckFunctionExists.c.o -c /usr/share/cmake-3.22/Modules/CheckFunctionExists.c
Linking C executable cmTC_09d1d
/usr/bin/cmake -E cmake_link_script CMakeFiles/cmTC_09d1d.dir/link.txt --verbose=1
/usr/bin/cc  -DCHECK_FUNCTION_EXISTS=cheev_ CMakeFiles/cmTC_09d1d.dir/CheckFunctionExists.c.o -o cmTC_09d1d  /usr/lib/x86_64-linux-gnu/libblas.so -lm -ldl 
/usr/bin/ld: CMakeFiles/cmTC_09d1d.dir/CheckFunctionExists.c.o: in function `main':
CheckFunctionExists.c:(.text+0x14): undefined reference to `cheev_'
collect2: error: ld returned 1 exit status
gmake[1]: *** [CMakeFiles/cmTC_09d1d.dir/build.make:100: cmTC_09d1d] Error 1
gmake[1]: Leaving directory '/home/autodrive_devkit/build/slam_toolbox/CMakeFiles/CMakeTmp'
gmake: *** [Makefile:127: cmTC_09d1d/fast] Error 2



Determining if the function cheev_ exists failed with the following output:
Change Dir: /home/autodrive_devkit/build/slam_toolbox/CMakeFiles/CMakeTmp

Run Build Command(s):/usr/bin/gmake -f Makefile cmTC_391ca/fast && /usr/bin/gmake  -f CMakeFiles/cmTC_391ca.dir/build.make CMakeFiles/cmTC_391ca.dir/build
gmake[1]: Entering directory '/home/autodrive_devkit/build/slam_toolbox/CMakeFiles/CMakeTmp'
Building C object CMakeFiles/cmTC_391ca.dir/CheckFunctionExists.c.o
/usr/bin/cc   -DCHECK_FUNCTION_EXISTS=cheev_ -o CMakeFiles/cmTC_391ca.dir/CheckFunctionExists.c.o -c /usr/share/cmake-3.22/Modules/CheckFunctionExists.c
Linking C executable cmTC_391ca
/usr/bin/cmake -E cmake_link_script CMakeFiles/cmTC_391ca.dir/link.txt --verbose=1
/usr/bin/cc  -DCHECK_FUNCTION_EXISTS=cheev_ CMakeFiles/cmTC_391ca.dir/CheckFunctionExists.c.o -o cmTC_391ca  /usr/lib/x86_64-linux-gnu/liblapack.so /usr/lib/x86_64-linux-gnu/libblas.so -fortranlibs 
cc: error: unrecognized command-line option ‘-fortranlibs’
gmake[1]: *** [CMakeFiles/cmTC_391ca.dir/build.make:101: cmTC_391ca] Error 1
gmake[1]: Leaving directory '/home/autodrive_devkit/build/slam_toolbox/CMakeFiles/CMakeTmp'
gmake: *** [Makefile:127: cmTC_391ca/fast] Error 2



