[0.425s] Invoking command in '/home/autodrive_devkit/src/f1tenth_stanley_controller': PYTHONPATH=/home/autodrive_devkit/src/f1tenth_stanley_controller/build/f1tenth_stanley_controller/prefix_override:/usr/lib/python3/dist-packages/colcon_core/task/python/colcon_distutils_commands:/home/autodrive_devkit/src/f1tenth_stanley_controller/install/f1tenth_stanley_controller/lib/python3.10/site-packages:${PYTHONPATH} /usr/bin/python3 -W ignore:setup.py install is deprecated setup.py egg_info --egg-base build/f1tenth_stanley_controller build --build-base /home/autodrive_devkit/src/f1tenth_stanley_controller/build/f1tenth_stanley_controller/build install --record /home/autodrive_devkit/src/f1tenth_stanley_controller/build/f1tenth_stanley_controller/install.log --install-scripts $base/lib/f1tenth_stanley_controller --single-version-externally-managed install_data
[0.576s] /usr/lib/python3/dist-packages/setuptools/dist.py:723: UserWarning: Usage of dash-separated 'script-dir' will not be supported in future versions. Please use the underscore name 'script_dir' instead
[0.576s]   warnings.warn(
[0.581s] running egg_info
[0.581s] creating build/f1tenth_stanley_controller/f1tenth_stanley_controller.egg-info
[0.581s] writing build/f1tenth_stanley_controller/f1tenth_stanley_controller.egg-info/PKG-INFO
[0.581s] writing dependency_links to build/f1tenth_stanley_controller/f1tenth_stanley_controller.egg-info/dependency_links.txt
[0.582s] writing entry points to build/f1tenth_stanley_controller/f1tenth_stanley_controller.egg-info/entry_points.txt
[0.582s] writing requirements to build/f1tenth_stanley_controller/f1tenth_stanley_controller.egg-info/requires.txt
[0.582s] writing top-level names to build/f1tenth_stanley_controller/f1tenth_stanley_controller.egg-info/top_level.txt
[0.582s] writing manifest file 'build/f1tenth_stanley_controller/f1tenth_stanley_controller.egg-info/SOURCES.txt'
[0.585s] reading manifest file 'build/f1tenth_stanley_controller/f1tenth_stanley_controller.egg-info/SOURCES.txt'
[0.585s] writing manifest file 'build/f1tenth_stanley_controller/f1tenth_stanley_controller.egg-info/SOURCES.txt'
[0.586s] running build
[0.586s] running build_py
[0.586s] creating /home/autodrive_devkit/src/f1tenth_stanley_controller/build/f1tenth_stanley_controller/build
[0.586s] creating /home/autodrive_devkit/src/f1tenth_stanley_controller/build/f1tenth_stanley_controller/build/lib
[0.586s] creating /home/autodrive_devkit/src/f1tenth_stanley_controller/build/f1tenth_stanley_controller/build/lib/f1tenth_stanley_controller
[0.586s] copying f1tenth_stanley_controller/__init__.py -> /home/autodrive_devkit/src/f1tenth_stanley_controller/build/f1tenth_stanley_controller/build/lib/f1tenth_stanley_controller
[0.586s] copying f1tenth_stanley_controller/controller_node.py -> /home/autodrive_devkit/src/f1tenth_stanley_controller/build/f1tenth_stanley_controller/build/lib/f1tenth_stanley_controller
[0.586s] copying f1tenth_stanley_controller/get_waypoints.py -> /home/autodrive_devkit/src/f1tenth_stanley_controller/build/f1tenth_stanley_controller/build/lib/f1tenth_stanley_controller
[0.587s] copying f1tenth_stanley_controller/map_controller.py -> /home/autodrive_devkit/src/f1tenth_stanley_controller/build/f1tenth_stanley_controller/build/lib/f1tenth_stanley_controller
[0.587s] running install
[0.587s] running install_lib
[0.588s] creating /home/autodrive_devkit/src/f1tenth_stanley_controller/install/f1tenth_stanley_controller/lib/python3.10/site-packages/f1tenth_stanley_controller
[0.588s] copying /home/autodrive_devkit/src/f1tenth_stanley_controller/build/f1tenth_stanley_controller/build/lib/f1tenth_stanley_controller/__init__.py -> /home/autodrive_devkit/src/f1tenth_stanley_controller/install/f1tenth_stanley_controller/lib/python3.10/site-packages/f1tenth_stanley_controller
[0.588s] copying /home/autodrive_devkit/src/f1tenth_stanley_controller/build/f1tenth_stanley_controller/build/lib/f1tenth_stanley_controller/controller_node.py -> /home/autodrive_devkit/src/f1tenth_stanley_controller/install/f1tenth_stanley_controller/lib/python3.10/site-packages/f1tenth_stanley_controller
[0.588s] copying /home/autodrive_devkit/src/f1tenth_stanley_controller/build/f1tenth_stanley_controller/build/lib/f1tenth_stanley_controller/get_waypoints.py -> /home/autodrive_devkit/src/f1tenth_stanley_controller/install/f1tenth_stanley_controller/lib/python3.10/site-packages/f1tenth_stanley_controller
[0.588s] copying /home/autodrive_devkit/src/f1tenth_stanley_controller/build/f1tenth_stanley_controller/build/lib/f1tenth_stanley_controller/map_controller.py -> /home/autodrive_devkit/src/f1tenth_stanley_controller/install/f1tenth_stanley_controller/lib/python3.10/site-packages/f1tenth_stanley_controller
[0.589s] byte-compiling /home/autodrive_devkit/src/f1tenth_stanley_controller/install/f1tenth_stanley_controller/lib/python3.10/site-packages/f1tenth_stanley_controller/__init__.py to __init__.cpython-310.pyc
[0.589s] byte-compiling /home/autodrive_devkit/src/f1tenth_stanley_controller/install/f1tenth_stanley_controller/lib/python3.10/site-packages/f1tenth_stanley_controller/controller_node.py to controller_node.cpython-310.pyc
[0.590s] byte-compiling /home/autodrive_devkit/src/f1tenth_stanley_controller/install/f1tenth_stanley_controller/lib/python3.10/site-packages/f1tenth_stanley_controller/get_waypoints.py to get_waypoints.cpython-310.pyc
[0.591s] byte-compiling /home/autodrive_devkit/src/f1tenth_stanley_controller/install/f1tenth_stanley_controller/lib/python3.10/site-packages/f1tenth_stanley_controller/map_controller.py to map_controller.cpython-310.pyc
[0.591s] running install_data
[0.591s] creating /home/autodrive_devkit/src/f1tenth_stanley_controller/install/f1tenth_stanley_controller/share/ament_index
[0.592s] creating /home/autodrive_devkit/src/f1tenth_stanley_controller/install/f1tenth_stanley_controller/share/ament_index/resource_index
[0.592s] creating /home/autodrive_devkit/src/f1tenth_stanley_controller/install/f1tenth_stanley_controller/share/ament_index/resource_index/packages
[0.592s] copying resource/f1tenth_stanley_controller -> /home/autodrive_devkit/src/f1tenth_stanley_controller/install/f1tenth_stanley_controller/share/ament_index/resource_index/packages
[0.592s] copying package.xml -> /home/autodrive_devkit/src/f1tenth_stanley_controller/install/f1tenth_stanley_controller/share/f1tenth_stanley_controller
[0.592s] creating /home/autodrive_devkit/src/f1tenth_stanley_controller/install/f1tenth_stanley_controller/share/f1tenth_stanley_controller/launch
[0.592s] copying launch/controller_launch.py -> /home/autodrive_devkit/src/f1tenth_stanley_controller/install/f1tenth_stanley_controller/share/f1tenth_stanley_controller/launch
[0.592s] running install_egg_info
[0.593s] Copying build/f1tenth_stanley_controller/f1tenth_stanley_controller.egg-info to /home/autodrive_devkit/src/f1tenth_stanley_controller/install/f1tenth_stanley_controller/lib/python3.10/site-packages/f1tenth_stanley_controller-0.0.0-py3.10.egg-info
[0.594s] running install_scripts
[0.607s] Installing controller_node script to /home/autodrive_devkit/src/f1tenth_stanley_controller/install/f1tenth_stanley_controller/lib/f1tenth_stanley_controller
[0.608s] writing list of installed files to '/home/autodrive_devkit/src/f1tenth_stanley_controller/build/f1tenth_stanley_controller/install.log'
[0.628s] Invoked command in '/home/autodrive_devkit/src/f1tenth_stanley_controller' returned '0': PYTHONPATH=/home/autodrive_devkit/src/f1tenth_stanley_controller/build/f1tenth_stanley_controller/prefix_override:/usr/lib/python3/dist-packages/colcon_core/task/python/colcon_distutils_commands:/home/autodrive_devkit/src/f1tenth_stanley_controller/install/f1tenth_stanley_controller/lib/python3.10/site-packages:${PYTHONPATH} /usr/bin/python3 -W ignore:setup.py install is deprecated setup.py egg_info --egg-base build/f1tenth_stanley_controller build --build-base /home/autodrive_devkit/src/f1tenth_stanley_controller/build/f1tenth_stanley_controller/build install --record /home/autodrive_devkit/src/f1tenth_stanley_controller/build/f1tenth_stanley_controller/install.log --install-scripts $base/lib/f1tenth_stanley_controller --single-version-externally-managed install_data
