[0.660s] Invoking command in '/home/autodrive_devkit/src/navigation2/nav2_loopback_sim': PYTHONPATH=/home/autodrive_devkit/build/nav2_loopback_sim/prefix_override:/usr/lib/python3/dist-packages/colcon_core/task/python/colcon_distutils_commands:/home/autodrive_devkit/install/nav2_loopback_sim/lib/python3.10/site-packages:${PYTHONPATH} /usr/bin/python3 -W ignore:setup.py install is deprecated setup.py egg_info --egg-base ../../../build/nav2_loopback_sim build --build-base /home/autodrive_devkit/build/nav2_loopback_sim/build install --record /home/autodrive_devkit/build/nav2_loopback_sim/install.log --single-version-externally-managed install_data
[0.787s] running egg_info
[0.787s] creating ../../../build/nav2_loopback_sim/nav2_loopback_sim.egg-info
[0.787s] writing ../../../build/nav2_loopback_sim/nav2_loopback_sim.egg-info/PKG-INFO
[0.787s] writing dependency_links to ../../../build/nav2_loopback_sim/nav2_loopback_sim.egg-info/dependency_links.txt
[0.787s] writing entry points to ../../../build/nav2_loopback_sim/nav2_loopback_sim.egg-info/entry_points.txt
[0.787s] writing requirements to ../../../build/nav2_loopback_sim/nav2_loopback_sim.egg-info/requires.txt
[0.787s] writing top-level names to ../../../build/nav2_loopback_sim/nav2_loopback_sim.egg-info/top_level.txt
[0.787s] writing manifest file '../../../build/nav2_loopback_sim/nav2_loopback_sim.egg-info/SOURCES.txt'
[0.788s] package init file 'nav2_loopback_sim/__init__.py' not found (or not a regular file)
[0.789s] reading manifest file '../../../build/nav2_loopback_sim/nav2_loopback_sim.egg-info/SOURCES.txt'
[0.789s] writing manifest file '../../../build/nav2_loopback_sim/nav2_loopback_sim.egg-info/SOURCES.txt'
[0.789s] running build
[0.789s] running build_py
[0.789s] creating /home/autodrive_devkit/build/nav2_loopback_sim/build
[0.789s] creating /home/autodrive_devkit/build/nav2_loopback_sim/build/lib
[0.789s] creating /home/autodrive_devkit/build/nav2_loopback_sim/build/lib/nav2_loopback_sim
[0.789s] copying nav2_loopback_sim/loopback_simulator.py -> /home/autodrive_devkit/build/nav2_loopback_sim/build/lib/nav2_loopback_sim
[0.789s] copying nav2_loopback_sim/utils.py -> /home/autodrive_devkit/build/nav2_loopback_sim/build/lib/nav2_loopback_sim
[0.789s] running install
[0.789s] running install_lib
[0.790s] creating /home/autodrive_devkit/install/nav2_loopback_sim/lib/python3.10/site-packages/nav2_loopback_sim
[0.790s] copying /home/autodrive_devkit/build/nav2_loopback_sim/build/lib/nav2_loopback_sim/loopback_simulator.py -> /home/autodrive_devkit/install/nav2_loopback_sim/lib/python3.10/site-packages/nav2_loopback_sim
[0.790s] copying /home/autodrive_devkit/build/nav2_loopback_sim/build/lib/nav2_loopback_sim/utils.py -> /home/autodrive_devkit/install/nav2_loopback_sim/lib/python3.10/site-packages/nav2_loopback_sim
[0.790s] byte-compiling /home/autodrive_devkit/install/nav2_loopback_sim/lib/python3.10/site-packages/nav2_loopback_sim/loopback_simulator.py to loopback_simulator.cpython-310.pyc
[0.792s] byte-compiling /home/autodrive_devkit/install/nav2_loopback_sim/lib/python3.10/site-packages/nav2_loopback_sim/utils.py to utils.cpython-310.pyc
[0.792s] running install_data
[0.792s] creating /home/autodrive_devkit/install/nav2_loopback_sim/share/ament_index
[0.792s] creating /home/autodrive_devkit/install/nav2_loopback_sim/share/ament_index/resource_index
[0.792s] creating /home/autodrive_devkit/install/nav2_loopback_sim/share/ament_index/resource_index/packages
[0.792s] copying resource/nav2_loopback_sim -> /home/autodrive_devkit/install/nav2_loopback_sim/share/ament_index/resource_index/packages
[0.792s] copying package.xml -> /home/autodrive_devkit/install/nav2_loopback_sim/share/nav2_loopback_sim
[0.793s] copying launch/loopback_simulation.launch.py -> /home/autodrive_devkit/install/nav2_loopback_sim/share/nav2_loopback_sim
[0.793s] running install_egg_info
[0.794s] Copying ../../../build/nav2_loopback_sim/nav2_loopback_sim.egg-info to /home/autodrive_devkit/install/nav2_loopback_sim/lib/python3.10/site-packages/nav2_loopback_sim-1.0.0-py3.10.egg-info
[0.797s] running install_scripts
[0.811s] Installing loopback_simulator script to /home/autodrive_devkit/install/nav2_loopback_sim/lib/nav2_loopback_sim
[0.812s] writing list of installed files to '/home/autodrive_devkit/build/nav2_loopback_sim/install.log'
[0.835s] Invoked command in '/home/autodrive_devkit/src/navigation2/nav2_loopback_sim' returned '0': PYTHONPATH=/home/autodrive_devkit/build/nav2_loopback_sim/prefix_override:/usr/lib/python3/dist-packages/colcon_core/task/python/colcon_distutils_commands:/home/autodrive_devkit/install/nav2_loopback_sim/lib/python3.10/site-packages:${PYTHONPATH} /usr/bin/python3 -W ignore:setup.py install is deprecated setup.py egg_info --egg-base ../../../build/nav2_loopback_sim build --build-base /home/autodrive_devkit/build/nav2_loopback_sim/build install --record /home/autodrive_devkit/build/nav2_loopback_sim/install.log --single-version-externally-managed install_data
