[0.310s] Invoking command in '/home/autodrive_devkit/build/slam_toolbox': CMAKE_PREFIX_PATH=${CMAKE_PREFIX_PATH}:/home/autodrive_devkit/install/nav2_simple_commander:/home/autodrive_devkit/install/nav2_loopback_sim:/home/autodrive_devkit/install/f1tenth_stanley_controller:/home/autodrive_devkit/install/autodrive_f1tenth:/opt/ros/humble /usr/bin/cmake /home/autodrive_devkit/src/slam_toolbox -DCMAKE_INSTALL_PREFIX=/home/autodrive_devkit/install/slam_toolbox
[0.320s] -- Found ament_cmake: 1.3.10 (/opt/ros/humble/share/ament_cmake/cmake)
[0.420s] -- Override CMake install command with custom implementation using symlinks instead of copying resources
[0.426s] -- Found message_filters: 4.3.5 (/opt/ros/humble/share/message_filters/cmake)
[0.449s] -- Found rosidl_generator_c: 3.1.5 (/opt/ros/humble/share/rosidl_generator_c/cmake)
[0.450s] -- Found rosidl_adapter: 3.1.5 (/opt/ros/humble/share/rosidl_adapter/cmake)
[0.455s] -- Found rosidl_generator_cpp: 3.1.5 (/opt/ros/humble/share/rosidl_generator_cpp/cmake)
[0.462s] -- Using all available rosidl_typesupport_c: rosidl_typesupport_fastrtps_c;rosidl_typesupport_introspection_c
[0.471s] -- Using all available rosidl_typesupport_cpp: rosidl_typesupport_fastrtps_cpp;rosidl_typesupport_introspection_cpp
[0.494s] -- Found rmw_implementation_cmake: 6.1.2 (/opt/ros/humble/share/rmw_implementation_cmake/cmake)
[0.495s] -- Found rmw_fastrtps_cpp: 6.2.7 (/opt/ros/humble/share/rmw_fastrtps_cpp/cmake)
[0.600s] -- Using RMW implementation 'rmw_fastrtps_cpp' as default
[0.634s] -- Found nav_msgs: 4.8.0 (/opt/ros/humble/share/nav_msgs/cmake)
[0.654s] -- Found sensor_msgs: 4.2.4 (/opt/ros/humble/share/sensor_msgs/cmake)
[0.665s] -- Found tf2: 0.25.7 (/opt/ros/humble/share/tf2/cmake)
[0.668s] -- Found tf2_ros: 0.25.7 (/opt/ros/humble/share/tf2_ros/cmake)
[0.721s] -- Found visualization_msgs: 4.2.4 (/opt/ros/humble/share/visualization_msgs/cmake)
[0.734s] -- Found pluginlib: 5.1.0 (/opt/ros/humble/share/pluginlib/cmake)
[0.750s] -- Found tf2_geometry_msgs: 0.25.7 (/opt/ros/humble/share/tf2_geometry_msgs/cmake)
[0.751s] -- Found eigen3_cmake_module: 0.1.1 (/opt/ros/humble/share/eigen3_cmake_module/cmake)
[0.752s] -- Ensuring Eigen3 include directory is part of orocos-kdl CMake target
[0.753s] -- Found tf2_sensor_msgs: 0.25.7 (/opt/ros/humble/share/tf2_sensor_msgs/cmake)
[0.756s] -- Found std_srvs: 4.2.4 (/opt/ros/humble/share/std_srvs/cmake)
[0.762s] -- Found rosidl_default_generators: 1.2.0 (/opt/ros/humble/share/rosidl_default_generators/cmake)
[0.767s] -- Found rviz_common: 11.2.13 (/opt/ros/humble/share/rviz_common/cmake)
[0.774s] -- Setting assimp_DIR to: '/opt/ros/humble/share/rviz_assimp_vendor/cmake/../../../opt/rviz_assimp_vendor/lib/cmake/assimp-4.1'
[0.778s] -- Setting OGRE_DIR to: '/opt/ros/humble/share/rviz_ogre_vendor/cmake/../../../opt/rviz_ogre_vendor/lib/OGRE/cmake'
[0.779s] -- Found OGRE
[0.779s] --   static     : OFF
[0.779s] --   components : HLMS;MeshLodGenerator;Overlay;Paging;Property;RTShaderSystem;Terrain;Volume
[0.779s] --   plugins    : Plugin_BSPSceneManager;Plugin_OctreeSceneManager;Plugin_PCZSceneManager;Plugin_ParticleFX;RenderSystem_GL;RenderSystem_GL3Plus;Codec_STBI
[0.779s] --   media      : /opt/ros/humble/opt/rviz_ogre_vendor/share/OGRE/Media
[0.779s] -- OGRE_LIBRARIES: OgreHLMS;OgreMeshLodGenerator;OgreOverlay;OgrePaging;OgreProperty;OgreRTShaderSystem;OgreTerrain;OgreVolume;OgreMain
[0.779s] -- OGRE_LIBRARY_DIRS: /opt/ros/humble/opt/rviz_ogre_vendor/lib
[0.779s] -- OGRE_PLUGINS: Plugin_BSPSceneManager;Plugin_OctreeSceneManager;Plugin_PCZSceneManager;Plugin_ParticleFX;RenderSystem_GL;RenderSystem_GL3Plus;Codec_STBI
[0.779s] -- OGRE_PLUGIN_DIR: /opt/ros/humble/opt/rviz_ogre_vendor/lib/OGRE
[0.779s] -- rviz_ogre_vendor::OgreOverlay for IMPORTED_LOCATION_RELEASE: /opt/ros/humble/opt/rviz_ogre_vendor/lib/libOgreOverlay.so
[0.779s] -- rviz_ogre_vendor::OgreOverlay for IMPORTED_LOCATION_DEBUG: /opt/ros/humble/opt/rviz_ogre_vendor/lib/libOgreOverlay.so
[0.780s] -- rviz_ogre_vendor::OgreMain for IMPORTED_LOCATION_RELEASE: /opt/ros/humble/opt/rviz_ogre_vendor/lib/libOgreMain.so
[0.780s] -- rviz_ogre_vendor::OgreMain for IMPORTED_LOCATION_DEBUG: /opt/ros/humble/opt/rviz_ogre_vendor/lib/libOgreMain.so
[0.780s] -- Could not find freeimage library
[0.841s] -- library: /usr/lib/x86_64-linux-gnu/libcurl.so
[0.851s] -- Found rviz_default_plugins: 11.2.13 (/opt/ros/humble/share/rviz_default_plugins/cmake)
[0.956s] -- Found required Ceres dependency: Eigen version 3.4.0 in /usr/include/eigen3
[0.957s] -- Found required Ceres dependency: glog
[0.957s] -- Found required Ceres dependency: gflags
[0.957s] -- Found Ceres version: 2.0.0 installed in: /usr with components: [EigenSparse, SparseLinearAlgebraLibrary, LAPACK, SuiteSparse, CXSparse, SchurSpecializations, Multithreading]
[1.250s] -- Found ament_cmake_ros: 0.10.0 (/opt/ros/humble/share/ament_cmake_ros/cmake)
[1.670s] -- Using all available rosidl_typesupport_c: rosidl_typesupport_fastrtps_c;rosidl_typesupport_introspection_c
[1.828s] -- Using all available rosidl_typesupport_cpp: rosidl_typesupport_fastrtps_cpp;rosidl_typesupport_introspection_cpp
[1.851s] -- Found python_cmake_module: 0.10.0 (/opt/ros/humble/share/python_cmake_module/cmake)
[1.876s] -- Using PYTHON_EXECUTABLE: /usr/bin/python3
[1.877s] -- Using PYTHON_INCLUDE_DIRS: /usr/include/python3.10
[1.877s] -- Using PYTHON_LIBRARIES: /usr/lib/x86_64-linux-gnu/libpython3.10.so
[1.960s] -- Configuring done
[2.168s] -- Generating done
[2.172s] -- Build files have been written to: /home/autodrive_devkit/build/slam_toolbox
[2.186s] Invoked command in '/home/autodrive_devkit/build/slam_toolbox' returned '0': CMAKE_PREFIX_PATH=${CMAKE_PREFIX_PATH}:/home/autodrive_devkit/install/nav2_simple_commander:/home/autodrive_devkit/install/nav2_loopback_sim:/home/autodrive_devkit/install/f1tenth_stanley_controller:/home/autodrive_devkit/install/autodrive_f1tenth:/opt/ros/humble /usr/bin/cmake /home/autodrive_devkit/src/slam_toolbox -DCMAKE_INSTALL_PREFIX=/home/autodrive_devkit/install/slam_toolbox
[2.189s] Invoking command in '/home/autodrive_devkit/build/slam_toolbox': CMAKE_PREFIX_PATH=${CMAKE_PREFIX_PATH}:/home/autodrive_devkit/install/nav2_simple_commander:/home/autodrive_devkit/install/nav2_loopback_sim:/home/autodrive_devkit/install/f1tenth_stanley_controller:/home/autodrive_devkit/install/autodrive_f1tenth:/opt/ros/humble /usr/bin/cmake --build /home/autodrive_devkit/build/slam_toolbox -- -j16 -l16
[2.244s] [35m[1mConsolidate compiler generated dependencies of target slam_toolbox__rosidl_generator_c[0m
[2.246s] [35m[1mConsolidate compiler generated dependencies of target kartoSlamToolbox[0m
[2.252s] [  1%] Built target slam_toolbox__cpp
[2.260s] [  1%] Built target ament_cmake_python_symlink_slam_toolbox
[2.262s] [ 10%] Built target slam_toolbox__rosidl_generator_c
[2.263s] [35m[1mConsolidate compiler generated dependencies of target slam_toolbox__rosidl_typesupport_introspection_cpp[0m
[2.263s] [35m[1mConsolidate compiler generated dependencies of target slam_toolbox__rosidl_typesupport_cpp[0m
[2.263s] [35m[1mConsolidate compiler generated dependencies of target slam_toolbox__rosidl_typesupport_fastrtps_cpp[0m
[2.272s] [35m[1mConsolidate compiler generated dependencies of target slam_toolbox__rosidl_typesupport_introspection_c[0m
[2.273s] [35m[1mConsolidate compiler generated dependencies of target slam_toolbox__rosidl_typesupport_fastrtps_c[0m
[2.273s] [35m[1mConsolidate compiler generated dependencies of target slam_toolbox__rosidl_typesupport_c[0m
[2.279s] [ 12%] Built target kartoSlamToolbox
[2.281s] [ 28%] Built target slam_toolbox__rosidl_typesupport_cpp
[2.281s] [ 28%] Built target slam_toolbox__rosidl_typesupport_introspection_cpp
[2.283s] [ 37%] Built target slam_toolbox__rosidl_typesupport_fastrtps_cpp
[2.284s] [ 45%] Built target slam_toolbox__rosidl_typesupport_introspection_c
[2.284s] [ 53%] Built target slam_toolbox__rosidl_typesupport_c
[2.290s] [35m[1mConsolidate compiler generated dependencies of target ceres_solver_plugin[0m
[2.291s] [35m[1mConsolidate compiler generated dependencies of target SlamToolboxPlugin[0m
[2.294s] [ 62%] Built target slam_toolbox__rosidl_typesupport_fastrtps_c
[2.294s] [35m[1mConsolidate compiler generated dependencies of target toolbox_common[0m
[2.311s] [ 62%] Built target slam_toolbox
[2.318s] [ 64%] Built target SlamToolboxPlugin
[2.320s] [ 66%] Built target ceres_solver_plugin
[2.328s] [ 66%] Built target slam_toolbox__py
[2.341s] [35m[1mConsolidate compiler generated dependencies of target slam_toolbox__rosidl_generator_py[0m
[2.349s] [ 71%] Built target toolbox_common
[2.360s] [ 79%] Built target slam_toolbox__rosidl_generator_py
[2.360s] [35m[1mConsolidate compiler generated dependencies of target merge_maps_kinematic[0m
[2.360s] [35m[1mConsolidate compiler generated dependencies of target lifelong_slam_toolbox[0m
[2.360s] [35m[1mConsolidate compiler generated dependencies of target localization_slam_toolbox[0m
[2.360s] [35m[1mConsolidate compiler generated dependencies of target async_slam_toolbox[0m
[2.362s] [35m[1mConsolidate compiler generated dependencies of target sync_slam_toolbox[0m
[2.369s] [35m[1mConsolidate compiler generated dependencies of target slam_toolbox__rosidl_typesupport_c__pyext[0m
[2.369s] [35m[1mConsolidate compiler generated dependencies of target slam_toolbox__rosidl_typesupport_fastrtps_c__pyext[0m
[2.369s] [35m[1mConsolidate compiler generated dependencies of target slam_toolbox__rosidl_typesupport_introspection_c__pyext[0m
[2.383s] [ 81%] Built target slam_toolbox__rosidl_typesupport_c__pyext
[2.383s] [ 82%] Built target slam_toolbox__rosidl_typesupport_fastrtps_c__pyext
[2.384s] [ 84%] Built target slam_toolbox__rosidl_typesupport_introspection_c__pyext
[2.396s] [ 86%] Built target merge_maps_kinematic
[2.397s] [ 87%] Built target lifelong_slam_toolbox
[2.398s] [ 89%] Built target async_slam_toolbox
[2.398s] [ 92%] Built target localization_slam_toolbox
[2.398s] [ 92%] Built target sync_slam_toolbox
[2.407s] [35m[1mConsolidate compiler generated dependencies of target sync_slam_toolbox_node[0m
[2.407s] [35m[1mConsolidate compiler generated dependencies of target localization_slam_toolbox_node[0m
[2.407s] [35m[1mConsolidate compiler generated dependencies of target async_slam_toolbox_node[0m
[2.407s] [35m[1mConsolidate compiler generated dependencies of target lifelong_slam_toolbox_node[0m
[2.407s] [35m[1mConsolidate compiler generated dependencies of target map_and_localization_slam_toolbox[0m
[2.410s] running egg_info
[2.411s] writing slam_toolbox.egg-info/PKG-INFO
[2.411s] writing dependency_links to slam_toolbox.egg-info/dependency_links.txt
[2.411s] writing top-level names to slam_toolbox.egg-info/top_level.txt
[2.412s] reading manifest file 'slam_toolbox.egg-info/SOURCES.txt'
[2.413s] writing manifest file 'slam_toolbox.egg-info/SOURCES.txt'
[2.434s] [ 92%] Built target ament_cmake_python_build_slam_toolbox_egg
[2.441s] [ 98%] Built target map_and_localization_slam_toolbox
[2.441s] [ 99%] Built target localization_slam_toolbox_node
[2.441s] [ 99%] Built target lifelong_slam_toolbox_node
[2.441s] [ 99%] Built target async_slam_toolbox_node
[2.441s] [ 99%] Built target sync_slam_toolbox_node
[2.451s] [35m[1mConsolidate compiler generated dependencies of target map_and_localization_slam_toolbox_node[0m
[2.490s] [100%] Built target map_and_localization_slam_toolbox_node
[2.504s] Invoked command in '/home/autodrive_devkit/build/slam_toolbox' returned '0': CMAKE_PREFIX_PATH=${CMAKE_PREFIX_PATH}:/home/autodrive_devkit/install/nav2_simple_commander:/home/autodrive_devkit/install/nav2_loopback_sim:/home/autodrive_devkit/install/f1tenth_stanley_controller:/home/autodrive_devkit/install/autodrive_f1tenth:/opt/ros/humble /usr/bin/cmake --build /home/autodrive_devkit/build/slam_toolbox -- -j16 -l16
[2.924s] Invoking command in '/home/autodrive_devkit/build/slam_toolbox': CMAKE_PREFIX_PATH=${CMAKE_PREFIX_PATH}:/home/autodrive_devkit/install/nav2_simple_commander:/home/autodrive_devkit/install/nav2_loopback_sim:/home/autodrive_devkit/install/f1tenth_stanley_controller:/home/autodrive_devkit/install/autodrive_f1tenth:/opt/ros/humble /usr/bin/cmake --install /home/autodrive_devkit/build/slam_toolbox
[2.931s] -- Install configuration: "Release"
[2.931s] -- Execute custom install script
[2.931s] -- Up-to-date symlink: /home/autodrive_devkit/install/slam_toolbox/include//karto_sdk/Karto.h
[2.932s] -- Up-to-date symlink: /home/autodrive_devkit/install/slam_toolbox/include//karto_sdk/Macros.h
[2.932s] -- Up-to-date symlink: /home/autodrive_devkit/install/slam_toolbox/include//karto_sdk/Mapper.h
[2.932s] -- Up-to-date symlink: /home/autodrive_devkit/install/slam_toolbox/include//karto_sdk/Math.h
[2.932s] -- Up-to-date symlink: /home/autodrive_devkit/install/slam_toolbox/include//karto_sdk/Types.h
[2.932s] -- Up-to-date symlink: /home/autodrive_devkit/install/slam_toolbox/include//karto_sdk/nanoflann.hpp
[2.932s] -- Up-to-date symlink: /home/autodrive_devkit/install/slam_toolbox/include//karto_sdk/nanoflann_adaptors.h
[2.932s] -- Up-to-date symlink: /home/autodrive_devkit/install/slam_toolbox/share/ament_index/resource_index/rosidl_interfaces/slam_toolbox
[2.933s] -- Up-to-date symlink: /home/autodrive_devkit/install/slam_toolbox/include/slam_toolbox/slam_toolbox/msg/rosidl_generator_c__visibility_control.h
[2.933s] -- Up-to-date symlink: /home/autodrive_devkit/install/slam_toolbox/include/slam_toolbox/slam_toolbox/srv/add_submap.h
[2.933s] -- Up-to-date symlink: /home/autodrive_devkit/install/slam_toolbox/include/slam_toolbox/slam_toolbox/srv/clear.h
[2.933s] -- Up-to-date symlink: /home/autodrive_devkit/install/slam_toolbox/include/slam_toolbox/slam_toolbox/srv/clear_queue.h
[2.933s] -- Up-to-date symlink: /home/autodrive_devkit/install/slam_toolbox/include/slam_toolbox/slam_toolbox/srv/deserialize_pose_graph.h
[2.933s] -- Up-to-date symlink: /home/autodrive_devkit/install/slam_toolbox/include/slam_toolbox/slam_toolbox/srv/detail/add_submap__functions.h
[2.933s] -- Up-to-date symlink: /home/autodrive_devkit/install/slam_toolbox/include/slam_toolbox/slam_toolbox/srv/detail/add_submap__struct.h
[2.934s] -- Up-to-date symlink: /home/autodrive_devkit/install/slam_toolbox/include/slam_toolbox/slam_toolbox/srv/detail/add_submap__type_support.h
[2.934s] -- Up-to-date symlink: /home/autodrive_devkit/install/slam_toolbox/include/slam_toolbox/slam_toolbox/srv/detail/clear__functions.h
[2.934s] -- Up-to-date symlink: /home/autodrive_devkit/install/slam_toolbox/include/slam_toolbox/slam_toolbox/srv/detail/clear__struct.h
[2.934s] -- Up-to-date symlink: /home/autodrive_devkit/install/slam_toolbox/include/slam_toolbox/slam_toolbox/srv/detail/clear__type_support.h
[2.934s] -- Up-to-date symlink: /home/autodrive_devkit/install/slam_toolbox/include/slam_toolbox/slam_toolbox/srv/detail/clear_queue__functions.h
[2.934s] -- Up-to-date symlink: /home/autodrive_devkit/install/slam_toolbox/include/slam_toolbox/slam_toolbox/srv/detail/clear_queue__struct.h
[2.934s] -- Up-to-date symlink: /home/autodrive_devkit/install/slam_toolbox/include/slam_toolbox/slam_toolbox/srv/detail/clear_queue__type_support.h
[2.934s] -- Up-to-date symlink: /home/autodrive_devkit/install/slam_toolbox/include/slam_toolbox/slam_toolbox/srv/detail/deserialize_pose_graph__functions.h
[2.934s] -- Up-to-date symlink: /home/autodrive_devkit/install/slam_toolbox/include/slam_toolbox/slam_toolbox/srv/detail/deserialize_pose_graph__struct.h
[2.934s] -- Up-to-date symlink: /home/autodrive_devkit/install/slam_toolbox/include/slam_toolbox/slam_toolbox/srv/detail/deserialize_pose_graph__type_support.h
[2.935s] -- Up-to-date symlink: /home/autodrive_devkit/install/slam_toolbox/include/slam_toolbox/slam_toolbox/srv/detail/loop_closure__functions.h
[2.935s] -- Up-to-date symlink: /home/autodrive_devkit/install/slam_toolbox/include/slam_toolbox/slam_toolbox/srv/detail/loop_closure__struct.h
[2.935s] -- Up-to-date symlink: /home/autodrive_devkit/install/slam_toolbox/include/slam_toolbox/slam_toolbox/srv/detail/loop_closure__type_support.h
[2.935s] -- Up-to-date symlink: /home/autodrive_devkit/install/slam_toolbox/include/slam_toolbox/slam_toolbox/srv/detail/merge_maps__functions.h
[2.935s] -- Up-to-date symlink: /home/autodrive_devkit/install/slam_toolbox/include/slam_toolbox/slam_toolbox/srv/detail/merge_maps__struct.h
[2.935s] -- Up-to-date symlink: /home/autodrive_devkit/install/slam_toolbox/include/slam_toolbox/slam_toolbox/srv/detail/merge_maps__type_support.h
[2.935s] -- Up-to-date symlink: /home/autodrive_devkit/install/slam_toolbox/include/slam_toolbox/slam_toolbox/srv/detail/pause__functions.h
[2.935s] -- Up-to-date symlink: /home/autodrive_devkit/install/slam_toolbox/include/slam_toolbox/slam_toolbox/srv/detail/pause__struct.h
[2.935s] -- Up-to-date symlink: /home/autodrive_devkit/install/slam_toolbox/include/slam_toolbox/slam_toolbox/srv/detail/pause__type_support.h
[2.935s] -- Up-to-date symlink: /home/autodrive_devkit/install/slam_toolbox/include/slam_toolbox/slam_toolbox/srv/detail/save_map__functions.h
[2.936s] -- Up-to-date symlink: /home/autodrive_devkit/install/slam_toolbox/include/slam_toolbox/slam_toolbox/srv/detail/save_map__struct.h
[2.936s] -- Up-to-date symlink: /home/autodrive_devkit/install/slam_toolbox/include/slam_toolbox/slam_toolbox/srv/detail/save_map__type_support.h
[2.936s] -- Up-to-date symlink: /home/autodrive_devkit/install/slam_toolbox/include/slam_toolbox/slam_toolbox/srv/detail/serialize_pose_graph__functions.h
[2.936s] -- Up-to-date symlink: /home/autodrive_devkit/install/slam_toolbox/include/slam_toolbox/slam_toolbox/srv/detail/serialize_pose_graph__struct.h
[2.936s] -- Up-to-date symlink: /home/autodrive_devkit/install/slam_toolbox/include/slam_toolbox/slam_toolbox/srv/detail/serialize_pose_graph__type_support.h
[2.936s] -- Up-to-date symlink: /home/autodrive_devkit/install/slam_toolbox/include/slam_toolbox/slam_toolbox/srv/detail/toggle_interactive__functions.h
[2.936s] -- Up-to-date symlink: /home/autodrive_devkit/install/slam_toolbox/include/slam_toolbox/slam_toolbox/srv/detail/toggle_interactive__struct.h
[2.936s] -- Up-to-date symlink: /home/autodrive_devkit/install/slam_toolbox/include/slam_toolbox/slam_toolbox/srv/detail/toggle_interactive__type_support.h
[2.936s] -- Up-to-date symlink: /home/autodrive_devkit/install/slam_toolbox/include/slam_toolbox/slam_toolbox/srv/loop_closure.h
[2.936s] -- Up-to-date symlink: /home/autodrive_devkit/install/slam_toolbox/include/slam_toolbox/slam_toolbox/srv/merge_maps.h
[2.936s] -- Up-to-date symlink: /home/autodrive_devkit/install/slam_toolbox/include/slam_toolbox/slam_toolbox/srv/pause.h
[2.936s] -- Up-to-date symlink: /home/autodrive_devkit/install/slam_toolbox/include/slam_toolbox/slam_toolbox/srv/save_map.h
[2.936s] -- Up-to-date symlink: /home/autodrive_devkit/install/slam_toolbox/include/slam_toolbox/slam_toolbox/srv/serialize_pose_graph.h
[2.936s] -- Up-to-date symlink: /home/autodrive_devkit/install/slam_toolbox/include/slam_toolbox/slam_toolbox/srv/toggle_interactive.h
[2.937s] -- Up-to-date symlink: /home/autodrive_devkit/install/slam_toolbox/share/slam_toolbox/environment/library_path.sh
[2.937s] -- Up-to-date symlink: /home/autodrive_devkit/install/slam_toolbox/share/slam_toolbox/environment/library_path.dsv
[2.937s] -- Up-to-date symlink: /home/autodrive_devkit/install/slam_toolbox/include/slam_toolbox/slam_toolbox/msg/rosidl_typesupport_fastrtps_c__visibility_control.h
[2.937s] -- Up-to-date symlink: /home/autodrive_devkit/install/slam_toolbox/include/slam_toolbox/slam_toolbox/srv/detail/add_submap__rosidl_typesupport_fastrtps_c.h
[2.937s] -- Up-to-date symlink: /home/autodrive_devkit/install/slam_toolbox/include/slam_toolbox/slam_toolbox/srv/detail/clear__rosidl_typesupport_fastrtps_c.h
[2.938s] -- Up-to-date symlink: /home/autodrive_devkit/install/slam_toolbox/include/slam_toolbox/slam_toolbox/srv/detail/clear_queue__rosidl_typesupport_fastrtps_c.h
[2.938s] -- Up-to-date symlink: /home/autodrive_devkit/install/slam_toolbox/include/slam_toolbox/slam_toolbox/srv/detail/deserialize_pose_graph__rosidl_typesupport_fastrtps_c.h
[2.938s] -- Up-to-date symlink: /home/autodrive_devkit/install/slam_toolbox/include/slam_toolbox/slam_toolbox/srv/detail/loop_closure__rosidl_typesupport_fastrtps_c.h
[2.938s] -- Up-to-date symlink: /home/autodrive_devkit/install/slam_toolbox/include/slam_toolbox/slam_toolbox/srv/detail/merge_maps__rosidl_typesupport_fastrtps_c.h
[2.938s] -- Up-to-date symlink: /home/autodrive_devkit/install/slam_toolbox/include/slam_toolbox/slam_toolbox/srv/detail/pause__rosidl_typesupport_fastrtps_c.h
[2.938s] -- Up-to-date symlink: /home/autodrive_devkit/install/slam_toolbox/include/slam_toolbox/slam_toolbox/srv/detail/save_map__rosidl_typesupport_fastrtps_c.h
[2.938s] -- Up-to-date symlink: /home/autodrive_devkit/install/slam_toolbox/include/slam_toolbox/slam_toolbox/srv/detail/serialize_pose_graph__rosidl_typesupport_fastrtps_c.h
[2.938s] -- Up-to-date symlink: /home/autodrive_devkit/install/slam_toolbox/include/slam_toolbox/slam_toolbox/srv/detail/toggle_interactive__rosidl_typesupport_fastrtps_c.h
[2.939s] -- Up-to-date symlink: /home/autodrive_devkit/install/slam_toolbox/include/slam_toolbox/slam_toolbox/srv/add_submap.hpp
[2.939s] -- Up-to-date symlink: /home/autodrive_devkit/install/slam_toolbox/include/slam_toolbox/slam_toolbox/srv/clear.hpp
[2.939s] -- Up-to-date symlink: /home/autodrive_devkit/install/slam_toolbox/include/slam_toolbox/slam_toolbox/srv/clear_queue.hpp
[2.939s] -- Up-to-date symlink: /home/autodrive_devkit/install/slam_toolbox/include/slam_toolbox/slam_toolbox/srv/deserialize_pose_graph.hpp
[2.939s] -- Up-to-date symlink: /home/autodrive_devkit/install/slam_toolbox/include/slam_toolbox/slam_toolbox/srv/detail/add_submap__builder.hpp
[2.939s] -- Up-to-date symlink: /home/autodrive_devkit/install/slam_toolbox/include/slam_toolbox/slam_toolbox/srv/detail/add_submap__struct.hpp
[2.939s] -- Up-to-date symlink: /home/autodrive_devkit/install/slam_toolbox/include/slam_toolbox/slam_toolbox/srv/detail/add_submap__traits.hpp
[2.939s] -- Up-to-date symlink: /home/autodrive_devkit/install/slam_toolbox/include/slam_toolbox/slam_toolbox/srv/detail/clear__builder.hpp
[2.940s] -- Up-to-date symlink: /home/autodrive_devkit/install/slam_toolbox/include/slam_toolbox/slam_toolbox/srv/detail/clear__struct.hpp
[2.940s] -- Up-to-date symlink: /home/autodrive_devkit/install/slam_toolbox/include/slam_toolbox/slam_toolbox/srv/detail/clear__traits.hpp
[2.940s] -- Up-to-date symlink: /home/autodrive_devkit/install/slam_toolbox/include/slam_toolbox/slam_toolbox/srv/detail/clear_queue__builder.hpp
[2.940s] -- Up-to-date symlink: /home/autodrive_devkit/install/slam_toolbox/include/slam_toolbox/slam_toolbox/srv/detail/clear_queue__struct.hpp
[2.940s] -- Up-to-date symlink: /home/autodrive_devkit/install/slam_toolbox/include/slam_toolbox/slam_toolbox/srv/detail/clear_queue__traits.hpp
[2.940s] -- Up-to-date symlink: /home/autodrive_devkit/install/slam_toolbox/include/slam_toolbox/slam_toolbox/srv/detail/deserialize_pose_graph__builder.hpp
[2.940s] -- Up-to-date symlink: /home/autodrive_devkit/install/slam_toolbox/include/slam_toolbox/slam_toolbox/srv/detail/deserialize_pose_graph__struct.hpp
[2.940s] -- Up-to-date symlink: /home/autodrive_devkit/install/slam_toolbox/include/slam_toolbox/slam_toolbox/srv/detail/deserialize_pose_graph__traits.hpp
[2.940s] -- Up-to-date symlink: /home/autodrive_devkit/install/slam_toolbox/include/slam_toolbox/slam_toolbox/srv/detail/loop_closure__builder.hpp
[2.940s] -- Up-to-date symlink: /home/autodrive_devkit/install/slam_toolbox/include/slam_toolbox/slam_toolbox/srv/detail/loop_closure__struct.hpp
[2.941s] -- Up-to-date symlink: /home/autodrive_devkit/install/slam_toolbox/include/slam_toolbox/slam_toolbox/srv/detail/loop_closure__traits.hpp
[2.941s] -- Up-to-date symlink: /home/autodrive_devkit/install/slam_toolbox/include/slam_toolbox/slam_toolbox/srv/detail/merge_maps__builder.hpp
[2.941s] -- Up-to-date symlink: /home/autodrive_devkit/install/slam_toolbox/include/slam_toolbox/slam_toolbox/srv/detail/merge_maps__struct.hpp
[2.941s] -- Up-to-date symlink: /home/autodrive_devkit/install/slam_toolbox/include/slam_toolbox/slam_toolbox/srv/detail/merge_maps__traits.hpp
[2.941s] -- Up-to-date symlink: /home/autodrive_devkit/install/slam_toolbox/include/slam_toolbox/slam_toolbox/srv/detail/pause__builder.hpp
[2.941s] -- Up-to-date symlink: /home/autodrive_devkit/install/slam_toolbox/include/slam_toolbox/slam_toolbox/srv/detail/pause__struct.hpp
[2.941s] -- Up-to-date symlink: /home/autodrive_devkit/install/slam_toolbox/include/slam_toolbox/slam_toolbox/srv/detail/pause__traits.hpp
[2.941s] -- Up-to-date symlink: /home/autodrive_devkit/install/slam_toolbox/include/slam_toolbox/slam_toolbox/srv/detail/save_map__builder.hpp
[2.941s] -- Up-to-date symlink: /home/autodrive_devkit/install/slam_toolbox/include/slam_toolbox/slam_toolbox/srv/detail/save_map__struct.hpp
[2.941s] -- Up-to-date symlink: /home/autodrive_devkit/install/slam_toolbox/include/slam_toolbox/slam_toolbox/srv/detail/save_map__traits.hpp
[2.942s] -- Up-to-date symlink: /home/autodrive_devkit/install/slam_toolbox/include/slam_toolbox/slam_toolbox/srv/detail/serialize_pose_graph__builder.hpp
[2.942s] -- Up-to-date symlink: /home/autodrive_devkit/install/slam_toolbox/include/slam_toolbox/slam_toolbox/srv/detail/serialize_pose_graph__struct.hpp
[2.942s] -- Up-to-date symlink: /home/autodrive_devkit/install/slam_toolbox/include/slam_toolbox/slam_toolbox/srv/detail/serialize_pose_graph__traits.hpp
[2.942s] -- Up-to-date symlink: /home/autodrive_devkit/install/slam_toolbox/include/slam_toolbox/slam_toolbox/srv/detail/toggle_interactive__builder.hpp
[2.942s] -- Up-to-date symlink: /home/autodrive_devkit/install/slam_toolbox/include/slam_toolbox/slam_toolbox/srv/detail/toggle_interactive__struct.hpp
[2.942s] -- Up-to-date symlink: /home/autodrive_devkit/install/slam_toolbox/include/slam_toolbox/slam_toolbox/srv/detail/toggle_interactive__traits.hpp
[2.942s] -- Up-to-date symlink: /home/autodrive_devkit/install/slam_toolbox/include/slam_toolbox/slam_toolbox/srv/loop_closure.hpp
[2.942s] -- Up-to-date symlink: /home/autodrive_devkit/install/slam_toolbox/include/slam_toolbox/slam_toolbox/srv/merge_maps.hpp
[2.942s] -- Up-to-date symlink: /home/autodrive_devkit/install/slam_toolbox/include/slam_toolbox/slam_toolbox/srv/pause.hpp
[2.942s] -- Up-to-date symlink: /home/autodrive_devkit/install/slam_toolbox/include/slam_toolbox/slam_toolbox/srv/save_map.hpp
[2.943s] -- Up-to-date symlink: /home/autodrive_devkit/install/slam_toolbox/include/slam_toolbox/slam_toolbox/srv/serialize_pose_graph.hpp
[2.943s] -- Up-to-date symlink: /home/autodrive_devkit/install/slam_toolbox/include/slam_toolbox/slam_toolbox/srv/toggle_interactive.hpp
[2.943s] -- Up-to-date symlink: /home/autodrive_devkit/install/slam_toolbox/include/slam_toolbox/slam_toolbox/msg/rosidl_typesupport_fastrtps_cpp__visibility_control.h
[2.943s] -- Up-to-date symlink: /home/autodrive_devkit/install/slam_toolbox/include/slam_toolbox/slam_toolbox/srv/detail/add_submap__rosidl_typesupport_fastrtps_cpp.hpp
[2.943s] -- Up-to-date symlink: /home/autodrive_devkit/install/slam_toolbox/include/slam_toolbox/slam_toolbox/srv/detail/clear__rosidl_typesupport_fastrtps_cpp.hpp
[2.943s] -- Up-to-date symlink: /home/autodrive_devkit/install/slam_toolbox/include/slam_toolbox/slam_toolbox/srv/detail/clear_queue__rosidl_typesupport_fastrtps_cpp.hpp
[2.943s] -- Up-to-date symlink: /home/autodrive_devkit/install/slam_toolbox/include/slam_toolbox/slam_toolbox/srv/detail/deserialize_pose_graph__rosidl_typesupport_fastrtps_cpp.hpp
[2.943s] -- Up-to-date symlink: /home/autodrive_devkit/install/slam_toolbox/include/slam_toolbox/slam_toolbox/srv/detail/loop_closure__rosidl_typesupport_fastrtps_cpp.hpp
[2.943s] -- Up-to-date symlink: /home/autodrive_devkit/install/slam_toolbox/include/slam_toolbox/slam_toolbox/srv/detail/merge_maps__rosidl_typesupport_fastrtps_cpp.hpp
[2.944s] -- Up-to-date symlink: /home/autodrive_devkit/install/slam_toolbox/include/slam_toolbox/slam_toolbox/srv/detail/pause__rosidl_typesupport_fastrtps_cpp.hpp
[2.944s] -- Up-to-date symlink: /home/autodrive_devkit/install/slam_toolbox/include/slam_toolbox/slam_toolbox/srv/detail/save_map__rosidl_typesupport_fastrtps_cpp.hpp
[2.944s] -- Up-to-date symlink: /home/autodrive_devkit/install/slam_toolbox/include/slam_toolbox/slam_toolbox/srv/detail/serialize_pose_graph__rosidl_typesupport_fastrtps_cpp.hpp
[2.944s] -- Up-to-date symlink: /home/autodrive_devkit/install/slam_toolbox/include/slam_toolbox/slam_toolbox/srv/detail/toggle_interactive__rosidl_typesupport_fastrtps_cpp.hpp
[2.944s] -- Up-to-date symlink: /home/autodrive_devkit/install/slam_toolbox/include/slam_toolbox/slam_toolbox/msg/rosidl_typesupport_introspection_c__visibility_control.h
[2.944s] -- Up-to-date symlink: /home/autodrive_devkit/install/slam_toolbox/include/slam_toolbox/slam_toolbox/srv/detail/add_submap__rosidl_typesupport_introspection_c.h
[2.944s] -- Up-to-date symlink: /home/autodrive_devkit/install/slam_toolbox/include/slam_toolbox/slam_toolbox/srv/detail/clear__rosidl_typesupport_introspection_c.h
[2.944s] -- Up-to-date symlink: /home/autodrive_devkit/install/slam_toolbox/include/slam_toolbox/slam_toolbox/srv/detail/clear_queue__rosidl_typesupport_introspection_c.h
[2.944s] -- Up-to-date symlink: /home/autodrive_devkit/install/slam_toolbox/include/slam_toolbox/slam_toolbox/srv/detail/deserialize_pose_graph__rosidl_typesupport_introspection_c.h
[2.944s] -- Up-to-date symlink: /home/autodrive_devkit/install/slam_toolbox/include/slam_toolbox/slam_toolbox/srv/detail/loop_closure__rosidl_typesupport_introspection_c.h
[2.945s] -- Up-to-date symlink: /home/autodrive_devkit/install/slam_toolbox/include/slam_toolbox/slam_toolbox/srv/detail/merge_maps__rosidl_typesupport_introspection_c.h
[2.945s] -- Up-to-date symlink: /home/autodrive_devkit/install/slam_toolbox/include/slam_toolbox/slam_toolbox/srv/detail/pause__rosidl_typesupport_introspection_c.h
[2.945s] -- Up-to-date symlink: /home/autodrive_devkit/install/slam_toolbox/include/slam_toolbox/slam_toolbox/srv/detail/save_map__rosidl_typesupport_introspection_c.h
[2.945s] -- Up-to-date symlink: /home/autodrive_devkit/install/slam_toolbox/include/slam_toolbox/slam_toolbox/srv/detail/serialize_pose_graph__rosidl_typesupport_introspection_c.h
[2.945s] -- Up-to-date symlink: /home/autodrive_devkit/install/slam_toolbox/include/slam_toolbox/slam_toolbox/srv/detail/toggle_interactive__rosidl_typesupport_introspection_c.h
[2.945s] -- Up-to-date symlink: /home/autodrive_devkit/install/slam_toolbox/include/slam_toolbox/slam_toolbox/srv/detail/add_submap__rosidl_typesupport_introspection_cpp.hpp
[2.945s] -- Up-to-date symlink: /home/autodrive_devkit/install/slam_toolbox/include/slam_toolbox/slam_toolbox/srv/detail/clear__rosidl_typesupport_introspection_cpp.hpp
[2.945s] -- Up-to-date symlink: /home/autodrive_devkit/install/slam_toolbox/include/slam_toolbox/slam_toolbox/srv/detail/clear_queue__rosidl_typesupport_introspection_cpp.hpp
[2.945s] -- Up-to-date symlink: /home/autodrive_devkit/install/slam_toolbox/include/slam_toolbox/slam_toolbox/srv/detail/deserialize_pose_graph__rosidl_typesupport_introspection_cpp.hpp
[2.945s] -- Up-to-date symlink: /home/autodrive_devkit/install/slam_toolbox/include/slam_toolbox/slam_toolbox/srv/detail/loop_closure__rosidl_typesupport_introspection_cpp.hpp
[2.945s] -- Up-to-date symlink: /home/autodrive_devkit/install/slam_toolbox/include/slam_toolbox/slam_toolbox/srv/detail/merge_maps__rosidl_typesupport_introspection_cpp.hpp
[2.946s] -- Up-to-date symlink: /home/autodrive_devkit/install/slam_toolbox/include/slam_toolbox/slam_toolbox/srv/detail/pause__rosidl_typesupport_introspection_cpp.hpp
[2.946s] -- Up-to-date symlink: /home/autodrive_devkit/install/slam_toolbox/include/slam_toolbox/slam_toolbox/srv/detail/save_map__rosidl_typesupport_introspection_cpp.hpp
[2.946s] -- Up-to-date symlink: /home/autodrive_devkit/install/slam_toolbox/include/slam_toolbox/slam_toolbox/srv/detail/serialize_pose_graph__rosidl_typesupport_introspection_cpp.hpp
[2.946s] -- Up-to-date symlink: /home/autodrive_devkit/install/slam_toolbox/include/slam_toolbox/slam_toolbox/srv/detail/toggle_interactive__rosidl_typesupport_introspection_cpp.hpp
[2.946s] -- Up-to-date symlink: /home/autodrive_devkit/install/slam_toolbox/share/slam_toolbox/environment/pythonpath.sh
[2.946s] -- Up-to-date symlink: /home/autodrive_devkit/install/slam_toolbox/share/slam_toolbox/environment/pythonpath.dsv
[2.946s] -- Up-to-date symlink: /home/autodrive_devkit/install/slam_toolbox/local/lib/python3.10/dist-packages/slam_toolbox-2.6.8-py3.10.egg-info/PKG-INFO
[2.946s] -- Up-to-date symlink: /home/autodrive_devkit/install/slam_toolbox/local/lib/python3.10/dist-packages/slam_toolbox-2.6.8-py3.10.egg-info/SOURCES.txt
[2.946s] -- Up-to-date symlink: /home/autodrive_devkit/install/slam_toolbox/local/lib/python3.10/dist-packages/slam_toolbox-2.6.8-py3.10.egg-info/dependency_links.txt
[2.946s] -- Up-to-date symlink: /home/autodrive_devkit/install/slam_toolbox/local/lib/python3.10/dist-packages/slam_toolbox-2.6.8-py3.10.egg-info/top_level.txt
[2.947s] -- Up-to-date symlink: /home/autodrive_devkit/install/slam_toolbox/local/lib/python3.10/dist-packages/slam_toolbox/__init__.py
[2.947s] -- Up-to-date symlink: /home/autodrive_devkit/install/slam_toolbox/local/lib/python3.10/dist-packages/slam_toolbox/_slam_toolbox_s.ep.rosidl_typesupport_c.c
[2.947s] -- Up-to-date symlink: /home/autodrive_devkit/install/slam_toolbox/local/lib/python3.10/dist-packages/slam_toolbox/_slam_toolbox_s.ep.rosidl_typesupport_fastrtps_c.c
[2.947s] -- Up-to-date symlink: /home/autodrive_devkit/install/slam_toolbox/local/lib/python3.10/dist-packages/slam_toolbox/_slam_toolbox_s.ep.rosidl_typesupport_introspection_c.c
[2.947s] -- Up-to-date symlink: /home/autodrive_devkit/install/slam_toolbox/local/lib/python3.10/dist-packages/slam_toolbox/libslam_toolbox__rosidl_generator_py.so
[2.947s] -- Up-to-date symlink: /home/autodrive_devkit/install/slam_toolbox/local/lib/python3.10/dist-packages/slam_toolbox/slam_toolbox_s__rosidl_typesupport_c.cpython-310-x86_64-linux-gnu.so
[2.947s] -- Up-to-date symlink: /home/autodrive_devkit/install/slam_toolbox/local/lib/python3.10/dist-packages/slam_toolbox/slam_toolbox_s__rosidl_typesupport_fastrtps_c.cpython-310-x86_64-linux-gnu.so
[2.947s] -- Up-to-date symlink: /home/autodrive_devkit/install/slam_toolbox/local/lib/python3.10/dist-packages/slam_toolbox/slam_toolbox_s__rosidl_typesupport_introspection_c.cpython-310-x86_64-linux-gnu.so
[2.948s] -- Up-to-date symlink: /home/autodrive_devkit/install/slam_toolbox/local/lib/python3.10/dist-packages/slam_toolbox/srv/__init__.py
[2.948s] -- Up-to-date symlink: /home/autodrive_devkit/install/slam_toolbox/local/lib/python3.10/dist-packages/slam_toolbox/srv/_add_submap.py
[2.948s] -- Up-to-date symlink: /home/autodrive_devkit/install/slam_toolbox/local/lib/python3.10/dist-packages/slam_toolbox/srv/_add_submap_s.c
[2.948s] -- Up-to-date symlink: /home/autodrive_devkit/install/slam_toolbox/local/lib/python3.10/dist-packages/slam_toolbox/srv/_clear.py
[2.948s] -- Up-to-date symlink: /home/autodrive_devkit/install/slam_toolbox/local/lib/python3.10/dist-packages/slam_toolbox/srv/_clear_queue.py
[2.948s] -- Up-to-date symlink: /home/autodrive_devkit/install/slam_toolbox/local/lib/python3.10/dist-packages/slam_toolbox/srv/_clear_queue_s.c
[2.948s] -- Up-to-date symlink: /home/autodrive_devkit/install/slam_toolbox/local/lib/python3.10/dist-packages/slam_toolbox/srv/_clear_s.c
[2.948s] -- Up-to-date symlink: /home/autodrive_devkit/install/slam_toolbox/local/lib/python3.10/dist-packages/slam_toolbox/srv/_deserialize_pose_graph.py
[2.948s] -- Up-to-date symlink: /home/autodrive_devkit/install/slam_toolbox/local/lib/python3.10/dist-packages/slam_toolbox/srv/_deserialize_pose_graph_s.c
[2.948s] -- Up-to-date symlink: /home/autodrive_devkit/install/slam_toolbox/local/lib/python3.10/dist-packages/slam_toolbox/srv/_loop_closure.py
[2.948s] -- Up-to-date symlink: /home/autodrive_devkit/install/slam_toolbox/local/lib/python3.10/dist-packages/slam_toolbox/srv/_loop_closure_s.c
[2.948s] -- Up-to-date symlink: /home/autodrive_devkit/install/slam_toolbox/local/lib/python3.10/dist-packages/slam_toolbox/srv/_merge_maps.py
[2.948s] -- Up-to-date symlink: /home/autodrive_devkit/install/slam_toolbox/local/lib/python3.10/dist-packages/slam_toolbox/srv/_merge_maps_s.c
[2.948s] -- Up-to-date symlink: /home/autodrive_devkit/install/slam_toolbox/local/lib/python3.10/dist-packages/slam_toolbox/srv/_pause.py
[2.948s] -- Up-to-date symlink: /home/autodrive_devkit/install/slam_toolbox/local/lib/python3.10/dist-packages/slam_toolbox/srv/_pause_s.c
[2.949s] -- Up-to-date symlink: /home/autodrive_devkit/install/slam_toolbox/local/lib/python3.10/dist-packages/slam_toolbox/srv/_save_map.py
[2.949s] -- Up-to-date symlink: /home/autodrive_devkit/install/slam_toolbox/local/lib/python3.10/dist-packages/slam_toolbox/srv/_save_map_s.c
[2.949s] -- Up-to-date symlink: /home/autodrive_devkit/install/slam_toolbox/local/lib/python3.10/dist-packages/slam_toolbox/srv/_serialize_pose_graph.py
[2.949s] -- Up-to-date symlink: /home/autodrive_devkit/install/slam_toolbox/local/lib/python3.10/dist-packages/slam_toolbox/srv/_serialize_pose_graph_s.c
[2.949s] -- Up-to-date symlink: /home/autodrive_devkit/install/slam_toolbox/local/lib/python3.10/dist-packages/slam_toolbox/srv/_toggle_interactive.py
[2.949s] -- Up-to-date symlink: /home/autodrive_devkit/install/slam_toolbox/local/lib/python3.10/dist-packages/slam_toolbox/srv/_toggle_interactive_s.c
[2.949s] -- Up-to-date symlink: /home/autodrive_devkit/install/slam_toolbox/local/lib/python3.10/dist-packages/slam_toolbox/slam_toolbox_s__rosidl_typesupport_fastrtps_c.cpython-310-x86_64-linux-gnu.so
[2.949s] -- Up-to-date symlink: /home/autodrive_devkit/install/slam_toolbox/local/lib/python3.10/dist-packages/slam_toolbox/slam_toolbox_s__rosidl_typesupport_introspection_c.cpython-310-x86_64-linux-gnu.so
[2.949s] -- Up-to-date symlink: /home/autodrive_devkit/install/slam_toolbox/local/lib/python3.10/dist-packages/slam_toolbox/slam_toolbox_s__rosidl_typesupport_c.cpython-310-x86_64-linux-gnu.so
[2.949s] -- Up-to-date symlink: /home/autodrive_devkit/install/slam_toolbox/share/slam_toolbox/srv/Pause.idl
[2.950s] -- Up-to-date symlink: /home/autodrive_devkit/install/slam_toolbox/share/slam_toolbox/srv/ClearQueue.idl
[2.950s] -- Up-to-date symlink: /home/autodrive_devkit/install/slam_toolbox/share/slam_toolbox/srv/ToggleInteractive.idl
[2.950s] -- Up-to-date symlink: /home/autodrive_devkit/install/slam_toolbox/share/slam_toolbox/srv/Clear.idl
[2.950s] -- Up-to-date symlink: /home/autodrive_devkit/install/slam_toolbox/share/slam_toolbox/srv/SaveMap.idl
[2.950s] -- Up-to-date symlink: /home/autodrive_devkit/install/slam_toolbox/share/slam_toolbox/srv/LoopClosure.idl
[2.950s] -- Up-to-date symlink: /home/autodrive_devkit/install/slam_toolbox/share/slam_toolbox/srv/MergeMaps.idl
[2.950s] -- Up-to-date symlink: /home/autodrive_devkit/install/slam_toolbox/share/slam_toolbox/srv/AddSubmap.idl
[2.950s] -- Up-to-date symlink: /home/autodrive_devkit/install/slam_toolbox/share/slam_toolbox/srv/DeserializePoseGraph.idl
[2.950s] -- Up-to-date symlink: /home/autodrive_devkit/install/slam_toolbox/share/slam_toolbox/srv/SerializePoseGraph.idl
[2.950s] -- Up-to-date symlink: /home/autodrive_devkit/install/slam_toolbox/share/slam_toolbox/srvs/Pause.srv
[2.950s] -- Up-to-date symlink: /home/autodrive_devkit/install/slam_toolbox/share/slam_toolbox/srvs/Pause_Request.msg
[2.950s] -- Up-to-date symlink: /home/autodrive_devkit/install/slam_toolbox/share/slam_toolbox/srvs/Pause_Response.msg
[2.951s] -- Up-to-date symlink: /home/autodrive_devkit/install/slam_toolbox/share/slam_toolbox/srvs/ClearQueue.srv
[2.951s] -- Up-to-date symlink: /home/autodrive_devkit/install/slam_toolbox/share/slam_toolbox/srvs/ClearQueue_Request.msg
[2.951s] -- Up-to-date symlink: /home/autodrive_devkit/install/slam_toolbox/share/slam_toolbox/srvs/ClearQueue_Response.msg
[2.951s] -- Up-to-date symlink: /home/autodrive_devkit/install/slam_toolbox/share/slam_toolbox/srvs/ToggleInteractive.srv
[2.951s] -- Up-to-date symlink: /home/autodrive_devkit/install/slam_toolbox/share/slam_toolbox/srvs/ToggleInteractive_Request.msg
[2.951s] -- Up-to-date symlink: /home/autodrive_devkit/install/slam_toolbox/share/slam_toolbox/srvs/ToggleInteractive_Response.msg
[2.951s] -- Up-to-date symlink: /home/autodrive_devkit/install/slam_toolbox/share/slam_toolbox/srvs/Clear.srv
[2.951s] -- Up-to-date symlink: /home/autodrive_devkit/install/slam_toolbox/share/slam_toolbox/srvs/Clear_Request.msg
[2.951s] -- Up-to-date symlink: /home/autodrive_devkit/install/slam_toolbox/share/slam_toolbox/srvs/Clear_Response.msg
[2.951s] -- Up-to-date symlink: /home/autodrive_devkit/install/slam_toolbox/share/slam_toolbox/srvs/SaveMap.srv
[2.951s] -- Up-to-date symlink: /home/autodrive_devkit/install/slam_toolbox/share/slam_toolbox/srvs/SaveMap_Request.msg
[2.952s] -- Up-to-date symlink: /home/autodrive_devkit/install/slam_toolbox/share/slam_toolbox/srvs/SaveMap_Response.msg
[2.952s] -- Up-to-date symlink: /home/autodrive_devkit/install/slam_toolbox/share/slam_toolbox/srvs/LoopClosure.srv
[2.952s] -- Up-to-date symlink: /home/autodrive_devkit/install/slam_toolbox/share/slam_toolbox/srvs/LoopClosure_Request.msg
[2.952s] -- Up-to-date symlink: /home/autodrive_devkit/install/slam_toolbox/share/slam_toolbox/srvs/LoopClosure_Response.msg
[2.952s] -- Up-to-date symlink: /home/autodrive_devkit/install/slam_toolbox/share/slam_toolbox/srvs/MergeMaps.srv
[2.952s] -- Up-to-date symlink: /home/autodrive_devkit/install/slam_toolbox/share/slam_toolbox/srvs/MergeMaps_Request.msg
[2.952s] -- Up-to-date symlink: /home/autodrive_devkit/install/slam_toolbox/share/slam_toolbox/srvs/MergeMaps_Response.msg
[2.952s] -- Up-to-date symlink: /home/autodrive_devkit/install/slam_toolbox/share/slam_toolbox/srvs/AddSubmap.srv
[2.952s] -- Up-to-date symlink: /home/autodrive_devkit/install/slam_toolbox/share/slam_toolbox/srvs/AddSubmap_Request.msg
[2.952s] -- Up-to-date symlink: /home/autodrive_devkit/install/slam_toolbox/share/slam_toolbox/srvs/AddSubmap_Response.msg
[2.952s] -- Up-to-date symlink: /home/autodrive_devkit/install/slam_toolbox/share/slam_toolbox/srvs/DeserializePoseGraph.srv
[2.952s] -- Up-to-date symlink: /home/autodrive_devkit/install/slam_toolbox/share/slam_toolbox/srvs/DeserializePoseGraph_Request.msg
[2.953s] -- Up-to-date symlink: /home/autodrive_devkit/install/slam_toolbox/share/slam_toolbox/srvs/DeserializePoseGraph_Response.msg
[2.953s] -- Up-to-date symlink: /home/autodrive_devkit/install/slam_toolbox/share/slam_toolbox/srvs/SerializePoseGraph.srv
[2.953s] -- Up-to-date symlink: /home/autodrive_devkit/install/slam_toolbox/share/slam_toolbox/srvs/SerializePoseGraph_Request.msg
[2.953s] -- Up-to-date symlink: /home/autodrive_devkit/install/slam_toolbox/share/slam_toolbox/srvs/SerializePoseGraph_Response.msg
[2.953s] -- Up-to-date symlink: /home/autodrive_devkit/install/slam_toolbox/share/slam_toolbox//rviz_plugins.xml
[2.953s] -- Up-to-date symlink: /home/autodrive_devkit/install/slam_toolbox/share/slam_toolbox//solver_plugins.xml
[2.953s] -- Up-to-date symlink: /home/autodrive_devkit/install/slam_toolbox/lib/slam_toolbox/async_slam_toolbox_node
[2.953s] -- Up-to-date symlink: /home/autodrive_devkit/install/slam_toolbox/lib/slam_toolbox/sync_slam_toolbox_node
[2.954s] -- Up-to-date symlink: /home/autodrive_devkit/install/slam_toolbox/lib/slam_toolbox/localization_slam_toolbox_node
[2.954s] -- Up-to-date symlink: /home/autodrive_devkit/install/slam_toolbox/lib/slam_toolbox/map_and_localization_slam_toolbox_node
[2.954s] -- Up-to-date symlink: /home/autodrive_devkit/install/slam_toolbox/lib/slam_toolbox/merge_maps_kinematic
[2.954s] -- Up-to-date symlink: /home/autodrive_devkit/install/slam_toolbox/lib/libtoolbox_common.so
[2.954s] -- Up-to-date symlink: /home/autodrive_devkit/install/slam_toolbox/lib/libSlamToolboxPlugin.so
[2.954s] -- Up-to-date symlink: /home/autodrive_devkit/install/slam_toolbox/lib/libceres_solver_plugin.so
[2.954s] -- Up-to-date symlink: /home/autodrive_devkit/install/slam_toolbox/lib/libasync_slam_toolbox.so
[2.954s] -- Up-to-date symlink: /home/autodrive_devkit/install/slam_toolbox/lib/libsync_slam_toolbox.so
[2.954s] -- Up-to-date symlink: /home/autodrive_devkit/install/slam_toolbox/lib/liblocalization_slam_toolbox.so
[2.954s] -- Up-to-date symlink: /home/autodrive_devkit/install/slam_toolbox/lib/liblifelong_slam_toolbox.so
[2.954s] -- Up-to-date symlink: /home/autodrive_devkit/install/slam_toolbox/lib/libmap_and_localization_slam_toolbox.so
[2.954s] -- Up-to-date symlink: /home/autodrive_devkit/install/slam_toolbox/lib/libkartoSlamToolbox.so
[2.955s] -- Up-to-date symlink: /home/autodrive_devkit/install/slam_toolbox/include/slam_toolbox/experimental/slam_toolbox_lifelong.hpp
[2.955s] -- Up-to-date symlink: /home/autodrive_devkit/install/slam_toolbox/include/slam_toolbox/experimental/slam_toolbox_map_and_localization.hpp
[2.955s] -- Up-to-date symlink: /home/autodrive_devkit/install/slam_toolbox/include/slam_toolbox/get_pose_helper.hpp
[2.955s] -- Up-to-date symlink: /home/autodrive_devkit/install/slam_toolbox/include/slam_toolbox/laser_utils.hpp
[2.955s] -- Up-to-date symlink: /home/autodrive_devkit/install/slam_toolbox/include/slam_toolbox/loop_closure_assistant.hpp
[2.955s] -- Up-to-date symlink: /home/autodrive_devkit/install/slam_toolbox/include/slam_toolbox/map_saver.hpp
[2.955s] -- Up-to-date symlink: /home/autodrive_devkit/install/slam_toolbox/include/slam_toolbox/merge_maps_kinematic.hpp
[2.955s] -- Up-to-date symlink: /home/autodrive_devkit/install/slam_toolbox/include/slam_toolbox/serialization.hpp
[2.955s] -- Up-to-date symlink: /home/autodrive_devkit/install/slam_toolbox/include/slam_toolbox/slam_mapper.hpp
[2.955s] -- Up-to-date symlink: /home/autodrive_devkit/install/slam_toolbox/include/slam_toolbox/slam_toolbox_async.hpp
[2.955s] -- Up-to-date symlink: /home/autodrive_devkit/install/slam_toolbox/include/slam_toolbox/slam_toolbox_common.hpp
[2.955s] -- Up-to-date symlink: /home/autodrive_devkit/install/slam_toolbox/include/slam_toolbox/slam_toolbox_localization.hpp
[2.955s] -- Up-to-date symlink: /home/autodrive_devkit/install/slam_toolbox/include/slam_toolbox/slam_toolbox_sync.hpp
[2.956s] -- Up-to-date symlink: /home/autodrive_devkit/install/slam_toolbox/include/slam_toolbox/snap_utils.hpp
[2.956s] -- Up-to-date symlink: /home/autodrive_devkit/install/slam_toolbox/include/slam_toolbox/toolbox_msgs.hpp
[2.956s] -- Up-to-date symlink: /home/autodrive_devkit/install/slam_toolbox/include/slam_toolbox/toolbox_types.hpp
[2.956s] -- Up-to-date symlink: /home/autodrive_devkit/install/slam_toolbox/include/slam_toolbox/visualization_utils.hpp
[2.956s] -- Up-to-date symlink: /home/autodrive_devkit/install/slam_toolbox/share/slam_toolbox/launch/localization_launch.py
[2.956s] -- Up-to-date symlink: /home/autodrive_devkit/install/slam_toolbox/share/slam_toolbox/launch/merge_maps_kinematic_launch.py
[2.956s] -- Up-to-date symlink: /home/autodrive_devkit/install/slam_toolbox/share/slam_toolbox/launch/offline_launch.py
[2.956s] -- Up-to-date symlink: /home/autodrive_devkit/install/slam_toolbox/share/slam_toolbox/launch/online_async_launch.py
[2.956s] -- Up-to-date symlink: /home/autodrive_devkit/install/slam_toolbox/share/slam_toolbox/launch/online_sync_launch.py
[2.957s] -- Up-to-date symlink: /home/autodrive_devkit/install/slam_toolbox/share/slam_toolbox/config/mapper_params_lifelong.yaml
[2.957s] -- Up-to-date symlink: /home/autodrive_devkit/install/slam_toolbox/share/slam_toolbox/config/mapper_params_localization.yaml
[2.957s] -- Up-to-date symlink: /home/autodrive_devkit/install/slam_toolbox/share/slam_toolbox/config/mapper_params_offline.yaml
[2.957s] -- Up-to-date symlink: /home/autodrive_devkit/install/slam_toolbox/share/slam_toolbox/config/mapper_params_online_async.yaml
[2.957s] -- Up-to-date symlink: /home/autodrive_devkit/install/slam_toolbox/share/slam_toolbox/config/mapper_params_online_sync.yaml
[2.957s] -- Up-to-date symlink: /home/autodrive_devkit/install/slam_toolbox/share/slam_toolbox/config/slam_toolbox_default.rviz
[2.957s] -- Up-to-date symlink: /home/autodrive_devkit/install/slam_toolbox/share/solver_plugins.xml
[2.957s] -- Up-to-date symlink: /home/autodrive_devkit/install/slam_toolbox/share/rviz_plugins.xml
[2.957s] -- Up-to-date symlink: /home/autodrive_devkit/install/slam_toolbox/share/ament_index/resource_index/package_run_dependencies/slam_toolbox
[2.957s] -- Up-to-date symlink: /home/autodrive_devkit/install/slam_toolbox/share/ament_index/resource_index/parent_prefix_path/slam_toolbox
[2.958s] -- Up-to-date symlink: /home/autodrive_devkit/install/slam_toolbox/share/slam_toolbox/environment/ament_prefix_path.sh
[2.958s] -- Up-to-date symlink: /home/autodrive_devkit/install/slam_toolbox/share/slam_toolbox/environment/ament_prefix_path.dsv
[2.958s] -- Up-to-date symlink: /home/autodrive_devkit/install/slam_toolbox/share/slam_toolbox/environment/path.sh
[2.958s] -- Up-to-date symlink: /home/autodrive_devkit/install/slam_toolbox/share/slam_toolbox/environment/path.dsv
[2.958s] -- Up-to-date symlink: /home/autodrive_devkit/install/slam_toolbox/share/slam_toolbox/local_setup.bash
[2.958s] -- Up-to-date symlink: /home/autodrive_devkit/install/slam_toolbox/share/slam_toolbox/local_setup.sh
[2.958s] -- Up-to-date symlink: /home/autodrive_devkit/install/slam_toolbox/share/slam_toolbox/local_setup.zsh
[2.958s] -- Up-to-date symlink: /home/autodrive_devkit/install/slam_toolbox/share/slam_toolbox/local_setup.dsv
[2.958s] -- Symlinking: /home/autodrive_devkit/install/slam_toolbox/share/slam_toolbox/package.dsv
[2.965s] -- Up-to-date symlink: /home/autodrive_devkit/install/slam_toolbox/share/ament_index/resource_index/packages/slam_toolbox
[2.965s] -- Up-to-date symlink: /home/autodrive_devkit/install/slam_toolbox/share/ament_index/resource_index/rviz_common__pluginlib__plugin/slam_toolbox
[2.966s] -- Up-to-date symlink: /home/autodrive_devkit/install/slam_toolbox/share/ament_index/resource_index/slam_toolbox__pluginlib__plugin/slam_toolbox
[2.966s] -- Up-to-date symlink: /home/autodrive_devkit/install/slam_toolbox/share/ament_index/resource_index/rclcpp_components/slam_toolbox
[2.966s] -- Up-to-date symlink: /home/autodrive_devkit/install/slam_toolbox/share/slam_toolbox/cmake/rosidl_cmake-extras.cmake
[2.966s] -- Up-to-date symlink: /home/autodrive_devkit/install/slam_toolbox/share/slam_toolbox/cmake/ament_cmake_export_dependencies-extras.cmake
[2.966s] -- Up-to-date symlink: /home/autodrive_devkit/install/slam_toolbox/share/slam_toolbox/cmake/ament_cmake_export_include_directories-extras.cmake
[2.967s] -- Up-to-date symlink: /home/autodrive_devkit/install/slam_toolbox/share/slam_toolbox/cmake/ament_cmake_export_libraries-extras.cmake
[2.967s] -- Up-to-date symlink: /home/autodrive_devkit/install/slam_toolbox/share/slam_toolbox/cmake/ament_cmake_export_targets-extras.cmake
[2.967s] -- Up-to-date symlink: /home/autodrive_devkit/install/slam_toolbox/share/slam_toolbox/cmake/rosidl_cmake_export_typesupport_targets-extras.cmake
[2.967s] -- Up-to-date symlink: /home/autodrive_devkit/install/slam_toolbox/share/slam_toolbox/cmake/rosidl_cmake_export_typesupport_libraries-extras.cmake
[2.967s] -- Up-to-date symlink: /home/autodrive_devkit/install/slam_toolbox/share/slam_toolbox/cmake/slam_toolboxConfig.cmake
[2.967s] -- Up-to-date symlink: /home/autodrive_devkit/install/slam_toolbox/share/slam_toolbox/cmake/slam_toolboxConfig-version.cmake
[2.968s] -- Up-to-date symlink: /home/autodrive_devkit/install/slam_toolbox/share/slam_toolbox/package.xml
[2.968s] -- Up-to-date: /home/autodrive_devkit/install/slam_toolbox/lib/libslam_toolbox__rosidl_generator_c.so
[2.969s] -- Up-to-date: /home/autodrive_devkit/install/slam_toolbox/lib/libslam_toolbox__rosidl_typesupport_fastrtps_c.so
[2.969s] -- Up-to-date: /home/autodrive_devkit/install/slam_toolbox/lib/libslam_toolbox__rosidl_typesupport_fastrtps_cpp.so
[2.970s] -- Up-to-date: /home/autodrive_devkit/install/slam_toolbox/lib/libslam_toolbox__rosidl_typesupport_introspection_c.so
[2.970s] -- Up-to-date: /home/autodrive_devkit/install/slam_toolbox/lib/libslam_toolbox__rosidl_typesupport_c.so
[2.971s] -- Up-to-date: /home/autodrive_devkit/install/slam_toolbox/lib/libslam_toolbox__rosidl_typesupport_introspection_cpp.so
[2.971s] -- Up-to-date: /home/autodrive_devkit/install/slam_toolbox/lib/libslam_toolbox__rosidl_typesupport_cpp.so
[2.993s] Listing '/home/autodrive_devkit/install/slam_toolbox/local/lib/python3.10/dist-packages/slam_toolbox'...
[2.993s] Compiling '/home/autodrive_devkit/install/slam_toolbox/local/lib/python3.10/dist-packages/slam_toolbox/__init__.py'...
[2.993s] Listing '/home/autodrive_devkit/install/slam_toolbox/local/lib/python3.10/dist-packages/slam_toolbox/srv'...
[2.996s] -- Up-to-date: /home/autodrive_devkit/install/slam_toolbox/lib/libslam_toolbox__rosidl_generator_py.so
[2.996s] -- Up-to-date: /home/autodrive_devkit/install/slam_toolbox/share/slam_toolbox/cmake/export_slam_toolbox__rosidl_generator_cExport.cmake
[2.996s] -- Up-to-date: /home/autodrive_devkit/install/slam_toolbox/share/slam_toolbox/cmake/export_slam_toolbox__rosidl_generator_cExport-release.cmake
[2.996s] -- Up-to-date: /home/autodrive_devkit/install/slam_toolbox/share/slam_toolbox/cmake/export_slam_toolbox__rosidl_typesupport_fastrtps_cExport.cmake
[2.996s] -- Up-to-date: /home/autodrive_devkit/install/slam_toolbox/share/slam_toolbox/cmake/export_slam_toolbox__rosidl_typesupport_fastrtps_cExport-release.cmake
[2.997s] -- Up-to-date: /home/autodrive_devkit/install/slam_toolbox/share/slam_toolbox/cmake/export_slam_toolbox__rosidl_generator_cppExport.cmake
[2.997s] -- Up-to-date: /home/autodrive_devkit/install/slam_toolbox/share/slam_toolbox/cmake/export_slam_toolbox__rosidl_typesupport_fastrtps_cppExport.cmake
[2.997s] -- Up-to-date: /home/autodrive_devkit/install/slam_toolbox/share/slam_toolbox/cmake/export_slam_toolbox__rosidl_typesupport_fastrtps_cppExport-release.cmake
[2.997s] -- Up-to-date: /home/autodrive_devkit/install/slam_toolbox/share/slam_toolbox/cmake/slam_toolbox__rosidl_typesupport_introspection_cExport.cmake
[2.997s] -- Up-to-date: /home/autodrive_devkit/install/slam_toolbox/share/slam_toolbox/cmake/slam_toolbox__rosidl_typesupport_introspection_cExport-release.cmake
[2.997s] -- Up-to-date: /home/autodrive_devkit/install/slam_toolbox/share/slam_toolbox/cmake/slam_toolbox__rosidl_typesupport_cExport.cmake
[2.997s] -- Up-to-date: /home/autodrive_devkit/install/slam_toolbox/share/slam_toolbox/cmake/slam_toolbox__rosidl_typesupport_cExport-release.cmake
[2.997s] -- Up-to-date: /home/autodrive_devkit/install/slam_toolbox/share/slam_toolbox/cmake/slam_toolbox__rosidl_typesupport_introspection_cppExport.cmake
[2.997s] -- Up-to-date: /home/autodrive_devkit/install/slam_toolbox/share/slam_toolbox/cmake/slam_toolbox__rosidl_typesupport_introspection_cppExport-release.cmake
[2.997s] -- Up-to-date: /home/autodrive_devkit/install/slam_toolbox/share/slam_toolbox/cmake/slam_toolbox__rosidl_typesupport_cppExport.cmake
[2.997s] -- Up-to-date: /home/autodrive_devkit/install/slam_toolbox/share/slam_toolbox/cmake/slam_toolbox__rosidl_typesupport_cppExport-release.cmake
[2.997s] -- Up-to-date: /home/autodrive_devkit/install/slam_toolbox/share/slam_toolbox/cmake/export_slam_toolbox__rosidl_generator_pyExport.cmake
[2.997s] -- Up-to-date: /home/autodrive_devkit/install/slam_toolbox/share/slam_toolbox/cmake/export_slam_toolbox__rosidl_generator_pyExport-release.cmake
[2.997s] -- Up-to-date: /home/autodrive_devkit/install/slam_toolbox/share/slam_toolbox/cmake/SlamToolboxPluginExport.cmake
[2.997s] -- Up-to-date: /home/autodrive_devkit/install/slam_toolbox/share/slam_toolbox/cmake/SlamToolboxPluginExport-release.cmake
[2.999s] Invoked command in '/home/autodrive_devkit/build/slam_toolbox' returned '0': CMAKE_PREFIX_PATH=${CMAKE_PREFIX_PATH}:/home/autodrive_devkit/install/nav2_simple_commander:/home/autodrive_devkit/install/nav2_loopback_sim:/home/autodrive_devkit/install/f1tenth_stanley_controller:/home/autodrive_devkit/install/autodrive_f1tenth:/opt/ros/humble /usr/bin/cmake --install /home/autodrive_devkit/build/slam_toolbox
