[0.341s] Invoking command in '/home/autodrive_devkit/src/navigation2/nav2_simple_commander': AMENT_PREFIX_PATH=/home/autodrive_devkit/install/nav2_msgs:/home/autodrive_devkit/install/nav2_common:${AMENT_PREFIX_PATH} CMAKE_PREFIX_PATH=/home/autodrive_devkit/install/nav2_msgs:/home/autodrive_devkit/install/nav2_common:${CMAKE_PREFIX_PATH} LD_LIBRARY_PATH=/home/autodrive_devkit/install/nav2_msgs/lib:${LD_LIBRARY_PATH} PYTHONPATH=/home/autodrive_devkit/build/nav2_simple_commander/prefix_override:/usr/lib/python3/dist-packages/colcon_core/task/python/colcon_distutils_commands:/home/autodrive_devkit/install/nav2_simple_commander/lib/python3.10/site-packages:/home/autodrive_devkit/install/nav2_msgs/local/lib/python3.10/dist-packages:/home/autodrive_devkit/install/nav2_common/local/lib/python3.10/dist-packages:${PYTHONPATH} /usr/bin/python3 -W ignore:setup.py install is deprecated setup.py egg_info --egg-base ../../../build/nav2_simple_commander build --build-base /home/autodrive_devkit/build/nav2_simple_commander/build install --record /home/autodrive_devkit/build/nav2_simple_commander/install.log --single-version-externally-managed install_data
[0.467s] running egg_info
[0.467s] writing ../../../build/nav2_simple_commander/nav2_simple_commander.egg-info/PKG-INFO
[0.468s] writing dependency_links to ../../../build/nav2_simple_commander/nav2_simple_commander.egg-info/dependency_links.txt
[0.468s] writing entry points to ../../../build/nav2_simple_commander/nav2_simple_commander.egg-info/entry_points.txt
[0.468s] writing requirements to ../../../build/nav2_simple_commander/nav2_simple_commander.egg-info/requires.txt
[0.468s] writing top-level names to ../../../build/nav2_simple_commander/nav2_simple_commander.egg-info/top_level.txt
[0.470s] reading manifest file '../../../build/nav2_simple_commander/nav2_simple_commander.egg-info/SOURCES.txt'
[0.472s] writing manifest file '../../../build/nav2_simple_commander/nav2_simple_commander.egg-info/SOURCES.txt'
[0.472s] running build
[0.472s] running build_py
[0.473s] running install
[0.473s] running install_lib
[0.474s] running install_data
[0.474s] running install_egg_info
[0.475s] removing '/home/autodrive_devkit/install/nav2_simple_commander/lib/python3.10/site-packages/nav2_simple_commander-1.0.0-py3.10.egg-info' (and everything under it)
[0.475s] Copying ../../../build/nav2_simple_commander/nav2_simple_commander.egg-info to /home/autodrive_devkit/install/nav2_simple_commander/lib/python3.10/site-packages/nav2_simple_commander-1.0.0-py3.10.egg-info
[0.476s] running install_scripts
[0.491s] Installing demo_inspection script to /home/autodrive_devkit/install/nav2_simple_commander/lib/nav2_simple_commander
[0.491s] Installing demo_picking script to /home/autodrive_devkit/install/nav2_simple_commander/lib/nav2_simple_commander
[0.491s] Installing demo_recoveries script to /home/autodrive_devkit/install/nav2_simple_commander/lib/nav2_simple_commander
[0.491s] Installing demo_security script to /home/autodrive_devkit/install/nav2_simple_commander/lib/nav2_simple_commander
[0.491s] Installing example_assisted_teleop script to /home/autodrive_devkit/install/nav2_simple_commander/lib/nav2_simple_commander
[0.491s] Installing example_follow_path script to /home/autodrive_devkit/install/nav2_simple_commander/lib/nav2_simple_commander
[0.491s] Installing example_nav_through_poses script to /home/autodrive_devkit/install/nav2_simple_commander/lib/nav2_simple_commander
[0.491s] Installing example_nav_to_pose script to /home/autodrive_devkit/install/nav2_simple_commander/lib/nav2_simple_commander
[0.491s] Installing example_waypoint_follower script to /home/autodrive_devkit/install/nav2_simple_commander/lib/nav2_simple_commander
[0.491s] writing list of installed files to '/home/autodrive_devkit/build/nav2_simple_commander/install.log'
[0.507s] Invoked command in '/home/autodrive_devkit/src/navigation2/nav2_simple_commander' returned '0': AMENT_PREFIX_PATH=/home/autodrive_devkit/install/nav2_msgs:/home/autodrive_devkit/install/nav2_common:${AMENT_PREFIX_PATH} CMAKE_PREFIX_PATH=/home/autodrive_devkit/install/nav2_msgs:/home/autodrive_devkit/install/nav2_common:${CMAKE_PREFIX_PATH} LD_LIBRARY_PATH=/home/autodrive_devkit/install/nav2_msgs/lib:${LD_LIBRARY_PATH} PYTHONPATH=/home/autodrive_devkit/build/nav2_simple_commander/prefix_override:/usr/lib/python3/dist-packages/colcon_core/task/python/colcon_distutils_commands:/home/autodrive_devkit/install/nav2_simple_commander/lib/python3.10/site-packages:/home/autodrive_devkit/install/nav2_msgs/local/lib/python3.10/dist-packages:/home/autodrive_devkit/install/nav2_common/local/lib/python3.10/dist-packages:${PYTHONPATH} /usr/bin/python3 -W ignore:setup.py install is deprecated setup.py egg_info --egg-base ../../../build/nav2_simple_commander build --build-base /home/autodrive_devkit/build/nav2_simple_commander/build install --record /home/autodrive_devkit/build/nav2_simple_commander/install.log --single-version-externally-managed install_data
