[0.175s] Invoking command in '/home/autodrive_devkit/build/slam_toolbox': CMAKE_PREFIX_PATH=/home/autodrive_devkit/install/autodrive_f1tenth:/opt/ros/humble /usr/bin/cmake /home/autodrive_devkit/src/slam_toolbox -DCMAKE_INSTALL_PREFIX=/home/autodrive_devkit/install/slam_toolbox
[0.185s] -- Found ament_cmake: 1.3.10 (/opt/ros/humble/share/ament_cmake/cmake)
[0.300s] -- Found message_filters: 4.3.5 (/opt/ros/humble/share/message_filters/cmake)
[0.323s] -- Found rosidl_generator_c: 3.1.5 (/opt/ros/humble/share/rosidl_generator_c/cmake)
[0.324s] -- Found rosidl_adapter: 3.1.5 (/opt/ros/humble/share/rosidl_adapter/cmake)
[0.329s] -- Found rosidl_generator_cpp: 3.1.5 (/opt/ros/humble/share/rosidl_generator_cpp/cmake)
[0.336s] -- Using all available rosidl_typesupport_c: rosidl_typesupport_fastrtps_c;rosidl_typesupport_introspection_c
[0.344s] -- Using all available rosidl_typesupport_cpp: rosidl_typesupport_fastrtps_cpp;rosidl_typesupport_introspection_cpp
[0.367s] -- Found rmw_implementation_cmake: 6.1.2 (/opt/ros/humble/share/rmw_implementation_cmake/cmake)
[0.368s] -- Found rmw_fastrtps_cpp: 6.2.7 (/opt/ros/humble/share/rmw_fastrtps_cpp/cmake)
[0.483s] -- Using RMW implementation 'rmw_fastrtps_cpp' as default
[0.530s] -- Found nav_msgs: 4.2.4 (/opt/ros/humble/share/nav_msgs/cmake)
[0.558s] -- Found sensor_msgs: 4.2.4 (/opt/ros/humble/share/sensor_msgs/cmake)
[0.572s] -- Found tf2: 0.25.7 (/opt/ros/humble/share/tf2/cmake)
[0.576s] -- Found tf2_ros: 0.25.7 (/opt/ros/humble/share/tf2_ros/cmake)
[0.648s] -- Found visualization_msgs: 4.2.4 (/opt/ros/humble/share/visualization_msgs/cmake)
[0.666s] -- Found pluginlib: 5.1.0 (/opt/ros/humble/share/pluginlib/cmake)
[0.684s] -- Found tf2_geometry_msgs: 0.25.7 (/opt/ros/humble/share/tf2_geometry_msgs/cmake)
[0.687s] -- Found eigen3_cmake_module: 0.1.1 (/opt/ros/humble/share/eigen3_cmake_module/cmake)
[0.688s] -- Ensuring Eigen3 include directory is part of orocos-kdl CMake target
[0.689s] -- Found tf2_sensor_msgs: 0.25.7 (/opt/ros/humble/share/tf2_sensor_msgs/cmake)
[0.693s] -- Found std_srvs: 4.2.4 (/opt/ros/humble/share/std_srvs/cmake)
[0.701s] -- Found rosidl_default_generators: 1.2.0 (/opt/ros/humble/share/rosidl_default_generators/cmake)
[0.708s] -- Found rviz_common: 11.2.13 (/opt/ros/humble/share/rviz_common/cmake)
[0.716s] -- Setting assimp_DIR to: '/opt/ros/humble/share/rviz_assimp_vendor/cmake/../../../opt/rviz_assimp_vendor/lib/cmake/assimp-4.1'
[0.721s] -- Setting OGRE_DIR to: '/opt/ros/humble/share/rviz_ogre_vendor/cmake/../../../opt/rviz_ogre_vendor/lib/OGRE/cmake'
[0.722s] -- Found OGRE
[0.722s] --   static     : OFF
[0.722s] --   components : HLMS;MeshLodGenerator;Overlay;Paging;Property;RTShaderSystem;Terrain;Volume
[0.722s] --   plugins    : Plugin_BSPSceneManager;Plugin_OctreeSceneManager;Plugin_PCZSceneManager;Plugin_ParticleFX;RenderSystem_GL;RenderSystem_GL3Plus;Codec_STBI
[0.722s] --   media      : /opt/ros/humble/opt/rviz_ogre_vendor/share/OGRE/Media
[0.722s] -- OGRE_LIBRARIES: OgreHLMS;OgreMeshLodGenerator;OgreOverlay;OgrePaging;OgreProperty;OgreRTShaderSystem;OgreTerrain;OgreVolume;OgreMain
[0.722s] -- OGRE_LIBRARY_DIRS: /opt/ros/humble/opt/rviz_ogre_vendor/lib
[0.722s] -- OGRE_PLUGINS: Plugin_BSPSceneManager;Plugin_OctreeSceneManager;Plugin_PCZSceneManager;Plugin_ParticleFX;RenderSystem_GL;RenderSystem_GL3Plus;Codec_STBI
[0.722s] -- OGRE_PLUGIN_DIR: /opt/ros/humble/opt/rviz_ogre_vendor/lib/OGRE
[0.722s] -- rviz_ogre_vendor::OgreOverlay for IMPORTED_LOCATION_RELEASE: /opt/ros/humble/opt/rviz_ogre_vendor/lib/libOgreOverlay.so
[0.722s] -- rviz_ogre_vendor::OgreOverlay for IMPORTED_LOCATION_DEBUG: /opt/ros/humble/opt/rviz_ogre_vendor/lib/libOgreOverlay.so
[0.722s] -- rviz_ogre_vendor::OgreMain for IMPORTED_LOCATION_RELEASE: /opt/ros/humble/opt/rviz_ogre_vendor/lib/libOgreMain.so
[0.722s] -- rviz_ogre_vendor::OgreMain for IMPORTED_LOCATION_DEBUG: /opt/ros/humble/opt/rviz_ogre_vendor/lib/libOgreMain.so
[0.724s] -- Could not find freeimage library
[0.783s] -- library: /usr/lib/x86_64-linux-gnu/libcurl.so
[0.794s] -- Found rviz_default_plugins: 11.2.13 (/opt/ros/humble/share/rviz_default_plugins/cmake)
[0.846s] -- Found CHOLMOD: /usr/include/suitesparse  
[0.847s] -- Found CSparse: /usr/include/suitesparse  
[0.873s] -- Looking for sgemm_
[0.939s] -- Looking for sgemm_ - not found
[0.962s] -- Looking for sgemm_
[1.033s] -- Looking for sgemm_ - found
[1.033s] -- Found BLAS: /usr/lib/x86_64-linux-gnu/libblas.so  
[1.035s] -- Looking for cheev_
[1.103s] -- Looking for cheev_ - not found
[1.109s] -- Looking for cheev_
[1.166s] -- Looking for cheev_ - not found
[1.167s] -- Looking for cheev_
[1.249s] -- Looking for cheev_ - found
[1.249s] -- Found LAPACK: /usr/lib/x86_64-linux-gnu/liblapack.so;/usr/lib/x86_64-linux-gnu/libblas.so  
[1.256s] -- Found required Ceres dependency: Eigen version 3.4.0 in /usr/include/eigen3
[1.264s] -- Found required Ceres dependency: glog
[1.264s] -- Found required Ceres dependency: gflags
[1.265s] -- Found Ceres version: 2.0.0 installed in: /usr with components: [EigenSparse, SparseLinearAlgebraLibrary, LAPACK, SuiteSparse, CXSparse, SchurSpecializations, Multithreading]
[1.587s] -- Found ament_cmake_ros: 0.10.0 (/opt/ros/humble/share/ament_cmake_ros/cmake)
[1.979s] -- Using all available rosidl_typesupport_c: rosidl_typesupport_fastrtps_c;rosidl_typesupport_introspection_c
[2.142s] -- Using all available rosidl_typesupport_cpp: rosidl_typesupport_fastrtps_cpp;rosidl_typesupport_introspection_cpp
[2.161s] -- Found PythonInterp: /usr/bin/python3 (found suitable version "3.10.12", minimum required is "3.6") 
[2.163s] -- Found python_cmake_module: 0.10.0 (/opt/ros/humble/share/python_cmake_module/cmake)
[2.186s] -- Found PythonLibs: /usr/lib/x86_64-linux-gnu/libpython3.10.so (found suitable version "3.10.12", minimum required is "3.5") 
[2.186s] -- Using PYTHON_EXECUTABLE: /usr/bin/python3
[2.186s] -- Using PYTHON_INCLUDE_DIRS: /usr/include/python3.10
[2.187s] -- Using PYTHON_LIBRARIES: /usr/lib/x86_64-linux-gnu/libpython3.10.so
[2.205s] -- Found PythonExtra: .so  
[2.293s] -- Configuring done
[2.538s] -- Generating done
[2.543s] -- Build files have been written to: /home/autodrive_devkit/build/slam_toolbox
[2.564s] Invoked command in '/home/autodrive_devkit/build/slam_toolbox' returned '0': CMAKE_PREFIX_PATH=/home/autodrive_devkit/install/autodrive_f1tenth:/opt/ros/humble /usr/bin/cmake /home/autodrive_devkit/src/slam_toolbox -DCMAKE_INSTALL_PREFIX=/home/autodrive_devkit/install/slam_toolbox
[2.566s] Invoking command in '/home/autodrive_devkit/build/slam_toolbox': CMAKE_PREFIX_PATH=/home/autodrive_devkit/install/autodrive_f1tenth:/opt/ros/humble /usr/bin/cmake --build /home/autodrive_devkit/build/slam_toolbox -- -j16 -l16
[2.613s] [  1%] [34m[1mGenerating C code for ROS interfaces[0m
[2.622s] [  3%] [34m[1mGenerating C++ code for ROS interfaces[0m
[2.622s] [  3%] [32mBuilding CXX object lib/karto_sdk/CMakeFiles/kartoSlamToolbox.dir/src/Mapper.cpp.o[0m
[2.622s] [  3%] [32mBuilding CXX object lib/karto_sdk/CMakeFiles/kartoSlamToolbox.dir/src/Karto.cpp.o[0m
[2.632s] [  3%] Built target ament_cmake_python_copy_slam_toolbox
[2.798s] running egg_info
[2.799s] creating slam_toolbox.egg-info
[2.799s] writing slam_toolbox.egg-info/PKG-INFO
[2.799s] writing dependency_links to slam_toolbox.egg-info/dependency_links.txt
[2.799s] writing top-level names to slam_toolbox.egg-info/top_level.txt
[2.799s] writing manifest file 'slam_toolbox.egg-info/SOURCES.txt'
[2.801s] reading manifest file 'slam_toolbox.egg-info/SOURCES.txt'
[2.802s] writing manifest file 'slam_toolbox.egg-info/SOURCES.txt'
[2.832s] [  3%] Built target ament_cmake_python_build_slam_toolbox_egg
[3.307s] [  3%] Built target slam_toolbox__cpp
[3.315s] [  3%] [34m[1mGenerating C++ type support dispatch for ROS interfaces[0m
[3.317s] [  4%] [34m[1mGenerating C++ type support for eProsima Fast-RTPS[0m
[3.317s] [  5%] [34m[1mGenerating C++ introspection for ROS interfaces[0m
[3.359s] [  7%] [32mBuilding C object CMakeFiles/slam_toolbox__rosidl_generator_c.dir/rosidl_generator_c/slam_toolbox/srv/detail/clear__functions.c.o[0m
[3.360s] [  7%] [32mBuilding C object CMakeFiles/slam_toolbox__rosidl_generator_c.dir/rosidl_generator_c/slam_toolbox/srv/detail/loop_closure__functions.c.o[0m
[3.360s] [  7%] [32mBuilding C object CMakeFiles/slam_toolbox__rosidl_generator_c.dir/rosidl_generator_c/slam_toolbox/srv/detail/pause__functions.c.o[0m
[3.360s] [  7%] [32mBuilding C object CMakeFiles/slam_toolbox__rosidl_generator_c.dir/rosidl_generator_c/slam_toolbox/srv/detail/deserialize_pose_graph__functions.c.o[0m
[3.360s] [  7%] [32mBuilding C object CMakeFiles/slam_toolbox__rosidl_generator_c.dir/rosidl_generator_c/slam_toolbox/srv/detail/clear_queue__functions.c.o[0m
[3.360s] [  8%] [32mBuilding C object CMakeFiles/slam_toolbox__rosidl_generator_c.dir/rosidl_generator_c/slam_toolbox/srv/detail/merge_maps__functions.c.o[0m
[3.360s] [  9%] [32mBuilding C object CMakeFiles/slam_toolbox__rosidl_generator_c.dir/rosidl_generator_c/slam_toolbox/srv/detail/add_submap__functions.c.o[0m
[3.361s] [ 10%] [32mBuilding C object CMakeFiles/slam_toolbox__rosidl_generator_c.dir/rosidl_generator_c/slam_toolbox/srv/detail/toggle_interactive__functions.c.o[0m
[3.364s] [ 11%] [32mBuilding C object CMakeFiles/slam_toolbox__rosidl_generator_c.dir/rosidl_generator_c/slam_toolbox/srv/detail/serialize_pose_graph__functions.c.o[0m
[3.369s] [ 12%] [32mBuilding C object CMakeFiles/slam_toolbox__rosidl_generator_c.dir/rosidl_generator_c/slam_toolbox/srv/detail/save_map__functions.c.o[0m
[3.525s] [ 13%] [32m[1mLinking C shared library libslam_toolbox__rosidl_generator_c.so[0m
[3.570s] [ 13%] Built target slam_toolbox__rosidl_generator_c
[3.582s] [ 15%] [34m[1mGenerating C type support for eProsima Fast-RTPS[0m
[3.582s] [ 15%] [34m[1mGenerating C introspection for ROS interfaces[0m
[3.582s] [ 15%] [34m[1mGenerating C type support dispatch for ROS interfaces[0m
[3.810s] [ 16%] [32mBuilding CXX object CMakeFiles/slam_toolbox__rosidl_typesupport_cpp.dir/rosidl_typesupport_cpp/slam_toolbox/srv/merge_maps__type_support.cpp.o[0m
[3.810s] [ 18%] [32mBuilding CXX object CMakeFiles/slam_toolbox__rosidl_typesupport_cpp.dir/rosidl_typesupport_cpp/slam_toolbox/srv/loop_closure__type_support.cpp.o[0m
[3.810s] [ 18%] [32mBuilding CXX object CMakeFiles/slam_toolbox__rosidl_typesupport_cpp.dir/rosidl_typesupport_cpp/slam_toolbox/srv/pause__type_support.cpp.o[0m
[3.810s] [ 20%] [32mBuilding CXX object CMakeFiles/slam_toolbox__rosidl_typesupport_cpp.dir/rosidl_typesupport_cpp/slam_toolbox/srv/toggle_interactive__type_support.cpp.o[0m
[3.813s] [ 22%] [32mBuilding CXX object CMakeFiles/slam_toolbox__rosidl_typesupport_cpp.dir/rosidl_typesupport_cpp/slam_toolbox/srv/clear_queue__type_support.cpp.o[0m
[3.813s] [ 22%] [32mBuilding CXX object CMakeFiles/slam_toolbox__rosidl_typesupport_cpp.dir/rosidl_typesupport_cpp/slam_toolbox/srv/deserialize_pose_graph__type_support.cpp.o[0m
[3.813s] [ 22%] [32mBuilding CXX object CMakeFiles/slam_toolbox__rosidl_typesupport_cpp.dir/rosidl_typesupport_cpp/slam_toolbox/srv/save_map__type_support.cpp.o[0m
[3.813s] [ 22%] [32mBuilding CXX object CMakeFiles/slam_toolbox__rosidl_typesupport_cpp.dir/rosidl_typesupport_cpp/slam_toolbox/srv/clear__type_support.cpp.o[0m
[3.813s] [ 22%] [32mBuilding CXX object CMakeFiles/slam_toolbox__rosidl_typesupport_cpp.dir/rosidl_typesupport_cpp/slam_toolbox/srv/add_submap__type_support.cpp.o[0m
[4.180s] [ 23%] [32mBuilding CXX object CMakeFiles/slam_toolbox__rosidl_typesupport_cpp.dir/rosidl_typesupport_cpp/slam_toolbox/srv/serialize_pose_graph__type_support.cpp.o[0m
[4.207s] [ 23%] [32mBuilding CXX object CMakeFiles/slam_toolbox__rosidl_typesupport_introspection_cpp.dir/rosidl_typesupport_introspection_cpp/slam_toolbox/srv/detail/pause__type_support.cpp.o[0m
[4.207s] [ 24%] [32mBuilding CXX object CMakeFiles/slam_toolbox__rosidl_typesupport_c.dir/rosidl_typesupport_c/slam_toolbox/srv/pause__type_support.cpp.o[0m
[4.210s] [ 25%] [32mBuilding CXX object CMakeFiles/slam_toolbox__rosidl_typesupport_introspection_cpp.dir/rosidl_typesupport_introspection_cpp/slam_toolbox/srv/detail/clear_queue__type_support.cpp.o[0m
[4.211s] [ 27%] [32mBuilding CXX object CMakeFiles/slam_toolbox__rosidl_typesupport_c.dir/rosidl_typesupport_c/slam_toolbox/srv/clear__type_support.cpp.o[0m
[4.211s] [ 27%] [32mBuilding CXX object CMakeFiles/slam_toolbox__rosidl_typesupport_c.dir/rosidl_typesupport_c/slam_toolbox/srv/toggle_interactive__type_support.cpp.o[0m
[4.214s] [ 28%] [32mBuilding CXX object CMakeFiles/slam_toolbox__rosidl_typesupport_c.dir/rosidl_typesupport_c/slam_toolbox/srv/clear_queue__type_support.cpp.o[0m
[4.214s] [ 28%] [32mBuilding CXX object CMakeFiles/slam_toolbox__rosidl_typesupport_introspection_cpp.dir/rosidl_typesupport_introspection_cpp/slam_toolbox/srv/detail/toggle_interactive__type_support.cpp.o[0m
[4.222s] [ 29%] [32mBuilding CXX object CMakeFiles/slam_toolbox__rosidl_typesupport_c.dir/rosidl_typesupport_c/slam_toolbox/srv/save_map__type_support.cpp.o[0m
[4.226s] [ 30%] [32mBuilding CXX object CMakeFiles/slam_toolbox__rosidl_typesupport_c.dir/rosidl_typesupport_c/slam_toolbox/srv/loop_closure__type_support.cpp.o[0m
[4.253s] [ 30%] [32mBuilding CXX object CMakeFiles/slam_toolbox__rosidl_typesupport_c.dir/rosidl_typesupport_c/slam_toolbox/srv/merge_maps__type_support.cpp.o[0m
[4.256s] [ 31%] [32mBuilding CXX object CMakeFiles/slam_toolbox__rosidl_typesupport_fastrtps_cpp.dir/rosidl_typesupport_fastrtps_cpp/slam_toolbox/srv/detail/dds_fastrtps/pause__type_support.cpp.o[0m
[4.258s] [ 32%] [32mBuilding CXX object CMakeFiles/slam_toolbox__rosidl_typesupport_c.dir/rosidl_typesupport_c/slam_toolbox/srv/add_submap__type_support.cpp.o[0m
[4.267s] [ 32%] [32mBuilding CXX object CMakeFiles/slam_toolbox__rosidl_typesupport_introspection_cpp.dir/rosidl_typesupport_introspection_cpp/slam_toolbox/srv/detail/clear__type_support.cpp.o[0m
[4.267s] [ 33%] [32mBuilding CXX object CMakeFiles/slam_toolbox__rosidl_typesupport_introspection_cpp.dir/rosidl_typesupport_introspection_cpp/slam_toolbox/srv/detail/save_map__type_support.cpp.o[0m
[4.277s] [ 34%] [32mBuilding CXX object CMakeFiles/slam_toolbox__rosidl_typesupport_introspection_cpp.dir/rosidl_typesupport_introspection_cpp/slam_toolbox/srv/detail/loop_closure__type_support.cpp.o[0m
[4.281s] [ 35%] [32mBuilding CXX object CMakeFiles/slam_toolbox__rosidl_typesupport_c.dir/rosidl_typesupport_c/slam_toolbox/srv/deserialize_pose_graph__type_support.cpp.o[0m
[4.295s] [ 36%] [32mBuilding CXX object CMakeFiles/slam_toolbox__rosidl_typesupport_introspection_cpp.dir/rosidl_typesupport_introspection_cpp/slam_toolbox/srv/detail/merge_maps__type_support.cpp.o[0m
[4.305s] [ 36%] [32mBuilding CXX object CMakeFiles/slam_toolbox__rosidl_typesupport_introspection_cpp.dir/rosidl_typesupport_introspection_cpp/slam_toolbox/srv/detail/add_submap__type_support.cpp.o[0m
[4.309s] [ 37%] [32mBuilding CXX object CMakeFiles/slam_toolbox__rosidl_typesupport_introspection_cpp.dir/rosidl_typesupport_introspection_cpp/slam_toolbox/srv/detail/deserialize_pose_graph__type_support.cpp.o[0m
[4.341s] [ 38%] [32mBuilding CXX object CMakeFiles/slam_toolbox__rosidl_typesupport_c.dir/rosidl_typesupport_c/slam_toolbox/srv/serialize_pose_graph__type_support.cpp.o[0m
[4.397s] [ 38%] [32m[1mLinking CXX shared library libslam_toolbox__rosidl_typesupport_c.so[0m
[4.530s] [ 38%] Built target slam_toolbox__rosidl_typesupport_c
[4.576s] [ 38%] [32mBuilding CXX object CMakeFiles/slam_toolbox__rosidl_typesupport_fastrtps_cpp.dir/rosidl_typesupport_fastrtps_cpp/slam_toolbox/srv/detail/dds_fastrtps/clear_queue__type_support.cpp.o[0m
[4.595s] [ 38%] [32m[1mLinking CXX shared library libslam_toolbox__rosidl_typesupport_cpp.so[0m
[4.670s] [ 38%] [32mBuilding C object CMakeFiles/slam_toolbox__rosidl_typesupport_introspection_c.dir/rosidl_typesupport_introspection_c/slam_toolbox/srv/detail/pause__type_support.c.o[0m
[4.690s] [ 38%] Built target slam_toolbox__rosidl_typesupport_cpp
[4.717s] [ 39%] [32mBuilding C object CMakeFiles/slam_toolbox__rosidl_typesupport_introspection_c.dir/rosidl_typesupport_introspection_c/slam_toolbox/srv/detail/clear_queue__type_support.c.o[0m
[4.730s] [ 40%] [32mBuilding CXX object CMakeFiles/slam_toolbox__rosidl_typesupport_fastrtps_c.dir/rosidl_typesupport_fastrtps_c/slam_toolbox/srv/detail/pause__type_support_c.cpp.o[0m
[4.757s] [ 41%] [32mBuilding C object CMakeFiles/slam_toolbox__rosidl_typesupport_introspection_c.dir/rosidl_typesupport_introspection_c/slam_toolbox/srv/detail/toggle_interactive__type_support.c.o[0m
[4.771s] [ 41%] [32mBuilding C object CMakeFiles/slam_toolbox__rosidl_typesupport_introspection_c.dir/rosidl_typesupport_introspection_c/slam_toolbox/srv/detail/clear__type_support.c.o[0m
[4.777s] [ 42%] [32mBuilding CXX object CMakeFiles/slam_toolbox__rosidl_typesupport_fastrtps_cpp.dir/rosidl_typesupport_fastrtps_cpp/slam_toolbox/srv/detail/dds_fastrtps/toggle_interactive__type_support.cpp.o[0m
[4.792s] [ 42%] [34m[1mGenerating rviz_plugin/moc_slam_toolbox_rviz_plugin.cpp[0m
[4.819s] [ 42%] [32mBuilding CXX object CMakeFiles/slam_toolbox__rosidl_typesupport_fastrtps_c.dir/rosidl_typesupport_fastrtps_c/slam_toolbox/srv/detail/clear_queue__type_support_c.cpp.o[0m
[4.824s] [ 43%] [32mBuilding CXX object CMakeFiles/slam_toolbox__rosidl_typesupport_fastrtps_cpp.dir/rosidl_typesupport_fastrtps_cpp/slam_toolbox/srv/detail/dds_fastrtps/clear__type_support.cpp.o[0m
[4.830s] [ 44%] [32mBuilding CXX object CMakeFiles/slam_toolbox__rosidl_typesupport_introspection_cpp.dir/rosidl_typesupport_introspection_cpp/slam_toolbox/srv/detail/serialize_pose_graph__type_support.cpp.o[0m
[4.837s] [ 45%] [32mBuilding CXX object CMakeFiles/slam_toolbox__rosidl_typesupport_fastrtps_c.dir/rosidl_typesupport_fastrtps_c/slam_toolbox/srv/detail/toggle_interactive__type_support_c.cpp.o[0m
[4.843s] [ 46%] [32mBuilding C object CMakeFiles/slam_toolbox__rosidl_typesupport_introspection_c.dir/rosidl_typesupport_introspection_c/slam_toolbox/srv/detail/save_map__type_support.c.o[0m
[4.852s] [ 47%] [32mBuilding CXX object CMakeFiles/slam_toolbox__rosidl_typesupport_fastrtps_c.dir/rosidl_typesupport_fastrtps_c/slam_toolbox/srv/detail/clear__type_support_c.cpp.o[0m
[4.852s] [ 48%] [32mBuilding CXX object CMakeFiles/slam_toolbox__rosidl_typesupport_fastrtps_cpp.dir/rosidl_typesupport_fastrtps_cpp/slam_toolbox/srv/detail/dds_fastrtps/save_map__type_support.cpp.o[0m
[4.853s] [ 49%] [32mBuilding CXX object CMakeFiles/SlamToolboxPlugin.dir/rviz_plugin/slam_toolbox_rviz_plugin.cpp.o[0m
[4.865s] [ 49%] [32mBuilding CXX object CMakeFiles/slam_toolbox__rosidl_typesupport_fastrtps_cpp.dir/rosidl_typesupport_fastrtps_cpp/slam_toolbox/srv/detail/dds_fastrtps/loop_closure__type_support.cpp.o[0m
[4.881s] [ 50%] [32mBuilding CXX object CMakeFiles/slam_toolbox__rosidl_typesupport_fastrtps_c.dir/rosidl_typesupport_fastrtps_c/slam_toolbox/srv/detail/save_map__type_support_c.cpp.o[0m
[4.912s] [ 51%] [32mBuilding CXX object CMakeFiles/SlamToolboxPlugin.dir/rviz_plugin/moc_slam_toolbox_rviz_plugin.cpp.o[0m
[4.929s] [ 52%] [32mBuilding C object CMakeFiles/slam_toolbox__rosidl_typesupport_introspection_c.dir/rosidl_typesupport_introspection_c/slam_toolbox/srv/detail/loop_closure__type_support.c.o[0m
[5.013s] [ 53%] [32mBuilding C object CMakeFiles/slam_toolbox__rosidl_typesupport_introspection_c.dir/rosidl_typesupport_introspection_c/slam_toolbox/srv/detail/merge_maps__type_support.c.o[0m
[5.093s] [ 53%] [32mBuilding C object CMakeFiles/slam_toolbox__rosidl_typesupport_introspection_c.dir/rosidl_typesupport_introspection_c/slam_toolbox/srv/detail/add_submap__type_support.c.o[0m
[5.203s] [ 53%] [32mBuilding CXX object CMakeFiles/slam_toolbox__rosidl_typesupport_fastrtps_c.dir/rosidl_typesupport_fastrtps_c/slam_toolbox/srv/detail/loop_closure__type_support_c.cpp.o[0m
[5.204s] [ 54%] [32mBuilding C object CMakeFiles/slam_toolbox__rosidl_typesupport_introspection_c.dir/rosidl_typesupport_introspection_c/slam_toolbox/srv/detail/deserialize_pose_graph__type_support.c.o[0m
[5.298s] [ 55%] [32mBuilding CXX object CMakeFiles/slam_toolbox__rosidl_typesupport_fastrtps_c.dir/rosidl_typesupport_fastrtps_c/slam_toolbox/srv/detail/merge_maps__type_support_c.cpp.o[0m
[5.323s] [ 56%] [32mBuilding C object CMakeFiles/slam_toolbox__rosidl_typesupport_introspection_c.dir/rosidl_typesupport_introspection_c/slam_toolbox/srv/detail/serialize_pose_graph__type_support.c.o[0m
[5.334s] [ 57%] [32mBuilding CXX object CMakeFiles/slam_toolbox__rosidl_typesupport_fastrtps_cpp.dir/rosidl_typesupport_fastrtps_cpp/slam_toolbox/srv/detail/dds_fastrtps/merge_maps__type_support.cpp.o[0m
[5.336s] [ 57%] [32m[1mLinking CXX shared library libslam_toolbox__rosidl_typesupport_introspection_cpp.so[0m
[5.366s] [ 58%] [32mBuilding CXX object CMakeFiles/slam_toolbox__rosidl_typesupport_fastrtps_cpp.dir/rosidl_typesupport_fastrtps_cpp/slam_toolbox/srv/detail/dds_fastrtps/add_submap__type_support.cpp.o[0m
[5.402s] [ 58%] [32mBuilding CXX object CMakeFiles/slam_toolbox__rosidl_typesupport_fastrtps_cpp.dir/rosidl_typesupport_fastrtps_cpp/slam_toolbox/srv/detail/dds_fastrtps/deserialize_pose_graph__type_support.cpp.o[0m
[5.418s] [ 59%] [32mBuilding CXX object CMakeFiles/slam_toolbox__rosidl_typesupport_fastrtps_c.dir/rosidl_typesupport_fastrtps_c/slam_toolbox/srv/detail/add_submap__type_support_c.cpp.o[0m
[5.427s] [ 59%] [32mBuilding CXX object CMakeFiles/slam_toolbox__rosidl_typesupport_fastrtps_c.dir/rosidl_typesupport_fastrtps_c/slam_toolbox/srv/detail/deserialize_pose_graph__type_support_c.cpp.o[0m
[5.434s] [ 60%] [32mBuilding CXX object CMakeFiles/slam_toolbox__rosidl_typesupport_fastrtps_cpp.dir/rosidl_typesupport_fastrtps_cpp/slam_toolbox/srv/detail/dds_fastrtps/serialize_pose_graph__type_support.cpp.o[0m
[5.442s] [ 60%] [32m[1mLinking C shared library libslam_toolbox__rosidl_typesupport_introspection_c.so[0m
[5.462s] [ 61%] [32mBuilding CXX object CMakeFiles/slam_toolbox__rosidl_typesupport_fastrtps_c.dir/rosidl_typesupport_fastrtps_c/slam_toolbox/srv/detail/serialize_pose_graph__type_support_c.cpp.o[0m
[5.494s] [ 61%] Built target slam_toolbox__rosidl_typesupport_introspection_cpp
[5.508s] [ 61%] Built target slam_toolbox__rosidl_typesupport_introspection_c
[5.948s] [ 62%] [32m[1mLinking CXX shared library libslam_toolbox__rosidl_typesupport_fastrtps_c.so[0m
[5.990s] [ 63%] [32m[1mLinking CXX shared library libslam_toolbox__rosidl_typesupport_fastrtps_cpp.so[0m
[6.056s] [ 63%] Built target slam_toolbox__rosidl_typesupport_fastrtps_c
[6.094s] [ 63%] Built target slam_toolbox__rosidl_typesupport_fastrtps_cpp
[6.121s] [ 63%] Built target slam_toolbox
[6.148s] [ 63%] [34m[1mGenerating Python code for ROS interfaces[0m
[7.441s] [ 63%] Built target slam_toolbox__py
[7.465s] [ 66%] [32mBuilding C object CMakeFiles/slam_toolbox__rosidl_generator_py.dir/rosidl_generator_py/slam_toolbox/srv/_save_map_s.c.o[0m
[7.465s] [ 66%] [32mBuilding C object CMakeFiles/slam_toolbox__rosidl_generator_py.dir/rosidl_generator_py/slam_toolbox/srv/_merge_maps_s.c.o[0m
[7.465s] [ 66%] [32mBuilding C object CMakeFiles/slam_toolbox__rosidl_generator_py.dir/rosidl_generator_py/slam_toolbox/srv/_clear_queue_s.c.o[0m
[7.465s] [ 68%] [32mBuilding C object CMakeFiles/slam_toolbox__rosidl_generator_py.dir/rosidl_generator_py/slam_toolbox/srv/_loop_closure_s.c.o[0m
[7.465s] [ 69%] [32mBuilding C object CMakeFiles/slam_toolbox__rosidl_generator_py.dir/rosidl_generator_py/slam_toolbox/srv/_pause_s.c.o[0m
[7.467s] [ 66%] [32mBuilding C object CMakeFiles/slam_toolbox__rosidl_generator_py.dir/rosidl_generator_py/slam_toolbox/srv/_toggle_interactive_s.c.o[0m
[7.467s] [ 69%] [32mBuilding C object CMakeFiles/slam_toolbox__rosidl_generator_py.dir/rosidl_generator_py/slam_toolbox/srv/_add_submap_s.c.o[0m
[7.467s] [ 69%] [32mBuilding C object CMakeFiles/slam_toolbox__rosidl_generator_py.dir/rosidl_generator_py/slam_toolbox/srv/_deserialize_pose_graph_s.c.o[0m
[7.467s] [ 69%] [32mBuilding C object CMakeFiles/slam_toolbox__rosidl_generator_py.dir/rosidl_generator_py/slam_toolbox/srv/_clear_s.c.o[0m
[7.468s] [ 70%] [32mBuilding C object CMakeFiles/slam_toolbox__rosidl_generator_py.dir/rosidl_generator_py/slam_toolbox/srv/_serialize_pose_graph_s.c.o[0m
[7.648s] [ 71%] [32m[1mLinking C shared library rosidl_generator_py/slam_toolbox/libslam_toolbox__rosidl_generator_py.so[0m
[7.699s] [ 71%] Built target slam_toolbox__rosidl_generator_py
[7.721s] [ 74%] [32mBuilding C object CMakeFiles/slam_toolbox__rosidl_typesupport_fastrtps_c__pyext.dir/rosidl_generator_py/slam_toolbox/_slam_toolbox_s.ep.rosidl_typesupport_fastrtps_c.c.o[0m
[7.721s] [ 74%] [32mBuilding C object CMakeFiles/slam_toolbox__rosidl_typesupport_c__pyext.dir/rosidl_generator_py/slam_toolbox/_slam_toolbox_s.ep.rosidl_typesupport_c.c.o[0m
[7.721s] [ 74%] [32mBuilding C object CMakeFiles/slam_toolbox__rosidl_typesupport_introspection_c__pyext.dir/rosidl_generator_py/slam_toolbox/_slam_toolbox_s.ep.rosidl_typesupport_introspection_c.c.o[0m
[8.044s] [ 74%] [32m[1mLinking C shared library rosidl_generator_py/slam_toolbox/slam_toolbox_s__rosidl_typesupport_fastrtps_c.cpython-310-x86_64-linux-gnu.so[0m
[8.095s] [ 74%] Built target slam_toolbox__rosidl_typesupport_fastrtps_c__pyext
[8.108s] [ 76%] [32m[1mLinking C shared library rosidl_generator_py/slam_toolbox/slam_toolbox_s__rosidl_typesupport_c.cpython-310-x86_64-linux-gnu.so[0m
[8.108s] [ 76%] [32m[1mLinking C shared library rosidl_generator_py/slam_toolbox/slam_toolbox_s__rosidl_typesupport_introspection_c.cpython-310-x86_64-linux-gnu.so[0m
[8.152s] [ 76%] Built target slam_toolbox__rosidl_typesupport_c__pyext
[8.153s] [ 76%] Built target slam_toolbox__rosidl_typesupport_introspection_c__pyext
[22.651s] [ 77%] [32m[1mLinking CXX shared library libkartoSlamToolbox.so[0m
[23.020s] [ 77%] Built target kartoSlamToolbox
[23.042s] [ 81%] [32mBuilding CXX object CMakeFiles/ceres_solver_plugin.dir/solvers/ceres_solver.cpp.o[0m
[23.042s] [ 81%] [32mBuilding CXX object CMakeFiles/toolbox_common.dir/src/loop_closure_assistant.cpp.o[0m
[23.042s] [ 81%] [32mBuilding CXX object CMakeFiles/toolbox_common.dir/src/laser_utils.cpp.o[0m
[23.042s] [ 81%] [32mBuilding CXX object CMakeFiles/toolbox_common.dir/src/map_saver.cpp.o[0m
[23.042s] [ 81%] [32mBuilding CXX object CMakeFiles/toolbox_common.dir/src/slam_toolbox_common.cpp.o[0m
[23.042s] [ 82%] [32mBuilding CXX object CMakeFiles/toolbox_common.dir/src/slam_mapper.cpp.o[0m
[26.744s] [ 82%] [32m[1mLinking CXX shared library libSlamToolboxPlugin.so[0m
[28.798s] [ 82%] Built target SlamToolboxPlugin
[41.971s] [ 83%] [32m[1mLinking CXX shared library libceres_solver_plugin.so[0m
[42.471s] [ 83%] Built target ceres_solver_plugin
[58.167s] [ 84%] [32m[1mLinking CXX shared library libtoolbox_common.so[0m
[58.788s] [ 84%] Built target toolbox_common
[58.816s] [ 87%] [32mBuilding CXX object CMakeFiles/async_slam_toolbox.dir/src/slam_toolbox_async.cpp.o[0m
[58.816s] [ 88%] [32mBuilding CXX object CMakeFiles/merge_maps_kinematic.dir/src/merge_maps_kinematic.cpp.o[0m
[58.817s] [ 88%] [32mBuilding CXX object CMakeFiles/sync_slam_toolbox.dir/src/slam_toolbox_sync.cpp.o[0m
[58.817s] [ 87%] [32mBuilding CXX object CMakeFiles/localization_slam_toolbox.dir/src/slam_toolbox_localization.cpp.o[0m
[58.817s] [ 88%] [32mBuilding CXX object CMakeFiles/lifelong_slam_toolbox.dir/src/experimental/slam_toolbox_lifelong.cpp.o[0m
[75.304s] [ 89%] [32m[1mLinking CXX shared library libasync_slam_toolbox.so[0m
[75.437s] [ 89%] [32m[1mLinking CXX shared library liblifelong_slam_toolbox.so[0m
[75.909s] [ 89%] Built target async_slam_toolbox
[75.943s] [ 90%] [32mBuilding CXX object CMakeFiles/async_slam_toolbox_node.dir/src/slam_toolbox_async_node.cpp.o[0m
[76.047s] [ 90%] Built target lifelong_slam_toolbox
[76.072s] [ 91%] [32mBuilding CXX object CMakeFiles/lifelong_slam_toolbox_node.dir/src/experimental/slam_toolbox_lifelong_node.cpp.o[0m
[76.421s] [ 92%] [32m[1mLinking CXX shared library libsync_slam_toolbox.so[0m
[76.699s] [ 93%] [32m[1mLinking CXX executable merge_maps_kinematic[0m
[77.001s] [ 93%] Built target sync_slam_toolbox
[77.031s] [ 94%] [32mBuilding CXX object CMakeFiles/sync_slam_toolbox_node.dir/src/slam_toolbox_sync_node.cpp.o[0m
[77.307s] [ 94%] Built target merge_maps_kinematic
[82.627s] [ 95%] [32m[1mLinking CXX shared library liblocalization_slam_toolbox.so[0m
[83.230s] [ 95%] Built target localization_slam_toolbox
[83.259s] [ 96%] [32mBuilding CXX object CMakeFiles/map_and_localization_slam_toolbox.dir/src/experimental/slam_toolbox_map_and_localization.cpp.o[0m
[83.259s] [ 96%] [32mBuilding CXX object CMakeFiles/localization_slam_toolbox_node.dir/src/slam_toolbox_localization_node.cpp.o[0m
[89.273s] [ 96%] [32m[1mLinking CXX executable async_slam_toolbox_node[0m
[89.385s] [ 97%] [32m[1mLinking CXX executable lifelong_slam_toolbox_node[0m
[89.720s] [ 97%] Built target async_slam_toolbox_node
[89.814s] [ 97%] Built target lifelong_slam_toolbox_node
[90.404s] [ 97%] [32m[1mLinking CXX executable sync_slam_toolbox_node[0m
[90.802s] [ 97%] Built target sync_slam_toolbox_node
[95.985s] [ 98%] [32m[1mLinking CXX executable localization_slam_toolbox_node[0m
[96.361s] [ 98%] Built target localization_slam_toolbox_node
[103.235s] [ 99%] [32m[1mLinking CXX shared library libmap_and_localization_slam_toolbox.so[0m
[103.700s] [ 99%] Built target map_and_localization_slam_toolbox
[103.728s] [100%] [32mBuilding CXX object CMakeFiles/map_and_localization_slam_toolbox_node.dir/src/experimental/slam_toolbox_map_and_localization_node.cpp.o[0m
[115.288s] [100%] [32m[1mLinking CXX executable map_and_localization_slam_toolbox_node[0m
[115.630s] [100%] Built target map_and_localization_slam_toolbox_node
[115.646s] Invoked command in '/home/autodrive_devkit/build/slam_toolbox' returned '0': CMAKE_PREFIX_PATH=/home/autodrive_devkit/install/autodrive_f1tenth:/opt/ros/humble /usr/bin/cmake --build /home/autodrive_devkit/build/slam_toolbox -- -j16 -l16
[115.898s] Invoking command in '/home/autodrive_devkit/build/slam_toolbox': CMAKE_PREFIX_PATH=/home/autodrive_devkit/install/autodrive_f1tenth:/opt/ros/humble /usr/bin/cmake --install /home/autodrive_devkit/build/slam_toolbox
[115.914s] -- Install configuration: "Release"
[115.915s] -- Installing: /home/autodrive_devkit/install/slam_toolbox/share/ament_index/resource_index/rosidl_interfaces/slam_toolbox
[115.915s] -- Installing: /home/autodrive_devkit/install/slam_toolbox/include/slam_toolbox/slam_toolbox
[115.915s] -- Installing: /home/autodrive_devkit/install/slam_toolbox/include/slam_toolbox/slam_toolbox/srv
[115.915s] -- Installing: /home/autodrive_devkit/install/slam_toolbox/include/slam_toolbox/slam_toolbox/srv/detail
[115.916s] -- Installing: /home/autodrive_devkit/install/slam_toolbox/include/slam_toolbox/slam_toolbox/srv/detail/loop_closure__functions.c
[115.916s] -- Installing: /home/autodrive_devkit/install/slam_toolbox/include/slam_toolbox/slam_toolbox/srv/detail/deserialize_pose_graph__type_support.h
[115.916s] -- Installing: /home/autodrive_devkit/install/slam_toolbox/include/slam_toolbox/slam_toolbox/srv/detail/pause__functions.c
[115.917s] -- Installing: /home/autodrive_devkit/install/slam_toolbox/include/slam_toolbox/slam_toolbox/srv/detail/clear__type_support.h
[115.917s] -- Installing: /home/autodrive_devkit/install/slam_toolbox/include/slam_toolbox/slam_toolbox/srv/detail/merge_maps__type_support.h
[115.917s] -- Installing: /home/autodrive_devkit/install/slam_toolbox/include/slam_toolbox/slam_toolbox/srv/detail/clear__struct.h
[115.917s] -- Installing: /home/autodrive_devkit/install/slam_toolbox/include/slam_toolbox/slam_toolbox/srv/detail/add_submap__functions.h
[115.918s] -- Installing: /home/autodrive_devkit/install/slam_toolbox/include/slam_toolbox/slam_toolbox/srv/detail/save_map__struct.h
[115.918s] -- Installing: /home/autodrive_devkit/install/slam_toolbox/include/slam_toolbox/slam_toolbox/srv/detail/clear__functions.h
[115.918s] -- Installing: /home/autodrive_devkit/install/slam_toolbox/include/slam_toolbox/slam_toolbox/srv/detail/serialize_pose_graph__struct.h
[115.918s] -- Installing: /home/autodrive_devkit/install/slam_toolbox/include/slam_toolbox/slam_toolbox/srv/detail/serialize_pose_graph__type_support.h
[115.918s] -- Installing: /home/autodrive_devkit/install/slam_toolbox/include/slam_toolbox/slam_toolbox/srv/detail/clear_queue__struct.h
[115.919s] -- Installing: /home/autodrive_devkit/install/slam_toolbox/include/slam_toolbox/slam_toolbox/srv/detail/deserialize_pose_graph__functions.c
[115.919s] -- Installing: /home/autodrive_devkit/install/slam_toolbox/include/slam_toolbox/slam_toolbox/srv/detail/toggle_interactive__type_support.h
[115.919s] -- Installing: /home/autodrive_devkit/install/slam_toolbox/include/slam_toolbox/slam_toolbox/srv/detail/serialize_pose_graph__functions.h
[115.919s] -- Installing: /home/autodrive_devkit/install/slam_toolbox/include/slam_toolbox/slam_toolbox/srv/detail/pause__functions.h
[115.919s] -- Installing: /home/autodrive_devkit/install/slam_toolbox/include/slam_toolbox/slam_toolbox/srv/detail/deserialize_pose_graph__struct.h
[115.920s] -- Installing: /home/autodrive_devkit/install/slam_toolbox/include/slam_toolbox/slam_toolbox/srv/detail/save_map__functions.c
[115.920s] -- Installing: /home/autodrive_devkit/install/slam_toolbox/include/slam_toolbox/slam_toolbox/srv/detail/loop_closure__functions.h
[115.920s] -- Installing: /home/autodrive_devkit/install/slam_toolbox/include/slam_toolbox/slam_toolbox/srv/detail/clear_queue__type_support.h
[115.920s] -- Installing: /home/autodrive_devkit/install/slam_toolbox/include/slam_toolbox/slam_toolbox/srv/detail/pause__type_support.h
[115.921s] -- Installing: /home/autodrive_devkit/install/slam_toolbox/include/slam_toolbox/slam_toolbox/srv/detail/toggle_interactive__functions.h
[115.921s] -- Installing: /home/autodrive_devkit/install/slam_toolbox/include/slam_toolbox/slam_toolbox/srv/detail/clear_queue__functions.c
[115.921s] -- Installing: /home/autodrive_devkit/install/slam_toolbox/include/slam_toolbox/slam_toolbox/srv/detail/loop_closure__struct.h
[115.921s] -- Installing: /home/autodrive_devkit/install/slam_toolbox/include/slam_toolbox/slam_toolbox/srv/detail/serialize_pose_graph__functions.c
[115.922s] -- Installing: /home/autodrive_devkit/install/slam_toolbox/include/slam_toolbox/slam_toolbox/srv/detail/add_submap__type_support.h
[115.922s] -- Installing: /home/autodrive_devkit/install/slam_toolbox/include/slam_toolbox/slam_toolbox/srv/detail/merge_maps__struct.h
[115.922s] -- Installing: /home/autodrive_devkit/install/slam_toolbox/include/slam_toolbox/slam_toolbox/srv/detail/add_submap__functions.c
[115.922s] -- Installing: /home/autodrive_devkit/install/slam_toolbox/include/slam_toolbox/slam_toolbox/srv/detail/toggle_interactive__struct.h
[115.922s] -- Installing: /home/autodrive_devkit/install/slam_toolbox/include/slam_toolbox/slam_toolbox/srv/detail/save_map__functions.h
[115.922s] -- Installing: /home/autodrive_devkit/install/slam_toolbox/include/slam_toolbox/slam_toolbox/srv/detail/clear__functions.c
[115.923s] -- Installing: /home/autodrive_devkit/install/slam_toolbox/include/slam_toolbox/slam_toolbox/srv/detail/merge_maps__functions.c
[115.923s] -- Installing: /home/autodrive_devkit/install/slam_toolbox/include/slam_toolbox/slam_toolbox/srv/detail/toggle_interactive__functions.c
[115.923s] -- Installing: /home/autodrive_devkit/install/slam_toolbox/include/slam_toolbox/slam_toolbox/srv/detail/clear_queue__functions.h
[115.923s] -- Installing: /home/autodrive_devkit/install/slam_toolbox/include/slam_toolbox/slam_toolbox/srv/detail/add_submap__struct.h
[115.923s] -- Installing: /home/autodrive_devkit/install/slam_toolbox/include/slam_toolbox/slam_toolbox/srv/detail/pause__struct.h
[115.924s] -- Installing: /home/autodrive_devkit/install/slam_toolbox/include/slam_toolbox/slam_toolbox/srv/detail/save_map__type_support.h
[115.924s] -- Installing: /home/autodrive_devkit/install/slam_toolbox/include/slam_toolbox/slam_toolbox/srv/detail/merge_maps__functions.h
[115.924s] -- Installing: /home/autodrive_devkit/install/slam_toolbox/include/slam_toolbox/slam_toolbox/srv/detail/loop_closure__type_support.h
[115.924s] -- Installing: /home/autodrive_devkit/install/slam_toolbox/include/slam_toolbox/slam_toolbox/srv/detail/deserialize_pose_graph__functions.h
[115.924s] -- Installing: /home/autodrive_devkit/install/slam_toolbox/include/slam_toolbox/slam_toolbox/srv/serialize_pose_graph.h
[115.925s] -- Installing: /home/autodrive_devkit/install/slam_toolbox/include/slam_toolbox/slam_toolbox/srv/pause.h
[115.925s] -- Installing: /home/autodrive_devkit/install/slam_toolbox/include/slam_toolbox/slam_toolbox/srv/merge_maps.h
[115.925s] -- Installing: /home/autodrive_devkit/install/slam_toolbox/include/slam_toolbox/slam_toolbox/srv/clear.h
[115.925s] -- Installing: /home/autodrive_devkit/install/slam_toolbox/include/slam_toolbox/slam_toolbox/srv/clear_queue.h
[115.925s] -- Installing: /home/autodrive_devkit/install/slam_toolbox/include/slam_toolbox/slam_toolbox/srv/deserialize_pose_graph.h
[115.925s] -- Installing: /home/autodrive_devkit/install/slam_toolbox/include/slam_toolbox/slam_toolbox/srv/toggle_interactive.h
[115.926s] -- Installing: /home/autodrive_devkit/install/slam_toolbox/include/slam_toolbox/slam_toolbox/srv/save_map.h
[115.926s] -- Installing: /home/autodrive_devkit/install/slam_toolbox/include/slam_toolbox/slam_toolbox/srv/loop_closure.h
[115.926s] -- Installing: /home/autodrive_devkit/install/slam_toolbox/include/slam_toolbox/slam_toolbox/srv/add_submap.h
[115.926s] -- Installing: /home/autodrive_devkit/install/slam_toolbox/include/slam_toolbox/slam_toolbox/msg
[115.926s] -- Installing: /home/autodrive_devkit/install/slam_toolbox/include/slam_toolbox/slam_toolbox/msg/rosidl_generator_c__visibility_control.h
[115.927s] -- Installing: /home/autodrive_devkit/install/slam_toolbox/share/slam_toolbox/environment/library_path.sh
[115.927s] -- Installing: /home/autodrive_devkit/install/slam_toolbox/share/slam_toolbox/environment/library_path.dsv
[115.927s] -- Installing: /home/autodrive_devkit/install/slam_toolbox/lib/libslam_toolbox__rosidl_generator_c.so
[115.928s] -- Set runtime path of "/home/autodrive_devkit/install/slam_toolbox/lib/libslam_toolbox__rosidl_generator_c.so" to ""
[115.928s] -- Up-to-date: /home/autodrive_devkit/install/slam_toolbox/include/slam_toolbox/slam_toolbox
[115.928s] -- Up-to-date: /home/autodrive_devkit/install/slam_toolbox/include/slam_toolbox/slam_toolbox/srv
[115.928s] -- Up-to-date: /home/autodrive_devkit/install/slam_toolbox/include/slam_toolbox/slam_toolbox/srv/detail
[115.928s] -- Installing: /home/autodrive_devkit/install/slam_toolbox/include/slam_toolbox/slam_toolbox/srv/detail/toggle_interactive__rosidl_typesupport_fastrtps_c.h
[115.929s] -- Installing: /home/autodrive_devkit/install/slam_toolbox/include/slam_toolbox/slam_toolbox/srv/detail/clear_queue__rosidl_typesupport_fastrtps_c.h
[115.929s] -- Installing: /home/autodrive_devkit/install/slam_toolbox/include/slam_toolbox/slam_toolbox/srv/detail/serialize_pose_graph__rosidl_typesupport_fastrtps_c.h
[115.929s] -- Installing: /home/autodrive_devkit/install/slam_toolbox/include/slam_toolbox/slam_toolbox/srv/detail/save_map__rosidl_typesupport_fastrtps_c.h
[115.929s] -- Installing: /home/autodrive_devkit/install/slam_toolbox/include/slam_toolbox/slam_toolbox/srv/detail/pause__rosidl_typesupport_fastrtps_c.h
[115.929s] -- Installing: /home/autodrive_devkit/install/slam_toolbox/include/slam_toolbox/slam_toolbox/srv/detail/merge_maps__rosidl_typesupport_fastrtps_c.h
[115.930s] -- Installing: /home/autodrive_devkit/install/slam_toolbox/include/slam_toolbox/slam_toolbox/srv/detail/loop_closure__rosidl_typesupport_fastrtps_c.h
[115.930s] -- Installing: /home/autodrive_devkit/install/slam_toolbox/include/slam_toolbox/slam_toolbox/srv/detail/deserialize_pose_graph__rosidl_typesupport_fastrtps_c.h
[115.930s] -- Installing: /home/autodrive_devkit/install/slam_toolbox/include/slam_toolbox/slam_toolbox/srv/detail/add_submap__rosidl_typesupport_fastrtps_c.h
[115.930s] -- Installing: /home/autodrive_devkit/install/slam_toolbox/include/slam_toolbox/slam_toolbox/srv/detail/clear__rosidl_typesupport_fastrtps_c.h
[115.930s] -- Up-to-date: /home/autodrive_devkit/install/slam_toolbox/include/slam_toolbox/slam_toolbox/msg
[115.930s] -- Installing: /home/autodrive_devkit/install/slam_toolbox/include/slam_toolbox/slam_toolbox/msg/rosidl_typesupport_fastrtps_c__visibility_control.h
[115.931s] -- Installing: /home/autodrive_devkit/install/slam_toolbox/lib/libslam_toolbox__rosidl_typesupport_fastrtps_c.so
[115.931s] -- Set runtime path of "/home/autodrive_devkit/install/slam_toolbox/lib/libslam_toolbox__rosidl_typesupport_fastrtps_c.so" to ""
[115.931s] -- Up-to-date: /home/autodrive_devkit/install/slam_toolbox/include/slam_toolbox/slam_toolbox
[115.931s] -- Up-to-date: /home/autodrive_devkit/install/slam_toolbox/include/slam_toolbox/slam_toolbox/srv
[115.931s] -- Up-to-date: /home/autodrive_devkit/install/slam_toolbox/include/slam_toolbox/slam_toolbox/srv/detail
[115.932s] -- Installing: /home/autodrive_devkit/install/slam_toolbox/include/slam_toolbox/slam_toolbox/srv/detail/add_submap__traits.hpp
[115.932s] -- Installing: /home/autodrive_devkit/install/slam_toolbox/include/slam_toolbox/slam_toolbox/srv/detail/serialize_pose_graph__traits.hpp
[115.932s] -- Installing: /home/autodrive_devkit/install/slam_toolbox/include/slam_toolbox/slam_toolbox/srv/detail/save_map__traits.hpp
[115.932s] -- Installing: /home/autodrive_devkit/install/slam_toolbox/include/slam_toolbox/slam_toolbox/srv/detail/add_submap__builder.hpp
[115.932s] -- Installing: /home/autodrive_devkit/install/slam_toolbox/include/slam_toolbox/slam_toolbox/srv/detail/toggle_interactive__traits.hpp
[115.932s] -- Installing: /home/autodrive_devkit/install/slam_toolbox/include/slam_toolbox/slam_toolbox/srv/detail/serialize_pose_graph__struct.hpp
[115.933s] -- Installing: /home/autodrive_devkit/install/slam_toolbox/include/slam_toolbox/slam_toolbox/srv/detail/clear_queue__builder.hpp
[115.933s] -- Installing: /home/autodrive_devkit/install/slam_toolbox/include/slam_toolbox/slam_toolbox/srv/detail/merge_maps__builder.hpp
[115.933s] -- Installing: /home/autodrive_devkit/install/slam_toolbox/include/slam_toolbox/slam_toolbox/srv/detail/clear__struct.hpp
[115.933s] -- Installing: /home/autodrive_devkit/install/slam_toolbox/include/slam_toolbox/slam_toolbox/srv/detail/clear__traits.hpp
[115.933s] -- Installing: /home/autodrive_devkit/install/slam_toolbox/include/slam_toolbox/slam_toolbox/srv/detail/loop_closure__struct.hpp
[115.933s] -- Installing: /home/autodrive_devkit/install/slam_toolbox/include/slam_toolbox/slam_toolbox/srv/detail/save_map__builder.hpp
[115.934s] -- Installing: /home/autodrive_devkit/install/slam_toolbox/include/slam_toolbox/slam_toolbox/srv/detail/merge_maps__traits.hpp
[115.934s] -- Installing: /home/autodrive_devkit/install/slam_toolbox/include/slam_toolbox/slam_toolbox/srv/detail/deserialize_pose_graph__traits.hpp
[115.934s] -- Installing: /home/autodrive_devkit/install/slam_toolbox/include/slam_toolbox/slam_toolbox/srv/detail/save_map__struct.hpp
[115.934s] -- Installing: /home/autodrive_devkit/install/slam_toolbox/include/slam_toolbox/slam_toolbox/srv/detail/toggle_interactive__struct.hpp
[115.934s] -- Installing: /home/autodrive_devkit/install/slam_toolbox/include/slam_toolbox/slam_toolbox/srv/detail/clear__builder.hpp
[115.934s] -- Installing: /home/autodrive_devkit/install/slam_toolbox/include/slam_toolbox/slam_toolbox/srv/detail/pause__struct.hpp
[115.934s] -- Installing: /home/autodrive_devkit/install/slam_toolbox/include/slam_toolbox/slam_toolbox/srv/detail/toggle_interactive__builder.hpp
[115.935s] -- Installing: /home/autodrive_devkit/install/slam_toolbox/include/slam_toolbox/slam_toolbox/srv/detail/clear_queue__traits.hpp
[115.935s] -- Installing: /home/autodrive_devkit/install/slam_toolbox/include/slam_toolbox/slam_toolbox/srv/detail/pause__builder.hpp
[115.935s] -- Installing: /home/autodrive_devkit/install/slam_toolbox/include/slam_toolbox/slam_toolbox/srv/detail/loop_closure__builder.hpp
[115.935s] -- Installing: /home/autodrive_devkit/install/slam_toolbox/include/slam_toolbox/slam_toolbox/srv/detail/deserialize_pose_graph__builder.hpp
[115.935s] -- Installing: /home/autodrive_devkit/install/slam_toolbox/include/slam_toolbox/slam_toolbox/srv/detail/clear_queue__struct.hpp
[115.935s] -- Installing: /home/autodrive_devkit/install/slam_toolbox/include/slam_toolbox/slam_toolbox/srv/detail/loop_closure__traits.hpp
[115.935s] -- Installing: /home/autodrive_devkit/install/slam_toolbox/include/slam_toolbox/slam_toolbox/srv/detail/deserialize_pose_graph__struct.hpp
[115.936s] -- Installing: /home/autodrive_devkit/install/slam_toolbox/include/slam_toolbox/slam_toolbox/srv/detail/pause__traits.hpp
[115.936s] -- Installing: /home/autodrive_devkit/install/slam_toolbox/include/slam_toolbox/slam_toolbox/srv/detail/merge_maps__struct.hpp
[115.936s] -- Installing: /home/autodrive_devkit/install/slam_toolbox/include/slam_toolbox/slam_toolbox/srv/detail/add_submap__struct.hpp
[115.936s] -- Installing: /home/autodrive_devkit/install/slam_toolbox/include/slam_toolbox/slam_toolbox/srv/detail/serialize_pose_graph__builder.hpp
[115.936s] -- Installing: /home/autodrive_devkit/install/slam_toolbox/include/slam_toolbox/slam_toolbox/srv/loop_closure.hpp
[115.936s] -- Installing: /home/autodrive_devkit/install/slam_toolbox/include/slam_toolbox/slam_toolbox/srv/save_map.hpp
[115.936s] -- Installing: /home/autodrive_devkit/install/slam_toolbox/include/slam_toolbox/slam_toolbox/srv/toggle_interactive.hpp
[115.937s] -- Installing: /home/autodrive_devkit/install/slam_toolbox/include/slam_toolbox/slam_toolbox/srv/pause.hpp
[115.937s] -- Installing: /home/autodrive_devkit/install/slam_toolbox/include/slam_toolbox/slam_toolbox/srv/clear_queue.hpp
[115.937s] -- Installing: /home/autodrive_devkit/install/slam_toolbox/include/slam_toolbox/slam_toolbox/srv/deserialize_pose_graph.hpp
[115.937s] -- Installing: /home/autodrive_devkit/install/slam_toolbox/include/slam_toolbox/slam_toolbox/srv/clear.hpp
[115.937s] -- Installing: /home/autodrive_devkit/install/slam_toolbox/include/slam_toolbox/slam_toolbox/srv/add_submap.hpp
[115.937s] -- Installing: /home/autodrive_devkit/install/slam_toolbox/include/slam_toolbox/slam_toolbox/srv/merge_maps.hpp
[115.938s] -- Installing: /home/autodrive_devkit/install/slam_toolbox/include/slam_toolbox/slam_toolbox/srv/serialize_pose_graph.hpp
[115.938s] -- Up-to-date: /home/autodrive_devkit/install/slam_toolbox/include/slam_toolbox/slam_toolbox
[115.938s] -- Up-to-date: /home/autodrive_devkit/install/slam_toolbox/include/slam_toolbox/slam_toolbox/srv
[115.938s] -- Up-to-date: /home/autodrive_devkit/install/slam_toolbox/include/slam_toolbox/slam_toolbox/srv/detail
[115.938s] -- Installing: /home/autodrive_devkit/install/slam_toolbox/include/slam_toolbox/slam_toolbox/srv/detail/deserialize_pose_graph__rosidl_typesupport_fastrtps_cpp.hpp
[115.939s] -- Installing: /home/autodrive_devkit/install/slam_toolbox/include/slam_toolbox/slam_toolbox/srv/detail/merge_maps__rosidl_typesupport_fastrtps_cpp.hpp
[115.939s] -- Installing: /home/autodrive_devkit/install/slam_toolbox/include/slam_toolbox/slam_toolbox/srv/detail/dds_fastrtps
[115.939s] -- Installing: /home/autodrive_devkit/install/slam_toolbox/include/slam_toolbox/slam_toolbox/srv/detail/toggle_interactive__rosidl_typesupport_fastrtps_cpp.hpp
[115.939s] -- Installing: /home/autodrive_devkit/install/slam_toolbox/include/slam_toolbox/slam_toolbox/srv/detail/serialize_pose_graph__rosidl_typesupport_fastrtps_cpp.hpp
[115.939s] -- Installing: /home/autodrive_devkit/install/slam_toolbox/include/slam_toolbox/slam_toolbox/srv/detail/clear__rosidl_typesupport_fastrtps_cpp.hpp
[115.939s] -- Installing: /home/autodrive_devkit/install/slam_toolbox/include/slam_toolbox/slam_toolbox/srv/detail/pause__rosidl_typesupport_fastrtps_cpp.hpp
[115.940s] -- Installing: /home/autodrive_devkit/install/slam_toolbox/include/slam_toolbox/slam_toolbox/srv/detail/add_submap__rosidl_typesupport_fastrtps_cpp.hpp
[115.940s] -- Installing: /home/autodrive_devkit/install/slam_toolbox/include/slam_toolbox/slam_toolbox/srv/detail/clear_queue__rosidl_typesupport_fastrtps_cpp.hpp
[115.940s] -- Installing: /home/autodrive_devkit/install/slam_toolbox/include/slam_toolbox/slam_toolbox/srv/detail/loop_closure__rosidl_typesupport_fastrtps_cpp.hpp
[115.940s] -- Installing: /home/autodrive_devkit/install/slam_toolbox/include/slam_toolbox/slam_toolbox/srv/detail/save_map__rosidl_typesupport_fastrtps_cpp.hpp
[115.941s] -- Up-to-date: /home/autodrive_devkit/install/slam_toolbox/include/slam_toolbox/slam_toolbox/msg
[115.941s] -- Installing: /home/autodrive_devkit/install/slam_toolbox/include/slam_toolbox/slam_toolbox/msg/rosidl_typesupport_fastrtps_cpp__visibility_control.h
[115.941s] -- Installing: /home/autodrive_devkit/install/slam_toolbox/lib/libslam_toolbox__rosidl_typesupport_fastrtps_cpp.so
[115.941s] -- Set runtime path of "/home/autodrive_devkit/install/slam_toolbox/lib/libslam_toolbox__rosidl_typesupport_fastrtps_cpp.so" to ""
[115.941s] -- Up-to-date: /home/autodrive_devkit/install/slam_toolbox/include/slam_toolbox/slam_toolbox
[115.941s] -- Up-to-date: /home/autodrive_devkit/install/slam_toolbox/include/slam_toolbox/slam_toolbox/srv
[115.942s] -- Up-to-date: /home/autodrive_devkit/install/slam_toolbox/include/slam_toolbox/slam_toolbox/srv/detail
[115.942s] -- Installing: /home/autodrive_devkit/install/slam_toolbox/include/slam_toolbox/slam_toolbox/srv/detail/serialize_pose_graph__type_support.c
[115.942s] -- Installing: /home/autodrive_devkit/install/slam_toolbox/include/slam_toolbox/slam_toolbox/srv/detail/save_map__type_support.c
[115.942s] -- Installing: /home/autodrive_devkit/install/slam_toolbox/include/slam_toolbox/slam_toolbox/srv/detail/deserialize_pose_graph__rosidl_typesupport_introspection_c.h
[115.942s] -- Installing: /home/autodrive_devkit/install/slam_toolbox/include/slam_toolbox/slam_toolbox/srv/detail/clear__type_support.c
[115.943s] -- Installing: /home/autodrive_devkit/install/slam_toolbox/include/slam_toolbox/slam_toolbox/srv/detail/clear_queue__type_support.c
[115.943s] -- Installing: /home/autodrive_devkit/install/slam_toolbox/include/slam_toolbox/slam_toolbox/srv/detail/toggle_interactive__rosidl_typesupport_introspection_c.h
[115.943s] -- Installing: /home/autodrive_devkit/install/slam_toolbox/include/slam_toolbox/slam_toolbox/srv/detail/toggle_interactive__type_support.c
[115.943s] -- Installing: /home/autodrive_devkit/install/slam_toolbox/include/slam_toolbox/slam_toolbox/srv/detail/loop_closure__rosidl_typesupport_introspection_c.h
[115.943s] -- Installing: /home/autodrive_devkit/install/slam_toolbox/include/slam_toolbox/slam_toolbox/srv/detail/add_submap__rosidl_typesupport_introspection_c.h
[115.944s] -- Installing: /home/autodrive_devkit/install/slam_toolbox/include/slam_toolbox/slam_toolbox/srv/detail/clear_queue__rosidl_typesupport_introspection_c.h
[115.944s] -- Installing: /home/autodrive_devkit/install/slam_toolbox/include/slam_toolbox/slam_toolbox/srv/detail/clear__rosidl_typesupport_introspection_c.h
[115.944s] -- Installing: /home/autodrive_devkit/install/slam_toolbox/include/slam_toolbox/slam_toolbox/srv/detail/merge_maps__rosidl_typesupport_introspection_c.h
[115.944s] -- Installing: /home/autodrive_devkit/install/slam_toolbox/include/slam_toolbox/slam_toolbox/srv/detail/loop_closure__type_support.c
[115.945s] -- Installing: /home/autodrive_devkit/install/slam_toolbox/include/slam_toolbox/slam_toolbox/srv/detail/serialize_pose_graph__rosidl_typesupport_introspection_c.h
[115.945s] -- Installing: /home/autodrive_devkit/install/slam_toolbox/include/slam_toolbox/slam_toolbox/srv/detail/pause__type_support.c
[115.945s] -- Installing: /home/autodrive_devkit/install/slam_toolbox/include/slam_toolbox/slam_toolbox/srv/detail/pause__rosidl_typesupport_introspection_c.h
[115.945s] -- Installing: /home/autodrive_devkit/install/slam_toolbox/include/slam_toolbox/slam_toolbox/srv/detail/merge_maps__type_support.c
[115.946s] -- Installing: /home/autodrive_devkit/install/slam_toolbox/include/slam_toolbox/slam_toolbox/srv/detail/add_submap__type_support.c
[115.946s] -- Installing: /home/autodrive_devkit/install/slam_toolbox/include/slam_toolbox/slam_toolbox/srv/detail/save_map__rosidl_typesupport_introspection_c.h
[115.946s] -- Installing: /home/autodrive_devkit/install/slam_toolbox/include/slam_toolbox/slam_toolbox/srv/detail/deserialize_pose_graph__type_support.c
[115.946s] -- Up-to-date: /home/autodrive_devkit/install/slam_toolbox/include/slam_toolbox/slam_toolbox/msg
[115.946s] -- Installing: /home/autodrive_devkit/install/slam_toolbox/include/slam_toolbox/slam_toolbox/msg/rosidl_typesupport_introspection_c__visibility_control.h
[115.947s] -- Installing: /home/autodrive_devkit/install/slam_toolbox/lib/libslam_toolbox__rosidl_typesupport_introspection_c.so
[115.947s] -- Set runtime path of "/home/autodrive_devkit/install/slam_toolbox/lib/libslam_toolbox__rosidl_typesupport_introspection_c.so" to ""
[115.947s] -- Installing: /home/autodrive_devkit/install/slam_toolbox/lib/libslam_toolbox__rosidl_typesupport_c.so
[115.948s] -- Set runtime path of "/home/autodrive_devkit/install/slam_toolbox/lib/libslam_toolbox__rosidl_typesupport_c.so" to ""
[115.948s] -- Up-to-date: /home/autodrive_devkit/install/slam_toolbox/include/slam_toolbox/slam_toolbox
[115.948s] -- Up-to-date: /home/autodrive_devkit/install/slam_toolbox/include/slam_toolbox/slam_toolbox/srv
[115.948s] -- Up-to-date: /home/autodrive_devkit/install/slam_toolbox/include/slam_toolbox/slam_toolbox/srv/detail
[115.948s] -- Installing: /home/autodrive_devkit/install/slam_toolbox/include/slam_toolbox/slam_toolbox/srv/detail/merge_maps__type_support.cpp
[115.948s] -- Installing: /home/autodrive_devkit/install/slam_toolbox/include/slam_toolbox/slam_toolbox/srv/detail/serialize_pose_graph__rosidl_typesupport_introspection_cpp.hpp
[115.948s] -- Installing: /home/autodrive_devkit/install/slam_toolbox/include/slam_toolbox/slam_toolbox/srv/detail/deserialize_pose_graph__rosidl_typesupport_introspection_cpp.hpp
[115.949s] -- Installing: /home/autodrive_devkit/install/slam_toolbox/include/slam_toolbox/slam_toolbox/srv/detail/save_map__type_support.cpp
[115.949s] -- Installing: /home/autodrive_devkit/install/slam_toolbox/include/slam_toolbox/slam_toolbox/srv/detail/loop_closure__rosidl_typesupport_introspection_cpp.hpp
[115.949s] -- Installing: /home/autodrive_devkit/install/slam_toolbox/include/slam_toolbox/slam_toolbox/srv/detail/toggle_interactive__rosidl_typesupport_introspection_cpp.hpp
[115.949s] -- Installing: /home/autodrive_devkit/install/slam_toolbox/include/slam_toolbox/slam_toolbox/srv/detail/loop_closure__type_support.cpp
[115.949s] -- Installing: /home/autodrive_devkit/install/slam_toolbox/include/slam_toolbox/slam_toolbox/srv/detail/add_submap__type_support.cpp
[115.950s] -- Installing: /home/autodrive_devkit/install/slam_toolbox/include/slam_toolbox/slam_toolbox/srv/detail/save_map__rosidl_typesupport_introspection_cpp.hpp
[115.950s] -- Installing: /home/autodrive_devkit/install/slam_toolbox/include/slam_toolbox/slam_toolbox/srv/detail/pause__rosidl_typesupport_introspection_cpp.hpp
[115.950s] -- Installing: /home/autodrive_devkit/install/slam_toolbox/include/slam_toolbox/slam_toolbox/srv/detail/serialize_pose_graph__type_support.cpp
[115.950s] -- Installing: /home/autodrive_devkit/install/slam_toolbox/include/slam_toolbox/slam_toolbox/srv/detail/clear_queue__type_support.cpp
[115.951s] -- Installing: /home/autodrive_devkit/install/slam_toolbox/include/slam_toolbox/slam_toolbox/srv/detail/deserialize_pose_graph__type_support.cpp
[115.951s] -- Installing: /home/autodrive_devkit/install/slam_toolbox/include/slam_toolbox/slam_toolbox/srv/detail/toggle_interactive__type_support.cpp
[115.951s] -- Installing: /home/autodrive_devkit/install/slam_toolbox/include/slam_toolbox/slam_toolbox/srv/detail/clear__type_support.cpp
[115.951s] -- Installing: /home/autodrive_devkit/install/slam_toolbox/include/slam_toolbox/slam_toolbox/srv/detail/add_submap__rosidl_typesupport_introspection_cpp.hpp
[115.951s] -- Installing: /home/autodrive_devkit/install/slam_toolbox/include/slam_toolbox/slam_toolbox/srv/detail/clear__rosidl_typesupport_introspection_cpp.hpp
[115.952s] -- Installing: /home/autodrive_devkit/install/slam_toolbox/include/slam_toolbox/slam_toolbox/srv/detail/merge_maps__rosidl_typesupport_introspection_cpp.hpp
[115.952s] -- Installing: /home/autodrive_devkit/install/slam_toolbox/include/slam_toolbox/slam_toolbox/srv/detail/pause__type_support.cpp
[115.952s] -- Installing: /home/autodrive_devkit/install/slam_toolbox/include/slam_toolbox/slam_toolbox/srv/detail/clear_queue__rosidl_typesupport_introspection_cpp.hpp
[115.952s] -- Installing: /home/autodrive_devkit/install/slam_toolbox/lib/libslam_toolbox__rosidl_typesupport_introspection_cpp.so
[115.953s] -- Set runtime path of "/home/autodrive_devkit/install/slam_toolbox/lib/libslam_toolbox__rosidl_typesupport_introspection_cpp.so" to ""
[115.953s] -- Installing: /home/autodrive_devkit/install/slam_toolbox/lib/libslam_toolbox__rosidl_typesupport_cpp.so
[115.953s] -- Set runtime path of "/home/autodrive_devkit/install/slam_toolbox/lib/libslam_toolbox__rosidl_typesupport_cpp.so" to ""
[115.953s] -- Installing: /home/autodrive_devkit/install/slam_toolbox/share/slam_toolbox/environment/pythonpath.sh
[115.954s] -- Installing: /home/autodrive_devkit/install/slam_toolbox/share/slam_toolbox/environment/pythonpath.dsv
[115.954s] -- Installing: /home/autodrive_devkit/install/slam_toolbox/local/lib/python3.10/dist-packages/slam_toolbox-2.6.8-py3.10.egg-info
[115.954s] -- Installing: /home/autodrive_devkit/install/slam_toolbox/local/lib/python3.10/dist-packages/slam_toolbox-2.6.8-py3.10.egg-info/SOURCES.txt
[115.954s] -- Installing: /home/autodrive_devkit/install/slam_toolbox/local/lib/python3.10/dist-packages/slam_toolbox-2.6.8-py3.10.egg-info/top_level.txt
[115.955s] -- Installing: /home/autodrive_devkit/install/slam_toolbox/local/lib/python3.10/dist-packages/slam_toolbox-2.6.8-py3.10.egg-info/PKG-INFO
[115.955s] -- Installing: /home/autodrive_devkit/install/slam_toolbox/local/lib/python3.10/dist-packages/slam_toolbox-2.6.8-py3.10.egg-info/dependency_links.txt
[115.955s] -- Installing: /home/autodrive_devkit/install/slam_toolbox/local/lib/python3.10/dist-packages/slam_toolbox
[115.955s] -- Installing: /home/autodrive_devkit/install/slam_toolbox/local/lib/python3.10/dist-packages/slam_toolbox/srv
[115.955s] -- Installing: /home/autodrive_devkit/install/slam_toolbox/local/lib/python3.10/dist-packages/slam_toolbox/srv/_add_submap_s.c
[115.955s] -- Installing: /home/autodrive_devkit/install/slam_toolbox/local/lib/python3.10/dist-packages/slam_toolbox/srv/_merge_maps.py
[115.955s] -- Installing: /home/autodrive_devkit/install/slam_toolbox/local/lib/python3.10/dist-packages/slam_toolbox/srv/_deserialize_pose_graph.py
[115.956s] -- Installing: /home/autodrive_devkit/install/slam_toolbox/local/lib/python3.10/dist-packages/slam_toolbox/srv/_serialize_pose_graph_s.c
[115.956s] -- Installing: /home/autodrive_devkit/install/slam_toolbox/local/lib/python3.10/dist-packages/slam_toolbox/srv/_pause.py
[115.956s] -- Installing: /home/autodrive_devkit/install/slam_toolbox/local/lib/python3.10/dist-packages/slam_toolbox/srv/_pause_s.c
[115.956s] -- Installing: /home/autodrive_devkit/install/slam_toolbox/local/lib/python3.10/dist-packages/slam_toolbox/srv/_save_map_s.c
[115.956s] -- Installing: /home/autodrive_devkit/install/slam_toolbox/local/lib/python3.10/dist-packages/slam_toolbox/srv/_loop_closure.py
[115.956s] -- Installing: /home/autodrive_devkit/install/slam_toolbox/local/lib/python3.10/dist-packages/slam_toolbox/srv/__init__.py
[115.957s] -- Installing: /home/autodrive_devkit/install/slam_toolbox/local/lib/python3.10/dist-packages/slam_toolbox/srv/_clear_queue.py
[115.957s] -- Installing: /home/autodrive_devkit/install/slam_toolbox/local/lib/python3.10/dist-packages/slam_toolbox/srv/_serialize_pose_graph.py
[115.957s] -- Installing: /home/autodrive_devkit/install/slam_toolbox/local/lib/python3.10/dist-packages/slam_toolbox/srv/_clear_s.c
[115.957s] -- Installing: /home/autodrive_devkit/install/slam_toolbox/local/lib/python3.10/dist-packages/slam_toolbox/srv/_toggle_interactive_s.c
[115.957s] -- Installing: /home/autodrive_devkit/install/slam_toolbox/local/lib/python3.10/dist-packages/slam_toolbox/srv/_clear_queue_s.c
[115.957s] -- Installing: /home/autodrive_devkit/install/slam_toolbox/local/lib/python3.10/dist-packages/slam_toolbox/srv/_deserialize_pose_graph_s.c
[115.957s] -- Installing: /home/autodrive_devkit/install/slam_toolbox/local/lib/python3.10/dist-packages/slam_toolbox/srv/_loop_closure_s.c
[115.958s] -- Installing: /home/autodrive_devkit/install/slam_toolbox/local/lib/python3.10/dist-packages/slam_toolbox/srv/_clear.py
[115.958s] -- Installing: /home/autodrive_devkit/install/slam_toolbox/local/lib/python3.10/dist-packages/slam_toolbox/srv/_save_map.py
[115.958s] -- Installing: /home/autodrive_devkit/install/slam_toolbox/local/lib/python3.10/dist-packages/slam_toolbox/srv/_merge_maps_s.c
[115.958s] -- Installing: /home/autodrive_devkit/install/slam_toolbox/local/lib/python3.10/dist-packages/slam_toolbox/srv/_toggle_interactive.py
[115.958s] -- Installing: /home/autodrive_devkit/install/slam_toolbox/local/lib/python3.10/dist-packages/slam_toolbox/srv/_add_submap.py
[115.958s] -- Installing: /home/autodrive_devkit/install/slam_toolbox/local/lib/python3.10/dist-packages/slam_toolbox/_slam_toolbox_s.ep.rosidl_typesupport_fastrtps_c.c
[115.958s] -- Installing: /home/autodrive_devkit/install/slam_toolbox/local/lib/python3.10/dist-packages/slam_toolbox/libslam_toolbox__rosidl_generator_py.so
[115.959s] -- Installing: /home/autodrive_devkit/install/slam_toolbox/local/lib/python3.10/dist-packages/slam_toolbox/__init__.py
[115.959s] -- Installing: /home/autodrive_devkit/install/slam_toolbox/local/lib/python3.10/dist-packages/slam_toolbox/_slam_toolbox_s.ep.rosidl_typesupport_introspection_c.c
[115.959s] -- Installing: /home/autodrive_devkit/install/slam_toolbox/local/lib/python3.10/dist-packages/slam_toolbox/slam_toolbox_s__rosidl_typesupport_introspection_c.cpython-310-x86_64-linux-gnu.so
[115.959s] -- Installing: /home/autodrive_devkit/install/slam_toolbox/local/lib/python3.10/dist-packages/slam_toolbox/_slam_toolbox_s.ep.rosidl_typesupport_c.c
[115.959s] -- Installing: /home/autodrive_devkit/install/slam_toolbox/local/lib/python3.10/dist-packages/slam_toolbox/slam_toolbox_s__rosidl_typesupport_fastrtps_c.cpython-310-x86_64-linux-gnu.so
[115.960s] -- Installing: /home/autodrive_devkit/install/slam_toolbox/local/lib/python3.10/dist-packages/slam_toolbox/slam_toolbox_s__rosidl_typesupport_c.cpython-310-x86_64-linux-gnu.so
[116.007s] Listing '/home/autodrive_devkit/install/slam_toolbox/local/lib/python3.10/dist-packages/slam_toolbox'...
[116.007s] Compiling '/home/autodrive_devkit/install/slam_toolbox/local/lib/python3.10/dist-packages/slam_toolbox/__init__.py'...
[116.007s] Listing '/home/autodrive_devkit/install/slam_toolbox/local/lib/python3.10/dist-packages/slam_toolbox/srv'...
[116.007s] Compiling '/home/autodrive_devkit/install/slam_toolbox/local/lib/python3.10/dist-packages/slam_toolbox/srv/__init__.py'...
[116.007s] Compiling '/home/autodrive_devkit/install/slam_toolbox/local/lib/python3.10/dist-packages/slam_toolbox/srv/_add_submap.py'...
[116.007s] Compiling '/home/autodrive_devkit/install/slam_toolbox/local/lib/python3.10/dist-packages/slam_toolbox/srv/_clear.py'...
[116.007s] Compiling '/home/autodrive_devkit/install/slam_toolbox/local/lib/python3.10/dist-packages/slam_toolbox/srv/_clear_queue.py'...
[116.007s] Compiling '/home/autodrive_devkit/install/slam_toolbox/local/lib/python3.10/dist-packages/slam_toolbox/srv/_deserialize_pose_graph.py'...
[116.007s] Compiling '/home/autodrive_devkit/install/slam_toolbox/local/lib/python3.10/dist-packages/slam_toolbox/srv/_loop_closure.py'...
[116.007s] Compiling '/home/autodrive_devkit/install/slam_toolbox/local/lib/python3.10/dist-packages/slam_toolbox/srv/_merge_maps.py'...
[116.007s] Compiling '/home/autodrive_devkit/install/slam_toolbox/local/lib/python3.10/dist-packages/slam_toolbox/srv/_pause.py'...
[116.007s] Compiling '/home/autodrive_devkit/install/slam_toolbox/local/lib/python3.10/dist-packages/slam_toolbox/srv/_save_map.py'...
[116.007s] Compiling '/home/autodrive_devkit/install/slam_toolbox/local/lib/python3.10/dist-packages/slam_toolbox/srv/_serialize_pose_graph.py'...
[116.007s] Compiling '/home/autodrive_devkit/install/slam_toolbox/local/lib/python3.10/dist-packages/slam_toolbox/srv/_toggle_interactive.py'...
[116.011s] -- Installing: /home/autodrive_devkit/install/slam_toolbox/local/lib/python3.10/dist-packages/slam_toolbox/slam_toolbox_s__rosidl_typesupport_fastrtps_c.cpython-310-x86_64-linux-gnu.so
[116.012s] -- Set runtime path of "/home/autodrive_devkit/install/slam_toolbox/local/lib/python3.10/dist-packages/slam_toolbox/slam_toolbox_s__rosidl_typesupport_fastrtps_c.cpython-310-x86_64-linux-gnu.so" to ""
[116.012s] -- Installing: /home/autodrive_devkit/install/slam_toolbox/local/lib/python3.10/dist-packages/slam_toolbox/slam_toolbox_s__rosidl_typesupport_introspection_c.cpython-310-x86_64-linux-gnu.so
[116.013s] -- Set runtime path of "/home/autodrive_devkit/install/slam_toolbox/local/lib/python3.10/dist-packages/slam_toolbox/slam_toolbox_s__rosidl_typesupport_introspection_c.cpython-310-x86_64-linux-gnu.so" to ""
[116.013s] -- Installing: /home/autodrive_devkit/install/slam_toolbox/local/lib/python3.10/dist-packages/slam_toolbox/slam_toolbox_s__rosidl_typesupport_c.cpython-310-x86_64-linux-gnu.so
[116.013s] -- Set runtime path of "/home/autodrive_devkit/install/slam_toolbox/local/lib/python3.10/dist-packages/slam_toolbox/slam_toolbox_s__rosidl_typesupport_c.cpython-310-x86_64-linux-gnu.so" to ""
[116.013s] -- Installing: /home/autodrive_devkit/install/slam_toolbox/lib/libslam_toolbox__rosidl_generator_py.so
[116.014s] -- Set runtime path of "/home/autodrive_devkit/install/slam_toolbox/lib/libslam_toolbox__rosidl_generator_py.so" to ""
[116.014s] -- Installing: /home/autodrive_devkit/install/slam_toolbox/share/slam_toolbox/srv/Pause.idl
[116.014s] -- Installing: /home/autodrive_devkit/install/slam_toolbox/share/slam_toolbox/srv/ClearQueue.idl
[116.014s] -- Installing: /home/autodrive_devkit/install/slam_toolbox/share/slam_toolbox/srv/ToggleInteractive.idl
[116.014s] -- Installing: /home/autodrive_devkit/install/slam_toolbox/share/slam_toolbox/srv/Clear.idl
[116.015s] -- Installing: /home/autodrive_devkit/install/slam_toolbox/share/slam_toolbox/srv/SaveMap.idl
[116.015s] -- Installing: /home/autodrive_devkit/install/slam_toolbox/share/slam_toolbox/srv/LoopClosure.idl
[116.015s] -- Installing: /home/autodrive_devkit/install/slam_toolbox/share/slam_toolbox/srv/MergeMaps.idl
[116.015s] -- Installing: /home/autodrive_devkit/install/slam_toolbox/share/slam_toolbox/srv/AddSubmap.idl
[116.015s] -- Installing: /home/autodrive_devkit/install/slam_toolbox/share/slam_toolbox/srv/DeserializePoseGraph.idl
[116.016s] -- Installing: /home/autodrive_devkit/install/slam_toolbox/share/slam_toolbox/srv/SerializePoseGraph.idl
[116.016s] -- Installing: /home/autodrive_devkit/install/slam_toolbox/share/slam_toolbox/srvs/Pause.srv
[116.016s] -- Installing: /home/autodrive_devkit/install/slam_toolbox/share/slam_toolbox/srvs/Pause_Request.msg
[116.016s] -- Installing: /home/autodrive_devkit/install/slam_toolbox/share/slam_toolbox/srvs/Pause_Response.msg
[116.016s] -- Installing: /home/autodrive_devkit/install/slam_toolbox/share/slam_toolbox/srvs/ClearQueue.srv
[116.017s] -- Installing: /home/autodrive_devkit/install/slam_toolbox/share/slam_toolbox/srvs/ClearQueue_Request.msg
[116.017s] -- Installing: /home/autodrive_devkit/install/slam_toolbox/share/slam_toolbox/srvs/ClearQueue_Response.msg
[116.017s] -- Installing: /home/autodrive_devkit/install/slam_toolbox/share/slam_toolbox/srvs/ToggleInteractive.srv
[116.017s] -- Installing: /home/autodrive_devkit/install/slam_toolbox/share/slam_toolbox/srvs/ToggleInteractive_Request.msg
[116.018s] -- Installing: /home/autodrive_devkit/install/slam_toolbox/share/slam_toolbox/srvs/ToggleInteractive_Response.msg
[116.018s] -- Installing: /home/autodrive_devkit/install/slam_toolbox/share/slam_toolbox/srvs/Clear.srv
[116.018s] -- Installing: /home/autodrive_devkit/install/slam_toolbox/share/slam_toolbox/srvs/Clear_Request.msg
[116.018s] -- Installing: /home/autodrive_devkit/install/slam_toolbox/share/slam_toolbox/srvs/Clear_Response.msg
[116.018s] -- Installing: /home/autodrive_devkit/install/slam_toolbox/share/slam_toolbox/srvs/SaveMap.srv
[116.018s] -- Installing: /home/autodrive_devkit/install/slam_toolbox/share/slam_toolbox/srvs/SaveMap_Request.msg
[116.019s] -- Installing: /home/autodrive_devkit/install/slam_toolbox/share/slam_toolbox/srvs/SaveMap_Response.msg
[116.019s] -- Installing: /home/autodrive_devkit/install/slam_toolbox/share/slam_toolbox/srvs/LoopClosure.srv
[116.019s] -- Installing: /home/autodrive_devkit/install/slam_toolbox/share/slam_toolbox/srvs/LoopClosure_Request.msg
[116.019s] -- Installing: /home/autodrive_devkit/install/slam_toolbox/share/slam_toolbox/srvs/LoopClosure_Response.msg
[116.019s] -- Installing: /home/autodrive_devkit/install/slam_toolbox/share/slam_toolbox/srvs/MergeMaps.srv
[116.020s] -- Installing: /home/autodrive_devkit/install/slam_toolbox/share/slam_toolbox/srvs/MergeMaps_Request.msg
[116.020s] -- Installing: /home/autodrive_devkit/install/slam_toolbox/share/slam_toolbox/srvs/MergeMaps_Response.msg
[116.020s] -- Installing: /home/autodrive_devkit/install/slam_toolbox/share/slam_toolbox/srvs/AddSubmap.srv
[116.020s] -- Installing: /home/autodrive_devkit/install/slam_toolbox/share/slam_toolbox/srvs/AddSubmap_Request.msg
[116.020s] -- Installing: /home/autodrive_devkit/install/slam_toolbox/share/slam_toolbox/srvs/AddSubmap_Response.msg
[116.020s] -- Installing: /home/autodrive_devkit/install/slam_toolbox/share/slam_toolbox/srvs/DeserializePoseGraph.srv
[116.021s] -- Installing: /home/autodrive_devkit/install/slam_toolbox/share/slam_toolbox/srvs/DeserializePoseGraph_Request.msg
[116.021s] -- Installing: /home/autodrive_devkit/install/slam_toolbox/share/slam_toolbox/srvs/DeserializePoseGraph_Response.msg
[116.021s] -- Installing: /home/autodrive_devkit/install/slam_toolbox/share/slam_toolbox/srvs/SerializePoseGraph.srv
[116.021s] -- Installing: /home/autodrive_devkit/install/slam_toolbox/share/slam_toolbox/srvs/SerializePoseGraph_Request.msg
[116.021s] -- Installing: /home/autodrive_devkit/install/slam_toolbox/share/slam_toolbox/srvs/SerializePoseGraph_Response.msg
[116.021s] -- Installing: /home/autodrive_devkit/install/slam_toolbox/share/slam_toolbox/rviz_plugins.xml
[116.022s] -- Installing: /home/autodrive_devkit/install/slam_toolbox/share/slam_toolbox/solver_plugins.xml
[116.022s] -- Installing: /home/autodrive_devkit/install/slam_toolbox/lib/slam_toolbox/async_slam_toolbox_node
[116.024s] -- Set runtime path of "/home/autodrive_devkit/install/slam_toolbox/lib/slam_toolbox/async_slam_toolbox_node" to ""
[116.024s] -- Installing: /home/autodrive_devkit/install/slam_toolbox/lib/slam_toolbox/sync_slam_toolbox_node
[116.025s] -- Set runtime path of "/home/autodrive_devkit/install/slam_toolbox/lib/slam_toolbox/sync_slam_toolbox_node" to ""
[116.025s] -- Installing: /home/autodrive_devkit/install/slam_toolbox/lib/slam_toolbox/localization_slam_toolbox_node
[116.026s] -- Set runtime path of "/home/autodrive_devkit/install/slam_toolbox/lib/slam_toolbox/localization_slam_toolbox_node" to ""
[116.026s] -- Installing: /home/autodrive_devkit/install/slam_toolbox/lib/slam_toolbox/map_and_localization_slam_toolbox_node
[116.027s] -- Set runtime path of "/home/autodrive_devkit/install/slam_toolbox/lib/slam_toolbox/map_and_localization_slam_toolbox_node" to ""
[116.028s] -- Installing: /home/autodrive_devkit/install/slam_toolbox/lib/slam_toolbox/merge_maps_kinematic
[116.030s] -- Set runtime path of "/home/autodrive_devkit/install/slam_toolbox/lib/slam_toolbox/merge_maps_kinematic" to ""
[116.030s] -- Installing: /home/autodrive_devkit/install/slam_toolbox/lib/libtoolbox_common.so
[116.035s] -- Set runtime path of "/home/autodrive_devkit/install/slam_toolbox/lib/libtoolbox_common.so" to ""
[116.036s] -- Installing: /home/autodrive_devkit/install/slam_toolbox/lib/libSlamToolboxPlugin.so
[116.037s] -- Set runtime path of "/home/autodrive_devkit/install/slam_toolbox/lib/libSlamToolboxPlugin.so" to ""
[116.038s] -- Installing: /home/autodrive_devkit/install/slam_toolbox/lib/libceres_solver_plugin.so
[116.039s] -- Set runtime path of "/home/autodrive_devkit/install/slam_toolbox/lib/libceres_solver_plugin.so" to ""
[116.039s] -- Installing: /home/autodrive_devkit/install/slam_toolbox/lib/libasync_slam_toolbox.so
[116.040s] -- Set runtime path of "/home/autodrive_devkit/install/slam_toolbox/lib/libasync_slam_toolbox.so" to ""
[116.040s] -- Installing: /home/autodrive_devkit/install/slam_toolbox/lib/libsync_slam_toolbox.so
[116.042s] -- Set runtime path of "/home/autodrive_devkit/install/slam_toolbox/lib/libsync_slam_toolbox.so" to ""
[116.042s] -- Installing: /home/autodrive_devkit/install/slam_toolbox/lib/liblocalization_slam_toolbox.so
[116.044s] -- Set runtime path of "/home/autodrive_devkit/install/slam_toolbox/lib/liblocalization_slam_toolbox.so" to ""
[116.044s] -- Installing: /home/autodrive_devkit/install/slam_toolbox/lib/liblifelong_slam_toolbox.so
[116.045s] -- Set runtime path of "/home/autodrive_devkit/install/slam_toolbox/lib/liblifelong_slam_toolbox.so" to ""
[116.045s] -- Installing: /home/autodrive_devkit/install/slam_toolbox/lib/libmap_and_localization_slam_toolbox.so
[116.048s] -- Set runtime path of "/home/autodrive_devkit/install/slam_toolbox/lib/libmap_and_localization_slam_toolbox.so" to ""
[116.048s] -- Installing: /home/autodrive_devkit/install/slam_toolbox/lib/libkartoSlamToolbox.so
[116.053s] -- Set runtime path of "/home/autodrive_devkit/install/slam_toolbox/lib/libkartoSlamToolbox.so" to ""
[116.053s] -- Up-to-date: /home/autodrive_devkit/install/slam_toolbox/lib/libSlamToolboxPlugin.so
[116.054s] -- Up-to-date: /home/autodrive_devkit/install/slam_toolbox/include
[116.054s] -- Up-to-date: /home/autodrive_devkit/install/slam_toolbox/include/slam_toolbox
[116.054s] -- Installing: /home/autodrive_devkit/install/slam_toolbox/include/slam_toolbox/slam_mapper.hpp
[116.054s] -- Installing: /home/autodrive_devkit/install/slam_toolbox/include/slam_toolbox/map_saver.hpp
[116.054s] -- Installing: /home/autodrive_devkit/install/slam_toolbox/include/slam_toolbox/slam_toolbox_common.hpp
[116.054s] -- Installing: /home/autodrive_devkit/install/slam_toolbox/include/slam_toolbox/serialization.hpp
[116.054s] -- Installing: /home/autodrive_devkit/install/slam_toolbox/include/slam_toolbox/slam_toolbox_sync.hpp
[116.054s] -- Installing: /home/autodrive_devkit/install/slam_toolbox/include/slam_toolbox/toolbox_types.hpp
[116.054s] -- Installing: /home/autodrive_devkit/install/slam_toolbox/include/slam_toolbox/experimental
[116.054s] -- Installing: /home/autodrive_devkit/install/slam_toolbox/include/slam_toolbox/experimental/slam_toolbox_map_and_localization.hpp
[116.055s] -- Installing: /home/autodrive_devkit/install/slam_toolbox/include/slam_toolbox/experimental/slam_toolbox_lifelong.hpp
[116.055s] -- Installing: /home/autodrive_devkit/install/slam_toolbox/include/slam_toolbox/merge_maps_kinematic.hpp
[116.055s] -- Installing: /home/autodrive_devkit/install/slam_toolbox/include/slam_toolbox/toolbox_msgs.hpp
[116.055s] -- Installing: /home/autodrive_devkit/install/slam_toolbox/include/slam_toolbox/slam_toolbox_localization.hpp
[116.055s] -- Installing: /home/autodrive_devkit/install/slam_toolbox/include/slam_toolbox/visualization_utils.hpp
[116.055s] -- Installing: /home/autodrive_devkit/install/slam_toolbox/include/slam_toolbox/slam_toolbox_async.hpp
[116.055s] -- Installing: /home/autodrive_devkit/install/slam_toolbox/include/slam_toolbox/laser_utils.hpp
[116.055s] -- Installing: /home/autodrive_devkit/install/slam_toolbox/include/slam_toolbox/loop_closure_assistant.hpp
[116.056s] -- Installing: /home/autodrive_devkit/install/slam_toolbox/include/slam_toolbox/get_pose_helper.hpp
[116.056s] -- Installing: /home/autodrive_devkit/install/slam_toolbox/include/slam_toolbox/snap_utils.hpp
[116.056s] -- Installing: /home/autodrive_devkit/install/slam_toolbox/share/slam_toolbox/launch
[116.056s] -- Installing: /home/autodrive_devkit/install/slam_toolbox/share/slam_toolbox/launch/localization_launch.py
[116.056s] -- Installing: /home/autodrive_devkit/install/slam_toolbox/share/slam_toolbox/launch/online_async_launch.py
[116.056s] -- Installing: /home/autodrive_devkit/install/slam_toolbox/share/slam_toolbox/launch/online_sync_launch.py
[116.057s] -- Installing: /home/autodrive_devkit/install/slam_toolbox/share/slam_toolbox/launch/merge_maps_kinematic_launch.py
[116.057s] -- Installing: /home/autodrive_devkit/install/slam_toolbox/share/slam_toolbox/launch/offline_launch.py
[116.057s] -- Installing: /home/autodrive_devkit/install/slam_toolbox/share/slam_toolbox/config
[116.057s] -- Installing: /home/autodrive_devkit/install/slam_toolbox/share/slam_toolbox/config/mapper_params_offline.yaml
[116.058s] -- Installing: /home/autodrive_devkit/install/slam_toolbox/share/slam_toolbox/config/mapper_params_online_async.yaml
[116.058s] -- Installing: /home/autodrive_devkit/install/slam_toolbox/share/slam_toolbox/config/mapper_params_online_sync.yaml
[116.058s] -- Installing: /home/autodrive_devkit/install/slam_toolbox/share/slam_toolbox/config/mapper_params_localization.yaml
[116.058s] -- Installing: /home/autodrive_devkit/install/slam_toolbox/share/slam_toolbox/config/mapper_params_lifelong.yaml
[116.058s] -- Installing: /home/autodrive_devkit/install/slam_toolbox/share/slam_toolbox/config/slam_toolbox_default.rviz
[116.059s] -- Installing: /home/autodrive_devkit/install/slam_toolbox/share/solver_plugins.xml
[116.059s] -- Installing: /home/autodrive_devkit/install/slam_toolbox/share/rviz_plugins.xml
[116.059s] -- Installing: /home/autodrive_devkit/install/slam_toolbox/share/ament_index/resource_index/package_run_dependencies/slam_toolbox
[116.059s] -- Installing: /home/autodrive_devkit/install/slam_toolbox/share/ament_index/resource_index/parent_prefix_path/slam_toolbox
[116.060s] -- Installing: /home/autodrive_devkit/install/slam_toolbox/share/slam_toolbox/environment/ament_prefix_path.sh
[116.060s] -- Installing: /home/autodrive_devkit/install/slam_toolbox/share/slam_toolbox/environment/ament_prefix_path.dsv
[116.060s] -- Installing: /home/autodrive_devkit/install/slam_toolbox/share/slam_toolbox/environment/path.sh
[116.060s] -- Installing: /home/autodrive_devkit/install/slam_toolbox/share/slam_toolbox/environment/path.dsv
[116.061s] -- Installing: /home/autodrive_devkit/install/slam_toolbox/share/slam_toolbox/local_setup.bash
[116.061s] -- Installing: /home/autodrive_devkit/install/slam_toolbox/share/slam_toolbox/local_setup.sh
[116.061s] -- Installing: /home/autodrive_devkit/install/slam_toolbox/share/slam_toolbox/local_setup.zsh
[116.061s] -- Installing: /home/autodrive_devkit/install/slam_toolbox/share/slam_toolbox/local_setup.dsv
[116.062s] -- Installing: /home/autodrive_devkit/install/slam_toolbox/share/slam_toolbox/package.dsv
[116.062s] -- Installing: /home/autodrive_devkit/install/slam_toolbox/share/ament_index/resource_index/packages/slam_toolbox
[116.062s] -- Installing: /home/autodrive_devkit/install/slam_toolbox/share/ament_index/resource_index/rviz_common__pluginlib__plugin/slam_toolbox
[116.062s] -- Installing: /home/autodrive_devkit/install/slam_toolbox/share/ament_index/resource_index/slam_toolbox__pluginlib__plugin/slam_toolbox
[116.063s] -- Installing: /home/autodrive_devkit/install/slam_toolbox/share/slam_toolbox/cmake/export_slam_toolbox__rosidl_generator_cExport.cmake
[116.063s] -- Installing: /home/autodrive_devkit/install/slam_toolbox/share/slam_toolbox/cmake/export_slam_toolbox__rosidl_generator_cExport-release.cmake
[116.063s] -- Installing: /home/autodrive_devkit/install/slam_toolbox/share/slam_toolbox/cmake/export_slam_toolbox__rosidl_typesupport_fastrtps_cExport.cmake
[116.063s] -- Installing: /home/autodrive_devkit/install/slam_toolbox/share/slam_toolbox/cmake/export_slam_toolbox__rosidl_typesupport_fastrtps_cExport-release.cmake
[116.064s] -- Installing: /home/autodrive_devkit/install/slam_toolbox/share/slam_toolbox/cmake/export_slam_toolbox__rosidl_generator_cppExport.cmake
[116.064s] -- Installing: /home/autodrive_devkit/install/slam_toolbox/share/slam_toolbox/cmake/export_slam_toolbox__rosidl_typesupport_fastrtps_cppExport.cmake
[116.064s] -- Installing: /home/autodrive_devkit/install/slam_toolbox/share/slam_toolbox/cmake/export_slam_toolbox__rosidl_typesupport_fastrtps_cppExport-release.cmake
[116.064s] -- Installing: /home/autodrive_devkit/install/slam_toolbox/share/slam_toolbox/cmake/slam_toolbox__rosidl_typesupport_introspection_cExport.cmake
[116.065s] -- Installing: /home/autodrive_devkit/install/slam_toolbox/share/slam_toolbox/cmake/slam_toolbox__rosidl_typesupport_introspection_cExport-release.cmake
[116.065s] -- Installing: /home/autodrive_devkit/install/slam_toolbox/share/slam_toolbox/cmake/slam_toolbox__rosidl_typesupport_cExport.cmake
[116.065s] -- Installing: /home/autodrive_devkit/install/slam_toolbox/share/slam_toolbox/cmake/slam_toolbox__rosidl_typesupport_cExport-release.cmake
[116.065s] -- Installing: /home/autodrive_devkit/install/slam_toolbox/share/slam_toolbox/cmake/slam_toolbox__rosidl_typesupport_introspection_cppExport.cmake
[116.066s] -- Installing: /home/autodrive_devkit/install/slam_toolbox/share/slam_toolbox/cmake/slam_toolbox__rosidl_typesupport_introspection_cppExport-release.cmake
[116.066s] -- Installing: /home/autodrive_devkit/install/slam_toolbox/share/slam_toolbox/cmake/slam_toolbox__rosidl_typesupport_cppExport.cmake
[116.066s] -- Installing: /home/autodrive_devkit/install/slam_toolbox/share/slam_toolbox/cmake/slam_toolbox__rosidl_typesupport_cppExport-release.cmake
[116.066s] -- Installing: /home/autodrive_devkit/install/slam_toolbox/share/slam_toolbox/cmake/export_slam_toolbox__rosidl_generator_pyExport.cmake
[116.066s] -- Installing: /home/autodrive_devkit/install/slam_toolbox/share/slam_toolbox/cmake/export_slam_toolbox__rosidl_generator_pyExport-release.cmake
[116.067s] -- Installing: /home/autodrive_devkit/install/slam_toolbox/share/slam_toolbox/cmake/SlamToolboxPluginExport.cmake
[116.067s] -- Installing: /home/autodrive_devkit/install/slam_toolbox/share/slam_toolbox/cmake/SlamToolboxPluginExport-release.cmake
[116.067s] -- Installing: /home/autodrive_devkit/install/slam_toolbox/share/ament_index/resource_index/rclcpp_components/slam_toolbox
[116.067s] -- Installing: /home/autodrive_devkit/install/slam_toolbox/share/slam_toolbox/cmake/rosidl_cmake-extras.cmake
[116.068s] -- Installing: /home/autodrive_devkit/install/slam_toolbox/share/slam_toolbox/cmake/ament_cmake_export_dependencies-extras.cmake
[116.068s] -- Installing: /home/autodrive_devkit/install/slam_toolbox/share/slam_toolbox/cmake/ament_cmake_export_include_directories-extras.cmake
[116.068s] -- Installing: /home/autodrive_devkit/install/slam_toolbox/share/slam_toolbox/cmake/ament_cmake_export_libraries-extras.cmake
[116.068s] -- Installing: /home/autodrive_devkit/install/slam_toolbox/share/slam_toolbox/cmake/ament_cmake_export_targets-extras.cmake
[116.068s] -- Installing: /home/autodrive_devkit/install/slam_toolbox/share/slam_toolbox/cmake/rosidl_cmake_export_typesupport_targets-extras.cmake
[116.069s] -- Installing: /home/autodrive_devkit/install/slam_toolbox/share/slam_toolbox/cmake/rosidl_cmake_export_typesupport_libraries-extras.cmake
[116.069s] -- Installing: /home/autodrive_devkit/install/slam_toolbox/share/slam_toolbox/cmake/slam_toolboxConfig.cmake
[116.069s] -- Installing: /home/autodrive_devkit/install/slam_toolbox/share/slam_toolbox/cmake/slam_toolboxConfig-version.cmake
[116.069s] -- Installing: /home/autodrive_devkit/install/slam_toolbox/share/slam_toolbox/package.xml
[116.069s] -- Up-to-date: /home/autodrive_devkit/install/slam_toolbox/include/
[116.070s] -- Installing: /home/autodrive_devkit/install/slam_toolbox/include//karto_sdk
[116.070s] -- Installing: /home/autodrive_devkit/install/slam_toolbox/include//karto_sdk/nanoflann_adaptors.h
[116.070s] -- Installing: /home/autodrive_devkit/install/slam_toolbox/include//karto_sdk/Mapper.h
[116.070s] -- Installing: /home/autodrive_devkit/install/slam_toolbox/include//karto_sdk/Karto.h
[116.070s] -- Installing: /home/autodrive_devkit/install/slam_toolbox/include//karto_sdk/Math.h
[116.070s] -- Installing: /home/autodrive_devkit/install/slam_toolbox/include//karto_sdk/Types.h
[116.071s] -- Installing: /home/autodrive_devkit/install/slam_toolbox/include//karto_sdk/nanoflann.hpp
[116.071s] -- Installing: /home/autodrive_devkit/install/slam_toolbox/include//karto_sdk/Macros.h
[116.074s] Invoked command in '/home/autodrive_devkit/build/slam_toolbox' returned '0': CMAKE_PREFIX_PATH=/home/autodrive_devkit/install/autodrive_f1tenth:/opt/ros/humble /usr/bin/cmake --install /home/autodrive_devkit/build/slam_toolbox
