[0.679s] Invoking command in '/home/autodrive_devkit/src/navigation2/nav2_loopback_sim': PYTHONPATH=/home/autodrive_devkit/build/nav2_loopback_sim/prefix_override:/usr/lib/python3/dist-packages/colcon_core/task/python/colcon_distutils_commands:/home/autodrive_devkit/install/nav2_loopback_sim/lib/python3.10/site-packages:${PYTHONPATH} /usr/bin/python3 -W ignore:setup.py install is deprecated setup.py egg_info --egg-base ../../../build/nav2_loopback_sim build --build-base /home/autodrive_devkit/build/nav2_loopback_sim/build install --record /home/autodrive_devkit/build/nav2_loopback_sim/install.log --single-version-externally-managed install_data
[0.827s] running egg_info
[0.828s] writing ../../../build/nav2_loopback_sim/nav2_loopback_sim.egg-info/PKG-INFO
[0.828s] writing dependency_links to ../../../build/nav2_loopback_sim/nav2_loopback_sim.egg-info/dependency_links.txt
[0.828s] writing entry points to ../../../build/nav2_loopback_sim/nav2_loopback_sim.egg-info/entry_points.txt
[0.828s] writing requirements to ../../../build/nav2_loopback_sim/nav2_loopback_sim.egg-info/requires.txt
[0.828s] writing top-level names to ../../../build/nav2_loopback_sim/nav2_loopback_sim.egg-info/top_level.txt
[0.829s] package init file 'nav2_loopback_sim/__init__.py' not found (or not a regular file)
[0.829s] reading manifest file '../../../build/nav2_loopback_sim/nav2_loopback_sim.egg-info/SOURCES.txt'
[0.830s] writing manifest file '../../../build/nav2_loopback_sim/nav2_loopback_sim.egg-info/SOURCES.txt'
[0.830s] running build
[0.830s] running build_py
[0.830s] running install
[0.830s] running install_lib
[0.831s] running install_data
[0.831s] running install_egg_info
[0.832s] removing '/home/autodrive_devkit/install/nav2_loopback_sim/lib/python3.10/site-packages/nav2_loopback_sim-1.0.0-py3.10.egg-info' (and everything under it)
[0.833s] Copying ../../../build/nav2_loopback_sim/nav2_loopback_sim.egg-info to /home/autodrive_devkit/install/nav2_loopback_sim/lib/python3.10/site-packages/nav2_loopback_sim-1.0.0-py3.10.egg-info
[0.834s] running install_scripts
[0.850s] Installing loopback_simulator script to /home/autodrive_devkit/install/nav2_loopback_sim/lib/nav2_loopback_sim
[0.850s] writing list of installed files to '/home/autodrive_devkit/build/nav2_loopback_sim/install.log'
[0.876s] Invoked command in '/home/autodrive_devkit/src/navigation2/nav2_loopback_sim' returned '0': PYTHONPATH=/home/autodrive_devkit/build/nav2_loopback_sim/prefix_override:/usr/lib/python3/dist-packages/colcon_core/task/python/colcon_distutils_commands:/home/autodrive_devkit/install/nav2_loopback_sim/lib/python3.10/site-packages:${PYTHONPATH} /usr/bin/python3 -W ignore:setup.py install is deprecated setup.py egg_info --egg-base ../../../build/nav2_loopback_sim build --build-base /home/autodrive_devkit/build/nav2_loopback_sim/build install --record /home/autodrive_devkit/build/nav2_loopback_sim/install.log --single-version-externally-managed install_data
