[0.008s] Invoking command in '/home/autodrive_devkit/build/opennav_docking_core': AMENT_PREFIX_PATH=/home/autodrive_devkit/install/nav2_common:${AMENT_PREFIX_PATH} CMAKE_PREFIX_PATH=/home/autodrive_devkit/install/nav2_common:/home/autodrive_devkit/install/slam_toolbox:/home/autodrive_devkit/install/f1tenth_stanley_controller:/home/autodrive_devkit/install/autodrive_f1tenth:/opt/ros/humble PYTHONPATH=/home/autodrive_devkit/install/nav2_common/local/lib/python3.10/dist-packages:${PYTHONPATH} /usr/bin/cmake /home/autodrive_devkit/src/navigation2/nav2_docking/opennav_docking_core -DCMAKE_INSTALL_PREFIX=/home/autodrive_devkit/install/opennav_docking_core
[0.047s] -- The C compiler identification is GNU 11.4.0
[0.088s] -- The CXX compiler identification is GNU 11.4.0
[0.093s] -- Detecting C compiler ABI info
[0.152s] -- Detecting C compiler ABI info - done
[0.156s] -- Check for working C compiler: /usr/bin/cc - skipped
[0.156s] -- Detecting C compile features
[0.156s] -- Detecting C compile features - done
[0.158s] -- Detecting CXX compiler ABI info
[0.221s] -- Detecting CXX compiler ABI info - done
[0.225s] -- Check for working CXX compiler: /usr/bin/c++ - skipped
[0.226s] -- Detecting CXX compile features
[0.226s] -- Detecting CXX compile features - done
[0.229s] -- Found ament_cmake: 1.3.10 (/opt/ros/humble/share/ament_cmake/cmake)
[0.338s] -- Found Python3: /usr/bin/python3 (found version "3.10.12") found components: Interpreter 
[0.413s] -- Found geometry_msgs: 4.2.4 (/opt/ros/humble/share/geometry_msgs/cmake)
[0.444s] -- Found rosidl_generator_c: 3.1.5 (/opt/ros/humble/share/rosidl_generator_c/cmake)
[0.448s] -- Found rosidl_adapter: 3.1.5 (/opt/ros/humble/share/rosidl_adapter/cmake)
[0.455s] -- Found rosidl_generator_cpp: 3.1.5 (/opt/ros/humble/share/rosidl_generator_cpp/cmake)
[0.464s] -- Using all available rosidl_typesupport_c: rosidl_typesupport_fastrtps_c;rosidl_typesupport_introspection_c
[0.476s] -- Using all available rosidl_typesupport_cpp: rosidl_typesupport_fastrtps_cpp;rosidl_typesupport_introspection_cpp
[0.500s] -- Found nav2_common: 1.3.1 (/home/autodrive_devkit/install/nav2_common/share/nav2_common/cmake)
[0.502s] -- Found rclcpp_lifecycle: 16.0.10 (/opt/ros/humble/share/rclcpp_lifecycle/cmake)
[0.547s] -- Found rmw_implementation_cmake: 6.1.2 (/opt/ros/humble/share/rmw_implementation_cmake/cmake)
[0.551s] -- Found rmw_fastrtps_cpp: 6.2.7 (/opt/ros/humble/share/rmw_fastrtps_cpp/cmake)
[0.650s] -- Found OpenSSL: /usr/lib/x86_64-linux-gnu/libcrypto.so (found version "3.0.2")  
[0.675s] -- Found FastRTPS: /opt/ros/humble/include  
[0.719s] -- Using RMW implementation 'rmw_fastrtps_cpp' as default
[0.731s] -- Looking for pthread.h
[0.800s] -- Looking for pthread.h - found
[0.800s] -- Performing Test CMAKE_HAVE_LIBC_PTHREAD
[0.863s] -- Performing Test CMAKE_HAVE_LIBC_PTHREAD - Success
[0.864s] -- Found Threads: TRUE  
[0.921s] -- Found tf2_ros: 0.25.7 (/opt/ros/humble/share/tf2_ros/cmake)
[1.015s] -- Setting build type to Release as none was specified.
[1.017s] -- Found ament_lint_auto: 0.12.11 (/opt/ros/humble/share/ament_lint_auto/cmake)
[1.098s] -- Added test 'cppcheck' to perform static code analysis on C / C++ code
[1.098s] -- Configured cppcheck include dirs: $<BUILD_INTERFACE:/home/autodrive_devkit/src/navigation2/nav2_docking/opennav_docking_core/include>
[1.099s] -- Configured cppcheck exclude dirs and/or files: 
[1.099s] -- Added test 'cpplint' to check C / C++ code against the Google style
[1.099s] -- Configured cpplint exclude dirs and/or files: 
[1.100s] -- Added test 'lint_cmake' to check CMake code style
[1.101s] -- Added test 'uncrustify' to check C / C++ code style
[1.101s] -- Configured uncrustify additional arguments: 
[1.101s] -- Added test 'xmllint' to check XML markup files
[1.103s] -- Configuring done
[1.111s] -- Generating done
[1.113s] -- Build files have been written to: /home/autodrive_devkit/build/opennav_docking_core
