[0.040s] Invoking command in '/home/autodrive_devkit/build/dwb_msgs': AMENT_PREFIX_PATH=/home/autodrive_devkit/install/nav_2d_msgs:${AMENT_PREFIX_PATH} CMAKE_PREFIX_PATH=/home/autodrive_devkit/install/nav_2d_msgs:/home/autodrive_devkit/install/slam_toolbox:/home/autodrive_devkit/install/f1tenth_stanley_controller:/home/autodrive_devkit/install/autodrive_f1tenth:/opt/ros/humble LD_LIBRARY_PATH=/home/autodrive_devkit/install/nav_2d_msgs/lib:${LD_LIBRARY_PATH} PYTHONPATH=/home/autodrive_devkit/install/nav_2d_msgs/local/lib/python3.10/dist-packages:${PYTHONPATH} /usr/bin/cmake --build /home/autodrive_devkit/build/dwb_msgs -- -j16 -l16
[0.181s] [  1%] Built target dwb_msgs__cpp
[0.192s] [ 12%] Built target dwb_msgs__rosidl_generator_c
[0.210s] [ 12%] Built target ament_cmake_python_copy_dwb_msgs
[0.428s] [ 33%] Built target dwb_msgs__rosidl_typesupport_fastrtps_cpp
[0.428s] [ 35%] Built target dwb_msgs__rosidl_typesupport_cpp
[0.436s] [ 47%] Built target dwb_msgs__rosidl_typesupport_introspection_c
[0.460s] [ 58%] Built target dwb_msgs__rosidl_typesupport_c
[0.469s] [ 70%] Built target dwb_msgs__rosidl_typesupport_introspection_cpp
[0.524s] [ 82%] Built target dwb_msgs__rosidl_typesupport_fastrtps_c
[0.551s] [ 82%] Built target dwb_msgs
[0.575s] [ 83%] Built target dwb_msgs__py
[0.604s] [ 93%] Built target dwb_msgs__rosidl_generator_py
[0.630s] [100%] Built target dwb_msgs__rosidl_typesupport_c__pyext
[0.631s] [100%] Built target dwb_msgs__rosidl_typesupport_fastrtps_c__pyext
[0.631s] [100%] Built target dwb_msgs__rosidl_typesupport_introspection_c__pyext
[0.700s] running egg_info
[0.701s] writing dwb_msgs.egg-info/PKG-INFO
[0.701s] writing dependency_links to dwb_msgs.egg-info/dependency_links.txt
[0.702s] writing top-level names to dwb_msgs.egg-info/top_level.txt
[0.704s] reading manifest file 'dwb_msgs.egg-info/SOURCES.txt'
[0.705s] writing manifest file 'dwb_msgs.egg-info/SOURCES.txt'
[0.743s] [100%] Built target ament_cmake_python_build_dwb_msgs_egg
[0.758s] Invoked command in '/home/autodrive_devkit/build/dwb_msgs' returned '0': AMENT_PREFIX_PATH=/home/autodrive_devkit/install/nav_2d_msgs:${AMENT_PREFIX_PATH} CMAKE_PREFIX_PATH=/home/autodrive_devkit/install/nav_2d_msgs:/home/autodrive_devkit/install/slam_toolbox:/home/autodrive_devkit/install/f1tenth_stanley_controller:/home/autodrive_devkit/install/autodrive_f1tenth:/opt/ros/humble LD_LIBRARY_PATH=/home/autodrive_devkit/install/nav_2d_msgs/lib:${LD_LIBRARY_PATH} PYTHONPATH=/home/autodrive_devkit/install/nav_2d_msgs/local/lib/python3.10/dist-packages:${PYTHONPATH} /usr/bin/cmake --build /home/autodrive_devkit/build/dwb_msgs -- -j16 -l16
[1.022s] Invoking command in '/home/autodrive_devkit/build/dwb_msgs': AMENT_PREFIX_PATH=/home/autodrive_devkit/install/nav_2d_msgs:${AMENT_PREFIX_PATH} CMAKE_PREFIX_PATH=/home/autodrive_devkit/install/nav_2d_msgs:/home/autodrive_devkit/install/slam_toolbox:/home/autodrive_devkit/install/f1tenth_stanley_controller:/home/autodrive_devkit/install/autodrive_f1tenth:/opt/ros/humble LD_LIBRARY_PATH=/home/autodrive_devkit/install/nav_2d_msgs/lib:${LD_LIBRARY_PATH} PYTHONPATH=/home/autodrive_devkit/install/nav_2d_msgs/local/lib/python3.10/dist-packages:${PYTHONPATH} /usr/bin/cmake --install /home/autodrive_devkit/build/dwb_msgs
[1.032s] -- Install configuration: ""
[1.033s] -- Up-to-date: /home/autodrive_devkit/install/dwb_msgs/share/ament_index/resource_index/rosidl_interfaces/dwb_msgs
[1.033s] -- Up-to-date: /home/autodrive_devkit/install/dwb_msgs/include/dwb_msgs/dwb_msgs
[1.033s] -- Up-to-date: /home/autodrive_devkit/install/dwb_msgs/include/dwb_msgs/dwb_msgs/msg
[1.033s] -- Up-to-date: /home/autodrive_devkit/install/dwb_msgs/include/dwb_msgs/dwb_msgs/msg/rosidl_generator_c__visibility_control.h
[1.033s] -- Up-to-date: /home/autodrive_devkit/install/dwb_msgs/include/dwb_msgs/dwb_msgs/msg/local_plan_evaluation.h
[1.033s] -- Up-to-date: /home/autodrive_devkit/install/dwb_msgs/include/dwb_msgs/dwb_msgs/msg/trajectory2_d.h
[1.033s] -- Up-to-date: /home/autodrive_devkit/install/dwb_msgs/include/dwb_msgs/dwb_msgs/msg/trajectory_score.h
[1.034s] -- Up-to-date: /home/autodrive_devkit/install/dwb_msgs/include/dwb_msgs/dwb_msgs/msg/critic_score.h
[1.034s] -- Up-to-date: /home/autodrive_devkit/install/dwb_msgs/include/dwb_msgs/dwb_msgs/msg/detail
[1.034s] -- Up-to-date: /home/autodrive_devkit/install/dwb_msgs/include/dwb_msgs/dwb_msgs/msg/detail/trajectory_score__functions.c
[1.034s] -- Up-to-date: /home/autodrive_devkit/install/dwb_msgs/include/dwb_msgs/dwb_msgs/msg/detail/trajectory2_d__functions.c
[1.034s] -- Up-to-date: /home/autodrive_devkit/install/dwb_msgs/include/dwb_msgs/dwb_msgs/msg/detail/critic_score__functions.c
[1.034s] -- Up-to-date: /home/autodrive_devkit/install/dwb_msgs/include/dwb_msgs/dwb_msgs/msg/detail/local_plan_evaluation__functions.c
[1.034s] -- Up-to-date: /home/autodrive_devkit/install/dwb_msgs/include/dwb_msgs/dwb_msgs/msg/detail/critic_score__functions.h
[1.034s] -- Up-to-date: /home/autodrive_devkit/install/dwb_msgs/include/dwb_msgs/dwb_msgs/msg/detail/critic_score__type_support.h
[1.034s] -- Up-to-date: /home/autodrive_devkit/install/dwb_msgs/include/dwb_msgs/dwb_msgs/msg/detail/local_plan_evaluation__functions.h
[1.034s] -- Up-to-date: /home/autodrive_devkit/install/dwb_msgs/include/dwb_msgs/dwb_msgs/msg/detail/trajectory_score__functions.h
[1.034s] -- Up-to-date: /home/autodrive_devkit/install/dwb_msgs/include/dwb_msgs/dwb_msgs/msg/detail/local_plan_evaluation__struct.h
[1.035s] -- Up-to-date: /home/autodrive_devkit/install/dwb_msgs/include/dwb_msgs/dwb_msgs/msg/detail/trajectory2_d__struct.h
[1.035s] -- Up-to-date: /home/autodrive_devkit/install/dwb_msgs/include/dwb_msgs/dwb_msgs/msg/detail/local_plan_evaluation__type_support.h
[1.035s] -- Up-to-date: /home/autodrive_devkit/install/dwb_msgs/include/dwb_msgs/dwb_msgs/msg/detail/trajectory_score__struct.h
[1.035s] -- Up-to-date: /home/autodrive_devkit/install/dwb_msgs/include/dwb_msgs/dwb_msgs/msg/detail/critic_score__struct.h
[1.035s] -- Up-to-date: /home/autodrive_devkit/install/dwb_msgs/include/dwb_msgs/dwb_msgs/msg/detail/trajectory2_d__type_support.h
[1.035s] -- Up-to-date: /home/autodrive_devkit/install/dwb_msgs/include/dwb_msgs/dwb_msgs/msg/detail/trajectory2_d__functions.h
[1.035s] -- Up-to-date: /home/autodrive_devkit/install/dwb_msgs/include/dwb_msgs/dwb_msgs/msg/detail/trajectory_score__type_support.h
[1.036s] -- Up-to-date: /home/autodrive_devkit/install/dwb_msgs/include/dwb_msgs/dwb_msgs/srv
[1.036s] -- Up-to-date: /home/autodrive_devkit/install/dwb_msgs/include/dwb_msgs/dwb_msgs/srv/debug_local_plan.h
[1.036s] -- Up-to-date: /home/autodrive_devkit/install/dwb_msgs/include/dwb_msgs/dwb_msgs/srv/detail
[1.036s] -- Up-to-date: /home/autodrive_devkit/install/dwb_msgs/include/dwb_msgs/dwb_msgs/srv/detail/score_trajectory__type_support.h
[1.036s] -- Up-to-date: /home/autodrive_devkit/install/dwb_msgs/include/dwb_msgs/dwb_msgs/srv/detail/get_critic_score__functions.h
[1.036s] -- Up-to-date: /home/autodrive_devkit/install/dwb_msgs/include/dwb_msgs/dwb_msgs/srv/detail/score_trajectory__functions.c
[1.036s] -- Up-to-date: /home/autodrive_devkit/install/dwb_msgs/include/dwb_msgs/dwb_msgs/srv/detail/generate_twists__type_support.h
[1.036s] -- Up-to-date: /home/autodrive_devkit/install/dwb_msgs/include/dwb_msgs/dwb_msgs/srv/detail/debug_local_plan__type_support.h
[1.036s] -- Up-to-date: /home/autodrive_devkit/install/dwb_msgs/include/dwb_msgs/dwb_msgs/srv/detail/debug_local_plan__functions.c
[1.036s] -- Up-to-date: /home/autodrive_devkit/install/dwb_msgs/include/dwb_msgs/dwb_msgs/srv/detail/get_critic_score__functions.c
[1.037s] -- Up-to-date: /home/autodrive_devkit/install/dwb_msgs/include/dwb_msgs/dwb_msgs/srv/detail/generate_twists__functions.h
[1.037s] -- Up-to-date: /home/autodrive_devkit/install/dwb_msgs/include/dwb_msgs/dwb_msgs/srv/detail/generate_trajectory__functions.c
[1.037s] -- Up-to-date: /home/autodrive_devkit/install/dwb_msgs/include/dwb_msgs/dwb_msgs/srv/detail/generate_trajectory__struct.h
[1.037s] -- Up-to-date: /home/autodrive_devkit/install/dwb_msgs/include/dwb_msgs/dwb_msgs/srv/detail/debug_local_plan__functions.h
[1.037s] -- Up-to-date: /home/autodrive_devkit/install/dwb_msgs/include/dwb_msgs/dwb_msgs/srv/detail/score_trajectory__functions.h
[1.037s] -- Up-to-date: /home/autodrive_devkit/install/dwb_msgs/include/dwb_msgs/dwb_msgs/srv/detail/get_critic_score__struct.h
[1.037s] -- Up-to-date: /home/autodrive_devkit/install/dwb_msgs/include/dwb_msgs/dwb_msgs/srv/detail/generate_trajectory__type_support.h
[1.037s] -- Up-to-date: /home/autodrive_devkit/install/dwb_msgs/include/dwb_msgs/dwb_msgs/srv/detail/score_trajectory__struct.h
[1.037s] -- Up-to-date: /home/autodrive_devkit/install/dwb_msgs/include/dwb_msgs/dwb_msgs/srv/detail/generate_twists__functions.c
[1.037s] -- Up-to-date: /home/autodrive_devkit/install/dwb_msgs/include/dwb_msgs/dwb_msgs/srv/detail/debug_local_plan__struct.h
[1.037s] -- Up-to-date: /home/autodrive_devkit/install/dwb_msgs/include/dwb_msgs/dwb_msgs/srv/detail/generate_trajectory__functions.h
[1.037s] -- Up-to-date: /home/autodrive_devkit/install/dwb_msgs/include/dwb_msgs/dwb_msgs/srv/detail/get_critic_score__type_support.h
[1.037s] -- Up-to-date: /home/autodrive_devkit/install/dwb_msgs/include/dwb_msgs/dwb_msgs/srv/detail/generate_twists__struct.h
[1.037s] -- Up-to-date: /home/autodrive_devkit/install/dwb_msgs/include/dwb_msgs/dwb_msgs/srv/generate_trajectory.h
[1.037s] -- Up-to-date: /home/autodrive_devkit/install/dwb_msgs/include/dwb_msgs/dwb_msgs/srv/score_trajectory.h
[1.037s] -- Up-to-date: /home/autodrive_devkit/install/dwb_msgs/include/dwb_msgs/dwb_msgs/srv/get_critic_score.h
[1.037s] -- Up-to-date: /home/autodrive_devkit/install/dwb_msgs/include/dwb_msgs/dwb_msgs/srv/generate_twists.h
[1.037s] -- Up-to-date: /home/autodrive_devkit/install/dwb_msgs/share/dwb_msgs/environment/library_path.sh
[1.037s] -- Up-to-date: /home/autodrive_devkit/install/dwb_msgs/share/dwb_msgs/environment/library_path.dsv
[1.037s] -- Up-to-date: /home/autodrive_devkit/install/dwb_msgs/lib/libdwb_msgs__rosidl_generator_c.so
[1.037s] -- Up-to-date: /home/autodrive_devkit/install/dwb_msgs/include/dwb_msgs/dwb_msgs
[1.037s] -- Up-to-date: /home/autodrive_devkit/install/dwb_msgs/include/dwb_msgs/dwb_msgs/msg
[1.037s] -- Up-to-date: /home/autodrive_devkit/install/dwb_msgs/include/dwb_msgs/dwb_msgs/msg/detail
[1.037s] -- Up-to-date: /home/autodrive_devkit/install/dwb_msgs/include/dwb_msgs/dwb_msgs/msg/detail/critic_score__rosidl_typesupport_fastrtps_c.h
[1.037s] -- Up-to-date: /home/autodrive_devkit/install/dwb_msgs/include/dwb_msgs/dwb_msgs/msg/detail/local_plan_evaluation__rosidl_typesupport_fastrtps_c.h
[1.038s] -- Up-to-date: /home/autodrive_devkit/install/dwb_msgs/include/dwb_msgs/dwb_msgs/msg/detail/trajectory2_d__rosidl_typesupport_fastrtps_c.h
[1.038s] -- Up-to-date: /home/autodrive_devkit/install/dwb_msgs/include/dwb_msgs/dwb_msgs/msg/detail/trajectory_score__rosidl_typesupport_fastrtps_c.h
[1.038s] -- Up-to-date: /home/autodrive_devkit/install/dwb_msgs/include/dwb_msgs/dwb_msgs/msg/rosidl_typesupport_fastrtps_c__visibility_control.h
[1.038s] -- Up-to-date: /home/autodrive_devkit/install/dwb_msgs/include/dwb_msgs/dwb_msgs/srv
[1.038s] -- Up-to-date: /home/autodrive_devkit/install/dwb_msgs/include/dwb_msgs/dwb_msgs/srv/detail
[1.038s] -- Up-to-date: /home/autodrive_devkit/install/dwb_msgs/include/dwb_msgs/dwb_msgs/srv/detail/get_critic_score__rosidl_typesupport_fastrtps_c.h
[1.038s] -- Up-to-date: /home/autodrive_devkit/install/dwb_msgs/include/dwb_msgs/dwb_msgs/srv/detail/score_trajectory__rosidl_typesupport_fastrtps_c.h
[1.038s] -- Up-to-date: /home/autodrive_devkit/install/dwb_msgs/include/dwb_msgs/dwb_msgs/srv/detail/debug_local_plan__rosidl_typesupport_fastrtps_c.h
[1.038s] -- Up-to-date: /home/autodrive_devkit/install/dwb_msgs/include/dwb_msgs/dwb_msgs/srv/detail/generate_trajectory__rosidl_typesupport_fastrtps_c.h
[1.038s] -- Up-to-date: /home/autodrive_devkit/install/dwb_msgs/include/dwb_msgs/dwb_msgs/srv/detail/generate_twists__rosidl_typesupport_fastrtps_c.h
[1.038s] -- Up-to-date: /home/autodrive_devkit/install/dwb_msgs/lib/libdwb_msgs__rosidl_typesupport_fastrtps_c.so
[1.038s] -- Up-to-date: /home/autodrive_devkit/install/dwb_msgs/include/dwb_msgs/dwb_msgs
[1.038s] -- Up-to-date: /home/autodrive_devkit/install/dwb_msgs/include/dwb_msgs/dwb_msgs/msg
[1.038s] -- Up-to-date: /home/autodrive_devkit/install/dwb_msgs/include/dwb_msgs/dwb_msgs/msg/local_plan_evaluation.hpp
[1.038s] -- Up-to-date: /home/autodrive_devkit/install/dwb_msgs/include/dwb_msgs/dwb_msgs/msg/detail
[1.038s] -- Up-to-date: /home/autodrive_devkit/install/dwb_msgs/include/dwb_msgs/dwb_msgs/msg/detail/local_plan_evaluation__struct.hpp
[1.038s] -- Up-to-date: /home/autodrive_devkit/install/dwb_msgs/include/dwb_msgs/dwb_msgs/msg/detail/critic_score__traits.hpp
[1.038s] -- Up-to-date: /home/autodrive_devkit/install/dwb_msgs/include/dwb_msgs/dwb_msgs/msg/detail/trajectory_score__traits.hpp
[1.038s] -- Up-to-date: /home/autodrive_devkit/install/dwb_msgs/include/dwb_msgs/dwb_msgs/msg/detail/local_plan_evaluation__traits.hpp
[1.038s] -- Up-to-date: /home/autodrive_devkit/install/dwb_msgs/include/dwb_msgs/dwb_msgs/msg/detail/trajectory2_d__traits.hpp
[1.038s] -- Up-to-date: /home/autodrive_devkit/install/dwb_msgs/include/dwb_msgs/dwb_msgs/msg/detail/trajectory_score__builder.hpp
[1.038s] -- Up-to-date: /home/autodrive_devkit/install/dwb_msgs/include/dwb_msgs/dwb_msgs/msg/detail/trajectory2_d__builder.hpp
[1.038s] -- Up-to-date: /home/autodrive_devkit/install/dwb_msgs/include/dwb_msgs/dwb_msgs/msg/detail/critic_score__builder.hpp
[1.038s] -- Up-to-date: /home/autodrive_devkit/install/dwb_msgs/include/dwb_msgs/dwb_msgs/msg/detail/critic_score__struct.hpp
[1.038s] -- Up-to-date: /home/autodrive_devkit/install/dwb_msgs/include/dwb_msgs/dwb_msgs/msg/detail/trajectory2_d__struct.hpp
[1.038s] -- Up-to-date: /home/autodrive_devkit/install/dwb_msgs/include/dwb_msgs/dwb_msgs/msg/detail/local_plan_evaluation__builder.hpp
[1.038s] -- Up-to-date: /home/autodrive_devkit/install/dwb_msgs/include/dwb_msgs/dwb_msgs/msg/detail/trajectory_score__struct.hpp
[1.038s] -- Up-to-date: /home/autodrive_devkit/install/dwb_msgs/include/dwb_msgs/dwb_msgs/msg/trajectory_score.hpp
[1.038s] -- Up-to-date: /home/autodrive_devkit/install/dwb_msgs/include/dwb_msgs/dwb_msgs/msg/critic_score.hpp
[1.039s] -- Up-to-date: /home/autodrive_devkit/install/dwb_msgs/include/dwb_msgs/dwb_msgs/msg/trajectory2_d.hpp
[1.039s] -- Up-to-date: /home/autodrive_devkit/install/dwb_msgs/include/dwb_msgs/dwb_msgs/srv
[1.039s] -- Up-to-date: /home/autodrive_devkit/install/dwb_msgs/include/dwb_msgs/dwb_msgs/srv/debug_local_plan.hpp
[1.039s] -- Up-to-date: /home/autodrive_devkit/install/dwb_msgs/include/dwb_msgs/dwb_msgs/srv/generate_trajectory.hpp
[1.039s] -- Up-to-date: /home/autodrive_devkit/install/dwb_msgs/include/dwb_msgs/dwb_msgs/srv/get_critic_score.hpp
[1.039s] -- Up-to-date: /home/autodrive_devkit/install/dwb_msgs/include/dwb_msgs/dwb_msgs/srv/score_trajectory.hpp
[1.039s] -- Up-to-date: /home/autodrive_devkit/install/dwb_msgs/include/dwb_msgs/dwb_msgs/srv/detail
[1.039s] -- Up-to-date: /home/autodrive_devkit/install/dwb_msgs/include/dwb_msgs/dwb_msgs/srv/detail/score_trajectory__builder.hpp
[1.039s] -- Up-to-date: /home/autodrive_devkit/install/dwb_msgs/include/dwb_msgs/dwb_msgs/srv/detail/generate_twists__struct.hpp
[1.039s] -- Up-to-date: /home/autodrive_devkit/install/dwb_msgs/include/dwb_msgs/dwb_msgs/srv/detail/generate_trajectory__traits.hpp
[1.039s] -- Up-to-date: /home/autodrive_devkit/install/dwb_msgs/include/dwb_msgs/dwb_msgs/srv/detail/debug_local_plan__struct.hpp
[1.039s] -- Up-to-date: /home/autodrive_devkit/install/dwb_msgs/include/dwb_msgs/dwb_msgs/srv/detail/generate_twists__traits.hpp
[1.039s] -- Up-to-date: /home/autodrive_devkit/install/dwb_msgs/include/dwb_msgs/dwb_msgs/srv/detail/get_critic_score__traits.hpp
[1.039s] -- Up-to-date: /home/autodrive_devkit/install/dwb_msgs/include/dwb_msgs/dwb_msgs/srv/detail/score_trajectory__struct.hpp
[1.039s] -- Up-to-date: /home/autodrive_devkit/install/dwb_msgs/include/dwb_msgs/dwb_msgs/srv/detail/get_critic_score__builder.hpp
[1.039s] -- Up-to-date: /home/autodrive_devkit/install/dwb_msgs/include/dwb_msgs/dwb_msgs/srv/detail/get_critic_score__struct.hpp
[1.039s] -- Up-to-date: /home/autodrive_devkit/install/dwb_msgs/include/dwb_msgs/dwb_msgs/srv/detail/generate_trajectory__builder.hpp
[1.039s] -- Up-to-date: /home/autodrive_devkit/install/dwb_msgs/include/dwb_msgs/dwb_msgs/srv/detail/generate_twists__builder.hpp
[1.039s] -- Up-to-date: /home/autodrive_devkit/install/dwb_msgs/include/dwb_msgs/dwb_msgs/srv/detail/debug_local_plan__traits.hpp
[1.039s] -- Up-to-date: /home/autodrive_devkit/install/dwb_msgs/include/dwb_msgs/dwb_msgs/srv/detail/generate_trajectory__struct.hpp
[1.039s] -- Up-to-date: /home/autodrive_devkit/install/dwb_msgs/include/dwb_msgs/dwb_msgs/srv/detail/score_trajectory__traits.hpp
[1.039s] -- Up-to-date: /home/autodrive_devkit/install/dwb_msgs/include/dwb_msgs/dwb_msgs/srv/detail/debug_local_plan__builder.hpp
[1.039s] -- Up-to-date: /home/autodrive_devkit/install/dwb_msgs/include/dwb_msgs/dwb_msgs/srv/generate_twists.hpp
[1.039s] -- Up-to-date: /home/autodrive_devkit/install/dwb_msgs/include/dwb_msgs/dwb_msgs
[1.039s] -- Up-to-date: /home/autodrive_devkit/install/dwb_msgs/include/dwb_msgs/dwb_msgs/msg
[1.040s] -- Up-to-date: /home/autodrive_devkit/install/dwb_msgs/include/dwb_msgs/dwb_msgs/msg/rosidl_typesupport_fastrtps_cpp__visibility_control.h
[1.040s] -- Up-to-date: /home/autodrive_devkit/install/dwb_msgs/include/dwb_msgs/dwb_msgs/msg/detail
[1.040s] -- Up-to-date: /home/autodrive_devkit/install/dwb_msgs/include/dwb_msgs/dwb_msgs/msg/detail/trajectory_score__rosidl_typesupport_fastrtps_cpp.hpp
[1.040s] -- Up-to-date: /home/autodrive_devkit/install/dwb_msgs/include/dwb_msgs/dwb_msgs/msg/detail/local_plan_evaluation__rosidl_typesupport_fastrtps_cpp.hpp
[1.040s] -- Up-to-date: /home/autodrive_devkit/install/dwb_msgs/include/dwb_msgs/dwb_msgs/msg/detail/dds_fastrtps
[1.040s] -- Up-to-date: /home/autodrive_devkit/install/dwb_msgs/include/dwb_msgs/dwb_msgs/msg/detail/trajectory2_d__rosidl_typesupport_fastrtps_cpp.hpp
[1.040s] -- Up-to-date: /home/autodrive_devkit/install/dwb_msgs/include/dwb_msgs/dwb_msgs/msg/detail/critic_score__rosidl_typesupport_fastrtps_cpp.hpp
[1.040s] -- Up-to-date: /home/autodrive_devkit/install/dwb_msgs/include/dwb_msgs/dwb_msgs/srv
[1.040s] -- Up-to-date: /home/autodrive_devkit/install/dwb_msgs/include/dwb_msgs/dwb_msgs/srv/detail
[1.040s] -- Up-to-date: /home/autodrive_devkit/install/dwb_msgs/include/dwb_msgs/dwb_msgs/srv/detail/generate_twists__rosidl_typesupport_fastrtps_cpp.hpp
[1.040s] -- Up-to-date: /home/autodrive_devkit/install/dwb_msgs/include/dwb_msgs/dwb_msgs/srv/detail/score_trajectory__rosidl_typesupport_fastrtps_cpp.hpp
[1.040s] -- Up-to-date: /home/autodrive_devkit/install/dwb_msgs/include/dwb_msgs/dwb_msgs/srv/detail/get_critic_score__rosidl_typesupport_fastrtps_cpp.hpp
[1.040s] -- Up-to-date: /home/autodrive_devkit/install/dwb_msgs/include/dwb_msgs/dwb_msgs/srv/detail/dds_fastrtps
[1.040s] -- Up-to-date: /home/autodrive_devkit/install/dwb_msgs/include/dwb_msgs/dwb_msgs/srv/detail/debug_local_plan__rosidl_typesupport_fastrtps_cpp.hpp
[1.040s] -- Up-to-date: /home/autodrive_devkit/install/dwb_msgs/include/dwb_msgs/dwb_msgs/srv/detail/generate_trajectory__rosidl_typesupport_fastrtps_cpp.hpp
[1.040s] -- Up-to-date: /home/autodrive_devkit/install/dwb_msgs/lib/libdwb_msgs__rosidl_typesupport_fastrtps_cpp.so
[1.040s] -- Up-to-date: /home/autodrive_devkit/install/dwb_msgs/include/dwb_msgs/dwb_msgs
[1.040s] -- Up-to-date: /home/autodrive_devkit/install/dwb_msgs/include/dwb_msgs/dwb_msgs/msg
[1.040s] -- Up-to-date: /home/autodrive_devkit/install/dwb_msgs/include/dwb_msgs/dwb_msgs/msg/rosidl_typesupport_introspection_c__visibility_control.h
[1.040s] -- Up-to-date: /home/autodrive_devkit/install/dwb_msgs/include/dwb_msgs/dwb_msgs/msg/detail
[1.040s] -- Up-to-date: /home/autodrive_devkit/install/dwb_msgs/include/dwb_msgs/dwb_msgs/msg/detail/critic_score__type_support.c
[1.040s] -- Up-to-date: /home/autodrive_devkit/install/dwb_msgs/include/dwb_msgs/dwb_msgs/msg/detail/trajectory2_d__type_support.c
[1.040s] -- Up-to-date: /home/autodrive_devkit/install/dwb_msgs/include/dwb_msgs/dwb_msgs/msg/detail/local_plan_evaluation__rosidl_typesupport_introspection_c.h
[1.040s] -- Up-to-date: /home/autodrive_devkit/install/dwb_msgs/include/dwb_msgs/dwb_msgs/msg/detail/trajectory_score__rosidl_typesupport_introspection_c.h
[1.040s] -- Up-to-date: /home/autodrive_devkit/install/dwb_msgs/include/dwb_msgs/dwb_msgs/msg/detail/trajectory2_d__rosidl_typesupport_introspection_c.h
[1.040s] -- Up-to-date: /home/autodrive_devkit/install/dwb_msgs/include/dwb_msgs/dwb_msgs/msg/detail/critic_score__rosidl_typesupport_introspection_c.h
[1.040s] -- Up-to-date: /home/autodrive_devkit/install/dwb_msgs/include/dwb_msgs/dwb_msgs/msg/detail/trajectory_score__type_support.c
[1.040s] -- Up-to-date: /home/autodrive_devkit/install/dwb_msgs/include/dwb_msgs/dwb_msgs/msg/detail/local_plan_evaluation__type_support.c
[1.040s] -- Up-to-date: /home/autodrive_devkit/install/dwb_msgs/include/dwb_msgs/dwb_msgs/srv
[1.040s] -- Up-to-date: /home/autodrive_devkit/install/dwb_msgs/include/dwb_msgs/dwb_msgs/srv/detail
[1.041s] -- Up-to-date: /home/autodrive_devkit/install/dwb_msgs/include/dwb_msgs/dwb_msgs/srv/detail/score_trajectory__type_support.c
[1.041s] -- Up-to-date: /home/autodrive_devkit/install/dwb_msgs/include/dwb_msgs/dwb_msgs/srv/detail/generate_twists__rosidl_typesupport_introspection_c.h
[1.041s] -- Up-to-date: /home/autodrive_devkit/install/dwb_msgs/include/dwb_msgs/dwb_msgs/srv/detail/score_trajectory__rosidl_typesupport_introspection_c.h
[1.041s] -- Up-to-date: /home/autodrive_devkit/install/dwb_msgs/include/dwb_msgs/dwb_msgs/srv/detail/debug_local_plan__rosidl_typesupport_introspection_c.h
[1.041s] -- Up-to-date: /home/autodrive_devkit/install/dwb_msgs/include/dwb_msgs/dwb_msgs/srv/detail/generate_trajectory__type_support.c
[1.041s] -- Up-to-date: /home/autodrive_devkit/install/dwb_msgs/include/dwb_msgs/dwb_msgs/srv/detail/debug_local_plan__type_support.c
[1.041s] -- Up-to-date: /home/autodrive_devkit/install/dwb_msgs/include/dwb_msgs/dwb_msgs/srv/detail/generate_trajectory__rosidl_typesupport_introspection_c.h
[1.041s] -- Up-to-date: /home/autodrive_devkit/install/dwb_msgs/include/dwb_msgs/dwb_msgs/srv/detail/generate_twists__type_support.c
[1.041s] -- Up-to-date: /home/autodrive_devkit/install/dwb_msgs/include/dwb_msgs/dwb_msgs/srv/detail/get_critic_score__rosidl_typesupport_introspection_c.h
[1.041s] -- Up-to-date: /home/autodrive_devkit/install/dwb_msgs/include/dwb_msgs/dwb_msgs/srv/detail/get_critic_score__type_support.c
[1.041s] -- Up-to-date: /home/autodrive_devkit/install/dwb_msgs/lib/libdwb_msgs__rosidl_typesupport_introspection_c.so
[1.041s] -- Up-to-date: /home/autodrive_devkit/install/dwb_msgs/lib/libdwb_msgs__rosidl_typesupport_c.so
[1.041s] -- Up-to-date: /home/autodrive_devkit/install/dwb_msgs/include/dwb_msgs/dwb_msgs
[1.041s] -- Up-to-date: /home/autodrive_devkit/install/dwb_msgs/include/dwb_msgs/dwb_msgs/msg
[1.041s] -- Up-to-date: /home/autodrive_devkit/install/dwb_msgs/include/dwb_msgs/dwb_msgs/msg/detail
[1.041s] -- Up-to-date: /home/autodrive_devkit/install/dwb_msgs/include/dwb_msgs/dwb_msgs/msg/detail/local_plan_evaluation__type_support.cpp
[1.041s] -- Up-to-date: /home/autodrive_devkit/install/dwb_msgs/include/dwb_msgs/dwb_msgs/msg/detail/trajectory_score__type_support.cpp
[1.041s] -- Up-to-date: /home/autodrive_devkit/install/dwb_msgs/include/dwb_msgs/dwb_msgs/msg/detail/trajectory2_d__rosidl_typesupport_introspection_cpp.hpp
[1.041s] -- Up-to-date: /home/autodrive_devkit/install/dwb_msgs/include/dwb_msgs/dwb_msgs/msg/detail/trajectory2_d__type_support.cpp
[1.041s] -- Up-to-date: /home/autodrive_devkit/install/dwb_msgs/include/dwb_msgs/dwb_msgs/msg/detail/critic_score__type_support.cpp
[1.041s] -- Up-to-date: /home/autodrive_devkit/install/dwb_msgs/include/dwb_msgs/dwb_msgs/msg/detail/local_plan_evaluation__rosidl_typesupport_introspection_cpp.hpp
[1.041s] -- Up-to-date: /home/autodrive_devkit/install/dwb_msgs/include/dwb_msgs/dwb_msgs/msg/detail/critic_score__rosidl_typesupport_introspection_cpp.hpp
[1.041s] -- Up-to-date: /home/autodrive_devkit/install/dwb_msgs/include/dwb_msgs/dwb_msgs/msg/detail/trajectory_score__rosidl_typesupport_introspection_cpp.hpp
[1.041s] -- Up-to-date: /home/autodrive_devkit/install/dwb_msgs/include/dwb_msgs/dwb_msgs/srv
[1.041s] -- Up-to-date: /home/autodrive_devkit/install/dwb_msgs/include/dwb_msgs/dwb_msgs/srv/detail
[1.041s] -- Up-to-date: /home/autodrive_devkit/install/dwb_msgs/include/dwb_msgs/dwb_msgs/srv/detail/debug_local_plan__type_support.cpp
[1.041s] -- Up-to-date: /home/autodrive_devkit/install/dwb_msgs/include/dwb_msgs/dwb_msgs/srv/detail/generate_twists__type_support.cpp
[1.041s] -- Up-to-date: /home/autodrive_devkit/install/dwb_msgs/include/dwb_msgs/dwb_msgs/srv/detail/get_critic_score__type_support.cpp
[1.041s] -- Up-to-date: /home/autodrive_devkit/install/dwb_msgs/include/dwb_msgs/dwb_msgs/srv/detail/generate_trajectory__rosidl_typesupport_introspection_cpp.hpp
[1.041s] -- Up-to-date: /home/autodrive_devkit/install/dwb_msgs/include/dwb_msgs/dwb_msgs/srv/detail/get_critic_score__rosidl_typesupport_introspection_cpp.hpp
[1.041s] -- Up-to-date: /home/autodrive_devkit/install/dwb_msgs/include/dwb_msgs/dwb_msgs/srv/detail/score_trajectory__type_support.cpp
[1.042s] -- Up-to-date: /home/autodrive_devkit/install/dwb_msgs/include/dwb_msgs/dwb_msgs/srv/detail/debug_local_plan__rosidl_typesupport_introspection_cpp.hpp
[1.042s] -- Up-to-date: /home/autodrive_devkit/install/dwb_msgs/include/dwb_msgs/dwb_msgs/srv/detail/generate_twists__rosidl_typesupport_introspection_cpp.hpp
[1.042s] -- Up-to-date: /home/autodrive_devkit/install/dwb_msgs/include/dwb_msgs/dwb_msgs/srv/detail/generate_trajectory__type_support.cpp
[1.042s] -- Up-to-date: /home/autodrive_devkit/install/dwb_msgs/include/dwb_msgs/dwb_msgs/srv/detail/score_trajectory__rosidl_typesupport_introspection_cpp.hpp
[1.042s] -- Up-to-date: /home/autodrive_devkit/install/dwb_msgs/lib/libdwb_msgs__rosidl_typesupport_introspection_cpp.so
[1.042s] -- Up-to-date: /home/autodrive_devkit/install/dwb_msgs/lib/libdwb_msgs__rosidl_typesupport_cpp.so
[1.042s] -- Up-to-date: /home/autodrive_devkit/install/dwb_msgs/share/dwb_msgs/environment/pythonpath.sh
[1.042s] -- Up-to-date: /home/autodrive_devkit/install/dwb_msgs/share/dwb_msgs/environment/pythonpath.dsv
[1.042s] -- Up-to-date: /home/autodrive_devkit/install/dwb_msgs/local/lib/python3.10/dist-packages/dwb_msgs-1.3.1-py3.10.egg-info
[1.042s] -- Installing: /home/autodrive_devkit/install/dwb_msgs/local/lib/python3.10/dist-packages/dwb_msgs-1.3.1-py3.10.egg-info/SOURCES.txt
[1.042s] -- Installing: /home/autodrive_devkit/install/dwb_msgs/local/lib/python3.10/dist-packages/dwb_msgs-1.3.1-py3.10.egg-info/PKG-INFO
[1.042s] -- Installing: /home/autodrive_devkit/install/dwb_msgs/local/lib/python3.10/dist-packages/dwb_msgs-1.3.1-py3.10.egg-info/dependency_links.txt
[1.042s] -- Installing: /home/autodrive_devkit/install/dwb_msgs/local/lib/python3.10/dist-packages/dwb_msgs-1.3.1-py3.10.egg-info/top_level.txt
[1.042s] -- Up-to-date: /home/autodrive_devkit/install/dwb_msgs/local/lib/python3.10/dist-packages/dwb_msgs
[1.042s] -- Up-to-date: /home/autodrive_devkit/install/dwb_msgs/local/lib/python3.10/dist-packages/dwb_msgs/_dwb_msgs_s.ep.rosidl_typesupport_introspection_c.c
[1.042s] -- Up-to-date: /home/autodrive_devkit/install/dwb_msgs/local/lib/python3.10/dist-packages/dwb_msgs/dwb_msgs_s__rosidl_typesupport_c.cpython-310-x86_64-linux-gnu.so
[1.042s] -- Up-to-date: /home/autodrive_devkit/install/dwb_msgs/local/lib/python3.10/dist-packages/dwb_msgs/_dwb_msgs_s.ep.rosidl_typesupport_c.c
[1.042s] -- Up-to-date: /home/autodrive_devkit/install/dwb_msgs/local/lib/python3.10/dist-packages/dwb_msgs/_dwb_msgs_s.ep.rosidl_typesupport_fastrtps_c.c
[1.042s] -- Up-to-date: /home/autodrive_devkit/install/dwb_msgs/local/lib/python3.10/dist-packages/dwb_msgs/__init__.py
[1.042s] -- Up-to-date: /home/autodrive_devkit/install/dwb_msgs/local/lib/python3.10/dist-packages/dwb_msgs/dwb_msgs_s__rosidl_typesupport_introspection_c.cpython-310-x86_64-linux-gnu.so
[1.042s] -- Up-to-date: /home/autodrive_devkit/install/dwb_msgs/local/lib/python3.10/dist-packages/dwb_msgs/libdwb_msgs__rosidl_generator_py.so
[1.042s] -- Up-to-date: /home/autodrive_devkit/install/dwb_msgs/local/lib/python3.10/dist-packages/dwb_msgs/msg
[1.042s] -- Up-to-date: /home/autodrive_devkit/install/dwb_msgs/local/lib/python3.10/dist-packages/dwb_msgs/msg/_trajectory2_d.py
[1.042s] -- Up-to-date: /home/autodrive_devkit/install/dwb_msgs/local/lib/python3.10/dist-packages/dwb_msgs/msg/_local_plan_evaluation.py
[1.042s] -- Up-to-date: /home/autodrive_devkit/install/dwb_msgs/local/lib/python3.10/dist-packages/dwb_msgs/msg/_trajectory_score_s.c
[1.042s] -- Up-to-date: /home/autodrive_devkit/install/dwb_msgs/local/lib/python3.10/dist-packages/dwb_msgs/msg/_trajectory_score.py
[1.042s] -- Up-to-date: /home/autodrive_devkit/install/dwb_msgs/local/lib/python3.10/dist-packages/dwb_msgs/msg/__init__.py
[1.042s] -- Up-to-date: /home/autodrive_devkit/install/dwb_msgs/local/lib/python3.10/dist-packages/dwb_msgs/msg/_local_plan_evaluation_s.c
[1.042s] -- Up-to-date: /home/autodrive_devkit/install/dwb_msgs/local/lib/python3.10/dist-packages/dwb_msgs/msg/_critic_score.py
[1.042s] -- Up-to-date: /home/autodrive_devkit/install/dwb_msgs/local/lib/python3.10/dist-packages/dwb_msgs/msg/_critic_score_s.c
[1.042s] -- Up-to-date: /home/autodrive_devkit/install/dwb_msgs/local/lib/python3.10/dist-packages/dwb_msgs/msg/_trajectory2_d_s.c
[1.042s] -- Up-to-date: /home/autodrive_devkit/install/dwb_msgs/local/lib/python3.10/dist-packages/dwb_msgs/dwb_msgs_s__rosidl_typesupport_fastrtps_c.cpython-310-x86_64-linux-gnu.so
[1.042s] -- Up-to-date: /home/autodrive_devkit/install/dwb_msgs/local/lib/python3.10/dist-packages/dwb_msgs/srv
[1.043s] -- Up-to-date: /home/autodrive_devkit/install/dwb_msgs/local/lib/python3.10/dist-packages/dwb_msgs/srv/_generate_trajectory.py
[1.043s] -- Up-to-date: /home/autodrive_devkit/install/dwb_msgs/local/lib/python3.10/dist-packages/dwb_msgs/srv/_generate_twists_s.c
[1.043s] -- Up-to-date: /home/autodrive_devkit/install/dwb_msgs/local/lib/python3.10/dist-packages/dwb_msgs/srv/_debug_local_plan.py
[1.043s] -- Up-to-date: /home/autodrive_devkit/install/dwb_msgs/local/lib/python3.10/dist-packages/dwb_msgs/srv/_generate_trajectory_s.c
[1.043s] -- Up-to-date: /home/autodrive_devkit/install/dwb_msgs/local/lib/python3.10/dist-packages/dwb_msgs/srv/__init__.py
[1.043s] -- Up-to-date: /home/autodrive_devkit/install/dwb_msgs/local/lib/python3.10/dist-packages/dwb_msgs/srv/_score_trajectory_s.c
[1.043s] -- Up-to-date: /home/autodrive_devkit/install/dwb_msgs/local/lib/python3.10/dist-packages/dwb_msgs/srv/_debug_local_plan_s.c
[1.043s] -- Up-to-date: /home/autodrive_devkit/install/dwb_msgs/local/lib/python3.10/dist-packages/dwb_msgs/srv/_get_critic_score_s.c
[1.043s] -- Up-to-date: /home/autodrive_devkit/install/dwb_msgs/local/lib/python3.10/dist-packages/dwb_msgs/srv/_score_trajectory.py
[1.043s] -- Up-to-date: /home/autodrive_devkit/install/dwb_msgs/local/lib/python3.10/dist-packages/dwb_msgs/srv/_generate_twists.py
[1.043s] -- Up-to-date: /home/autodrive_devkit/install/dwb_msgs/local/lib/python3.10/dist-packages/dwb_msgs/srv/_get_critic_score.py
[1.065s] Listing '/home/autodrive_devkit/install/dwb_msgs/local/lib/python3.10/dist-packages/dwb_msgs'...
[1.065s] Listing '/home/autodrive_devkit/install/dwb_msgs/local/lib/python3.10/dist-packages/dwb_msgs/msg'...
[1.065s] Listing '/home/autodrive_devkit/install/dwb_msgs/local/lib/python3.10/dist-packages/dwb_msgs/srv'...
[1.067s] -- Up-to-date: /home/autodrive_devkit/install/dwb_msgs/local/lib/python3.10/dist-packages/dwb_msgs/dwb_msgs_s__rosidl_typesupport_fastrtps_c.cpython-310-x86_64-linux-gnu.so
[1.068s] -- Up-to-date: /home/autodrive_devkit/install/dwb_msgs/local/lib/python3.10/dist-packages/dwb_msgs/dwb_msgs_s__rosidl_typesupport_introspection_c.cpython-310-x86_64-linux-gnu.so
[1.070s] -- Up-to-date: /home/autodrive_devkit/install/dwb_msgs/local/lib/python3.10/dist-packages/dwb_msgs/dwb_msgs_s__rosidl_typesupport_c.cpython-310-x86_64-linux-gnu.so
[1.070s] -- Up-to-date: /home/autodrive_devkit/install/dwb_msgs/lib/libdwb_msgs__rosidl_generator_py.so
[1.071s] -- Up-to-date: /home/autodrive_devkit/install/dwb_msgs/share/dwb_msgs/msg/CriticScore.idl
[1.071s] -- Up-to-date: /home/autodrive_devkit/install/dwb_msgs/share/dwb_msgs/msg/LocalPlanEvaluation.idl
[1.071s] -- Up-to-date: /home/autodrive_devkit/install/dwb_msgs/share/dwb_msgs/msg/Trajectory2D.idl
[1.071s] -- Up-to-date: /home/autodrive_devkit/install/dwb_msgs/share/dwb_msgs/msg/TrajectoryScore.idl
[1.071s] -- Up-to-date: /home/autodrive_devkit/install/dwb_msgs/share/dwb_msgs/srv/DebugLocalPlan.idl
[1.071s] -- Up-to-date: /home/autodrive_devkit/install/dwb_msgs/share/dwb_msgs/srv/GenerateTrajectory.idl
[1.071s] -- Up-to-date: /home/autodrive_devkit/install/dwb_msgs/share/dwb_msgs/srv/GenerateTwists.idl
[1.071s] -- Up-to-date: /home/autodrive_devkit/install/dwb_msgs/share/dwb_msgs/srv/GetCriticScore.idl
[1.071s] -- Up-to-date: /home/autodrive_devkit/install/dwb_msgs/share/dwb_msgs/srv/ScoreTrajectory.idl
[1.071s] -- Up-to-date: /home/autodrive_devkit/install/dwb_msgs/share/dwb_msgs/msg/CriticScore.msg
[1.071s] -- Up-to-date: /home/autodrive_devkit/install/dwb_msgs/share/dwb_msgs/msg/LocalPlanEvaluation.msg
[1.072s] -- Up-to-date: /home/autodrive_devkit/install/dwb_msgs/share/dwb_msgs/msg/Trajectory2D.msg
[1.072s] -- Up-to-date: /home/autodrive_devkit/install/dwb_msgs/share/dwb_msgs/msg/TrajectoryScore.msg
[1.072s] -- Up-to-date: /home/autodrive_devkit/install/dwb_msgs/share/dwb_msgs/srv/DebugLocalPlan.srv
[1.072s] -- Up-to-date: /home/autodrive_devkit/install/dwb_msgs/share/dwb_msgs/srv/DebugLocalPlan_Request.msg
[1.072s] -- Up-to-date: /home/autodrive_devkit/install/dwb_msgs/share/dwb_msgs/srv/DebugLocalPlan_Response.msg
[1.072s] -- Up-to-date: /home/autodrive_devkit/install/dwb_msgs/share/dwb_msgs/srv/GenerateTrajectory.srv
[1.072s] -- Up-to-date: /home/autodrive_devkit/install/dwb_msgs/share/dwb_msgs/srv/GenerateTrajectory_Request.msg
[1.072s] -- Up-to-date: /home/autodrive_devkit/install/dwb_msgs/share/dwb_msgs/srv/GenerateTrajectory_Response.msg
[1.072s] -- Up-to-date: /home/autodrive_devkit/install/dwb_msgs/share/dwb_msgs/srv/GenerateTwists.srv
[1.072s] -- Up-to-date: /home/autodrive_devkit/install/dwb_msgs/share/dwb_msgs/srv/GenerateTwists_Request.msg
[1.072s] -- Up-to-date: /home/autodrive_devkit/install/dwb_msgs/share/dwb_msgs/srv/GenerateTwists_Response.msg
[1.072s] -- Up-to-date: /home/autodrive_devkit/install/dwb_msgs/share/dwb_msgs/srv/GetCriticScore.srv
[1.072s] -- Up-to-date: /home/autodrive_devkit/install/dwb_msgs/share/dwb_msgs/srv/GetCriticScore_Request.msg
[1.073s] -- Up-to-date: /home/autodrive_devkit/install/dwb_msgs/share/dwb_msgs/srv/GetCriticScore_Response.msg
[1.073s] -- Up-to-date: /home/autodrive_devkit/install/dwb_msgs/share/dwb_msgs/srv/ScoreTrajectory.srv
[1.073s] -- Up-to-date: /home/autodrive_devkit/install/dwb_msgs/share/dwb_msgs/srv/ScoreTrajectory_Request.msg
[1.073s] -- Up-to-date: /home/autodrive_devkit/install/dwb_msgs/share/dwb_msgs/srv/ScoreTrajectory_Response.msg
[1.073s] -- Up-to-date: /home/autodrive_devkit/install/dwb_msgs/share/ament_index/resource_index/package_run_dependencies/dwb_msgs
[1.073s] -- Up-to-date: /home/autodrive_devkit/install/dwb_msgs/share/ament_index/resource_index/parent_prefix_path/dwb_msgs
[1.073s] -- Up-to-date: /home/autodrive_devkit/install/dwb_msgs/share/dwb_msgs/environment/ament_prefix_path.sh
[1.073s] -- Up-to-date: /home/autodrive_devkit/install/dwb_msgs/share/dwb_msgs/environment/ament_prefix_path.dsv
[1.073s] -- Up-to-date: /home/autodrive_devkit/install/dwb_msgs/share/dwb_msgs/environment/path.sh
[1.073s] -- Up-to-date: /home/autodrive_devkit/install/dwb_msgs/share/dwb_msgs/environment/path.dsv
[1.073s] -- Up-to-date: /home/autodrive_devkit/install/dwb_msgs/share/dwb_msgs/local_setup.bash
[1.073s] -- Up-to-date: /home/autodrive_devkit/install/dwb_msgs/share/dwb_msgs/local_setup.sh
[1.074s] -- Up-to-date: /home/autodrive_devkit/install/dwb_msgs/share/dwb_msgs/local_setup.zsh
[1.074s] -- Up-to-date: /home/autodrive_devkit/install/dwb_msgs/share/dwb_msgs/local_setup.dsv
[1.074s] -- Installing: /home/autodrive_devkit/install/dwb_msgs/share/dwb_msgs/package.dsv
[1.074s] -- Up-to-date: /home/autodrive_devkit/install/dwb_msgs/share/ament_index/resource_index/packages/dwb_msgs
[1.074s] -- Up-to-date: /home/autodrive_devkit/install/dwb_msgs/share/dwb_msgs/cmake/export_dwb_msgs__rosidl_generator_cExport.cmake
[1.074s] -- Up-to-date: /home/autodrive_devkit/install/dwb_msgs/share/dwb_msgs/cmake/export_dwb_msgs__rosidl_generator_cExport-noconfig.cmake
[1.075s] -- Up-to-date: /home/autodrive_devkit/install/dwb_msgs/share/dwb_msgs/cmake/export_dwb_msgs__rosidl_typesupport_fastrtps_cExport.cmake
[1.075s] -- Up-to-date: /home/autodrive_devkit/install/dwb_msgs/share/dwb_msgs/cmake/export_dwb_msgs__rosidl_typesupport_fastrtps_cExport-noconfig.cmake
[1.075s] -- Up-to-date: /home/autodrive_devkit/install/dwb_msgs/share/dwb_msgs/cmake/export_dwb_msgs__rosidl_generator_cppExport.cmake
[1.075s] -- Up-to-date: /home/autodrive_devkit/install/dwb_msgs/share/dwb_msgs/cmake/export_dwb_msgs__rosidl_typesupport_fastrtps_cppExport.cmake
[1.075s] -- Up-to-date: /home/autodrive_devkit/install/dwb_msgs/share/dwb_msgs/cmake/export_dwb_msgs__rosidl_typesupport_fastrtps_cppExport-noconfig.cmake
[1.075s] -- Up-to-date: /home/autodrive_devkit/install/dwb_msgs/share/dwb_msgs/cmake/dwb_msgs__rosidl_typesupport_introspection_cExport.cmake
[1.075s] -- Up-to-date: /home/autodrive_devkit/install/dwb_msgs/share/dwb_msgs/cmake/dwb_msgs__rosidl_typesupport_introspection_cExport-noconfig.cmake
[1.076s] -- Up-to-date: /home/autodrive_devkit/install/dwb_msgs/share/dwb_msgs/cmake/dwb_msgs__rosidl_typesupport_cExport.cmake
[1.076s] -- Up-to-date: /home/autodrive_devkit/install/dwb_msgs/share/dwb_msgs/cmake/dwb_msgs__rosidl_typesupport_cExport-noconfig.cmake
[1.076s] -- Up-to-date: /home/autodrive_devkit/install/dwb_msgs/share/dwb_msgs/cmake/dwb_msgs__rosidl_typesupport_introspection_cppExport.cmake
[1.076s] -- Up-to-date: /home/autodrive_devkit/install/dwb_msgs/share/dwb_msgs/cmake/dwb_msgs__rosidl_typesupport_introspection_cppExport-noconfig.cmake
[1.076s] -- Up-to-date: /home/autodrive_devkit/install/dwb_msgs/share/dwb_msgs/cmake/dwb_msgs__rosidl_typesupport_cppExport.cmake
[1.076s] -- Up-to-date: /home/autodrive_devkit/install/dwb_msgs/share/dwb_msgs/cmake/dwb_msgs__rosidl_typesupport_cppExport-noconfig.cmake
[1.076s] -- Up-to-date: /home/autodrive_devkit/install/dwb_msgs/share/dwb_msgs/cmake/export_dwb_msgs__rosidl_generator_pyExport.cmake
[1.077s] -- Up-to-date: /home/autodrive_devkit/install/dwb_msgs/share/dwb_msgs/cmake/export_dwb_msgs__rosidl_generator_pyExport-noconfig.cmake
[1.077s] -- Up-to-date: /home/autodrive_devkit/install/dwb_msgs/share/dwb_msgs/cmake/rosidl_cmake-extras.cmake
[1.077s] -- Up-to-date: /home/autodrive_devkit/install/dwb_msgs/share/dwb_msgs/cmake/ament_cmake_export_dependencies-extras.cmake
[1.077s] -- Up-to-date: /home/autodrive_devkit/install/dwb_msgs/share/dwb_msgs/cmake/ament_cmake_export_include_directories-extras.cmake
[1.077s] -- Up-to-date: /home/autodrive_devkit/install/dwb_msgs/share/dwb_msgs/cmake/ament_cmake_export_libraries-extras.cmake
[1.077s] -- Up-to-date: /home/autodrive_devkit/install/dwb_msgs/share/dwb_msgs/cmake/ament_cmake_export_targets-extras.cmake
[1.077s] -- Up-to-date: /home/autodrive_devkit/install/dwb_msgs/share/dwb_msgs/cmake/rosidl_cmake_export_typesupport_targets-extras.cmake
[1.077s] -- Up-to-date: /home/autodrive_devkit/install/dwb_msgs/share/dwb_msgs/cmake/rosidl_cmake_export_typesupport_libraries-extras.cmake
[1.077s] -- Up-to-date: /home/autodrive_devkit/install/dwb_msgs/share/dwb_msgs/cmake/dwb_msgsConfig.cmake
[1.077s] -- Up-to-date: /home/autodrive_devkit/install/dwb_msgs/share/dwb_msgs/cmake/dwb_msgsConfig-version.cmake
[1.077s] -- Up-to-date: /home/autodrive_devkit/install/dwb_msgs/share/dwb_msgs/package.xml
[1.080s] Invoked command in '/home/autodrive_devkit/build/dwb_msgs' returned '0': AMENT_PREFIX_PATH=/home/autodrive_devkit/install/nav_2d_msgs:${AMENT_PREFIX_PATH} CMAKE_PREFIX_PATH=/home/autodrive_devkit/install/nav_2d_msgs:/home/autodrive_devkit/install/slam_toolbox:/home/autodrive_devkit/install/f1tenth_stanley_controller:/home/autodrive_devkit/install/autodrive_f1tenth:/opt/ros/humble LD_LIBRARY_PATH=/home/autodrive_devkit/install/nav_2d_msgs/lib:${LD_LIBRARY_PATH} PYTHONPATH=/home/autodrive_devkit/install/nav_2d_msgs/local/lib/python3.10/dist-packages:${PYTHONPATH} /usr/bin/cmake --install /home/autodrive_devkit/build/dwb_msgs
