running develop
/usr/lib/python3/dist-packages/setuptools/command/easy_install.py:158: EasyInstallDeprecationWarning: easy_install command is deprecated. Use build and pip and other standards-based tools.
  warnings.warn(
running egg_info
writing autodrive_f1tenth.egg-info/PKG-INFO
writing dependency_links to autodrive_f1tenth.egg-info/dependency_links.txt
writing entry points to autodrive_f1tenth.egg-info/entry_points.txt
writing requirements to autodrive_f1tenth.egg-info/requires.txt
writing top-level names to autodrive_f1tenth.egg-info/top_level.txt
reading manifest file 'autodrive_f1tenth.egg-info/SOURCES.txt'
writing manifest file 'autodrive_f1tenth.egg-info/SOURCES.txt'
running build_ext
Creating /home/autodrive_devkit/install/autodrive_f1tenth/lib/python3.10/site-packages/autodrive-f1tenth.egg-link (link to .)
Installing autodrive_bridge script to /home/autodrive_devkit/install/autodrive_f1tenth/lib/autodrive_f1tenth
Installing teleop_keyboard script to /home/autodrive_devkit/install/autodrive_f1tenth/lib/autodrive_f1tenth

Installed /home/autodrive_devkit/build/autodrive_f1tenth
running symlink_data
symbolically linking /home/autodrive_devkit/build/autodrive_f1tenth/resource/autodrive_f1tenth -> /home/autodrive_devkit/install/autodrive_f1tenth/share/ament_index/resource_index/packages
symbolically linking /home/autodrive_devkit/build/autodrive_f1tenth/package.xml -> /home/autodrive_devkit/install/autodrive_f1tenth/share/autodrive_f1tenth
symbolically linking /home/autodrive_devkit/build/autodrive_f1tenth/launch/simulator_bringup_rviz.launch.py -> /home/autodrive_devkit/install/autodrive_f1tenth/share/autodrive_f1tenth/launch
symbolically linking /home/autodrive_devkit/build/autodrive_f1tenth/launch/simulator_bringup_headless.launch.py -> /home/autodrive_devkit/install/autodrive_f1tenth/share/autodrive_f1tenth/launch
symbolically linking /home/autodrive_devkit/build/autodrive_f1tenth/rviz/simulator.rviz -> /home/autodrive_devkit/install/autodrive_f1tenth/share/autodrive_f1tenth/rviz
