[0.015s] Invoking command in '/home/autodrive_devkit/build/nav2_msgs': AMENT_PREFIX_PATH=/home/autodrive_devkit/install/nav2_common:${AMENT_PREFIX_PATH} CMAKE_PREFIX_PATH=/home/autodrive_devkit/install/nav2_common:/home/autodrive_devkit/install/slam_toolbox:/home/autodrive_devkit/install/f1tenth_stanley_controller:/home/autodrive_devkit/install/autodrive_f1tenth:/opt/ros/humble PYTHONPATH=/home/autodrive_devkit/install/nav2_common/local/lib/python3.10/dist-packages:${PYTHONPATH} /usr/bin/cmake /home/autodrive_devkit/src/navigation2/nav2_msgs -DCMAKE_INSTALL_PREFIX=/home/autodrive_devkit/install/nav2_msgs
[0.023s] -- Found ament_cmake: 1.3.10 (/opt/ros/humble/share/ament_cmake/cmake)
[0.132s] -- Found nav2_common: 1.3.1 (/home/autodrive_devkit/install/nav2_common/share/nav2_common/cmake)
[0.132s] -- Found builtin_interfaces: 1.2.1 (/opt/ros/humble/share/builtin_interfaces/cmake)
[0.151s] -- Found rosidl_generator_c: 3.1.5 (/opt/ros/humble/share/rosidl_generator_c/cmake)
[0.153s] -- Found rosidl_adapter: 3.1.5 (/opt/ros/humble/share/rosidl_adapter/cmake)
[0.159s] -- Found rosidl_generator_cpp: 3.1.5 (/opt/ros/humble/share/rosidl_generator_cpp/cmake)
[0.171s] -- Using all available rosidl_typesupport_c: rosidl_typesupport_fastrtps_c;rosidl_typesupport_introspection_c
[0.186s] -- Using all available rosidl_typesupport_cpp: rosidl_typesupport_fastrtps_cpp;rosidl_typesupport_introspection_cpp
[0.200s] -- Found nav_msgs: 4.2.4 (/opt/ros/humble/share/nav_msgs/cmake)
[0.252s] -- Found rosidl_default_generators: 1.2.0 (/opt/ros/humble/share/rosidl_default_generators/cmake)
[0.281s] [33mCMake Warning at CMakeLists.txt:11 (find_package):
[0.281s]   By not providing "Findgeographic_msgs.cmake" in CMAKE_MODULE_PATH this
[0.281s]   project has asked CMake to find a package configuration file provided by
[0.281s]   "geographic_msgs", but CMake did not find one.
[0.281s] 
[0.281s]   Could not find a package configuration file provided by "geographic_msgs"
[0.281s]   with any of the following names:
[0.281s] 
[0.282s]     geographic_msgsConfig.cmake
[0.282s]     geographic_msgs-config.cmake
[0.282s] 
[0.282s]   Add the installation prefix of "geographic_msgs" to CMAKE_PREFIX_PATH or
[0.282s]   set "geographic_msgs_DIR" to a directory containing one of the above files.
[0.282s]   If "geographic_msgs" provides a separate development package or SDK, be
[0.282s]   sure it has been installed.
[0.282s] 
[0.282s] [0m
[0.282s] -- Found action_msgs: 1.2.1 (/opt/ros/humble/share/action_msgs/cmake)
[0.658s] [31mCMake Error at /opt/ros/humble/share/rosidl_cmake/cmake/rosidl_generate_interfaces.cmake:162 (message):
[0.658s]   rosidl_generate_interfaces() the passed dependency 'geographic_msgs' has
[0.658s]   not been found before using find_package()
[0.658s] Call Stack (most recent call first):
[0.658s]   CMakeLists.txt:21 (rosidl_generate_interfaces)
[0.658s] 
[0.659s] [0m
[0.659s] -- Configuring incomplete, errors occurred!
[0.659s] See also "/home/autodrive_devkit/build/nav2_msgs/CMakeFiles/CMakeOutput.log".
[0.665s] Invoked command in '/home/autodrive_devkit/build/nav2_msgs' returned '1': AMENT_PREFIX_PATH=/home/autodrive_devkit/install/nav2_common:${AMENT_PREFIX_PATH} CMAKE_PREFIX_PATH=/home/autodrive_devkit/install/nav2_common:/home/autodrive_devkit/install/slam_toolbox:/home/autodrive_devkit/install/f1tenth_stanley_controller:/home/autodrive_devkit/install/autodrive_f1tenth:/opt/ros/humble PYTHONPATH=/home/autodrive_devkit/install/nav2_common/local/lib/python3.10/dist-packages:${PYTHONPATH} /usr/bin/cmake /home/autodrive_devkit/src/navigation2/nav2_msgs -DCMAKE_INSTALL_PREFIX=/home/autodrive_devkit/install/nav2_msgs
