[0.026s] Invoking command in '/home/autodrive_devkit/build/nav2_common': CMAKE_PREFIX_PATH=${CMAKE_PREFIX_PATH}:/home/autodrive_devkit/install/f1tenth_stanley_controller:/home/autodrive_devkit/install/autodrive_f1tenth:/opt/ros/humble /usr/bin/cmake /home/autodrive_devkit/src/navigation2/nav2_common -DCMAKE_INSTALL_PREFIX=/home/autodrive_devkit/install/nav2_common
[0.318s] -- Found ament_cmake_core: 1.3.10 (/opt/ros/humble/share/ament_cmake_core/cmake)
[0.318s] -- Found Python3: /usr/bin/python3 (found version "3.10.12") found components: Interpreter 
[0.319s] -- Found ament_cmake_python: 1.3.10 (/opt/ros/humble/share/ament_cmake_python/cmake)
[0.363s] -- Configuring done
[0.366s] -- Generating done
[0.366s] -- Build files have been written to: /home/autodrive_devkit/build/nav2_common
[0.469s] Invoked command in '/home/autodrive_devkit/build/nav2_common' returned '0': CMAKE_PREFIX_PATH=${CMAKE_PREFIX_PATH}:/home/autodrive_devkit/install/f1tenth_stanley_controller:/home/autodrive_devkit/install/autodrive_f1tenth:/opt/ros/humble /usr/bin/cmake /home/autodrive_devkit/src/navigation2/nav2_common -DCMAKE_INSTALL_PREFIX=/home/autodrive_devkit/install/nav2_common
[0.469s] Invoking command in '/home/autodrive_devkit/build/nav2_common': CMAKE_PREFIX_PATH=${CMAKE_PREFIX_PATH}:/home/autodrive_devkit/install/f1tenth_stanley_controller:/home/autodrive_devkit/install/autodrive_f1tenth:/opt/ros/humble /usr/bin/cmake --build /home/autodrive_devkit/build/nav2_common -- -j16 -l16
[0.520s] Built target ament_cmake_python_copy_nav2_common
[0.658s] running egg_info
[0.658s] creating nav2_common.egg-info
[0.659s] writing nav2_common.egg-info/PKG-INFO
[0.659s] writing dependency_links to nav2_common.egg-info/dependency_links.txt
[0.659s] writing top-level names to nav2_common.egg-info/top_level.txt
[0.659s] writing manifest file 'nav2_common.egg-info/SOURCES.txt'
[0.660s] reading manifest file 'nav2_common.egg-info/SOURCES.txt'
[0.660s] writing manifest file 'nav2_common.egg-info/SOURCES.txt'
[0.683s] Built target ament_cmake_python_build_nav2_common_egg
[0.691s] Invoked command in '/home/autodrive_devkit/build/nav2_common' returned '0': CMAKE_PREFIX_PATH=${CMAKE_PREFIX_PATH}:/home/autodrive_devkit/install/f1tenth_stanley_controller:/home/autodrive_devkit/install/autodrive_f1tenth:/opt/ros/humble /usr/bin/cmake --build /home/autodrive_devkit/build/nav2_common -- -j16 -l16
[0.714s] Invoking command in '/home/autodrive_devkit/build/nav2_common': CMAKE_PREFIX_PATH=${CMAKE_PREFIX_PATH}:/home/autodrive_devkit/install/f1tenth_stanley_controller:/home/autodrive_devkit/install/autodrive_f1tenth:/opt/ros/humble /usr/bin/cmake --install /home/autodrive_devkit/build/nav2_common
[0.719s] -- Install configuration: ""
[0.720s] -- Installing: /home/autodrive_devkit/install/nav2_common/share/nav2_common/environment/pythonpath.sh
[0.720s] -- Installing: /home/autodrive_devkit/install/nav2_common/share/nav2_common/environment/pythonpath.dsv
[0.720s] -- Installing: /home/autodrive_devkit/install/nav2_common/local/lib/python3.10/dist-packages/nav2_common-1.3.1-py3.10.egg-info
[0.720s] -- Installing: /home/autodrive_devkit/install/nav2_common/local/lib/python3.10/dist-packages/nav2_common-1.3.1-py3.10.egg-info/SOURCES.txt
[0.720s] -- Installing: /home/autodrive_devkit/install/nav2_common/local/lib/python3.10/dist-packages/nav2_common-1.3.1-py3.10.egg-info/PKG-INFO
[0.720s] -- Installing: /home/autodrive_devkit/install/nav2_common/local/lib/python3.10/dist-packages/nav2_common-1.3.1-py3.10.egg-info/dependency_links.txt
[0.720s] -- Installing: /home/autodrive_devkit/install/nav2_common/local/lib/python3.10/dist-packages/nav2_common-1.3.1-py3.10.egg-info/top_level.txt
[0.721s] -- Installing: /home/autodrive_devkit/install/nav2_common/local/lib/python3.10/dist-packages/nav2_common
[0.721s] -- Installing: /home/autodrive_devkit/install/nav2_common/local/lib/python3.10/dist-packages/nav2_common/__init__.py
[0.721s] -- Installing: /home/autodrive_devkit/install/nav2_common/local/lib/python3.10/dist-packages/nav2_common/launch
[0.721s] -- Installing: /home/autodrive_devkit/install/nav2_common/local/lib/python3.10/dist-packages/nav2_common/launch/replace_string.py
[0.721s] -- Installing: /home/autodrive_devkit/install/nav2_common/local/lib/python3.10/dist-packages/nav2_common/launch/__init__.py
[0.721s] -- Installing: /home/autodrive_devkit/install/nav2_common/local/lib/python3.10/dist-packages/nav2_common/launch/has_node_params.py
[0.721s] -- Installing: /home/autodrive_devkit/install/nav2_common/local/lib/python3.10/dist-packages/nav2_common/launch/rewritten_yaml.py
[0.753s] Listing '/home/autodrive_devkit/install/nav2_common/local/lib/python3.10/dist-packages/nav2_common'...
[0.753s] Compiling '/home/autodrive_devkit/install/nav2_common/local/lib/python3.10/dist-packages/nav2_common/__init__.py'...
[0.753s] Listing '/home/autodrive_devkit/install/nav2_common/local/lib/python3.10/dist-packages/nav2_common/launch'...
[0.753s] Compiling '/home/autodrive_devkit/install/nav2_common/local/lib/python3.10/dist-packages/nav2_common/launch/__init__.py'...
[0.754s] Compiling '/home/autodrive_devkit/install/nav2_common/local/lib/python3.10/dist-packages/nav2_common/launch/has_node_params.py'...
[0.754s] Compiling '/home/autodrive_devkit/install/nav2_common/local/lib/python3.10/dist-packages/nav2_common/launch/replace_string.py'...
[0.754s] Compiling '/home/autodrive_devkit/install/nav2_common/local/lib/python3.10/dist-packages/nav2_common/launch/rewritten_yaml.py'...
[0.756s] -- Installing: /home/autodrive_devkit/install/nav2_common/share/ament_index/resource_index/package_run_dependencies/nav2_common
[0.757s] -- Installing: /home/autodrive_devkit/install/nav2_common/share/ament_index/resource_index/parent_prefix_path/nav2_common
[0.757s] -- Installing: /home/autodrive_devkit/install/nav2_common/share/nav2_common/environment/ament_prefix_path.sh
[0.757s] -- Installing: /home/autodrive_devkit/install/nav2_common/share/nav2_common/environment/ament_prefix_path.dsv
[0.758s] -- Installing: /home/autodrive_devkit/install/nav2_common/share/nav2_common/environment/path.sh
[0.758s] -- Installing: /home/autodrive_devkit/install/nav2_common/share/nav2_common/environment/path.dsv
[0.758s] -- Installing: /home/autodrive_devkit/install/nav2_common/share/nav2_common/local_setup.bash
[0.758s] -- Installing: /home/autodrive_devkit/install/nav2_common/share/nav2_common/local_setup.sh
[0.759s] -- Installing: /home/autodrive_devkit/install/nav2_common/share/nav2_common/local_setup.zsh
[0.759s] -- Installing: /home/autodrive_devkit/install/nav2_common/share/nav2_common/local_setup.dsv
[0.759s] -- Installing: /home/autodrive_devkit/install/nav2_common/share/nav2_common/package.dsv
[0.759s] -- Installing: /home/autodrive_devkit/install/nav2_common/share/ament_index/resource_index/packages/nav2_common
[0.760s] -- Installing: /home/autodrive_devkit/install/nav2_common/share/nav2_common/cmake/nav2_common-extras.cmake
[0.760s] -- Installing: /home/autodrive_devkit/install/nav2_common/share/nav2_common/cmake/nav2_commonConfig.cmake
[0.760s] -- Installing: /home/autodrive_devkit/install/nav2_common/share/nav2_common/cmake/nav2_commonConfig-version.cmake
[0.760s] -- Installing: /home/autodrive_devkit/install/nav2_common/share/nav2_common/package.xml
[0.761s] -- Up-to-date: /home/autodrive_devkit/install/nav2_common/share/nav2_common/cmake
[0.761s] -- Installing: /home/autodrive_devkit/install/nav2_common/share/nav2_common/cmake/nav2_package.cmake
[0.763s] Invoked command in '/home/autodrive_devkit/build/nav2_common' returned '0': CMAKE_PREFIX_PATH=${CMAKE_PREFIX_PATH}:/home/autodrive_devkit/install/f1tenth_stanley_controller:/home/autodrive_devkit/install/autodrive_f1tenth:/opt/ros/humble /usr/bin/cmake --install /home/autodrive_devkit/build/nav2_common
