[0.681s] Invoking command in '/home/autodrive_devkit/src/navigation2/nav2_loopback_sim': PYTHONPATH=/home/autodrive_devkit/build/nav2_loopback_sim/prefix_override:/usr/lib/python3/dist-packages/colcon_core/task/python/colcon_distutils_commands:/home/autodrive_devkit/install/nav2_loopback_sim/lib/python3.10/site-packages:${PYTHONPATH} /usr/bin/python3 -W ignore:setup.py install is deprecated setup.py egg_info --egg-base ../../../build/nav2_loopback_sim build --build-base /home/autodrive_devkit/build/nav2_loopback_sim/build install --record /home/autodrive_devkit/build/nav2_loopback_sim/install.log --single-version-externally-managed install_data
[1.177s] running egg_info
[1.177s] writing ../../../build/nav2_loopback_sim/nav2_loopback_sim.egg-info/PKG-INFO
[1.178s] writing dependency_links to ../../../build/nav2_loopback_sim/nav2_loopback_sim.egg-info/dependency_links.txt
[1.178s] writing entry points to ../../../build/nav2_loopback_sim/nav2_loopback_sim.egg-info/entry_points.txt
[1.178s] writing requirements to ../../../build/nav2_loopback_sim/nav2_loopback_sim.egg-info/requires.txt
[1.178s] writing top-level names to ../../../build/nav2_loopback_sim/nav2_loopback_sim.egg-info/top_level.txt
[1.180s] package init file 'nav2_loopback_sim/__init__.py' not found (or not a regular file)
[1.181s] reading manifest file '../../../build/nav2_loopback_sim/nav2_loopback_sim.egg-info/SOURCES.txt'
[1.183s] writing manifest file '../../../build/nav2_loopback_sim/nav2_loopback_sim.egg-info/SOURCES.txt'
[1.183s] running build
[1.183s] running build_py
[1.184s] running install
[1.184s] running install_lib
[1.186s] running install_data
[1.186s] running install_egg_info
[1.188s] removing '/home/autodrive_devkit/install/nav2_loopback_sim/lib/python3.10/site-packages/nav2_loopback_sim-1.0.0-py3.10.egg-info' (and everything under it)
[1.189s] Copying ../../../build/nav2_loopback_sim/nav2_loopback_sim.egg-info to /home/autodrive_devkit/install/nav2_loopback_sim/lib/python3.10/site-packages/nav2_loopback_sim-1.0.0-py3.10.egg-info
[1.191s] running install_scripts
[1.221s] Installing loopback_simulator script to /home/autodrive_devkit/install/nav2_loopback_sim/lib/nav2_loopback_sim
[1.221s] writing list of installed files to '/home/autodrive_devkit/build/nav2_loopback_sim/install.log'
[1.266s] Invoked command in '/home/autodrive_devkit/src/navigation2/nav2_loopback_sim' returned '0': PYTHONPATH=/home/autodrive_devkit/build/nav2_loopback_sim/prefix_override:/usr/lib/python3/dist-packages/colcon_core/task/python/colcon_distutils_commands:/home/autodrive_devkit/install/nav2_loopback_sim/lib/python3.10/site-packages:${PYTHONPATH} /usr/bin/python3 -W ignore:setup.py install is deprecated setup.py egg_info --egg-base ../../../build/nav2_loopback_sim build --build-base /home/autodrive_devkit/build/nav2_loopback_sim/build install --record /home/autodrive_devkit/build/nav2_loopback_sim/install.log --single-version-externally-managed install_data
