[0.137s] DEBUG:colcon:Command line arguments: ['/usr/bin/colcon', 'build']
[0.137s] DEBUG:colcon:Parsed command line arguments: Namespace(log_base=None, log_level=None, verb_name='build', build_base='build', install_base='install', merge_install=False, symlink_install=False, test_result_base=None, continue_on_error=False, executor='parallel', parallel_workers=16, event_handlers=None, ignore_user_meta=False, metas=['./colcon.meta'], base_paths=['.'], packages_ignore=None, packages_ignore_regex=None, paths=None, packages_up_to=None, packages_up_to_regex=None, packages_above=None, packages_above_and_dependencies=None, packages_above_depth=None, packages_select_by_dep=None, packages_skip_by_dep=None, packages_skip_up_to=None, packages_select_build_failed=False, packages_skip_build_finished=False, packages_select_test_failures=False, packages_skip_test_passed=False, packages_select=None, packages_skip=None, packages_select_regex=None, packages_skip_regex=None, packages_start=None, packages_end=None, cmake_args=None, cmake_target=None, cmake_target_skip_unavailable=False, cmake_clean_cache=False, cmake_clean_first=False, cmake_force_configure=False, ament_cmake_args=None, catkin_cmake_args=None, catkin_skip_building_tests=False, mixin_files=None, mixin=None, verb_parser=<colcon_mixin.mixin.mixin_argument.MixinArgumentDecorator object at 0x7fd6a9524d60>, verb_extension=<colcon_core.verb.build.BuildVerb object at 0x7fd6a95247c0>, main=<bound method BuildVerb.main of <colcon_core.verb.build.BuildVerb object at 0x7fd6a95247c0>>, mixin_verb=('build',))
[0.346s] Level 1:colcon.colcon_core.package_discovery:discover_packages(colcon_meta) check parameters
[0.347s] INFO:colcon.colcon_metadata.package_discovery.colcon_meta:Using configuration from '/root/.colcon/metadata/default/Gazebo.meta'
[0.348s] INFO:colcon.colcon_metadata.package_discovery.colcon_meta:Using configuration from '/root/.colcon/metadata/default/fastrtps.meta'
[0.348s] Level 1:colcon.colcon_core.package_discovery:discover_packages(recursive) check parameters
[0.348s] Level 1:colcon.colcon_core.package_discovery:discover_packages(ignore) check parameters
[0.348s] Level 1:colcon.colcon_core.package_discovery:discover_packages(path) check parameters
[0.348s] Level 1:colcon.colcon_core.package_discovery:discover_packages(colcon_meta) discover
[0.348s] Level 1:colcon.colcon_core.package_discovery:discover_packages(recursive) discover
[0.348s] INFO:colcon.colcon_core.package_discovery:Crawling recursively for packages in '/home/autodrive_devkit'
[0.348s] Level 1:colcon.colcon_core.package_identification:_identify(.) by extensions ['ignore', 'ignore_ament_install']
[0.348s] Level 1:colcon.colcon_core.package_identification:_identify(.) by extension 'ignore'
[0.348s] Level 1:colcon.colcon_core.package_identification:_identify(.) by extension 'ignore_ament_install'
[0.348s] Level 1:colcon.colcon_core.package_identification:_identify(.) by extensions ['colcon_pkg']
[0.348s] Level 1:colcon.colcon_core.package_identification:_identify(.) by extension 'colcon_pkg'
[0.348s] Level 1:colcon.colcon_core.package_identification:_identify(.) by extensions ['colcon_meta']
[0.348s] Level 1:colcon.colcon_core.package_identification:_identify(.) by extension 'colcon_meta'
[0.348s] Level 1:colcon.colcon_core.package_identification:_identify(.) by extensions ['ros']
[0.348s] Level 1:colcon.colcon_core.package_identification:_identify(.) by extension 'ros'
[0.358s] Level 1:colcon.colcon_core.package_identification:_identify(.) by extensions ['cmake', 'python']
[0.358s] Level 1:colcon.colcon_core.package_identification:_identify(.) by extension 'cmake'
[0.358s] Level 1:colcon.colcon_core.package_identification:_identify(.) by extension 'python'
[0.358s] Level 1:colcon.colcon_core.package_identification:_identify(.) by extensions ['python_setup_py']
[0.358s] Level 1:colcon.colcon_core.package_identification:_identify(.) by extension 'python_setup_py'
[0.359s] Level 1:colcon.colcon_core.package_identification:_identify(build) by extensions ['ignore', 'ignore_ament_install']
[0.359s] Level 1:colcon.colcon_core.package_identification:_identify(build) by extension 'ignore'
[0.359s] Level 1:colcon.colcon_core.package_identification:_identify(build) ignored
[0.359s] Level 1:colcon.colcon_core.package_identification:_identify(install) by extensions ['ignore', 'ignore_ament_install']
[0.359s] Level 1:colcon.colcon_core.package_identification:_identify(install) by extension 'ignore'
[0.359s] Level 1:colcon.colcon_core.package_identification:_identify(install) ignored
[0.360s] Level 1:colcon.colcon_core.package_identification:_identify(log) by extensions ['ignore', 'ignore_ament_install']
[0.360s] Level 1:colcon.colcon_core.package_identification:_identify(log) by extension 'ignore'
[0.360s] Level 1:colcon.colcon_core.package_identification:_identify(log) ignored
[0.360s] Level 1:colcon.colcon_core.package_identification:_identify(src) by extensions ['ignore', 'ignore_ament_install']
[0.360s] Level 1:colcon.colcon_core.package_identification:_identify(src) by extension 'ignore'
[0.360s] Level 1:colcon.colcon_core.package_identification:_identify(src) by extension 'ignore_ament_install'
[0.360s] Level 1:colcon.colcon_core.package_identification:_identify(src) by extensions ['colcon_pkg']
[0.360s] Level 1:colcon.colcon_core.package_identification:_identify(src) by extension 'colcon_pkg'
[0.360s] Level 1:colcon.colcon_core.package_identification:_identify(src) by extensions ['colcon_meta']
[0.360s] Level 1:colcon.colcon_core.package_identification:_identify(src) by extension 'colcon_meta'
[0.360s] Level 1:colcon.colcon_core.package_identification:_identify(src) by extensions ['ros']
[0.360s] Level 1:colcon.colcon_core.package_identification:_identify(src) by extension 'ros'
[0.360s] Level 1:colcon.colcon_core.package_identification:_identify(src) by extensions ['cmake', 'python']
[0.360s] Level 1:colcon.colcon_core.package_identification:_identify(src) by extension 'cmake'
[0.360s] Level 1:colcon.colcon_core.package_identification:_identify(src) by extension 'python'
[0.360s] Level 1:colcon.colcon_core.package_identification:_identify(src) by extensions ['python_setup_py']
[0.360s] Level 1:colcon.colcon_core.package_identification:_identify(src) by extension 'python_setup_py'
[0.360s] Level 1:colcon.colcon_core.package_identification:_identify(src/autodrive_devkit) by extensions ['ignore', 'ignore_ament_install']
[0.360s] Level 1:colcon.colcon_core.package_identification:_identify(src/autodrive_devkit) by extension 'ignore'
[0.360s] Level 1:colcon.colcon_core.package_identification:_identify(src/autodrive_devkit) by extension 'ignore_ament_install'
[0.360s] Level 1:colcon.colcon_core.package_identification:_identify(src/autodrive_devkit) by extensions ['colcon_pkg']
[0.360s] Level 1:colcon.colcon_core.package_identification:_identify(src/autodrive_devkit) by extension 'colcon_pkg'
[0.360s] Level 1:colcon.colcon_core.package_identification:_identify(src/autodrive_devkit) by extensions ['colcon_meta']
[0.360s] Level 1:colcon.colcon_core.package_identification:_identify(src/autodrive_devkit) by extension 'colcon_meta'
[0.361s] Level 1:colcon.colcon_core.package_identification:_identify(src/autodrive_devkit) by extensions ['ros']
[0.361s] Level 1:colcon.colcon_core.package_identification:_identify(src/autodrive_devkit) by extension 'ros'
[0.363s] DEBUG:colcon.colcon_core.package_identification:Package 'src/autodrive_devkit' with type 'ros.ament_python' and name 'autodrive_f1tenth'
[0.363s] Level 1:colcon.colcon_core.package_identification:_identify(src/build) by extensions ['ignore', 'ignore_ament_install']
[0.363s] Level 1:colcon.colcon_core.package_identification:_identify(src/build) by extension 'ignore'
[0.363s] Level 1:colcon.colcon_core.package_identification:_identify(src/build) ignored
[0.363s] Level 1:colcon.colcon_core.package_identification:_identify(src/f1tenth_stanley_controller) by extensions ['ignore', 'ignore_ament_install']
[0.363s] Level 1:colcon.colcon_core.package_identification:_identify(src/f1tenth_stanley_controller) by extension 'ignore'
[0.363s] Level 1:colcon.colcon_core.package_identification:_identify(src/f1tenth_stanley_controller) by extension 'ignore_ament_install'
[0.363s] Level 1:colcon.colcon_core.package_identification:_identify(src/f1tenth_stanley_controller) by extensions ['colcon_pkg']
[0.363s] Level 1:colcon.colcon_core.package_identification:_identify(src/f1tenth_stanley_controller) by extension 'colcon_pkg'
[0.363s] Level 1:colcon.colcon_core.package_identification:_identify(src/f1tenth_stanley_controller) by extensions ['colcon_meta']
[0.363s] Level 1:colcon.colcon_core.package_identification:_identify(src/f1tenth_stanley_controller) by extension 'colcon_meta'
[0.363s] Level 1:colcon.colcon_core.package_identification:_identify(src/f1tenth_stanley_controller) by extensions ['ros']
[0.363s] Level 1:colcon.colcon_core.package_identification:_identify(src/f1tenth_stanley_controller) by extension 'ros'
[0.365s] DEBUG:colcon.colcon_core.package_identification:Package 'src/f1tenth_stanley_controller' with type 'ros.ament_python' and name 'f1tenth_stanley_controller'
[0.366s] Level 1:colcon.colcon_core.package_identification:_identify(src/install) by extensions ['ignore', 'ignore_ament_install']
[0.366s] Level 1:colcon.colcon_core.package_identification:_identify(src/install) by extension 'ignore'
[0.366s] Level 1:colcon.colcon_core.package_identification:_identify(src/install) ignored
[0.366s] Level 1:colcon.colcon_core.package_identification:_identify(src/log) by extensions ['ignore', 'ignore_ament_install']
[0.366s] Level 1:colcon.colcon_core.package_identification:_identify(src/log) by extension 'ignore'
[0.366s] Level 1:colcon.colcon_core.package_identification:_identify(src/log) ignored
[0.366s] Level 1:colcon.colcon_core.package_identification:_identify(src/slam_toolbox) by extensions ['ignore', 'ignore_ament_install']
[0.366s] Level 1:colcon.colcon_core.package_identification:_identify(src/slam_toolbox) by extension 'ignore'
[0.366s] Level 1:colcon.colcon_core.package_identification:_identify(src/slam_toolbox) by extension 'ignore_ament_install'
[0.366s] Level 1:colcon.colcon_core.package_identification:_identify(src/slam_toolbox) by extensions ['colcon_pkg']
[0.366s] Level 1:colcon.colcon_core.package_identification:_identify(src/slam_toolbox) by extension 'colcon_pkg'
[0.367s] Level 1:colcon.colcon_core.package_identification:_identify(src/slam_toolbox) by extensions ['colcon_meta']
[0.367s] Level 1:colcon.colcon_core.package_identification:_identify(src/slam_toolbox) by extension 'colcon_meta'
[0.367s] Level 1:colcon.colcon_core.package_identification:_identify(src/slam_toolbox) by extensions ['ros']
[0.367s] Level 1:colcon.colcon_core.package_identification:_identify(src/slam_toolbox) by extension 'ros'
[0.368s] DEBUG:colcon.colcon_core.package_identification:Package 'src/slam_toolbox' with type 'ros.ament_cmake' and name 'slam_toolbox'
[0.368s] Level 1:colcon.colcon_core.package_discovery:discover_packages(recursive) using defaults
[0.368s] Level 1:colcon.colcon_core.package_discovery:discover_packages(ignore) discover
[0.368s] Level 1:colcon.colcon_core.package_discovery:discover_packages(ignore) using defaults
[0.368s] Level 1:colcon.colcon_core.package_discovery:discover_packages(path) discover
[0.368s] Level 1:colcon.colcon_core.package_discovery:discover_packages(path) using defaults
[0.389s] Level 5:colcon.colcon_core.verb:set package 'autodrive_f1tenth' build argument 'cmake_args' from command line to 'None'
[0.389s] Level 5:colcon.colcon_core.verb:set package 'autodrive_f1tenth' build argument 'cmake_target' from command line to 'None'
[0.389s] Level 5:colcon.colcon_core.verb:set package 'autodrive_f1tenth' build argument 'cmake_target_skip_unavailable' from command line to 'False'
[0.389s] Level 5:colcon.colcon_core.verb:set package 'autodrive_f1tenth' build argument 'cmake_clean_cache' from command line to 'False'
[0.389s] Level 5:colcon.colcon_core.verb:set package 'autodrive_f1tenth' build argument 'cmake_clean_first' from command line to 'False'
[0.389s] Level 5:colcon.colcon_core.verb:set package 'autodrive_f1tenth' build argument 'cmake_force_configure' from command line to 'False'
[0.389s] Level 5:colcon.colcon_core.verb:set package 'autodrive_f1tenth' build argument 'ament_cmake_args' from command line to 'None'
[0.389s] Level 5:colcon.colcon_core.verb:set package 'autodrive_f1tenth' build argument 'catkin_cmake_args' from command line to 'None'
[0.389s] Level 5:colcon.colcon_core.verb:set package 'autodrive_f1tenth' build argument 'catkin_skip_building_tests' from command line to 'False'
[0.389s] DEBUG:colcon.colcon_core.verb:Building package 'autodrive_f1tenth' with the following arguments: {'ament_cmake_args': None, 'build_base': '/home/autodrive_devkit/build/autodrive_f1tenth', 'catkin_cmake_args': None, 'catkin_skip_building_tests': False, 'cmake_args': None, 'cmake_clean_cache': False, 'cmake_clean_first': False, 'cmake_force_configure': False, 'cmake_target': None, 'cmake_target_skip_unavailable': False, 'install_base': '/home/autodrive_devkit/install/autodrive_f1tenth', 'merge_install': False, 'path': '/home/autodrive_devkit/src/autodrive_devkit', 'symlink_install': False, 'test_result_base': None}
[0.390s] Level 5:colcon.colcon_core.verb:set package 'f1tenth_stanley_controller' build argument 'cmake_args' from command line to 'None'
[0.390s] Level 5:colcon.colcon_core.verb:set package 'f1tenth_stanley_controller' build argument 'cmake_target' from command line to 'None'
[0.390s] Level 5:colcon.colcon_core.verb:set package 'f1tenth_stanley_controller' build argument 'cmake_target_skip_unavailable' from command line to 'False'
[0.390s] Level 5:colcon.colcon_core.verb:set package 'f1tenth_stanley_controller' build argument 'cmake_clean_cache' from command line to 'False'
[0.390s] Level 5:colcon.colcon_core.verb:set package 'f1tenth_stanley_controller' build argument 'cmake_clean_first' from command line to 'False'
[0.390s] Level 5:colcon.colcon_core.verb:set package 'f1tenth_stanley_controller' build argument 'cmake_force_configure' from command line to 'False'
[0.390s] Level 5:colcon.colcon_core.verb:set package 'f1tenth_stanley_controller' build argument 'ament_cmake_args' from command line to 'None'
[0.390s] Level 5:colcon.colcon_core.verb:set package 'f1tenth_stanley_controller' build argument 'catkin_cmake_args' from command line to 'None'
[0.390s] Level 5:colcon.colcon_core.verb:set package 'f1tenth_stanley_controller' build argument 'catkin_skip_building_tests' from command line to 'False'
[0.390s] DEBUG:colcon.colcon_core.verb:Building package 'f1tenth_stanley_controller' with the following arguments: {'ament_cmake_args': None, 'build_base': '/home/autodrive_devkit/build/f1tenth_stanley_controller', 'catkin_cmake_args': None, 'catkin_skip_building_tests': False, 'cmake_args': None, 'cmake_clean_cache': False, 'cmake_clean_first': False, 'cmake_force_configure': False, 'cmake_target': None, 'cmake_target_skip_unavailable': False, 'install_base': '/home/autodrive_devkit/install/f1tenth_stanley_controller', 'merge_install': False, 'path': '/home/autodrive_devkit/src/f1tenth_stanley_controller', 'symlink_install': False, 'test_result_base': None}
[0.390s] Level 5:colcon.colcon_core.verb:set package 'slam_toolbox' build argument 'cmake_args' from command line to 'None'
[0.390s] Level 5:colcon.colcon_core.verb:set package 'slam_toolbox' build argument 'cmake_target' from command line to 'None'
[0.390s] Level 5:colcon.colcon_core.verb:set package 'slam_toolbox' build argument 'cmake_target_skip_unavailable' from command line to 'False'
[0.390s] Level 5:colcon.colcon_core.verb:set package 'slam_toolbox' build argument 'cmake_clean_cache' from command line to 'False'
[0.390s] Level 5:colcon.colcon_core.verb:set package 'slam_toolbox' build argument 'cmake_clean_first' from command line to 'False'
[0.390s] Level 5:colcon.colcon_core.verb:set package 'slam_toolbox' build argument 'cmake_force_configure' from command line to 'False'
[0.390s] Level 5:colcon.colcon_core.verb:set package 'slam_toolbox' build argument 'ament_cmake_args' from command line to 'None'
[0.390s] Level 5:colcon.colcon_core.verb:set package 'slam_toolbox' build argument 'catkin_cmake_args' from command line to 'None'
[0.390s] Level 5:colcon.colcon_core.verb:set package 'slam_toolbox' build argument 'catkin_skip_building_tests' from command line to 'False'
[0.390s] DEBUG:colcon.colcon_core.verb:Building package 'slam_toolbox' with the following arguments: {'ament_cmake_args': None, 'build_base': '/home/autodrive_devkit/build/slam_toolbox', 'catkin_cmake_args': None, 'catkin_skip_building_tests': False, 'cmake_args': None, 'cmake_clean_cache': False, 'cmake_clean_first': False, 'cmake_force_configure': False, 'cmake_target': None, 'cmake_target_skip_unavailable': False, 'install_base': '/home/autodrive_devkit/install/slam_toolbox', 'merge_install': False, 'path': '/home/autodrive_devkit/src/slam_toolbox', 'symlink_install': False, 'test_result_base': None}
[0.390s] INFO:colcon.colcon_core.executor:Executing jobs using 'parallel' executor
[0.391s] DEBUG:colcon.colcon_parallel_executor.executor.parallel:run_until_complete
[0.392s] INFO:colcon.colcon_ros.task.ament_python.build:Building ROS package in '/home/autodrive_devkit/src/autodrive_devkit' with build type 'ament_python'
[0.392s] Level 1:colcon.colcon_core.shell:create_environment_hook('autodrive_f1tenth', 'ament_prefix_path')
[0.395s] INFO:colcon.colcon_core.plugin_system:Skipping extension 'colcon_core.shell.bat': Not used on non-Windows systems
[0.396s] INFO:colcon.colcon_core.shell:Creating environment hook '/home/autodrive_devkit/install/autodrive_f1tenth/share/autodrive_f1tenth/hook/ament_prefix_path.ps1'
[0.396s] INFO:colcon.colcon_core.shell:Creating environment descriptor '/home/autodrive_devkit/install/autodrive_f1tenth/share/autodrive_f1tenth/hook/ament_prefix_path.dsv'
[0.397s] INFO:colcon.colcon_core.shell:Creating environment hook '/home/autodrive_devkit/install/autodrive_f1tenth/share/autodrive_f1tenth/hook/ament_prefix_path.sh'
[0.397s] INFO:colcon.colcon_core.shell:Skip shell extension 'powershell' for command environment: Not usable outside of PowerShell
[0.397s] DEBUG:colcon.colcon_core.shell:Skip shell extension 'dsv' for command environment
[0.407s] INFO:colcon.colcon_ros.task.ament_python.build:Building ROS package in '/home/autodrive_devkit/src/f1tenth_stanley_controller' with build type 'ament_python'
[0.407s] Level 1:colcon.colcon_core.shell:create_environment_hook('f1tenth_stanley_controller', 'ament_prefix_path')
[0.407s] INFO:colcon.colcon_core.shell:Creating environment hook '/home/autodrive_devkit/install/f1tenth_stanley_controller/share/f1tenth_stanley_controller/hook/ament_prefix_path.ps1'
[0.407s] INFO:colcon.colcon_core.shell:Creating environment descriptor '/home/autodrive_devkit/install/f1tenth_stanley_controller/share/f1tenth_stanley_controller/hook/ament_prefix_path.dsv'
[0.408s] INFO:colcon.colcon_core.shell:Creating environment hook '/home/autodrive_devkit/install/f1tenth_stanley_controller/share/f1tenth_stanley_controller/hook/ament_prefix_path.sh'
[0.408s] INFO:colcon.colcon_core.shell:Skip shell extension 'powershell' for command environment: Not usable outside of PowerShell
[0.408s] DEBUG:colcon.colcon_core.shell:Skip shell extension 'dsv' for command environment
[0.411s] INFO:colcon.colcon_ros.task.ament_cmake.build:Building ROS package in '/home/autodrive_devkit/src/slam_toolbox' with build type 'ament_cmake'
[0.411s] INFO:colcon.colcon_cmake.task.cmake.build:Building CMake package in '/home/autodrive_devkit/src/slam_toolbox'
[0.411s] INFO:colcon.colcon_core.shell:Skip shell extension 'powershell' for command environment: Not usable outside of PowerShell
[0.411s] DEBUG:colcon.colcon_core.shell:Skip shell extension 'dsv' for command environment
[0.598s] INFO:colcon.colcon_core.task.python.build:Building Python package in '/home/autodrive_devkit/src/autodrive_devkit'
[0.598s] INFO:colcon.colcon_core.shell:Skip shell extension 'powershell' for command environment: Not usable outside of PowerShell
[0.598s] DEBUG:colcon.colcon_core.shell:Skip shell extension 'dsv' for command environment
[0.772s] INFO:colcon.colcon_core.task.python.build:Building Python package in '/home/autodrive_devkit/src/f1tenth_stanley_controller'
[0.772s] INFO:colcon.colcon_core.shell:Skip shell extension 'powershell' for command environment: Not usable outside of PowerShell
[0.772s] DEBUG:colcon.colcon_core.shell:Skip shell extension 'dsv' for command environment
[0.781s] DEBUG:colcon.colcon_core.event_handler.log_command:Invoking command in '/home/autodrive_devkit/build/slam_toolbox': CMAKE_PREFIX_PATH=${CMAKE_PREFIX_PATH}:/home/autodrive_devkit/install/nav2_simple_commander:/home/autodrive_devkit/install/nav2_loopback_sim:/home/autodrive_devkit/install/f1tenth_stanley_controller:/home/autodrive_devkit/install/autodrive_f1tenth:/opt/ros/humble /usr/bin/cmake --build /home/autodrive_devkit/build/slam_toolbox -- -j16 -l16
[1.046s] DEBUG:colcon.colcon_core.event_handler.log_command:Invoking command in '/home/autodrive_devkit/src/f1tenth_stanley_controller': PYTHONPATH=/home/autodrive_devkit/build/f1tenth_stanley_controller/prefix_override:/usr/lib/python3/dist-packages/colcon_core/task/python/colcon_distutils_commands:/home/autodrive_devkit/install/f1tenth_stanley_controller/lib/python3.10/site-packages:${PYTHONPATH} /usr/bin/python3 -W ignore:setup.py install is deprecated setup.py egg_info --egg-base ../../build/f1tenth_stanley_controller build --build-base /home/autodrive_devkit/build/f1tenth_stanley_controller/build install --record /home/autodrive_devkit/build/f1tenth_stanley_controller/install.log --install-scripts $base/lib/f1tenth_stanley_controller --single-version-externally-managed install_data
[1.046s] DEBUG:colcon.colcon_core.event_handler.log_command:Invoking command in '/home/autodrive_devkit/src/autodrive_devkit': PYTHONPATH=/home/autodrive_devkit/build/autodrive_f1tenth/prefix_override:/usr/lib/python3/dist-packages/colcon_core/task/python/colcon_distutils_commands:/home/autodrive_devkit/install/autodrive_f1tenth/lib/python3.10/site-packages:${PYTHONPATH} /usr/bin/python3 -W ignore:setup.py install is deprecated setup.py egg_info --egg-base ../../build/autodrive_f1tenth build --build-base /home/autodrive_devkit/build/autodrive_f1tenth/build install --record /home/autodrive_devkit/build/autodrive_f1tenth/install.log --single-version-externally-managed install_data
[1.255s] DEBUG:colcon.colcon_core.event_handler.log_command:Invoked command in '/home/autodrive_devkit/src/autodrive_devkit' returned '0': PYTHONPATH=/home/autodrive_devkit/build/autodrive_f1tenth/prefix_override:/usr/lib/python3/dist-packages/colcon_core/task/python/colcon_distutils_commands:/home/autodrive_devkit/install/autodrive_f1tenth/lib/python3.10/site-packages:${PYTHONPATH} /usr/bin/python3 -W ignore:setup.py install is deprecated setup.py egg_info --egg-base ../../build/autodrive_f1tenth build --build-base /home/autodrive_devkit/build/autodrive_f1tenth/build install --record /home/autodrive_devkit/build/autodrive_f1tenth/install.log --single-version-externally-managed install_data
[1.261s] Level 1:colcon.colcon_core.environment:checking '/home/autodrive_devkit/install/autodrive_f1tenth' for CMake module files
[1.262s] Level 1:colcon.colcon_core.environment:checking '/home/autodrive_devkit/install/autodrive_f1tenth' for CMake config files
[1.265s] Level 1:colcon.colcon_core.environment:checking '/home/autodrive_devkit/install/autodrive_f1tenth/lib'
[1.266s] Level 1:colcon.colcon_core.environment:checking '/home/autodrive_devkit/install/autodrive_f1tenth/bin'
[1.266s] Level 1:colcon.colcon_core.environment:checking '/home/autodrive_devkit/install/autodrive_f1tenth/lib/pkgconfig/autodrive_f1tenth.pc'
[1.266s] Level 1:colcon.colcon_core.environment:checking '/home/autodrive_devkit/install/autodrive_f1tenth/lib/python3.10/site-packages'
[1.266s] Level 1:colcon.colcon_core.shell:create_environment_hook('autodrive_f1tenth', 'pythonpath')
[1.266s] INFO:colcon.colcon_core.shell:Creating environment hook '/home/autodrive_devkit/install/autodrive_f1tenth/share/autodrive_f1tenth/hook/pythonpath.ps1'
[1.267s] INFO:colcon.colcon_core.shell:Creating environment descriptor '/home/autodrive_devkit/install/autodrive_f1tenth/share/autodrive_f1tenth/hook/pythonpath.dsv'
[1.267s] INFO:colcon.colcon_core.shell:Creating environment hook '/home/autodrive_devkit/install/autodrive_f1tenth/share/autodrive_f1tenth/hook/pythonpath.sh'
[1.268s] Level 1:colcon.colcon_core.environment:checking '/home/autodrive_devkit/install/autodrive_f1tenth/bin'
[1.268s] Level 1:colcon.colcon_core.environment:create_environment_scripts_only(autodrive_f1tenth)
[1.269s] INFO:colcon.colcon_core.shell:Creating package script '/home/autodrive_devkit/install/autodrive_f1tenth/share/autodrive_f1tenth/package.ps1'
[1.270s] INFO:colcon.colcon_core.shell:Creating package descriptor '/home/autodrive_devkit/install/autodrive_f1tenth/share/autodrive_f1tenth/package.dsv'
[1.271s] INFO:colcon.colcon_core.shell:Creating package script '/home/autodrive_devkit/install/autodrive_f1tenth/share/autodrive_f1tenth/package.sh'
[1.272s] INFO:colcon.colcon_core.shell:Creating package script '/home/autodrive_devkit/install/autodrive_f1tenth/share/autodrive_f1tenth/package.bash'
[1.272s] INFO:colcon.colcon_core.shell:Creating package script '/home/autodrive_devkit/install/autodrive_f1tenth/share/autodrive_f1tenth/package.zsh'
[1.273s] Level 1:colcon.colcon_core.environment:create_file_with_runtime_dependencies(/home/autodrive_devkit/install/autodrive_f1tenth/share/colcon-core/packages/autodrive_f1tenth)
[1.274s] Level 1:colcon.colcon_core.environment:checking '/home/autodrive_devkit/install/f1tenth_stanley_controller' for CMake module files
[1.274s] DEBUG:colcon.colcon_core.event_handler.log_command:Invoked command in '/home/autodrive_devkit/src/f1tenth_stanley_controller' returned '0': PYTHONPATH=/home/autodrive_devkit/build/f1tenth_stanley_controller/prefix_override:/usr/lib/python3/dist-packages/colcon_core/task/python/colcon_distutils_commands:/home/autodrive_devkit/install/f1tenth_stanley_controller/lib/python3.10/site-packages:${PYTHONPATH} /usr/bin/python3 -W ignore:setup.py install is deprecated setup.py egg_info --egg-base ../../build/f1tenth_stanley_controller build --build-base /home/autodrive_devkit/build/f1tenth_stanley_controller/build install --record /home/autodrive_devkit/build/f1tenth_stanley_controller/install.log --install-scripts $base/lib/f1tenth_stanley_controller --single-version-externally-managed install_data
[1.275s] Level 1:colcon.colcon_core.environment:checking '/home/autodrive_devkit/install/f1tenth_stanley_controller' for CMake config files
[1.277s] Level 1:colcon.colcon_core.environment:checking '/home/autodrive_devkit/install/f1tenth_stanley_controller/lib'
[1.277s] Level 1:colcon.colcon_core.environment:checking '/home/autodrive_devkit/install/f1tenth_stanley_controller/bin'
[1.277s] Level 1:colcon.colcon_core.environment:checking '/home/autodrive_devkit/install/f1tenth_stanley_controller/lib/pkgconfig/f1tenth_stanley_controller.pc'
[1.278s] Level 1:colcon.colcon_core.environment:checking '/home/autodrive_devkit/install/f1tenth_stanley_controller/lib/python3.10/site-packages'
[1.278s] Level 1:colcon.colcon_core.shell:create_environment_hook('f1tenth_stanley_controller', 'pythonpath')
[1.278s] INFO:colcon.colcon_core.shell:Creating environment hook '/home/autodrive_devkit/install/f1tenth_stanley_controller/share/f1tenth_stanley_controller/hook/pythonpath.ps1'
[1.278s] INFO:colcon.colcon_core.shell:Creating environment descriptor '/home/autodrive_devkit/install/f1tenth_stanley_controller/share/f1tenth_stanley_controller/hook/pythonpath.dsv'
[1.279s] INFO:colcon.colcon_core.shell:Creating environment hook '/home/autodrive_devkit/install/f1tenth_stanley_controller/share/f1tenth_stanley_controller/hook/pythonpath.sh'
[1.280s] Level 1:colcon.colcon_core.environment:checking '/home/autodrive_devkit/install/f1tenth_stanley_controller/bin'
[1.280s] Level 1:colcon.colcon_core.environment:create_environment_scripts_only(f1tenth_stanley_controller)
[1.280s] INFO:colcon.colcon_core.shell:Creating package script '/home/autodrive_devkit/install/f1tenth_stanley_controller/share/f1tenth_stanley_controller/package.ps1'
[1.281s] INFO:colcon.colcon_core.shell:Creating package descriptor '/home/autodrive_devkit/install/f1tenth_stanley_controller/share/f1tenth_stanley_controller/package.dsv'
[1.281s] INFO:colcon.colcon_core.shell:Creating package script '/home/autodrive_devkit/install/f1tenth_stanley_controller/share/f1tenth_stanley_controller/package.sh'
[1.282s] INFO:colcon.colcon_core.shell:Creating package script '/home/autodrive_devkit/install/f1tenth_stanley_controller/share/f1tenth_stanley_controller/package.bash'
[1.282s] INFO:colcon.colcon_core.shell:Creating package script '/home/autodrive_devkit/install/f1tenth_stanley_controller/share/f1tenth_stanley_controller/package.zsh'
[1.282s] Level 1:colcon.colcon_core.environment:create_file_with_runtime_dependencies(/home/autodrive_devkit/install/f1tenth_stanley_controller/share/colcon-core/packages/f1tenth_stanley_controller)
[82.746s] DEBUG:colcon.colcon_core.event_handler.log_command:Invoked command in '/home/autodrive_devkit/build/slam_toolbox' returned '0': CMAKE_PREFIX_PATH=${CMAKE_PREFIX_PATH}:/home/autodrive_devkit/install/nav2_simple_commander:/home/autodrive_devkit/install/nav2_loopback_sim:/home/autodrive_devkit/install/f1tenth_stanley_controller:/home/autodrive_devkit/install/autodrive_f1tenth:/opt/ros/humble /usr/bin/cmake --build /home/autodrive_devkit/build/slam_toolbox -- -j16 -l16
[83.144s] DEBUG:colcon.colcon_core.event_handler.log_command:Invoking command in '/home/autodrive_devkit/build/slam_toolbox': CMAKE_PREFIX_PATH=${CMAKE_PREFIX_PATH}:/home/autodrive_devkit/install/nav2_simple_commander:/home/autodrive_devkit/install/nav2_loopback_sim:/home/autodrive_devkit/install/f1tenth_stanley_controller:/home/autodrive_devkit/install/autodrive_f1tenth:/opt/ros/humble /usr/bin/cmake --install /home/autodrive_devkit/build/slam_toolbox
[83.448s] Level 1:colcon.colcon_core.environment:create_environment_scripts_only(slam_toolbox)
[83.449s] Level 1:colcon.colcon_core.environment:checking '/home/autodrive_devkit/install/slam_toolbox' for CMake module files
[83.449s] DEBUG:colcon.colcon_core.event_handler.log_command:Invoked command in '/home/autodrive_devkit/build/slam_toolbox' returned '0': CMAKE_PREFIX_PATH=${CMAKE_PREFIX_PATH}:/home/autodrive_devkit/install/nav2_simple_commander:/home/autodrive_devkit/install/nav2_loopback_sim:/home/autodrive_devkit/install/f1tenth_stanley_controller:/home/autodrive_devkit/install/autodrive_f1tenth:/opt/ros/humble /usr/bin/cmake --install /home/autodrive_devkit/build/slam_toolbox
[83.450s] Level 1:colcon.colcon_core.environment:checking '/home/autodrive_devkit/install/slam_toolbox' for CMake config files
[83.452s] Level 1:colcon.colcon_core.shell:create_environment_hook('slam_toolbox', 'cmake_prefix_path')
[83.452s] INFO:colcon.colcon_core.shell:Creating environment hook '/home/autodrive_devkit/install/slam_toolbox/share/slam_toolbox/hook/cmake_prefix_path.ps1'
[83.453s] INFO:colcon.colcon_core.shell:Creating environment descriptor '/home/autodrive_devkit/install/slam_toolbox/share/slam_toolbox/hook/cmake_prefix_path.dsv'
[83.453s] INFO:colcon.colcon_core.shell:Creating environment hook '/home/autodrive_devkit/install/slam_toolbox/share/slam_toolbox/hook/cmake_prefix_path.sh'
[83.454s] Level 1:colcon.colcon_core.environment:checking '/home/autodrive_devkit/install/slam_toolbox/lib'
[83.454s] Level 1:colcon.colcon_core.shell:create_environment_hook('slam_toolbox', 'ld_library_path_lib')
[83.454s] INFO:colcon.colcon_core.shell:Creating environment hook '/home/autodrive_devkit/install/slam_toolbox/share/slam_toolbox/hook/ld_library_path_lib.ps1'
[83.454s] INFO:colcon.colcon_core.shell:Creating environment descriptor '/home/autodrive_devkit/install/slam_toolbox/share/slam_toolbox/hook/ld_library_path_lib.dsv'
[83.454s] INFO:colcon.colcon_core.shell:Creating environment hook '/home/autodrive_devkit/install/slam_toolbox/share/slam_toolbox/hook/ld_library_path_lib.sh'
[83.455s] Level 1:colcon.colcon_core.environment:checking '/home/autodrive_devkit/install/slam_toolbox/bin'
[83.455s] Level 1:colcon.colcon_core.environment:checking '/home/autodrive_devkit/install/slam_toolbox/lib/pkgconfig/slam_toolbox.pc'
[83.455s] Level 1:colcon.colcon_core.environment:checking '/home/autodrive_devkit/install/slam_toolbox/lib/python3.10/site-packages'
[83.455s] Level 1:colcon.colcon_core.environment:checking '/home/autodrive_devkit/install/slam_toolbox/bin'
[83.455s] INFO:colcon.colcon_core.shell:Creating package script '/home/autodrive_devkit/install/slam_toolbox/share/slam_toolbox/package.ps1'
[83.456s] INFO:colcon.colcon_core.shell:Creating package descriptor '/home/autodrive_devkit/install/slam_toolbox/share/slam_toolbox/package.dsv'
[83.456s] INFO:colcon.colcon_core.shell:Creating package script '/home/autodrive_devkit/install/slam_toolbox/share/slam_toolbox/package.sh'
[83.456s] INFO:colcon.colcon_core.shell:Creating package script '/home/autodrive_devkit/install/slam_toolbox/share/slam_toolbox/package.bash'
[83.457s] INFO:colcon.colcon_core.shell:Creating package script '/home/autodrive_devkit/install/slam_toolbox/share/slam_toolbox/package.zsh'
[83.457s] Level 1:colcon.colcon_core.environment:create_file_with_runtime_dependencies(/home/autodrive_devkit/install/slam_toolbox/share/colcon-core/packages/slam_toolbox)
[83.828s] Level 1:colcon.colcon_core.environment:create_environment_scripts_only(slam_toolbox)
[83.828s] Level 1:colcon.colcon_core.environment:checking '/home/autodrive_devkit/install/slam_toolbox' for CMake module files
[83.829s] Level 1:colcon.colcon_core.environment:checking '/home/autodrive_devkit/install/slam_toolbox' for CMake config files
[83.832s] Level 1:colcon.colcon_core.shell:create_environment_hook('slam_toolbox', 'cmake_prefix_path')
[83.832s] INFO:colcon.colcon_core.shell:Creating environment hook '/home/autodrive_devkit/install/slam_toolbox/share/slam_toolbox/hook/cmake_prefix_path.ps1'
[83.832s] INFO:colcon.colcon_core.shell:Creating environment descriptor '/home/autodrive_devkit/install/slam_toolbox/share/slam_toolbox/hook/cmake_prefix_path.dsv'
[83.833s] INFO:colcon.colcon_core.shell:Creating environment hook '/home/autodrive_devkit/install/slam_toolbox/share/slam_toolbox/hook/cmake_prefix_path.sh'
[83.833s] Level 1:colcon.colcon_core.environment:checking '/home/autodrive_devkit/install/slam_toolbox/lib'
[83.833s] Level 1:colcon.colcon_core.shell:create_environment_hook('slam_toolbox', 'ld_library_path_lib')
[83.833s] INFO:colcon.colcon_core.shell:Creating environment hook '/home/autodrive_devkit/install/slam_toolbox/share/slam_toolbox/hook/ld_library_path_lib.ps1'
[83.833s] INFO:colcon.colcon_core.shell:Creating environment descriptor '/home/autodrive_devkit/install/slam_toolbox/share/slam_toolbox/hook/ld_library_path_lib.dsv'
[83.833s] INFO:colcon.colcon_core.shell:Creating environment hook '/home/autodrive_devkit/install/slam_toolbox/share/slam_toolbox/hook/ld_library_path_lib.sh'
[83.834s] Level 1:colcon.colcon_core.environment:checking '/home/autodrive_devkit/install/slam_toolbox/bin'
[83.834s] Level 1:colcon.colcon_core.environment:checking '/home/autodrive_devkit/install/slam_toolbox/lib/pkgconfig/slam_toolbox.pc'
[83.834s] Level 1:colcon.colcon_core.environment:checking '/home/autodrive_devkit/install/slam_toolbox/lib/python3.10/site-packages'
[83.834s] Level 1:colcon.colcon_core.environment:checking '/home/autodrive_devkit/install/slam_toolbox/bin'
[83.834s] INFO:colcon.colcon_core.shell:Creating package script '/home/autodrive_devkit/install/slam_toolbox/share/slam_toolbox/package.ps1'
[83.834s] INFO:colcon.colcon_core.shell:Creating package descriptor '/home/autodrive_devkit/install/slam_toolbox/share/slam_toolbox/package.dsv'
[83.835s] INFO:colcon.colcon_core.shell:Creating package script '/home/autodrive_devkit/install/slam_toolbox/share/slam_toolbox/package.sh'
[83.835s] INFO:colcon.colcon_core.shell:Creating package script '/home/autodrive_devkit/install/slam_toolbox/share/slam_toolbox/package.bash'
[83.835s] INFO:colcon.colcon_core.shell:Creating package script '/home/autodrive_devkit/install/slam_toolbox/share/slam_toolbox/package.zsh'
[83.835s] Level 1:colcon.colcon_core.environment:create_file_with_runtime_dependencies(/home/autodrive_devkit/install/slam_toolbox/share/colcon-core/packages/slam_toolbox)
[83.836s] DEBUG:colcon.colcon_parallel_executor.executor.parallel:closing loop
[83.836s] DEBUG:colcon.colcon_parallel_executor.executor.parallel:loop closed
[83.836s] DEBUG:colcon.colcon_parallel_executor.executor.parallel:run_until_complete finished with '0'
[83.836s] DEBUG:colcon.colcon_core.event_reactor:joining thread
[83.847s] INFO:colcon.colcon_core.plugin_system:Skipping extension 'colcon_notification.desktop_notification.notify_send': Could not find 'notify-send'
[83.847s] INFO:colcon.colcon_core.plugin_system:Skipping extension 'colcon_notification.desktop_notification.terminal_notifier': Not used on non-Darwin systems
[83.847s] INFO:colcon.colcon_core.plugin_system:Skipping extension 'colcon_notification.desktop_notification.win32': Not used on non-Windows systems
[83.847s] INFO:colcon.colcon_notification.desktop_notification:Sending desktop notification using 'notify2'
[83.852s] DEBUG:colcon.colcon_notification.desktop_notification.notify2:Failed to initialize notify2: org.freedesktop.DBus.Error.Spawn.ExecFailed: /usr/bin/dbus-launch terminated abnormally without any error message
[83.852s] DEBUG:colcon.colcon_core.event_reactor:joined thread
[83.853s] INFO:colcon.colcon_core.shell:Creating prefix script '/home/autodrive_devkit/install/local_setup.ps1'
[83.856s] INFO:colcon.colcon_core.shell:Creating prefix util module '/home/autodrive_devkit/install/_local_setup_util_ps1.py'
[83.858s] INFO:colcon.colcon_core.shell:Creating prefix chain script '/home/autodrive_devkit/install/setup.ps1'
[83.862s] INFO:colcon.colcon_core.shell:Creating prefix script '/home/autodrive_devkit/install/local_setup.sh'
[83.863s] INFO:colcon.colcon_core.shell:Creating prefix util module '/home/autodrive_devkit/install/_local_setup_util_sh.py'
[83.863s] INFO:colcon.colcon_core.shell:Creating prefix chain script '/home/autodrive_devkit/install/setup.sh'
[83.865s] INFO:colcon.colcon_core.shell:Creating prefix script '/home/autodrive_devkit/install/local_setup.bash'
[83.866s] INFO:colcon.colcon_core.shell:Creating prefix chain script '/home/autodrive_devkit/install/setup.bash'
[83.867s] INFO:colcon.colcon_core.shell:Creating prefix script '/home/autodrive_devkit/install/local_setup.zsh'
[83.868s] INFO:colcon.colcon_core.shell:Creating prefix chain script '/home/autodrive_devkit/install/setup.zsh'
