[0.559s] Invoking command in '/home/autodrive_devkit/build/f1tenth_stanley_controller': PYTHONPATH=/home/autodrive_devkit/build/f1tenth_stanley_controller/prefix_override:/usr/lib/python3/dist-packages/colcon_core/task/python/colcon_distutils_commands:/home/autodrive_devkit/install/f1tenth_stanley_controller/lib/python3.10/site-packages:${PYTHONPATH} /usr/bin/python3 -W ignore:setup.py install is deprecated setup.py develop --uninstall --editable --build-directory /home/autodrive_devkit/build/f1tenth_stanley_controller/build
[0.704s] /usr/lib/python3/dist-packages/setuptools/dist.py:723: UserWarning: Usage of dash-separated 'script-dir' will not be supported in future versions. Please use the underscore name 'script_dir' instead
[0.704s]   warnings.warn(
[0.724s] running develop
[0.724s] /usr/lib/python3/dist-packages/setuptools/command/easy_install.py:158: EasyInstallDeprecationWarning: easy_install command is deprecated. Use build and pip and other standards-based tools.
[0.725s]   warnings.warn(
[0.811s] Removing /home/autodrive_devkit/install/f1tenth_stanley_controller/lib/python3.10/site-packages/f1tenth-stanley-controller.egg-link (link to .)
[0.836s] Invoked command in '/home/autodrive_devkit/build/f1tenth_stanley_controller' returned '0': PYTHONPATH=/home/autodrive_devkit/build/f1tenth_stanley_controller/prefix_override:/usr/lib/python3/dist-packages/colcon_core/task/python/colcon_distutils_commands:/home/autodrive_devkit/install/f1tenth_stanley_controller/lib/python3.10/site-packages:${PYTHONPATH} /usr/bin/python3 -W ignore:setup.py install is deprecated setup.py develop --uninstall --editable --build-directory /home/autodrive_devkit/build/f1tenth_stanley_controller/build
[0.838s] Invoking command in '/home/autodrive_devkit/src/f1tenth_stanley_controller': PYTHONPATH=/home/autodrive_devkit/build/f1tenth_stanley_controller/prefix_override:/usr/lib/python3/dist-packages/colcon_core/task/python/colcon_distutils_commands:/home/autodrive_devkit/install/f1tenth_stanley_controller/lib/python3.10/site-packages:${PYTHONPATH} /usr/bin/python3 -W ignore:setup.py install is deprecated setup.py egg_info --egg-base ../../build/f1tenth_stanley_controller build --build-base /home/autodrive_devkit/build/f1tenth_stanley_controller/build install --record /home/autodrive_devkit/build/f1tenth_stanley_controller/install.log --install-scripts $base/lib/f1tenth_stanley_controller --single-version-externally-managed install_data --force
[0.984s] /usr/lib/python3/dist-packages/setuptools/dist.py:723: UserWarning: Usage of dash-separated 'script-dir' will not be supported in future versions. Please use the underscore name 'script_dir' instead
[0.984s]   warnings.warn(
[0.990s] running egg_info
[0.990s] writing ../../build/f1tenth_stanley_controller/f1tenth_stanley_controller.egg-info/PKG-INFO
[0.991s] writing dependency_links to ../../build/f1tenth_stanley_controller/f1tenth_stanley_controller.egg-info/dependency_links.txt
[0.991s] writing entry points to ../../build/f1tenth_stanley_controller/f1tenth_stanley_controller.egg-info/entry_points.txt
[0.991s] writing requirements to ../../build/f1tenth_stanley_controller/f1tenth_stanley_controller.egg-info/requires.txt
[0.991s] writing top-level names to ../../build/f1tenth_stanley_controller/f1tenth_stanley_controller.egg-info/top_level.txt
[0.992s] reading manifest file '../../build/f1tenth_stanley_controller/f1tenth_stanley_controller.egg-info/SOURCES.txt'
[0.993s] writing manifest file '../../build/f1tenth_stanley_controller/f1tenth_stanley_controller.egg-info/SOURCES.txt'
[0.993s] running build
[0.993s] running build_py
[0.993s] running install
[0.993s] running install_lib
[0.994s] creating /home/autodrive_devkit/install/f1tenth_stanley_controller/lib/python3.10/site-packages/f1tenth_stanley_controller
[0.994s] copying /home/autodrive_devkit/build/f1tenth_stanley_controller/build/lib/f1tenth_stanley_controller/__init__.py -> /home/autodrive_devkit/install/f1tenth_stanley_controller/lib/python3.10/site-packages/f1tenth_stanley_controller
[0.994s] copying /home/autodrive_devkit/build/f1tenth_stanley_controller/build/lib/f1tenth_stanley_controller/controller_node.py -> /home/autodrive_devkit/install/f1tenth_stanley_controller/lib/python3.10/site-packages/f1tenth_stanley_controller
[0.994s] copying /home/autodrive_devkit/build/f1tenth_stanley_controller/build/lib/f1tenth_stanley_controller/get_waypoints.py -> /home/autodrive_devkit/install/f1tenth_stanley_controller/lib/python3.10/site-packages/f1tenth_stanley_controller
[0.995s] copying /home/autodrive_devkit/build/f1tenth_stanley_controller/build/lib/f1tenth_stanley_controller/fake_tf_tree_pub.py -> /home/autodrive_devkit/install/f1tenth_stanley_controller/lib/python3.10/site-packages/f1tenth_stanley_controller
[0.996s] copying /home/autodrive_devkit/build/f1tenth_stanley_controller/build/lib/f1tenth_stanley_controller/wheel_odom_pub.py -> /home/autodrive_devkit/install/f1tenth_stanley_controller/lib/python3.10/site-packages/f1tenth_stanley_controller
[0.996s] copying /home/autodrive_devkit/build/f1tenth_stanley_controller/build/lib/f1tenth_stanley_controller/map_controller.py -> /home/autodrive_devkit/install/f1tenth_stanley_controller/lib/python3.10/site-packages/f1tenth_stanley_controller
[0.997s] byte-compiling /home/autodrive_devkit/install/f1tenth_stanley_controller/lib/python3.10/site-packages/f1tenth_stanley_controller/__init__.py to __init__.cpython-310.pyc
[0.997s] byte-compiling /home/autodrive_devkit/install/f1tenth_stanley_controller/lib/python3.10/site-packages/f1tenth_stanley_controller/controller_node.py to controller_node.cpython-310.pyc
[0.999s] byte-compiling /home/autodrive_devkit/install/f1tenth_stanley_controller/lib/python3.10/site-packages/f1tenth_stanley_controller/get_waypoints.py to get_waypoints.cpython-310.pyc
[0.999s] byte-compiling /home/autodrive_devkit/install/f1tenth_stanley_controller/lib/python3.10/site-packages/f1tenth_stanley_controller/fake_tf_tree_pub.py to fake_tf_tree_pub.cpython-310.pyc
[0.999s] byte-compiling /home/autodrive_devkit/install/f1tenth_stanley_controller/lib/python3.10/site-packages/f1tenth_stanley_controller/wheel_odom_pub.py to wheel_odom_pub.cpython-310.pyc
[1.000s] byte-compiling /home/autodrive_devkit/install/f1tenth_stanley_controller/lib/python3.10/site-packages/f1tenth_stanley_controller/map_controller.py to map_controller.cpython-310.pyc
[1.000s] running install_data
[1.000s] copying resource/f1tenth_stanley_controller -> /home/autodrive_devkit/install/f1tenth_stanley_controller/share/ament_index/resource_index/packages
[1.000s] copying package.xml -> /home/autodrive_devkit/install/f1tenth_stanley_controller/share/f1tenth_stanley_controller
[1.001s] copying launch/controller_launch.py -> /home/autodrive_devkit/install/f1tenth_stanley_controller/share/f1tenth_stanley_controller/launch
[1.001s] copying launch/amcl_working.launch.py -> /home/autodrive_devkit/install/f1tenth_stanley_controller/share/f1tenth_stanley_controller/launch
[1.001s] running install_egg_info
[1.003s] Copying ../../build/f1tenth_stanley_controller/f1tenth_stanley_controller.egg-info to /home/autodrive_devkit/install/f1tenth_stanley_controller/lib/python3.10/site-packages/f1tenth_stanley_controller-0.0.0-py3.10.egg-info
[1.004s] running install_scripts
[1.022s] Installing controller_node script to /home/autodrive_devkit/install/f1tenth_stanley_controller/lib/f1tenth_stanley_controller
[1.022s] Installing fake_tf_node script to /home/autodrive_devkit/install/f1tenth_stanley_controller/lib/f1tenth_stanley_controller
[1.022s] Installing wheel_odom_publisher_node script to /home/autodrive_devkit/install/f1tenth_stanley_controller/lib/f1tenth_stanley_controller
[1.022s] writing list of installed files to '/home/autodrive_devkit/build/f1tenth_stanley_controller/install.log'
[1.048s] Invoked command in '/home/autodrive_devkit/src/f1tenth_stanley_controller' returned '0': PYTHONPATH=/home/autodrive_devkit/build/f1tenth_stanley_controller/prefix_override:/usr/lib/python3/dist-packages/colcon_core/task/python/colcon_distutils_commands:/home/autodrive_devkit/install/f1tenth_stanley_controller/lib/python3.10/site-packages:${PYTHONPATH} /usr/bin/python3 -W ignore:setup.py install is deprecated setup.py egg_info --egg-base ../../build/f1tenth_stanley_controller build --build-base /home/autodrive_devkit/build/f1tenth_stanley_controller/build install --record /home/autodrive_devkit/build/f1tenth_stanley_controller/install.log --install-scripts $base/lib/f1tenth_stanley_controller --single-version-externally-managed install_data --force
