[0.477s] Invoking command in '/home/autodrive_devkit/src/f1tenth_stanley_controller': PYTHONPATH=/home/autodrive_devkit/src/build/f1tenth_stanley_controller/prefix_override:/usr/lib/python3/dist-packages/colcon_core/task/python/colcon_distutils_commands:/home/autodrive_devkit/src/install/f1tenth_stanley_controller/lib/python3.10/site-packages:${PYTHONPATH} /usr/bin/python3 -W ignore:setup.py install is deprecated setup.py egg_info --egg-base ../build/f1tenth_stanley_controller build --build-base /home/autodrive_devkit/src/build/f1tenth_stanley_controller/build install --record /home/autodrive_devkit/src/build/f1tenth_stanley_controller/install.log --install-scripts $base/lib/f1tenth_stanley_controller --single-version-externally-managed install_data
[0.596s] /usr/lib/python3/dist-packages/setuptools/dist.py:723: UserWarning: Usage of dash-separated 'script-dir' will not be supported in future versions. Please use the underscore name 'script_dir' instead
[0.596s]   warnings.warn(
[0.601s] running egg_info
[0.601s] creating ../build/f1tenth_stanley_controller/f1tenth_stanley_controller.egg-info
[0.602s] writing ../build/f1tenth_stanley_controller/f1tenth_stanley_controller.egg-info/PKG-INFO
[0.602s] writing dependency_links to ../build/f1tenth_stanley_controller/f1tenth_stanley_controller.egg-info/dependency_links.txt
[0.602s] writing entry points to ../build/f1tenth_stanley_controller/f1tenth_stanley_controller.egg-info/entry_points.txt
[0.602s] writing requirements to ../build/f1tenth_stanley_controller/f1tenth_stanley_controller.egg-info/requires.txt
[0.602s] writing top-level names to ../build/f1tenth_stanley_controller/f1tenth_stanley_controller.egg-info/top_level.txt
[0.602s] writing manifest file '../build/f1tenth_stanley_controller/f1tenth_stanley_controller.egg-info/SOURCES.txt'
[0.603s] reading manifest file '../build/f1tenth_stanley_controller/f1tenth_stanley_controller.egg-info/SOURCES.txt'
[0.604s] writing manifest file '../build/f1tenth_stanley_controller/f1tenth_stanley_controller.egg-info/SOURCES.txt'
[0.604s] running build
[0.604s] running build_py
[0.604s] creating /home/autodrive_devkit/src/build/f1tenth_stanley_controller/build
[0.604s] creating /home/autodrive_devkit/src/build/f1tenth_stanley_controller/build/lib
[0.604s] creating /home/autodrive_devkit/src/build/f1tenth_stanley_controller/build/lib/f1tenth_stanley_controller
[0.604s] copying f1tenth_stanley_controller/__init__.py -> /home/autodrive_devkit/src/build/f1tenth_stanley_controller/build/lib/f1tenth_stanley_controller
[0.604s] copying f1tenth_stanley_controller/controller_node.py -> /home/autodrive_devkit/src/build/f1tenth_stanley_controller/build/lib/f1tenth_stanley_controller
[0.605s] copying f1tenth_stanley_controller/get_waypoints.py -> /home/autodrive_devkit/src/build/f1tenth_stanley_controller/build/lib/f1tenth_stanley_controller
[0.605s] copying f1tenth_stanley_controller/map_controller.py -> /home/autodrive_devkit/src/build/f1tenth_stanley_controller/build/lib/f1tenth_stanley_controller
[0.605s] running install
[0.605s] running install_lib
[0.606s] creating /home/autodrive_devkit/src/install/f1tenth_stanley_controller/lib/python3.10/site-packages/f1tenth_stanley_controller
[0.606s] copying /home/autodrive_devkit/src/build/f1tenth_stanley_controller/build/lib/f1tenth_stanley_controller/__init__.py -> /home/autodrive_devkit/src/install/f1tenth_stanley_controller/lib/python3.10/site-packages/f1tenth_stanley_controller
[0.606s] copying /home/autodrive_devkit/src/build/f1tenth_stanley_controller/build/lib/f1tenth_stanley_controller/controller_node.py -> /home/autodrive_devkit/src/install/f1tenth_stanley_controller/lib/python3.10/site-packages/f1tenth_stanley_controller
[0.606s] copying /home/autodrive_devkit/src/build/f1tenth_stanley_controller/build/lib/f1tenth_stanley_controller/get_waypoints.py -> /home/autodrive_devkit/src/install/f1tenth_stanley_controller/lib/python3.10/site-packages/f1tenth_stanley_controller
[0.606s] copying /home/autodrive_devkit/src/build/f1tenth_stanley_controller/build/lib/f1tenth_stanley_controller/map_controller.py -> /home/autodrive_devkit/src/install/f1tenth_stanley_controller/lib/python3.10/site-packages/f1tenth_stanley_controller
[0.607s] byte-compiling /home/autodrive_devkit/src/install/f1tenth_stanley_controller/lib/python3.10/site-packages/f1tenth_stanley_controller/__init__.py to __init__.cpython-310.pyc
[0.607s] byte-compiling /home/autodrive_devkit/src/install/f1tenth_stanley_controller/lib/python3.10/site-packages/f1tenth_stanley_controller/controller_node.py to controller_node.cpython-310.pyc
[0.608s] byte-compiling /home/autodrive_devkit/src/install/f1tenth_stanley_controller/lib/python3.10/site-packages/f1tenth_stanley_controller/get_waypoints.py to get_waypoints.cpython-310.pyc
[0.608s] byte-compiling /home/autodrive_devkit/src/install/f1tenth_stanley_controller/lib/python3.10/site-packages/f1tenth_stanley_controller/map_controller.py to map_controller.cpython-310.pyc
[0.608s] running install_data
[0.609s] creating /home/autodrive_devkit/src/install/f1tenth_stanley_controller/share/ament_index
[0.609s] creating /home/autodrive_devkit/src/install/f1tenth_stanley_controller/share/ament_index/resource_index
[0.609s] creating /home/autodrive_devkit/src/install/f1tenth_stanley_controller/share/ament_index/resource_index/packages
[0.609s] copying resource/f1tenth_stanley_controller -> /home/autodrive_devkit/src/install/f1tenth_stanley_controller/share/ament_index/resource_index/packages
[0.609s] copying package.xml -> /home/autodrive_devkit/src/install/f1tenth_stanley_controller/share/f1tenth_stanley_controller
[0.609s] creating /home/autodrive_devkit/src/install/f1tenth_stanley_controller/share/f1tenth_stanley_controller/launch
[0.609s] copying launch/controller_launch.py -> /home/autodrive_devkit/src/install/f1tenth_stanley_controller/share/f1tenth_stanley_controller/launch
[0.609s] running install_egg_info
[0.610s] Copying ../build/f1tenth_stanley_controller/f1tenth_stanley_controller.egg-info to /home/autodrive_devkit/src/install/f1tenth_stanley_controller/lib/python3.10/site-packages/f1tenth_stanley_controller-0.0.0-py3.10.egg-info
[0.611s] running install_scripts
[0.625s] Installing controller_node script to /home/autodrive_devkit/src/install/f1tenth_stanley_controller/lib/f1tenth_stanley_controller
[0.625s] writing list of installed files to '/home/autodrive_devkit/src/build/f1tenth_stanley_controller/install.log'
[0.649s] Invoked command in '/home/autodrive_devkit/src/f1tenth_stanley_controller' returned '0': PYTHONPATH=/home/autodrive_devkit/src/build/f1tenth_stanley_controller/prefix_override:/usr/lib/python3/dist-packages/colcon_core/task/python/colcon_distutils_commands:/home/autodrive_devkit/src/install/f1tenth_stanley_controller/lib/python3.10/site-packages:${PYTHONPATH} /usr/bin/python3 -W ignore:setup.py install is deprecated setup.py egg_info --egg-base ../build/f1tenth_stanley_controller build --build-base /home/autodrive_devkit/src/build/f1tenth_stanley_controller/build install --record /home/autodrive_devkit/src/build/f1tenth_stanley_controller/install.log --install-scripts $base/lib/f1tenth_stanley_controller --single-version-externally-managed install_data
