[0.370s] Invoking command in '/home/autodrive_devkit/build/slam_toolbox': CMAKE_PREFIX_PATH=${CMAKE_PREFIX_PATH}:/home/autodrive_devkit/install/nav2_simple_commander:/home/autodrive_devkit/install/nav2_loopback_sim:/home/autodrive_devkit/install/f1tenth_stanley_controller:/home/autodrive_devkit/install/autodrive_f1tenth:/opt/ros/humble /usr/bin/cmake --build /home/autodrive_devkit/build/slam_toolbox -- -j16 -l16
[0.486s] -- Found ament_cmake: 1.3.10 (/opt/ros/humble/share/ament_cmake/cmake)
[0.621s] -- Found message_filters: 4.3.5 (/opt/ros/humble/share/message_filters/cmake)
[0.673s] -- Found rosidl_generator_c: 3.1.5 (/opt/ros/humble/share/rosidl_generator_c/cmake)
[0.677s] -- Found rosidl_adapter: 3.1.5 (/opt/ros/humble/share/rosidl_adapter/cmake)
[0.685s] -- Found rosidl_generator_cpp: 3.1.5 (/opt/ros/humble/share/rosidl_generator_cpp/cmake)
[0.699s] -- Using all available rosidl_typesupport_c: rosidl_typesupport_fastrtps_c;rosidl_typesupport_introspection_c
[0.714s] -- Using all available rosidl_typesupport_cpp: rosidl_typesupport_fastrtps_cpp;rosidl_typesupport_introspection_cpp
[0.754s] -- Found rmw_implementation_cmake: 6.1.2 (/opt/ros/humble/share/rmw_implementation_cmake/cmake)
[0.757s] -- Found rmw_fastrtps_cpp: 6.2.7 (/opt/ros/humble/share/rmw_fastrtps_cpp/cmake)
[0.886s] -- Using RMW implementation 'rmw_fastrtps_cpp' as default
[0.934s] -- Found nav_msgs: 4.8.0 (/opt/ros/humble/share/nav_msgs/cmake)
[0.959s] -- Found sensor_msgs: 4.2.4 (/opt/ros/humble/share/sensor_msgs/cmake)
[0.973s] -- Found tf2: 0.25.7 (/opt/ros/humble/share/tf2/cmake)
[0.976s] -- Found tf2_ros: 0.25.7 (/opt/ros/humble/share/tf2_ros/cmake)
[1.042s] -- Found visualization_msgs: 4.2.4 (/opt/ros/humble/share/visualization_msgs/cmake)
[1.058s] -- Found pluginlib: 5.1.0 (/opt/ros/humble/share/pluginlib/cmake)
[1.074s] -- Found tf2_geometry_msgs: 0.25.7 (/opt/ros/humble/share/tf2_geometry_msgs/cmake)
[1.078s] -- Found eigen3_cmake_module: 0.1.1 (/opt/ros/humble/share/eigen3_cmake_module/cmake)
[1.080s] -- Ensuring Eigen3 include directory is part of orocos-kdl CMake target
[1.082s] -- Found tf2_sensor_msgs: 0.25.7 (/opt/ros/humble/share/tf2_sensor_msgs/cmake)
[1.088s] -- Found std_srvs: 4.2.4 (/opt/ros/humble/share/std_srvs/cmake)
[1.098s] -- Found rosidl_default_generators: 1.2.0 (/opt/ros/humble/share/rosidl_default_generators/cmake)
[1.105s] -- Found rviz_common: 11.2.13 (/opt/ros/humble/share/rviz_common/cmake)
[1.120s] -- Setting assimp_DIR to: '/opt/ros/humble/share/rviz_assimp_vendor/cmake/../../../opt/rviz_assimp_vendor/lib/cmake/assimp-4.1'
[1.129s] -- Setting OGRE_DIR to: '/opt/ros/humble/share/rviz_ogre_vendor/cmake/../../../opt/rviz_ogre_vendor/lib/OGRE/cmake'
[1.130s] -- Found OGRE
[1.130s] --   static     : OFF
[1.130s] --   components : HLMS;MeshLodGenerator;Overlay;Paging;Property;RTShaderSystem;Terrain;Volume
[1.130s] --   plugins    : Plugin_BSPSceneManager;Plugin_OctreeSceneManager;Plugin_PCZSceneManager;Plugin_ParticleFX;RenderSystem_GL;RenderSystem_GL3Plus;Codec_STBI
[1.131s] --   media      : /opt/ros/humble/opt/rviz_ogre_vendor/share/OGRE/Media
[1.131s] -- OGRE_LIBRARIES: OgreHLMS;OgreMeshLodGenerator;OgreOverlay;OgrePaging;OgreProperty;OgreRTShaderSystem;OgreTerrain;OgreVolume;OgreMain
[1.131s] -- OGRE_LIBRARY_DIRS: /opt/ros/humble/opt/rviz_ogre_vendor/lib
[1.131s] -- OGRE_PLUGINS: Plugin_BSPSceneManager;Plugin_OctreeSceneManager;Plugin_PCZSceneManager;Plugin_ParticleFX;RenderSystem_GL;RenderSystem_GL3Plus;Codec_STBI
[1.131s] -- OGRE_PLUGIN_DIR: /opt/ros/humble/opt/rviz_ogre_vendor/lib/OGRE
[1.131s] -- rviz_ogre_vendor::OgreOverlay for IMPORTED_LOCATION_RELEASE: /opt/ros/humble/opt/rviz_ogre_vendor/lib/libOgreOverlay.so
[1.131s] -- rviz_ogre_vendor::OgreOverlay for IMPORTED_LOCATION_DEBUG: /opt/ros/humble/opt/rviz_ogre_vendor/lib/libOgreOverlay.so
[1.131s] -- rviz_ogre_vendor::OgreMain for IMPORTED_LOCATION_RELEASE: /opt/ros/humble/opt/rviz_ogre_vendor/lib/libOgreMain.so
[1.131s] -- rviz_ogre_vendor::OgreMain for IMPORTED_LOCATION_DEBUG: /opt/ros/humble/opt/rviz_ogre_vendor/lib/libOgreMain.so
[1.132s] -- Could not find freeimage library
[1.213s] -- library: /usr/lib/x86_64-linux-gnu/libcurl.so
[1.230s] -- Found rviz_default_plugins: 11.2.13 (/opt/ros/humble/share/rviz_default_plugins/cmake)
[1.349s] -- Found required Ceres dependency: Eigen version 3.4.0 in /usr/include/eigen3
[1.351s] -- Found required Ceres dependency: glog
[1.351s] -- Found required Ceres dependency: gflags
[1.352s] -- Found Ceres version: 2.0.0 installed in: /usr with components: [EigenSparse, SparseLinearAlgebraLibrary, LAPACK, SuiteSparse, CXSparse, SchurSpecializations, Multithreading]
[1.679s] -- Found ament_cmake_ros: 0.10.0 (/opt/ros/humble/share/ament_cmake_ros/cmake)
[2.115s] -- Using all available rosidl_typesupport_c: rosidl_typesupport_fastrtps_c;rosidl_typesupport_introspection_c
[2.288s] -- Using all available rosidl_typesupport_cpp: rosidl_typesupport_fastrtps_cpp;rosidl_typesupport_introspection_cpp
[2.309s] -- Found python_cmake_module: 0.10.0 (/opt/ros/humble/share/python_cmake_module/cmake)
[2.331s] -- Using PYTHON_EXECUTABLE: /usr/bin/python3
[2.331s] -- Using PYTHON_INCLUDE_DIRS: /usr/include/python3.10
[2.331s] -- Using PYTHON_LIBRARIES: /usr/lib/x86_64-linux-gnu/libpython3.10.so
[2.432s] -- Configuring done
[2.698s] -- Generating done
[2.702s] -- Build files have been written to: /home/autodrive_devkit/build/slam_toolbox
[2.746s] [  1%] [34m[1mGenerating C code for ROS interfaces[0m
[2.749s] [35m[1mConsolidate compiler generated dependencies of target kartoSlamToolbox[0m
[2.756s] [  2%] [34m[1mGenerating C++ code for ROS interfaces[0m
[2.772s] [  2%] Built target ament_cmake_python_copy_slam_toolbox
[2.836s] [  4%] Built target kartoSlamToolbox
[2.952s] running egg_info
[2.952s] writing slam_toolbox.egg-info/PKG-INFO
[2.953s] writing dependency_links to slam_toolbox.egg-info/dependency_links.txt
[2.953s] writing top-level names to slam_toolbox.egg-info/top_level.txt
[2.955s] reading manifest file 'slam_toolbox.egg-info/SOURCES.txt'
[2.955s] writing manifest file 'slam_toolbox.egg-info/SOURCES.txt'
[2.984s] [  4%] Built target ament_cmake_python_build_slam_toolbox_egg
[3.374s] [  4%] Built target slam_toolbox__cpp
[3.388s] [  5%] [34m[1mGenerating C++ type support for eProsima Fast-RTPS[0m
[3.389s] [  6%] [34m[1mGenerating C++ type support dispatch for ROS interfaces[0m
[3.389s] [  6%] [34m[1mGenerating C++ introspection for ROS interfaces[0m
[3.435s] [35m[1mConsolidate compiler generated dependencies of target slam_toolbox__rosidl_generator_c[0m
[3.457s] [  7%] [32mBuilding C object CMakeFiles/slam_toolbox__rosidl_generator_c.dir/rosidl_generator_c/slam_toolbox/srv/detail/clear_queue__functions.c.o[0m
[3.457s] [  7%] [32mBuilding C object CMakeFiles/slam_toolbox__rosidl_generator_c.dir/rosidl_generator_c/slam_toolbox/srv/detail/clear__functions.c.o[0m
[3.457s] [  7%] [32mBuilding C object CMakeFiles/slam_toolbox__rosidl_generator_c.dir/rosidl_generator_c/slam_toolbox/srv/detail/loop_closure__functions.c.o[0m
[3.457s] [  8%] [32mBuilding C object CMakeFiles/slam_toolbox__rosidl_generator_c.dir/rosidl_generator_c/slam_toolbox/srv/detail/pause__functions.c.o[0m
[3.458s] [  9%] [32mBuilding C object CMakeFiles/slam_toolbox__rosidl_generator_c.dir/rosidl_generator_c/slam_toolbox/srv/detail/merge_maps__functions.c.o[0m
[3.458s] [ 10%] [32mBuilding C object CMakeFiles/slam_toolbox__rosidl_generator_c.dir/rosidl_generator_c/slam_toolbox/srv/detail/add_submap__functions.c.o[0m
[3.458s] [ 11%] [32mBuilding C object CMakeFiles/slam_toolbox__rosidl_generator_c.dir/rosidl_generator_c/slam_toolbox/srv/detail/save_map__functions.c.o[0m
[3.459s] [ 12%] [32mBuilding C object CMakeFiles/slam_toolbox__rosidl_generator_c.dir/rosidl_generator_c/slam_toolbox/srv/detail/toggle_interactive__functions.c.o[0m
[3.460s] [ 13%] [32mBuilding C object CMakeFiles/slam_toolbox__rosidl_generator_c.dir/rosidl_generator_c/slam_toolbox/srv/detail/deserialize_pose_graph__functions.c.o[0m
[3.460s] [ 13%] [32mBuilding C object CMakeFiles/slam_toolbox__rosidl_generator_c.dir/rosidl_generator_c/slam_toolbox/srv/detail/serialize_pose_graph__functions.c.o[0m
[3.655s] [ 14%] [32m[1mLinking C shared library libslam_toolbox__rosidl_generator_c.so[0m
[3.709s] [ 14%] Built target slam_toolbox__rosidl_generator_c
[3.720s] [ 15%] [34m[1mGenerating C type support dispatch for ROS interfaces[0m
[3.720s] [ 16%] [34m[1mGenerating C type support for eProsima Fast-RTPS[0m
[3.720s] [ 16%] [34m[1mGenerating C introspection for ROS interfaces[0m
[3.898s] [35m[1mConsolidate compiler generated dependencies of target slam_toolbox__rosidl_typesupport_cpp[0m
[3.920s] [ 17%] [32mBuilding CXX object CMakeFiles/slam_toolbox__rosidl_typesupport_cpp.dir/rosidl_typesupport_cpp/slam_toolbox/srv/toggle_interactive__type_support.cpp.o[0m
[3.920s] [ 18%] [32mBuilding CXX object CMakeFiles/slam_toolbox__rosidl_typesupport_cpp.dir/rosidl_typesupport_cpp/slam_toolbox/srv/pause__type_support.cpp.o[0m
[3.921s] [ 19%] [32mBuilding CXX object CMakeFiles/slam_toolbox__rosidl_typesupport_cpp.dir/rosidl_typesupport_cpp/slam_toolbox/srv/add_submap__type_support.cpp.o[0m
[3.921s] [ 19%] [32mBuilding CXX object CMakeFiles/slam_toolbox__rosidl_typesupport_cpp.dir/rosidl_typesupport_cpp/slam_toolbox/srv/clear__type_support.cpp.o[0m
[3.922s] [ 19%] [32mBuilding CXX object CMakeFiles/slam_toolbox__rosidl_typesupport_cpp.dir/rosidl_typesupport_cpp/slam_toolbox/srv/merge_maps__type_support.cpp.o[0m
[3.922s] [ 21%] [32mBuilding CXX object CMakeFiles/slam_toolbox__rosidl_typesupport_cpp.dir/rosidl_typesupport_cpp/slam_toolbox/srv/deserialize_pose_graph__type_support.cpp.o[0m
[3.922s] [ 21%] [32mBuilding CXX object CMakeFiles/slam_toolbox__rosidl_typesupport_cpp.dir/rosidl_typesupport_cpp/slam_toolbox/srv/clear_queue__type_support.cpp.o[0m
[3.923s] [ 22%] [32mBuilding CXX object CMakeFiles/slam_toolbox__rosidl_typesupport_cpp.dir/rosidl_typesupport_cpp/slam_toolbox/srv/save_map__type_support.cpp.o[0m
[3.925s] [ 23%] [32mBuilding CXX object CMakeFiles/slam_toolbox__rosidl_typesupport_cpp.dir/rosidl_typesupport_cpp/slam_toolbox/srv/loop_closure__type_support.cpp.o[0m
[3.931s] [ 24%] [32mBuilding CXX object CMakeFiles/slam_toolbox__rosidl_typesupport_cpp.dir/rosidl_typesupport_cpp/slam_toolbox/srv/serialize_pose_graph__type_support.cpp.o[0m
[4.136s] [35m[1mConsolidate compiler generated dependencies of target slam_toolbox__rosidl_typesupport_introspection_cpp[0m
[4.164s] [ 24%] [32mBuilding CXX object CMakeFiles/slam_toolbox__rosidl_typesupport_introspection_cpp.dir/rosidl_typesupport_introspection_cpp/slam_toolbox/srv/detail/pause__type_support.cpp.o[0m
[4.189s] [ 25%] [32mBuilding CXX object CMakeFiles/slam_toolbox__rosidl_typesupport_introspection_cpp.dir/rosidl_typesupport_introspection_cpp/slam_toolbox/srv/detail/clear_queue__type_support.cpp.o[0m
[4.359s] [ 26%] [32mBuilding CXX object CMakeFiles/slam_toolbox__rosidl_typesupport_introspection_cpp.dir/rosidl_typesupport_introspection_cpp/slam_toolbox/srv/detail/toggle_interactive__type_support.cpp.o[0m
[4.369s] [ 26%] [32mBuilding CXX object CMakeFiles/slam_toolbox__rosidl_typesupport_introspection_cpp.dir/rosidl_typesupport_introspection_cpp/slam_toolbox/srv/detail/clear__type_support.cpp.o[0m
[4.378s] [ 27%] [32mBuilding CXX object CMakeFiles/slam_toolbox__rosidl_typesupport_introspection_cpp.dir/rosidl_typesupport_introspection_cpp/slam_toolbox/srv/detail/save_map__type_support.cpp.o[0m
[4.381s] [ 28%] [32mBuilding CXX object CMakeFiles/slam_toolbox__rosidl_typesupport_introspection_cpp.dir/rosidl_typesupport_introspection_cpp/slam_toolbox/srv/detail/loop_closure__type_support.cpp.o[0m
[4.383s] [ 29%] [32mBuilding CXX object CMakeFiles/slam_toolbox__rosidl_typesupport_introspection_cpp.dir/rosidl_typesupport_introspection_cpp/slam_toolbox/srv/detail/merge_maps__type_support.cpp.o[0m
[4.389s] [ 30%] [32mBuilding CXX object CMakeFiles/slam_toolbox__rosidl_typesupport_introspection_cpp.dir/rosidl_typesupport_introspection_cpp/slam_toolbox/srv/detail/deserialize_pose_graph__type_support.cpp.o[0m
[4.390s] [ 30%] [32mBuilding CXX object CMakeFiles/slam_toolbox__rosidl_typesupport_introspection_cpp.dir/rosidl_typesupport_introspection_cpp/slam_toolbox/srv/detail/add_submap__type_support.cpp.o[0m
[4.391s] [ 31%] [32mBuilding CXX object CMakeFiles/slam_toolbox__rosidl_typesupport_introspection_cpp.dir/rosidl_typesupport_introspection_cpp/slam_toolbox/srv/detail/serialize_pose_graph__type_support.cpp.o[0m
[4.392s] [35m[1mConsolidate compiler generated dependencies of target slam_toolbox__rosidl_typesupport_c[0m
[4.412s] [35m[1mConsolidate compiler generated dependencies of target slam_toolbox__rosidl_typesupport_fastrtps_cpp[0m
[4.439s] [ 32%] [32mBuilding CXX object CMakeFiles/slam_toolbox__rosidl_typesupport_c.dir/rosidl_typesupport_c/slam_toolbox/srv/pause__type_support.cpp.o[0m
[4.453s] [ 33%] [32mBuilding CXX object CMakeFiles/slam_toolbox__rosidl_typesupport_fastrtps_cpp.dir/rosidl_typesupport_fastrtps_cpp/slam_toolbox/srv/detail/dds_fastrtps/pause__type_support.cpp.o[0m
[4.460s] [ 34%] [32mBuilding CXX object CMakeFiles/slam_toolbox__rosidl_typesupport_c.dir/rosidl_typesupport_c/slam_toolbox/srv/clear_queue__type_support.cpp.o[0m
[4.486s] [ 34%] [32m[1mLinking CXX shared library libslam_toolbox__rosidl_typesupport_cpp.so[0m
[4.522s] [ 35%] [32mBuilding CXX object CMakeFiles/slam_toolbox__rosidl_typesupport_c.dir/rosidl_typesupport_c/slam_toolbox/srv/toggle_interactive__type_support.cpp.o[0m
[4.566s] [ 35%] [32mBuilding CXX object CMakeFiles/slam_toolbox__rosidl_typesupport_c.dir/rosidl_typesupport_c/slam_toolbox/srv/clear__type_support.cpp.o[0m
[4.580s] [ 35%] Built target slam_toolbox__rosidl_typesupport_cpp
[4.606s] [35m[1mConsolidate compiler generated dependencies of target SlamToolboxPlugin[0m
[4.613s] [ 36%] [32mBuilding CXX object CMakeFiles/slam_toolbox__rosidl_typesupport_c.dir/rosidl_typesupport_c/slam_toolbox/srv/save_map__type_support.cpp.o[0m
[4.662s] [ 37%] [32mBuilding CXX object CMakeFiles/slam_toolbox__rosidl_typesupport_c.dir/rosidl_typesupport_c/slam_toolbox/srv/loop_closure__type_support.cpp.o[0m
[4.666s] [ 37%] [32mBuilding CXX object CMakeFiles/slam_toolbox__rosidl_typesupport_c.dir/rosidl_typesupport_c/slam_toolbox/srv/merge_maps__type_support.cpp.o[0m
[4.692s] [ 38%] [32mBuilding CXX object CMakeFiles/SlamToolboxPlugin.dir/rviz_plugin/slam_toolbox_rviz_plugin.cpp.o[0m
[4.712s] [ 39%] [32mBuilding CXX object CMakeFiles/SlamToolboxPlugin.dir/rviz_plugin/moc_slam_toolbox_rviz_plugin.cpp.o[0m
[4.717s] [ 39%] [32mBuilding CXX object CMakeFiles/slam_toolbox__rosidl_typesupport_fastrtps_cpp.dir/rosidl_typesupport_fastrtps_cpp/slam_toolbox/srv/detail/dds_fastrtps/clear_queue__type_support.cpp.o[0m
[4.720s] [ 40%] [32mBuilding CXX object CMakeFiles/slam_toolbox__rosidl_typesupport_fastrtps_cpp.dir/rosidl_typesupport_fastrtps_cpp/slam_toolbox/srv/detail/dds_fastrtps/toggle_interactive__type_support.cpp.o[0m
[4.727s] [ 41%] [32mBuilding CXX object CMakeFiles/slam_toolbox__rosidl_typesupport_c.dir/rosidl_typesupport_c/slam_toolbox/srv/add_submap__type_support.cpp.o[0m
[4.774s] [ 42%] [32mBuilding CXX object CMakeFiles/slam_toolbox__rosidl_typesupport_c.dir/rosidl_typesupport_c/slam_toolbox/srv/deserialize_pose_graph__type_support.cpp.o[0m
[4.862s] [ 43%] [32mBuilding CXX object CMakeFiles/slam_toolbox__rosidl_typesupport_c.dir/rosidl_typesupport_c/slam_toolbox/srv/serialize_pose_graph__type_support.cpp.o[0m
[4.869s] [35m[1mConsolidate compiler generated dependencies of target ceres_solver_plugin[0m
[4.901s] [ 44%] [32mBuilding CXX object CMakeFiles/slam_toolbox__rosidl_typesupport_fastrtps_cpp.dir/rosidl_typesupport_fastrtps_cpp/slam_toolbox/srv/detail/dds_fastrtps/clear__type_support.cpp.o[0m
[4.901s] [ 45%] [32mBuilding CXX object CMakeFiles/slam_toolbox__rosidl_typesupport_fastrtps_cpp.dir/rosidl_typesupport_fastrtps_cpp/slam_toolbox/srv/detail/dds_fastrtps/save_map__type_support.cpp.o[0m
[4.910s] [35m[1mConsolidate compiler generated dependencies of target slam_toolbox__rosidl_typesupport_fastrtps_c[0m
[4.922s] [35m[1mConsolidate compiler generated dependencies of target toolbox_common[0m
[4.946s] [ 45%] [32mBuilding CXX object CMakeFiles/slam_toolbox__rosidl_typesupport_fastrtps_cpp.dir/rosidl_typesupport_fastrtps_cpp/slam_toolbox/srv/detail/dds_fastrtps/loop_closure__type_support.cpp.o[0m
[4.946s] [ 45%] [32m[1mLinking CXX shared library libslam_toolbox__rosidl_typesupport_c.so[0m
[4.952s] [ 46%] [32mBuilding CXX object CMakeFiles/ceres_solver_plugin.dir/solvers/ceres_solver.cpp.o[0m
[4.962s] [ 46%] [32mBuilding CXX object CMakeFiles/slam_toolbox__rosidl_typesupport_fastrtps_c.dir/rosidl_typesupport_fastrtps_c/slam_toolbox/srv/detail/clear_queue__type_support_c.cpp.o[0m
[4.963s] [ 47%] [32mBuilding CXX object CMakeFiles/slam_toolbox__rosidl_typesupport_fastrtps_c.dir/rosidl_typesupport_fastrtps_c/slam_toolbox/srv/detail/pause__type_support_c.cpp.o[0m
[4.967s] [ 48%] [32mBuilding CXX object CMakeFiles/slam_toolbox__rosidl_typesupport_fastrtps_cpp.dir/rosidl_typesupport_fastrtps_cpp/slam_toolbox/srv/detail/dds_fastrtps/merge_maps__type_support.cpp.o[0m
[4.978s] [35m[1mConsolidate compiler generated dependencies of target slam_toolbox__rosidl_typesupport_introspection_c[0m
[4.991s] [ 48%] [32m[1mLinking CXX shared library libslam_toolbox__rosidl_typesupport_introspection_cpp.so[0m
[5.030s] [ 48%] [32mBuilding C object CMakeFiles/slam_toolbox__rosidl_typesupport_introspection_c.dir/rosidl_typesupport_introspection_c/slam_toolbox/srv/detail/pause__type_support.c.o[0m
[5.047s] [ 48%] Built target slam_toolbox__rosidl_typesupport_c
[5.071s] [ 49%] [32mBuilding CXX object CMakeFiles/toolbox_common.dir/src/slam_toolbox_common.cpp.o[0m
[5.078s] [ 50%] [32mBuilding CXX object CMakeFiles/slam_toolbox__rosidl_typesupport_fastrtps_c.dir/rosidl_typesupport_fastrtps_c/slam_toolbox/srv/detail/toggle_interactive__type_support_c.cpp.o[0m
[5.099s] [ 51%] [32mBuilding CXX object CMakeFiles/slam_toolbox__rosidl_typesupport_fastrtps_c.dir/rosidl_typesupport_fastrtps_c/slam_toolbox/srv/detail/clear__type_support_c.cpp.o[0m
[5.137s] [ 51%] Built target slam_toolbox__rosidl_typesupport_introspection_cpp
[5.162s] [ 52%] [32mBuilding C object CMakeFiles/slam_toolbox__rosidl_typesupport_introspection_c.dir/rosidl_typesupport_introspection_c/slam_toolbox/srv/detail/clear_queue__type_support.c.o[0m
[5.178s] [ 53%] [32mBuilding C object CMakeFiles/slam_toolbox__rosidl_typesupport_introspection_c.dir/rosidl_typesupport_introspection_c/slam_toolbox/srv/detail/toggle_interactive__type_support.c.o[0m
[5.241s] [ 53%] [32mBuilding C object CMakeFiles/slam_toolbox__rosidl_typesupport_introspection_c.dir/rosidl_typesupport_introspection_c/slam_toolbox/srv/detail/clear__type_support.c.o[0m
[5.271s] [ 53%] [32mBuilding CXX object CMakeFiles/slam_toolbox__rosidl_typesupport_fastrtps_cpp.dir/rosidl_typesupport_fastrtps_cpp/slam_toolbox/srv/detail/dds_fastrtps/deserialize_pose_graph__type_support.cpp.o[0m
[5.272s] [ 54%] [32mBuilding C object CMakeFiles/slam_toolbox__rosidl_typesupport_introspection_c.dir/rosidl_typesupport_introspection_c/slam_toolbox/srv/detail/save_map__type_support.c.o[0m
[5.286s] [ 55%] [32mBuilding CXX object CMakeFiles/slam_toolbox__rosidl_typesupport_fastrtps_cpp.dir/rosidl_typesupport_fastrtps_cpp/slam_toolbox/srv/detail/dds_fastrtps/add_submap__type_support.cpp.o[0m
[5.343s] [ 56%] [32mBuilding CXX object CMakeFiles/slam_toolbox__rosidl_typesupport_fastrtps_c.dir/rosidl_typesupport_fastrtps_c/slam_toolbox/srv/detail/save_map__type_support_c.cpp.o[0m
[5.394s] [ 57%] [32mBuilding C object CMakeFiles/slam_toolbox__rosidl_typesupport_introspection_c.dir/rosidl_typesupport_introspection_c/slam_toolbox/srv/detail/loop_closure__type_support.c.o[0m
[5.440s] [ 58%] [32mBuilding CXX object CMakeFiles/slam_toolbox__rosidl_typesupport_fastrtps_cpp.dir/rosidl_typesupport_fastrtps_cpp/slam_toolbox/srv/detail/dds_fastrtps/serialize_pose_graph__type_support.cpp.o[0m
[5.470s] [ 58%] [32mBuilding CXX object CMakeFiles/slam_toolbox__rosidl_typesupport_fastrtps_c.dir/rosidl_typesupport_fastrtps_c/slam_toolbox/srv/detail/loop_closure__type_support_c.cpp.o[0m
[5.477s] [ 59%] [32mBuilding CXX object CMakeFiles/slam_toolbox__rosidl_typesupport_fastrtps_c.dir/rosidl_typesupport_fastrtps_c/slam_toolbox/srv/detail/merge_maps__type_support_c.cpp.o[0m
[5.501s] [ 60%] [32mBuilding C object CMakeFiles/slam_toolbox__rosidl_typesupport_introspection_c.dir/rosidl_typesupport_introspection_c/slam_toolbox/srv/detail/merge_maps__type_support.c.o[0m
[5.539s] [ 60%] [32mBuilding C object CMakeFiles/slam_toolbox__rosidl_typesupport_introspection_c.dir/rosidl_typesupport_introspection_c/slam_toolbox/srv/detail/add_submap__type_support.c.o[0m
[5.560s] [ 61%] [32mBuilding CXX object CMakeFiles/slam_toolbox__rosidl_typesupport_fastrtps_c.dir/rosidl_typesupport_fastrtps_c/slam_toolbox/srv/detail/add_submap__type_support_c.cpp.o[0m
[5.576s] [ 61%] [32mBuilding CXX object CMakeFiles/slam_toolbox__rosidl_typesupport_fastrtps_c.dir/rosidl_typesupport_fastrtps_c/slam_toolbox/srv/detail/deserialize_pose_graph__type_support_c.cpp.o[0m
[5.586s] [ 62%] [32mBuilding C object CMakeFiles/slam_toolbox__rosidl_typesupport_introspection_c.dir/rosidl_typesupport_introspection_c/slam_toolbox/srv/detail/deserialize_pose_graph__type_support.c.o[0m
[5.606s] [ 63%] [32mBuilding CXX object CMakeFiles/slam_toolbox__rosidl_typesupport_fastrtps_c.dir/rosidl_typesupport_fastrtps_c/slam_toolbox/srv/detail/serialize_pose_graph__type_support_c.cpp.o[0m
[5.619s] [ 64%] [32mBuilding C object CMakeFiles/slam_toolbox__rosidl_typesupport_introspection_c.dir/rosidl_typesupport_introspection_c/slam_toolbox/srv/detail/serialize_pose_graph__type_support.c.o[0m
[5.640s] [ 65%] [32mBuilding CXX object CMakeFiles/toolbox_common.dir/src/map_saver.cpp.o[0m
[5.683s] [ 65%] [32mBuilding CXX object CMakeFiles/toolbox_common.dir/src/loop_closure_assistant.cpp.o[0m
[5.707s] [ 65%] [32m[1mLinking C shared library libslam_toolbox__rosidl_typesupport_introspection_c.so[0m
[5.757s] [ 65%] Built target slam_toolbox__rosidl_typesupport_introspection_c
[5.771s] [ 66%] [32mBuilding CXX object CMakeFiles/toolbox_common.dir/src/laser_utils.cpp.o[0m
[5.816s] [ 67%] [32mBuilding CXX object CMakeFiles/toolbox_common.dir/src/slam_mapper.cpp.o[0m
[6.035s] [ 68%] [32m[1mLinking CXX shared library libslam_toolbox__rosidl_typesupport_fastrtps_cpp.so[0m
[6.082s] [ 69%] [32m[1mLinking CXX shared library libslam_toolbox__rosidl_typesupport_fastrtps_c.so[0m
[6.149s] [ 69%] Built target slam_toolbox__rosidl_typesupport_fastrtps_cpp
[6.173s] [ 69%] Built target slam_toolbox__rosidl_typesupport_fastrtps_c
[6.195s] [ 69%] Built target slam_toolbox
[6.217s] [ 69%] [34m[1mGenerating Python code for ROS interfaces[0m
[7.740s] [ 69%] Built target slam_toolbox__py
[7.756s] [35m[1mConsolidate compiler generated dependencies of target slam_toolbox__rosidl_generator_py[0m
[7.782s] [ 71%] [32mBuilding C object CMakeFiles/slam_toolbox__rosidl_generator_py.dir/rosidl_generator_py/slam_toolbox/srv/_toggle_interactive_s.c.o[0m
[7.782s] [ 71%] [32mBuilding C object CMakeFiles/slam_toolbox__rosidl_generator_py.dir/rosidl_generator_py/slam_toolbox/srv/_pause_s.c.o[0m
[7.782s] [ 72%] [32mBuilding C object CMakeFiles/slam_toolbox__rosidl_generator_py.dir/rosidl_generator_py/slam_toolbox/srv/_clear_s.c.o[0m
[7.784s] [ 72%] [32mBuilding C object CMakeFiles/slam_toolbox__rosidl_generator_py.dir/rosidl_generator_py/slam_toolbox/srv/_clear_queue_s.c.o[0m
[7.791s] [ 73%] [32mBuilding C object CMakeFiles/slam_toolbox__rosidl_generator_py.dir/rosidl_generator_py/slam_toolbox/srv/_save_map_s.c.o[0m
[7.791s] [ 73%] [32mBuilding C object CMakeFiles/slam_toolbox__rosidl_generator_py.dir/rosidl_generator_py/slam_toolbox/srv/_loop_closure_s.c.o[0m
[7.796s] [ 74%] [32mBuilding C object CMakeFiles/slam_toolbox__rosidl_generator_py.dir/rosidl_generator_py/slam_toolbox/srv/_merge_maps_s.c.o[0m
[7.878s] [ 75%] [32mBuilding C object CMakeFiles/slam_toolbox__rosidl_generator_py.dir/rosidl_generator_py/slam_toolbox/srv/_add_submap_s.c.o[0m
[8.011s] [ 75%] [32mBuilding C object CMakeFiles/slam_toolbox__rosidl_generator_py.dir/rosidl_generator_py/slam_toolbox/srv/_deserialize_pose_graph_s.c.o[0m
[8.016s] [ 76%] [32mBuilding C object CMakeFiles/slam_toolbox__rosidl_generator_py.dir/rosidl_generator_py/slam_toolbox/srv/_serialize_pose_graph_s.c.o[0m
[8.207s] [ 77%] [32m[1mLinking C shared library rosidl_generator_py/slam_toolbox/libslam_toolbox__rosidl_generator_py.so[0m
[8.279s] [ 77%] Built target slam_toolbox__rosidl_generator_py
[8.295s] [35m[1mConsolidate compiler generated dependencies of target slam_toolbox__rosidl_typesupport_introspection_c__pyext[0m
[8.300s] [35m[1mConsolidate compiler generated dependencies of target slam_toolbox__rosidl_typesupport_c__pyext[0m
[8.303s] [35m[1mConsolidate compiler generated dependencies of target slam_toolbox__rosidl_typesupport_fastrtps_c__pyext[0m
[8.316s] [ 78%] [32mBuilding C object CMakeFiles/slam_toolbox__rosidl_typesupport_introspection_c__pyext.dir/rosidl_generator_py/slam_toolbox/_slam_toolbox_s.ep.rosidl_typesupport_introspection_c.c.o[0m
[8.332s] [ 79%] [32mBuilding C object CMakeFiles/slam_toolbox__rosidl_typesupport_fastrtps_c__pyext.dir/rosidl_generator_py/slam_toolbox/_slam_toolbox_s.ep.rosidl_typesupport_fastrtps_c.c.o[0m
[8.345s] [ 80%] [32mBuilding C object CMakeFiles/slam_toolbox__rosidl_typesupport_c__pyext.dir/rosidl_generator_py/slam_toolbox/_slam_toolbox_s.ep.rosidl_typesupport_c.c.o[0m
[8.755s] [ 81%] [32m[1mLinking C shared library rosidl_generator_py/slam_toolbox/slam_toolbox_s__rosidl_typesupport_c.cpython-310-x86_64-linux-gnu.so[0m
[8.774s] [ 81%] [32m[1mLinking C shared library rosidl_generator_py/slam_toolbox/slam_toolbox_s__rosidl_typesupport_fastrtps_c.cpython-310-x86_64-linux-gnu.so[0m
[8.782s] [ 82%] [32m[1mLinking C shared library rosidl_generator_py/slam_toolbox/slam_toolbox_s__rosidl_typesupport_introspection_c.cpython-310-x86_64-linux-gnu.so[0m
[8.843s] [ 82%] Built target slam_toolbox__rosidl_typesupport_c__pyext
[8.846s] [ 82%] Built target slam_toolbox__rosidl_typesupport_fastrtps_c__pyext
[8.863s] [ 82%] Built target slam_toolbox__rosidl_typesupport_introspection_c__pyext
[20.476s] [ 83%] [32m[1mLinking CXX shared library libceres_solver_plugin.so[0m
[20.955s] [ 83%] Built target ceres_solver_plugin
[25.817s] [ 83%] [32m[1mLinking CXX shared library libSlamToolboxPlugin.so[0m
[27.042s] [ 83%] Built target SlamToolboxPlugin
[36.034s] [ 84%] [32m[1mLinking CXX shared library libtoolbox_common.so[0m
[36.527s] [ 84%] Built target toolbox_common
[36.557s] [35m[1mConsolidate compiler generated dependencies of target localization_slam_toolbox[0m
[36.557s] [35m[1mConsolidate compiler generated dependencies of target merge_maps_kinematic[0m
[36.557s] [35m[1mConsolidate compiler generated dependencies of target async_slam_toolbox[0m
[36.559s] [35m[1mConsolidate compiler generated dependencies of target sync_slam_toolbox[0m
[36.559s] [35m[1mConsolidate compiler generated dependencies of target lifelong_slam_toolbox[0m
[36.591s] [ 85%] [32mBuilding CXX object CMakeFiles/merge_maps_kinematic.dir/src/merge_maps_kinematic.cpp.o[0m
[36.592s] [ 87%] [32mBuilding CXX object CMakeFiles/lifelong_slam_toolbox.dir/src/experimental/slam_toolbox_lifelong.cpp.o[0m
[36.592s] [ 87%] [32mBuilding CXX object CMakeFiles/sync_slam_toolbox.dir/src/slam_toolbox_sync.cpp.o[0m
[36.592s] [ 88%] [32mBuilding CXX object CMakeFiles/async_slam_toolbox.dir/src/slam_toolbox_async.cpp.o[0m
[36.592s] [ 88%] [32mBuilding CXX object CMakeFiles/localization_slam_toolbox.dir/src/slam_toolbox_localization.cpp.o[0m
[48.076s] [ 89%] [32m[1mLinking CXX shared library libasync_slam_toolbox.so[0m
[48.492s] [ 89%] Built target async_slam_toolbox
[48.506s] [35m[1mConsolidate compiler generated dependencies of target async_slam_toolbox_node[0m
[48.552s] [ 90%] [32mBuilding CXX object CMakeFiles/async_slam_toolbox_node.dir/src/slam_toolbox_async_node.cpp.o[0m
[48.597s] [ 90%] [32m[1mLinking CXX shared library liblifelong_slam_toolbox.so[0m
[48.997s] [ 90%] Built target lifelong_slam_toolbox
[49.015s] [35m[1mConsolidate compiler generated dependencies of target lifelong_slam_toolbox_node[0m
[49.056s] [ 91%] [32mBuilding CXX object CMakeFiles/lifelong_slam_toolbox_node.dir/src/experimental/slam_toolbox_lifelong_node.cpp.o[0m
[49.192s] [ 92%] [32m[1mLinking CXX shared library libsync_slam_toolbox.so[0m
[49.580s] [ 92%] Built target sync_slam_toolbox
[49.595s] [35m[1mConsolidate compiler generated dependencies of target sync_slam_toolbox_node[0m
[49.640s] [ 93%] [32mBuilding CXX object CMakeFiles/sync_slam_toolbox_node.dir/src/slam_toolbox_sync_node.cpp.o[0m
[51.633s] [ 94%] [32m[1mLinking CXX executable merge_maps_kinematic[0m
[52.091s] [ 94%] Built target merge_maps_kinematic
[54.433s] [ 95%] [32m[1mLinking CXX shared library liblocalization_slam_toolbox.so[0m
[54.881s] [ 95%] Built target localization_slam_toolbox
[54.895s] [35m[1mConsolidate compiler generated dependencies of target localization_slam_toolbox_node[0m
[54.895s] [35m[1mConsolidate compiler generated dependencies of target map_and_localization_slam_toolbox[0m
[54.938s] [ 96%] [32mBuilding CXX object CMakeFiles/localization_slam_toolbox_node.dir/src/slam_toolbox_localization_node.cpp.o[0m
[54.938s] [ 96%] [32mBuilding CXX object CMakeFiles/map_and_localization_slam_toolbox.dir/src/experimental/slam_toolbox_map_and_localization.cpp.o[0m
[59.643s] [ 96%] [32m[1mLinking CXX executable async_slam_toolbox_node[0m
[59.971s] [ 96%] Built target async_slam_toolbox_node
[60.156s] [ 97%] [32m[1mLinking CXX executable lifelong_slam_toolbox_node[0m
[60.512s] [ 97%] Built target lifelong_slam_toolbox_node
[60.637s] [ 97%] [32m[1mLinking CXX executable sync_slam_toolbox_node[0m
[60.972s] [ 97%] Built target sync_slam_toolbox_node
[65.668s] [ 98%] [32m[1mLinking CXX executable localization_slam_toolbox_node[0m
[65.995s] [ 98%] Built target localization_slam_toolbox_node
[71.837s] [ 99%] [32m[1mLinking CXX shared library libmap_and_localization_slam_toolbox.so[0m
[72.242s] [ 99%] Built target map_and_localization_slam_toolbox
[72.287s] [35m[1mConsolidate compiler generated dependencies of target map_and_localization_slam_toolbox_node[0m
[72.335s] [100%] [32mBuilding CXX object CMakeFiles/map_and_localization_slam_toolbox_node.dir/src/experimental/slam_toolbox_map_and_localization_node.cpp.o[0m
[81.995s] [100%] [32m[1mLinking CXX executable map_and_localization_slam_toolbox_node[0m
[82.320s] [100%] Built target map_and_localization_slam_toolbox_node
[82.335s] Invoked command in '/home/autodrive_devkit/build/slam_toolbox' returned '0': CMAKE_PREFIX_PATH=${CMAKE_PREFIX_PATH}:/home/autodrive_devkit/install/nav2_simple_commander:/home/autodrive_devkit/install/nav2_loopback_sim:/home/autodrive_devkit/install/f1tenth_stanley_controller:/home/autodrive_devkit/install/autodrive_f1tenth:/opt/ros/humble /usr/bin/cmake --build /home/autodrive_devkit/build/slam_toolbox -- -j16 -l16
[82.733s] Invoking command in '/home/autodrive_devkit/build/slam_toolbox': CMAKE_PREFIX_PATH=${CMAKE_PREFIX_PATH}:/home/autodrive_devkit/install/nav2_simple_commander:/home/autodrive_devkit/install/nav2_loopback_sim:/home/autodrive_devkit/install/f1tenth_stanley_controller:/home/autodrive_devkit/install/autodrive_f1tenth:/opt/ros/humble /usr/bin/cmake --install /home/autodrive_devkit/build/slam_toolbox
[82.742s] -- Install configuration: "Release"
[82.742s] -- Up-to-date: /home/autodrive_devkit/install/slam_toolbox/share/ament_index/resource_index/rosidl_interfaces/slam_toolbox
[82.744s] -- Up-to-date: /home/autodrive_devkit/install/slam_toolbox/include/slam_toolbox/slam_toolbox
[82.745s] -- Up-to-date: /home/autodrive_devkit/install/slam_toolbox/include/slam_toolbox/slam_toolbox/msg
[82.745s] -- Up-to-date: /home/autodrive_devkit/install/slam_toolbox/include/slam_toolbox/slam_toolbox/msg/rosidl_generator_c__visibility_control.h
[82.746s] -- Up-to-date: /home/autodrive_devkit/install/slam_toolbox/include/slam_toolbox/slam_toolbox/srv
[82.746s] -- Installing: /home/autodrive_devkit/install/slam_toolbox/include/slam_toolbox/slam_toolbox/srv/serialize_pose_graph.h
[82.746s] -- Installing: /home/autodrive_devkit/install/slam_toolbox/include/slam_toolbox/slam_toolbox/srv/merge_maps.h
[82.747s] -- Installing: /home/autodrive_devkit/install/slam_toolbox/include/slam_toolbox/slam_toolbox/srv/clear.h
[82.747s] -- Up-to-date: /home/autodrive_devkit/install/slam_toolbox/include/slam_toolbox/slam_toolbox/srv/detail
[82.747s] -- Installing: /home/autodrive_devkit/install/slam_toolbox/include/slam_toolbox/slam_toolbox/srv/detail/toggle_interactive__type_support.h
[82.747s] -- Installing: /home/autodrive_devkit/install/slam_toolbox/include/slam_toolbox/slam_toolbox/srv/detail/merge_maps__functions.h
[82.747s] -- Installing: /home/autodrive_devkit/install/slam_toolbox/include/slam_toolbox/slam_toolbox/srv/detail/save_map__functions.c
[82.748s] -- Installing: /home/autodrive_devkit/install/slam_toolbox/include/slam_toolbox/slam_toolbox/srv/detail/add_submap__type_support.h
[82.748s] -- Installing: /home/autodrive_devkit/install/slam_toolbox/include/slam_toolbox/slam_toolbox/srv/detail/loop_closure__functions.h
[82.748s] -- Installing: /home/autodrive_devkit/install/slam_toolbox/include/slam_toolbox/slam_toolbox/srv/detail/add_submap__functions.c
[82.748s] -- Installing: /home/autodrive_devkit/install/slam_toolbox/include/slam_toolbox/slam_toolbox/srv/detail/add_submap__functions.h
[82.748s] -- Installing: /home/autodrive_devkit/install/slam_toolbox/include/slam_toolbox/slam_toolbox/srv/detail/clear__functions.h
[82.748s] -- Installing: /home/autodrive_devkit/install/slam_toolbox/include/slam_toolbox/slam_toolbox/srv/detail/clear_queue__struct.h
[82.749s] -- Installing: /home/autodrive_devkit/install/slam_toolbox/include/slam_toolbox/slam_toolbox/srv/detail/loop_closure__struct.h
[82.749s] -- Installing: /home/autodrive_devkit/install/slam_toolbox/include/slam_toolbox/slam_toolbox/srv/detail/serialize_pose_graph__type_support.h
[82.749s] -- Installing: /home/autodrive_devkit/install/slam_toolbox/include/slam_toolbox/slam_toolbox/srv/detail/serialize_pose_graph__functions.h
[82.749s] -- Installing: /home/autodrive_devkit/install/slam_toolbox/include/slam_toolbox/slam_toolbox/srv/detail/pause__functions.c
[82.749s] -- Installing: /home/autodrive_devkit/install/slam_toolbox/include/slam_toolbox/slam_toolbox/srv/detail/loop_closure__functions.c
[82.750s] -- Installing: /home/autodrive_devkit/install/slam_toolbox/include/slam_toolbox/slam_toolbox/srv/detail/deserialize_pose_graph__functions.c
[82.750s] -- Installing: /home/autodrive_devkit/install/slam_toolbox/include/slam_toolbox/slam_toolbox/srv/detail/clear_queue__functions.h
[82.750s] -- Installing: /home/autodrive_devkit/install/slam_toolbox/include/slam_toolbox/slam_toolbox/srv/detail/merge_maps__struct.h
[82.750s] -- Installing: /home/autodrive_devkit/install/slam_toolbox/include/slam_toolbox/slam_toolbox/srv/detail/deserialize_pose_graph__struct.h
[82.750s] -- Installing: /home/autodrive_devkit/install/slam_toolbox/include/slam_toolbox/slam_toolbox/srv/detail/clear_queue__functions.c
[82.751s] -- Installing: /home/autodrive_devkit/install/slam_toolbox/include/slam_toolbox/slam_toolbox/srv/detail/deserialize_pose_graph__functions.h
[82.751s] -- Installing: /home/autodrive_devkit/install/slam_toolbox/include/slam_toolbox/slam_toolbox/srv/detail/save_map__functions.h
[82.751s] -- Installing: /home/autodrive_devkit/install/slam_toolbox/include/slam_toolbox/slam_toolbox/srv/detail/loop_closure__type_support.h
[82.751s] -- Installing: /home/autodrive_devkit/install/slam_toolbox/include/slam_toolbox/slam_toolbox/srv/detail/clear__type_support.h
[82.751s] -- Installing: /home/autodrive_devkit/install/slam_toolbox/include/slam_toolbox/slam_toolbox/srv/detail/save_map__type_support.h
[82.752s] -- Installing: /home/autodrive_devkit/install/slam_toolbox/include/slam_toolbox/slam_toolbox/srv/detail/toggle_interactive__functions.c
[82.752s] -- Installing: /home/autodrive_devkit/install/slam_toolbox/include/slam_toolbox/slam_toolbox/srv/detail/toggle_interactive__struct.h
[82.752s] -- Installing: /home/autodrive_devkit/install/slam_toolbox/include/slam_toolbox/slam_toolbox/srv/detail/serialize_pose_graph__functions.c
[82.752s] -- Installing: /home/autodrive_devkit/install/slam_toolbox/include/slam_toolbox/slam_toolbox/srv/detail/clear__struct.h
[82.752s] -- Installing: /home/autodrive_devkit/install/slam_toolbox/include/slam_toolbox/slam_toolbox/srv/detail/pause__functions.h
[82.752s] -- Installing: /home/autodrive_devkit/install/slam_toolbox/include/slam_toolbox/slam_toolbox/srv/detail/deserialize_pose_graph__type_support.h
[82.753s] -- Installing: /home/autodrive_devkit/install/slam_toolbox/include/slam_toolbox/slam_toolbox/srv/detail/pause__struct.h
[82.753s] -- Installing: /home/autodrive_devkit/install/slam_toolbox/include/slam_toolbox/slam_toolbox/srv/detail/merge_maps__type_support.h
[82.753s] -- Installing: /home/autodrive_devkit/install/slam_toolbox/include/slam_toolbox/slam_toolbox/srv/detail/toggle_interactive__functions.h
[82.753s] -- Installing: /home/autodrive_devkit/install/slam_toolbox/include/slam_toolbox/slam_toolbox/srv/detail/save_map__struct.h
[82.753s] -- Installing: /home/autodrive_devkit/install/slam_toolbox/include/slam_toolbox/slam_toolbox/srv/detail/pause__type_support.h
[82.753s] -- Installing: /home/autodrive_devkit/install/slam_toolbox/include/slam_toolbox/slam_toolbox/srv/detail/serialize_pose_graph__struct.h
[82.754s] -- Installing: /home/autodrive_devkit/install/slam_toolbox/include/slam_toolbox/slam_toolbox/srv/detail/clear_queue__type_support.h
[82.754s] -- Installing: /home/autodrive_devkit/install/slam_toolbox/include/slam_toolbox/slam_toolbox/srv/detail/merge_maps__functions.c
[82.754s] -- Installing: /home/autodrive_devkit/install/slam_toolbox/include/slam_toolbox/slam_toolbox/srv/detail/add_submap__struct.h
[82.754s] -- Installing: /home/autodrive_devkit/install/slam_toolbox/include/slam_toolbox/slam_toolbox/srv/detail/clear__functions.c
[82.755s] -- Installing: /home/autodrive_devkit/install/slam_toolbox/include/slam_toolbox/slam_toolbox/srv/loop_closure.h
[82.755s] -- Installing: /home/autodrive_devkit/install/slam_toolbox/include/slam_toolbox/slam_toolbox/srv/pause.h
[82.755s] -- Installing: /home/autodrive_devkit/install/slam_toolbox/include/slam_toolbox/slam_toolbox/srv/toggle_interactive.h
[82.755s] -- Installing: /home/autodrive_devkit/install/slam_toolbox/include/slam_toolbox/slam_toolbox/srv/clear_queue.h
[82.755s] -- Installing: /home/autodrive_devkit/install/slam_toolbox/include/slam_toolbox/slam_toolbox/srv/save_map.h
[82.756s] -- Installing: /home/autodrive_devkit/install/slam_toolbox/include/slam_toolbox/slam_toolbox/srv/deserialize_pose_graph.h
[82.756s] -- Installing: /home/autodrive_devkit/install/slam_toolbox/include/slam_toolbox/slam_toolbox/srv/add_submap.h
[82.756s] -- Up-to-date: /home/autodrive_devkit/install/slam_toolbox/share/slam_toolbox/environment/library_path.sh
[82.757s] -- Installing: /home/autodrive_devkit/install/slam_toolbox/share/slam_toolbox/environment/library_path.dsv
[82.758s] -- Installing: /home/autodrive_devkit/install/slam_toolbox/lib/libslam_toolbox__rosidl_generator_c.so
[82.759s] -- Set runtime path of "/home/autodrive_devkit/install/slam_toolbox/lib/libslam_toolbox__rosidl_generator_c.so" to ""
[82.759s] -- Up-to-date: /home/autodrive_devkit/install/slam_toolbox/include/slam_toolbox/slam_toolbox
[82.759s] -- Up-to-date: /home/autodrive_devkit/install/slam_toolbox/include/slam_toolbox/slam_toolbox/msg
[82.759s] -- Up-to-date: /home/autodrive_devkit/install/slam_toolbox/include/slam_toolbox/slam_toolbox/msg/rosidl_typesupport_fastrtps_c__visibility_control.h
[82.760s] -- Up-to-date: /home/autodrive_devkit/install/slam_toolbox/include/slam_toolbox/slam_toolbox/srv
[82.760s] -- Up-to-date: /home/autodrive_devkit/install/slam_toolbox/include/slam_toolbox/slam_toolbox/srv/detail
[82.760s] -- Installing: /home/autodrive_devkit/install/slam_toolbox/include/slam_toolbox/slam_toolbox/srv/detail/loop_closure__rosidl_typesupport_fastrtps_c.h
[82.760s] -- Installing: /home/autodrive_devkit/install/slam_toolbox/include/slam_toolbox/slam_toolbox/srv/detail/clear__rosidl_typesupport_fastrtps_c.h
[82.761s] -- Installing: /home/autodrive_devkit/install/slam_toolbox/include/slam_toolbox/slam_toolbox/srv/detail/pause__rosidl_typesupport_fastrtps_c.h
[82.761s] -- Installing: /home/autodrive_devkit/install/slam_toolbox/include/slam_toolbox/slam_toolbox/srv/detail/toggle_interactive__rosidl_typesupport_fastrtps_c.h
[82.761s] -- Installing: /home/autodrive_devkit/install/slam_toolbox/include/slam_toolbox/slam_toolbox/srv/detail/deserialize_pose_graph__rosidl_typesupport_fastrtps_c.h
[82.761s] -- Installing: /home/autodrive_devkit/install/slam_toolbox/include/slam_toolbox/slam_toolbox/srv/detail/merge_maps__rosidl_typesupport_fastrtps_c.h
[82.761s] -- Installing: /home/autodrive_devkit/install/slam_toolbox/include/slam_toolbox/slam_toolbox/srv/detail/clear_queue__rosidl_typesupport_fastrtps_c.h
[82.762s] -- Installing: /home/autodrive_devkit/install/slam_toolbox/include/slam_toolbox/slam_toolbox/srv/detail/save_map__rosidl_typesupport_fastrtps_c.h
[82.762s] -- Installing: /home/autodrive_devkit/install/slam_toolbox/include/slam_toolbox/slam_toolbox/srv/detail/add_submap__rosidl_typesupport_fastrtps_c.h
[82.762s] -- Installing: /home/autodrive_devkit/install/slam_toolbox/include/slam_toolbox/slam_toolbox/srv/detail/serialize_pose_graph__rosidl_typesupport_fastrtps_c.h
[82.763s] -- Installing: /home/autodrive_devkit/install/slam_toolbox/lib/libslam_toolbox__rosidl_typesupport_fastrtps_c.so
[82.763s] -- Set runtime path of "/home/autodrive_devkit/install/slam_toolbox/lib/libslam_toolbox__rosidl_typesupport_fastrtps_c.so" to ""
[82.764s] -- Up-to-date: /home/autodrive_devkit/install/slam_toolbox/include/slam_toolbox/slam_toolbox
[82.764s] -- Up-to-date: /home/autodrive_devkit/install/slam_toolbox/include/slam_toolbox/slam_toolbox/srv
[82.764s] -- Installing: /home/autodrive_devkit/install/slam_toolbox/include/slam_toolbox/slam_toolbox/srv/add_submap.hpp
[82.764s] -- Installing: /home/autodrive_devkit/install/slam_toolbox/include/slam_toolbox/slam_toolbox/srv/merge_maps.hpp
[82.764s] -- Installing: /home/autodrive_devkit/install/slam_toolbox/include/slam_toolbox/slam_toolbox/srv/save_map.hpp
[82.764s] -- Installing: /home/autodrive_devkit/install/slam_toolbox/include/slam_toolbox/slam_toolbox/srv/pause.hpp
[82.764s] -- Installing: /home/autodrive_devkit/install/slam_toolbox/include/slam_toolbox/slam_toolbox/srv/toggle_interactive.hpp
[82.764s] -- Installing: /home/autodrive_devkit/install/slam_toolbox/include/slam_toolbox/slam_toolbox/srv/clear_queue.hpp
[82.764s] -- Up-to-date: /home/autodrive_devkit/install/slam_toolbox/include/slam_toolbox/slam_toolbox/srv/detail
[82.765s] -- Installing: /home/autodrive_devkit/install/slam_toolbox/include/slam_toolbox/slam_toolbox/srv/detail/pause__traits.hpp
[82.765s] -- Installing: /home/autodrive_devkit/install/slam_toolbox/include/slam_toolbox/slam_toolbox/srv/detail/clear__struct.hpp
[82.765s] -- Installing: /home/autodrive_devkit/install/slam_toolbox/include/slam_toolbox/slam_toolbox/srv/detail/merge_maps__traits.hpp
[82.765s] -- Installing: /home/autodrive_devkit/install/slam_toolbox/include/slam_toolbox/slam_toolbox/srv/detail/pause__struct.hpp
[82.765s] -- Installing: /home/autodrive_devkit/install/slam_toolbox/include/slam_toolbox/slam_toolbox/srv/detail/toggle_interactive__traits.hpp
[82.765s] -- Installing: /home/autodrive_devkit/install/slam_toolbox/include/slam_toolbox/slam_toolbox/srv/detail/merge_maps__struct.hpp
[82.766s] -- Installing: /home/autodrive_devkit/install/slam_toolbox/include/slam_toolbox/slam_toolbox/srv/detail/serialize_pose_graph__builder.hpp
[82.766s] -- Installing: /home/autodrive_devkit/install/slam_toolbox/include/slam_toolbox/slam_toolbox/srv/detail/loop_closure__builder.hpp
[82.766s] -- Installing: /home/autodrive_devkit/install/slam_toolbox/include/slam_toolbox/slam_toolbox/srv/detail/save_map__traits.hpp
[82.766s] -- Installing: /home/autodrive_devkit/install/slam_toolbox/include/slam_toolbox/slam_toolbox/srv/detail/pause__builder.hpp
[82.766s] -- Installing: /home/autodrive_devkit/install/slam_toolbox/include/slam_toolbox/slam_toolbox/srv/detail/loop_closure__traits.hpp
[82.766s] -- Installing: /home/autodrive_devkit/install/slam_toolbox/include/slam_toolbox/slam_toolbox/srv/detail/save_map__struct.hpp
[82.767s] -- Installing: /home/autodrive_devkit/install/slam_toolbox/include/slam_toolbox/slam_toolbox/srv/detail/toggle_interactive__struct.hpp
[82.767s] -- Installing: /home/autodrive_devkit/install/slam_toolbox/include/slam_toolbox/slam_toolbox/srv/detail/deserialize_pose_graph__struct.hpp
[82.767s] -- Installing: /home/autodrive_devkit/install/slam_toolbox/include/slam_toolbox/slam_toolbox/srv/detail/clear__builder.hpp
[82.767s] -- Installing: /home/autodrive_devkit/install/slam_toolbox/include/slam_toolbox/slam_toolbox/srv/detail/deserialize_pose_graph__builder.hpp
[82.767s] -- Installing: /home/autodrive_devkit/install/slam_toolbox/include/slam_toolbox/slam_toolbox/srv/detail/clear_queue__traits.hpp
[82.767s] -- Installing: /home/autodrive_devkit/install/slam_toolbox/include/slam_toolbox/slam_toolbox/srv/detail/serialize_pose_graph__traits.hpp
[82.768s] -- Installing: /home/autodrive_devkit/install/slam_toolbox/include/slam_toolbox/slam_toolbox/srv/detail/save_map__builder.hpp
[82.768s] -- Installing: /home/autodrive_devkit/install/slam_toolbox/include/slam_toolbox/slam_toolbox/srv/detail/merge_maps__builder.hpp
[82.768s] -- Installing: /home/autodrive_devkit/install/slam_toolbox/include/slam_toolbox/slam_toolbox/srv/detail/toggle_interactive__builder.hpp
[82.768s] -- Installing: /home/autodrive_devkit/install/slam_toolbox/include/slam_toolbox/slam_toolbox/srv/detail/clear_queue__builder.hpp
[82.768s] -- Installing: /home/autodrive_devkit/install/slam_toolbox/include/slam_toolbox/slam_toolbox/srv/detail/serialize_pose_graph__struct.hpp
[82.768s] -- Installing: /home/autodrive_devkit/install/slam_toolbox/include/slam_toolbox/slam_toolbox/srv/detail/add_submap__traits.hpp
[82.769s] -- Installing: /home/autodrive_devkit/install/slam_toolbox/include/slam_toolbox/slam_toolbox/srv/detail/clear_queue__struct.hpp
[82.769s] -- Installing: /home/autodrive_devkit/install/slam_toolbox/include/slam_toolbox/slam_toolbox/srv/detail/add_submap__struct.hpp
[82.769s] -- Installing: /home/autodrive_devkit/install/slam_toolbox/include/slam_toolbox/slam_toolbox/srv/detail/deserialize_pose_graph__traits.hpp
[82.769s] -- Installing: /home/autodrive_devkit/install/slam_toolbox/include/slam_toolbox/slam_toolbox/srv/detail/clear__traits.hpp
[82.769s] -- Installing: /home/autodrive_devkit/install/slam_toolbox/include/slam_toolbox/slam_toolbox/srv/detail/loop_closure__struct.hpp
[82.769s] -- Installing: /home/autodrive_devkit/install/slam_toolbox/include/slam_toolbox/slam_toolbox/srv/detail/add_submap__builder.hpp
[82.770s] -- Installing: /home/autodrive_devkit/install/slam_toolbox/include/slam_toolbox/slam_toolbox/srv/clear.hpp
[82.770s] -- Installing: /home/autodrive_devkit/install/slam_toolbox/include/slam_toolbox/slam_toolbox/srv/loop_closure.hpp
[82.770s] -- Installing: /home/autodrive_devkit/install/slam_toolbox/include/slam_toolbox/slam_toolbox/srv/serialize_pose_graph.hpp
[82.770s] -- Installing: /home/autodrive_devkit/install/slam_toolbox/include/slam_toolbox/slam_toolbox/srv/deserialize_pose_graph.hpp
[82.770s] -- Up-to-date: /home/autodrive_devkit/install/slam_toolbox/include/slam_toolbox/slam_toolbox
[82.770s] -- Up-to-date: /home/autodrive_devkit/install/slam_toolbox/include/slam_toolbox/slam_toolbox/msg
[82.771s] -- Up-to-date: /home/autodrive_devkit/install/slam_toolbox/include/slam_toolbox/slam_toolbox/msg/rosidl_typesupport_fastrtps_cpp__visibility_control.h
[82.771s] -- Up-to-date: /home/autodrive_devkit/install/slam_toolbox/include/slam_toolbox/slam_toolbox/srv
[82.771s] -- Up-to-date: /home/autodrive_devkit/install/slam_toolbox/include/slam_toolbox/slam_toolbox/srv/detail
[82.771s] -- Installing: /home/autodrive_devkit/install/slam_toolbox/include/slam_toolbox/slam_toolbox/srv/detail/toggle_interactive__rosidl_typesupport_fastrtps_cpp.hpp
[82.772s] -- Installing: /home/autodrive_devkit/install/slam_toolbox/include/slam_toolbox/slam_toolbox/srv/detail/clear__rosidl_typesupport_fastrtps_cpp.hpp
[82.772s] -- Installing: /home/autodrive_devkit/install/slam_toolbox/include/slam_toolbox/slam_toolbox/srv/detail/merge_maps__rosidl_typesupport_fastrtps_cpp.hpp
[82.772s] -- Installing: /home/autodrive_devkit/install/slam_toolbox/include/slam_toolbox/slam_toolbox/srv/detail/pause__rosidl_typesupport_fastrtps_cpp.hpp
[82.773s] -- Installing: /home/autodrive_devkit/install/slam_toolbox/include/slam_toolbox/slam_toolbox/srv/detail/deserialize_pose_graph__rosidl_typesupport_fastrtps_cpp.hpp
[82.773s] -- Installing: /home/autodrive_devkit/install/slam_toolbox/include/slam_toolbox/slam_toolbox/srv/detail/clear_queue__rosidl_typesupport_fastrtps_cpp.hpp
[82.773s] -- Installing: /home/autodrive_devkit/install/slam_toolbox/include/slam_toolbox/slam_toolbox/srv/detail/save_map__rosidl_typesupport_fastrtps_cpp.hpp
[82.774s] -- Up-to-date: /home/autodrive_devkit/install/slam_toolbox/include/slam_toolbox/slam_toolbox/srv/detail/dds_fastrtps
[82.774s] -- Installing: /home/autodrive_devkit/install/slam_toolbox/include/slam_toolbox/slam_toolbox/srv/detail/serialize_pose_graph__rosidl_typesupport_fastrtps_cpp.hpp
[82.774s] -- Installing: /home/autodrive_devkit/install/slam_toolbox/include/slam_toolbox/slam_toolbox/srv/detail/loop_closure__rosidl_typesupport_fastrtps_cpp.hpp
[82.775s] -- Installing: /home/autodrive_devkit/install/slam_toolbox/include/slam_toolbox/slam_toolbox/srv/detail/add_submap__rosidl_typesupport_fastrtps_cpp.hpp
[82.776s] -- Installing: /home/autodrive_devkit/install/slam_toolbox/lib/libslam_toolbox__rosidl_typesupport_fastrtps_cpp.so
[82.776s] -- Set runtime path of "/home/autodrive_devkit/install/slam_toolbox/lib/libslam_toolbox__rosidl_typesupport_fastrtps_cpp.so" to ""
[82.776s] -- Up-to-date: /home/autodrive_devkit/install/slam_toolbox/include/slam_toolbox/slam_toolbox
[82.776s] -- Up-to-date: /home/autodrive_devkit/install/slam_toolbox/include/slam_toolbox/slam_toolbox/msg
[82.777s] -- Up-to-date: /home/autodrive_devkit/install/slam_toolbox/include/slam_toolbox/slam_toolbox/msg/rosidl_typesupport_introspection_c__visibility_control.h
[82.777s] -- Up-to-date: /home/autodrive_devkit/install/slam_toolbox/include/slam_toolbox/slam_toolbox/srv
[82.777s] -- Up-to-date: /home/autodrive_devkit/install/slam_toolbox/include/slam_toolbox/slam_toolbox/srv/detail
[82.778s] -- Installing: /home/autodrive_devkit/install/slam_toolbox/include/slam_toolbox/slam_toolbox/srv/detail/save_map__type_support.c
[82.778s] -- Installing: /home/autodrive_devkit/install/slam_toolbox/include/slam_toolbox/slam_toolbox/srv/detail/loop_closure__rosidl_typesupport_introspection_c.h
[82.778s] -- Installing: /home/autodrive_devkit/install/slam_toolbox/include/slam_toolbox/slam_toolbox/srv/detail/save_map__rosidl_typesupport_introspection_c.h
[82.778s] -- Installing: /home/autodrive_devkit/install/slam_toolbox/include/slam_toolbox/slam_toolbox/srv/detail/merge_maps__rosidl_typesupport_introspection_c.h
[82.779s] -- Installing: /home/autodrive_devkit/install/slam_toolbox/include/slam_toolbox/slam_toolbox/srv/detail/add_submap__type_support.c
[82.779s] -- Installing: /home/autodrive_devkit/install/slam_toolbox/include/slam_toolbox/slam_toolbox/srv/detail/serialize_pose_graph__type_support.c
[82.779s] -- Installing: /home/autodrive_devkit/install/slam_toolbox/include/slam_toolbox/slam_toolbox/srv/detail/deserialize_pose_graph__rosidl_typesupport_introspection_c.h
[82.779s] -- Installing: /home/autodrive_devkit/install/slam_toolbox/include/slam_toolbox/slam_toolbox/srv/detail/pause__rosidl_typesupport_introspection_c.h
[82.780s] -- Installing: /home/autodrive_devkit/install/slam_toolbox/include/slam_toolbox/slam_toolbox/srv/detail/deserialize_pose_graph__type_support.c
[82.780s] -- Installing: /home/autodrive_devkit/install/slam_toolbox/include/slam_toolbox/slam_toolbox/srv/detail/add_submap__rosidl_typesupport_introspection_c.h
[82.780s] -- Installing: /home/autodrive_devkit/install/slam_toolbox/include/slam_toolbox/slam_toolbox/srv/detail/merge_maps__type_support.c
[82.781s] -- Installing: /home/autodrive_devkit/install/slam_toolbox/include/slam_toolbox/slam_toolbox/srv/detail/clear_queue__rosidl_typesupport_introspection_c.h
[82.781s] -- Installing: /home/autodrive_devkit/install/slam_toolbox/include/slam_toolbox/slam_toolbox/srv/detail/toggle_interactive__rosidl_typesupport_introspection_c.h
[82.782s] -- Installing: /home/autodrive_devkit/install/slam_toolbox/include/slam_toolbox/slam_toolbox/srv/detail/clear__type_support.c
[82.782s] -- Installing: /home/autodrive_devkit/install/slam_toolbox/include/slam_toolbox/slam_toolbox/srv/detail/toggle_interactive__type_support.c
[82.782s] -- Installing: /home/autodrive_devkit/install/slam_toolbox/include/slam_toolbox/slam_toolbox/srv/detail/loop_closure__type_support.c
[82.783s] -- Installing: /home/autodrive_devkit/install/slam_toolbox/include/slam_toolbox/slam_toolbox/srv/detail/pause__type_support.c
[82.783s] -- Installing: /home/autodrive_devkit/install/slam_toolbox/include/slam_toolbox/slam_toolbox/srv/detail/clear_queue__type_support.c
[82.783s] -- Installing: /home/autodrive_devkit/install/slam_toolbox/include/slam_toolbox/slam_toolbox/srv/detail/clear__rosidl_typesupport_introspection_c.h
[82.783s] -- Installing: /home/autodrive_devkit/install/slam_toolbox/include/slam_toolbox/slam_toolbox/srv/detail/serialize_pose_graph__rosidl_typesupport_introspection_c.h
[82.784s] -- Installing: /home/autodrive_devkit/install/slam_toolbox/lib/libslam_toolbox__rosidl_typesupport_introspection_c.so
[82.785s] -- Set runtime path of "/home/autodrive_devkit/install/slam_toolbox/lib/libslam_toolbox__rosidl_typesupport_introspection_c.so" to ""
[82.785s] -- Installing: /home/autodrive_devkit/install/slam_toolbox/lib/libslam_toolbox__rosidl_typesupport_c.so
[82.786s] -- Set runtime path of "/home/autodrive_devkit/install/slam_toolbox/lib/libslam_toolbox__rosidl_typesupport_c.so" to ""
[82.786s] -- Up-to-date: /home/autodrive_devkit/install/slam_toolbox/include/slam_toolbox/slam_toolbox
[82.786s] -- Up-to-date: /home/autodrive_devkit/install/slam_toolbox/include/slam_toolbox/slam_toolbox/srv
[82.786s] -- Up-to-date: /home/autodrive_devkit/install/slam_toolbox/include/slam_toolbox/slam_toolbox/srv/detail
[82.787s] -- Installing: /home/autodrive_devkit/install/slam_toolbox/include/slam_toolbox/slam_toolbox/srv/detail/add_submap__type_support.cpp
[82.787s] -- Installing: /home/autodrive_devkit/install/slam_toolbox/include/slam_toolbox/slam_toolbox/srv/detail/save_map__rosidl_typesupport_introspection_cpp.hpp
[82.787s] -- Installing: /home/autodrive_devkit/install/slam_toolbox/include/slam_toolbox/slam_toolbox/srv/detail/loop_closure__rosidl_typesupport_introspection_cpp.hpp
[82.787s] -- Installing: /home/autodrive_devkit/install/slam_toolbox/include/slam_toolbox/slam_toolbox/srv/detail/serialize_pose_graph__rosidl_typesupport_introspection_cpp.hpp
[82.788s] -- Installing: /home/autodrive_devkit/install/slam_toolbox/include/slam_toolbox/slam_toolbox/srv/detail/deserialize_pose_graph__rosidl_typesupport_introspection_cpp.hpp
[82.788s] -- Installing: /home/autodrive_devkit/install/slam_toolbox/include/slam_toolbox/slam_toolbox/srv/detail/loop_closure__type_support.cpp
[82.788s] -- Installing: /home/autodrive_devkit/install/slam_toolbox/include/slam_toolbox/slam_toolbox/srv/detail/pause__rosidl_typesupport_introspection_cpp.hpp
[82.789s] -- Installing: /home/autodrive_devkit/install/slam_toolbox/include/slam_toolbox/slam_toolbox/srv/detail/clear_queue__type_support.cpp
[82.789s] -- Installing: /home/autodrive_devkit/install/slam_toolbox/include/slam_toolbox/slam_toolbox/srv/detail/pause__type_support.cpp
[82.789s] -- Installing: /home/autodrive_devkit/install/slam_toolbox/include/slam_toolbox/slam_toolbox/srv/detail/clear__type_support.cpp
[82.789s] -- Installing: /home/autodrive_devkit/install/slam_toolbox/include/slam_toolbox/slam_toolbox/srv/detail/clear__rosidl_typesupport_introspection_cpp.hpp
[82.790s] -- Installing: /home/autodrive_devkit/install/slam_toolbox/include/slam_toolbox/slam_toolbox/srv/detail/save_map__type_support.cpp
[82.790s] -- Installing: /home/autodrive_devkit/install/slam_toolbox/include/slam_toolbox/slam_toolbox/srv/detail/toggle_interactive__type_support.cpp
[82.790s] -- Installing: /home/autodrive_devkit/install/slam_toolbox/include/slam_toolbox/slam_toolbox/srv/detail/deserialize_pose_graph__type_support.cpp
[82.790s] -- Installing: /home/autodrive_devkit/install/slam_toolbox/include/slam_toolbox/slam_toolbox/srv/detail/toggle_interactive__rosidl_typesupport_introspection_cpp.hpp
[82.791s] -- Installing: /home/autodrive_devkit/install/slam_toolbox/include/slam_toolbox/slam_toolbox/srv/detail/serialize_pose_graph__type_support.cpp
[82.791s] -- Installing: /home/autodrive_devkit/install/slam_toolbox/include/slam_toolbox/slam_toolbox/srv/detail/merge_maps__rosidl_typesupport_introspection_cpp.hpp
[82.791s] -- Installing: /home/autodrive_devkit/install/slam_toolbox/include/slam_toolbox/slam_toolbox/srv/detail/clear_queue__rosidl_typesupport_introspection_cpp.hpp
[82.791s] -- Installing: /home/autodrive_devkit/install/slam_toolbox/include/slam_toolbox/slam_toolbox/srv/detail/merge_maps__type_support.cpp
[82.792s] -- Installing: /home/autodrive_devkit/install/slam_toolbox/include/slam_toolbox/slam_toolbox/srv/detail/add_submap__rosidl_typesupport_introspection_cpp.hpp
[82.793s] -- Installing: /home/autodrive_devkit/install/slam_toolbox/lib/libslam_toolbox__rosidl_typesupport_introspection_cpp.so
[82.793s] -- Set runtime path of "/home/autodrive_devkit/install/slam_toolbox/lib/libslam_toolbox__rosidl_typesupport_introspection_cpp.so" to ""
[82.794s] -- Installing: /home/autodrive_devkit/install/slam_toolbox/lib/libslam_toolbox__rosidl_typesupport_cpp.so
[82.795s] -- Set runtime path of "/home/autodrive_devkit/install/slam_toolbox/lib/libslam_toolbox__rosidl_typesupport_cpp.so" to ""
[82.795s] -- Up-to-date: /home/autodrive_devkit/install/slam_toolbox/share/slam_toolbox/environment/pythonpath.sh
[82.796s] -- Installing: /home/autodrive_devkit/install/slam_toolbox/share/slam_toolbox/environment/pythonpath.dsv
[82.796s] -- Up-to-date: /home/autodrive_devkit/install/slam_toolbox/local/lib/python3.10/dist-packages/slam_toolbox-2.6.8-py3.10.egg-info
[82.796s] -- Installing: /home/autodrive_devkit/install/slam_toolbox/local/lib/python3.10/dist-packages/slam_toolbox-2.6.8-py3.10.egg-info/SOURCES.txt
[82.797s] -- Installing: /home/autodrive_devkit/install/slam_toolbox/local/lib/python3.10/dist-packages/slam_toolbox-2.6.8-py3.10.egg-info/PKG-INFO
[82.797s] -- Installing: /home/autodrive_devkit/install/slam_toolbox/local/lib/python3.10/dist-packages/slam_toolbox-2.6.8-py3.10.egg-info/dependency_links.txt
[82.797s] -- Installing: /home/autodrive_devkit/install/slam_toolbox/local/lib/python3.10/dist-packages/slam_toolbox-2.6.8-py3.10.egg-info/top_level.txt
[82.797s] -- Up-to-date: /home/autodrive_devkit/install/slam_toolbox/local/lib/python3.10/dist-packages/slam_toolbox
[82.798s] -- Installing: /home/autodrive_devkit/install/slam_toolbox/local/lib/python3.10/dist-packages/slam_toolbox/_slam_toolbox_s.ep.rosidl_typesupport_c.c
[82.798s] -- Installing: /home/autodrive_devkit/install/slam_toolbox/local/lib/python3.10/dist-packages/slam_toolbox/slam_toolbox_s__rosidl_typesupport_fastrtps_c.cpython-310-x86_64-linux-gnu.so
[82.799s] -- Installing: /home/autodrive_devkit/install/slam_toolbox/local/lib/python3.10/dist-packages/slam_toolbox/slam_toolbox_s__rosidl_typesupport_c.cpython-310-x86_64-linux-gnu.so
[82.799s] -- Installing: /home/autodrive_devkit/install/slam_toolbox/local/lib/python3.10/dist-packages/slam_toolbox/__init__.py
[82.800s] -- Installing: /home/autodrive_devkit/install/slam_toolbox/local/lib/python3.10/dist-packages/slam_toolbox/_slam_toolbox_s.ep.rosidl_typesupport_fastrtps_c.c
[82.800s] -- Installing: /home/autodrive_devkit/install/slam_toolbox/local/lib/python3.10/dist-packages/slam_toolbox/libslam_toolbox__rosidl_generator_py.so
[82.801s] -- Installing: /home/autodrive_devkit/install/slam_toolbox/local/lib/python3.10/dist-packages/slam_toolbox/_slam_toolbox_s.ep.rosidl_typesupport_introspection_c.c
[82.801s] -- Installing: /home/autodrive_devkit/install/slam_toolbox/local/lib/python3.10/dist-packages/slam_toolbox/slam_toolbox_s__rosidl_typesupport_introspection_c.cpython-310-x86_64-linux-gnu.so
[82.802s] -- Up-to-date: /home/autodrive_devkit/install/slam_toolbox/local/lib/python3.10/dist-packages/slam_toolbox/srv
[82.802s] -- Installing: /home/autodrive_devkit/install/slam_toolbox/local/lib/python3.10/dist-packages/slam_toolbox/srv/_clear.py
[82.802s] -- Installing: /home/autodrive_devkit/install/slam_toolbox/local/lib/python3.10/dist-packages/slam_toolbox/srv/_toggle_interactive.py
[82.802s] -- Installing: /home/autodrive_devkit/install/slam_toolbox/local/lib/python3.10/dist-packages/slam_toolbox/srv/_serialize_pose_graph_s.c
[82.803s] -- Installing: /home/autodrive_devkit/install/slam_toolbox/local/lib/python3.10/dist-packages/slam_toolbox/srv/_pause.py
[82.803s] -- Installing: /home/autodrive_devkit/install/slam_toolbox/local/lib/python3.10/dist-packages/slam_toolbox/srv/_merge_maps.py
[82.803s] -- Installing: /home/autodrive_devkit/install/slam_toolbox/local/lib/python3.10/dist-packages/slam_toolbox/srv/_save_map_s.c
[82.803s] -- Installing: /home/autodrive_devkit/install/slam_toolbox/local/lib/python3.10/dist-packages/slam_toolbox/srv/_clear_s.c
[82.804s] -- Installing: /home/autodrive_devkit/install/slam_toolbox/local/lib/python3.10/dist-packages/slam_toolbox/srv/_add_submap_s.c
[82.804s] -- Installing: /home/autodrive_devkit/install/slam_toolbox/local/lib/python3.10/dist-packages/slam_toolbox/srv/__init__.py
[82.804s] -- Installing: /home/autodrive_devkit/install/slam_toolbox/local/lib/python3.10/dist-packages/slam_toolbox/srv/_save_map.py
[82.805s] -- Installing: /home/autodrive_devkit/install/slam_toolbox/local/lib/python3.10/dist-packages/slam_toolbox/srv/_toggle_interactive_s.c
[82.805s] -- Installing: /home/autodrive_devkit/install/slam_toolbox/local/lib/python3.10/dist-packages/slam_toolbox/srv/_add_submap.py
[82.805s] -- Installing: /home/autodrive_devkit/install/slam_toolbox/local/lib/python3.10/dist-packages/slam_toolbox/srv/_merge_maps_s.c
[82.805s] -- Installing: /home/autodrive_devkit/install/slam_toolbox/local/lib/python3.10/dist-packages/slam_toolbox/srv/_loop_closure.py
[82.806s] -- Installing: /home/autodrive_devkit/install/slam_toolbox/local/lib/python3.10/dist-packages/slam_toolbox/srv/_deserialize_pose_graph_s.c
[82.806s] -- Installing: /home/autodrive_devkit/install/slam_toolbox/local/lib/python3.10/dist-packages/slam_toolbox/srv/_clear_queue.py
[82.806s] -- Installing: /home/autodrive_devkit/install/slam_toolbox/local/lib/python3.10/dist-packages/slam_toolbox/srv/_clear_queue_s.c
[82.806s] -- Installing: /home/autodrive_devkit/install/slam_toolbox/local/lib/python3.10/dist-packages/slam_toolbox/srv/_loop_closure_s.c
[82.807s] -- Installing: /home/autodrive_devkit/install/slam_toolbox/local/lib/python3.10/dist-packages/slam_toolbox/srv/_serialize_pose_graph.py
[82.807s] -- Installing: /home/autodrive_devkit/install/slam_toolbox/local/lib/python3.10/dist-packages/slam_toolbox/srv/_pause_s.c
[82.807s] -- Installing: /home/autodrive_devkit/install/slam_toolbox/local/lib/python3.10/dist-packages/slam_toolbox/srv/_deserialize_pose_graph.py
[82.874s] Listing '/home/autodrive_devkit/install/slam_toolbox/local/lib/python3.10/dist-packages/slam_toolbox'...
[82.874s] Compiling '/home/autodrive_devkit/install/slam_toolbox/local/lib/python3.10/dist-packages/slam_toolbox/__init__.py'...
[82.874s] Listing '/home/autodrive_devkit/install/slam_toolbox/local/lib/python3.10/dist-packages/slam_toolbox/srv'...
[82.874s] Compiling '/home/autodrive_devkit/install/slam_toolbox/local/lib/python3.10/dist-packages/slam_toolbox/srv/__init__.py'...
[82.874s] Compiling '/home/autodrive_devkit/install/slam_toolbox/local/lib/python3.10/dist-packages/slam_toolbox/srv/_add_submap.py'...
[82.874s] Compiling '/home/autodrive_devkit/install/slam_toolbox/local/lib/python3.10/dist-packages/slam_toolbox/srv/_clear.py'...
[82.874s] Compiling '/home/autodrive_devkit/install/slam_toolbox/local/lib/python3.10/dist-packages/slam_toolbox/srv/_clear_queue.py'...
[82.874s] Compiling '/home/autodrive_devkit/install/slam_toolbox/local/lib/python3.10/dist-packages/slam_toolbox/srv/_deserialize_pose_graph.py'...
[82.874s] Compiling '/home/autodrive_devkit/install/slam_toolbox/local/lib/python3.10/dist-packages/slam_toolbox/srv/_loop_closure.py'...
[82.874s] Compiling '/home/autodrive_devkit/install/slam_toolbox/local/lib/python3.10/dist-packages/slam_toolbox/srv/_merge_maps.py'...
[82.874s] Compiling '/home/autodrive_devkit/install/slam_toolbox/local/lib/python3.10/dist-packages/slam_toolbox/srv/_pause.py'...
[82.874s] Compiling '/home/autodrive_devkit/install/slam_toolbox/local/lib/python3.10/dist-packages/slam_toolbox/srv/_save_map.py'...
[82.874s] Compiling '/home/autodrive_devkit/install/slam_toolbox/local/lib/python3.10/dist-packages/slam_toolbox/srv/_serialize_pose_graph.py'...
[82.874s] Compiling '/home/autodrive_devkit/install/slam_toolbox/local/lib/python3.10/dist-packages/slam_toolbox/srv/_toggle_interactive.py'...
[82.880s] -- Installing: /home/autodrive_devkit/install/slam_toolbox/local/lib/python3.10/dist-packages/slam_toolbox/slam_toolbox_s__rosidl_typesupport_fastrtps_c.cpython-310-x86_64-linux-gnu.so
[82.881s] -- Set runtime path of "/home/autodrive_devkit/install/slam_toolbox/local/lib/python3.10/dist-packages/slam_toolbox/slam_toolbox_s__rosidl_typesupport_fastrtps_c.cpython-310-x86_64-linux-gnu.so" to ""
[82.881s] -- Installing: /home/autodrive_devkit/install/slam_toolbox/local/lib/python3.10/dist-packages/slam_toolbox/slam_toolbox_s__rosidl_typesupport_introspection_c.cpython-310-x86_64-linux-gnu.so
[82.882s] -- Set runtime path of "/home/autodrive_devkit/install/slam_toolbox/local/lib/python3.10/dist-packages/slam_toolbox/slam_toolbox_s__rosidl_typesupport_introspection_c.cpython-310-x86_64-linux-gnu.so" to ""
[82.883s] -- Installing: /home/autodrive_devkit/install/slam_toolbox/local/lib/python3.10/dist-packages/slam_toolbox/slam_toolbox_s__rosidl_typesupport_c.cpython-310-x86_64-linux-gnu.so
[82.884s] -- Set runtime path of "/home/autodrive_devkit/install/slam_toolbox/local/lib/python3.10/dist-packages/slam_toolbox/slam_toolbox_s__rosidl_typesupport_c.cpython-310-x86_64-linux-gnu.so" to ""
[82.884s] -- Installing: /home/autodrive_devkit/install/slam_toolbox/lib/libslam_toolbox__rosidl_generator_py.so
[82.885s] -- Set runtime path of "/home/autodrive_devkit/install/slam_toolbox/lib/libslam_toolbox__rosidl_generator_py.so" to ""
[82.886s] -- Up-to-date: /home/autodrive_devkit/install/slam_toolbox/share/slam_toolbox/srv/Pause.idl
[82.887s] -- Up-to-date: /home/autodrive_devkit/install/slam_toolbox/share/slam_toolbox/srv/ClearQueue.idl
[82.887s] -- Up-to-date: /home/autodrive_devkit/install/slam_toolbox/share/slam_toolbox/srv/ToggleInteractive.idl
[82.890s] -- Up-to-date: /home/autodrive_devkit/install/slam_toolbox/share/slam_toolbox/srv/Clear.idl
[82.891s] -- Up-to-date: /home/autodrive_devkit/install/slam_toolbox/share/slam_toolbox/srv/SaveMap.idl
[82.891s] -- Up-to-date: /home/autodrive_devkit/install/slam_toolbox/share/slam_toolbox/srv/LoopClosure.idl
[82.892s] -- Up-to-date: /home/autodrive_devkit/install/slam_toolbox/share/slam_toolbox/srv/MergeMaps.idl
[82.893s] -- Up-to-date: /home/autodrive_devkit/install/slam_toolbox/share/slam_toolbox/srv/AddSubmap.idl
[82.893s] -- Up-to-date: /home/autodrive_devkit/install/slam_toolbox/share/slam_toolbox/srv/DeserializePoseGraph.idl
[82.894s] -- Up-to-date: /home/autodrive_devkit/install/slam_toolbox/share/slam_toolbox/srv/SerializePoseGraph.idl
[82.895s] -- Up-to-date: /home/autodrive_devkit/install/slam_toolbox/share/slam_toolbox/srvs/Pause.srv
[82.895s] -- Up-to-date: /home/autodrive_devkit/install/slam_toolbox/share/slam_toolbox/srvs/Pause_Request.msg
[82.896s] -- Up-to-date: /home/autodrive_devkit/install/slam_toolbox/share/slam_toolbox/srvs/Pause_Response.msg
[82.897s] -- Up-to-date: /home/autodrive_devkit/install/slam_toolbox/share/slam_toolbox/srvs/ClearQueue.srv
[82.898s] -- Up-to-date: /home/autodrive_devkit/install/slam_toolbox/share/slam_toolbox/srvs/ClearQueue_Request.msg
[82.898s] -- Up-to-date: /home/autodrive_devkit/install/slam_toolbox/share/slam_toolbox/srvs/ClearQueue_Response.msg
[82.899s] -- Up-to-date: /home/autodrive_devkit/install/slam_toolbox/share/slam_toolbox/srvs/ToggleInteractive.srv
[82.900s] -- Up-to-date: /home/autodrive_devkit/install/slam_toolbox/share/slam_toolbox/srvs/ToggleInteractive_Request.msg
[82.901s] -- Up-to-date: /home/autodrive_devkit/install/slam_toolbox/share/slam_toolbox/srvs/ToggleInteractive_Response.msg
[82.901s] -- Up-to-date: /home/autodrive_devkit/install/slam_toolbox/share/slam_toolbox/srvs/Clear.srv
[82.902s] -- Up-to-date: /home/autodrive_devkit/install/slam_toolbox/share/slam_toolbox/srvs/Clear_Request.msg
[82.903s] -- Up-to-date: /home/autodrive_devkit/install/slam_toolbox/share/slam_toolbox/srvs/Clear_Response.msg
[82.903s] -- Up-to-date: /home/autodrive_devkit/install/slam_toolbox/share/slam_toolbox/srvs/SaveMap.srv
[82.904s] -- Up-to-date: /home/autodrive_devkit/install/slam_toolbox/share/slam_toolbox/srvs/SaveMap_Request.msg
[82.905s] -- Up-to-date: /home/autodrive_devkit/install/slam_toolbox/share/slam_toolbox/srvs/SaveMap_Response.msg
[82.906s] -- Up-to-date: /home/autodrive_devkit/install/slam_toolbox/share/slam_toolbox/srvs/LoopClosure.srv
[82.907s] -- Up-to-date: /home/autodrive_devkit/install/slam_toolbox/share/slam_toolbox/srvs/LoopClosure_Request.msg
[82.907s] -- Up-to-date: /home/autodrive_devkit/install/slam_toolbox/share/slam_toolbox/srvs/LoopClosure_Response.msg
[82.907s] -- Up-to-date: /home/autodrive_devkit/install/slam_toolbox/share/slam_toolbox/srvs/MergeMaps.srv
[82.908s] -- Up-to-date: /home/autodrive_devkit/install/slam_toolbox/share/slam_toolbox/srvs/MergeMaps_Request.msg
[82.909s] -- Up-to-date: /home/autodrive_devkit/install/slam_toolbox/share/slam_toolbox/srvs/MergeMaps_Response.msg
[82.909s] -- Up-to-date: /home/autodrive_devkit/install/slam_toolbox/share/slam_toolbox/srvs/AddSubmap.srv
[82.910s] -- Up-to-date: /home/autodrive_devkit/install/slam_toolbox/share/slam_toolbox/srvs/AddSubmap_Request.msg
[82.911s] -- Up-to-date: /home/autodrive_devkit/install/slam_toolbox/share/slam_toolbox/srvs/AddSubmap_Response.msg
[82.911s] -- Up-to-date: /home/autodrive_devkit/install/slam_toolbox/share/slam_toolbox/srvs/DeserializePoseGraph.srv
[82.912s] -- Up-to-date: /home/autodrive_devkit/install/slam_toolbox/share/slam_toolbox/srvs/DeserializePoseGraph_Request.msg
[82.913s] -- Up-to-date: /home/autodrive_devkit/install/slam_toolbox/share/slam_toolbox/srvs/DeserializePoseGraph_Response.msg
[82.913s] -- Up-to-date: /home/autodrive_devkit/install/slam_toolbox/share/slam_toolbox/srvs/SerializePoseGraph.srv
[82.913s] -- Up-to-date: /home/autodrive_devkit/install/slam_toolbox/share/slam_toolbox/srvs/SerializePoseGraph_Request.msg
[82.914s] -- Up-to-date: /home/autodrive_devkit/install/slam_toolbox/share/slam_toolbox/srvs/SerializePoseGraph_Response.msg
[82.915s] -- Up-to-date: /home/autodrive_devkit/install/slam_toolbox/share/slam_toolbox/rviz_plugins.xml
[82.916s] -- Up-to-date: /home/autodrive_devkit/install/slam_toolbox/share/slam_toolbox/solver_plugins.xml
[82.918s] -- Installing: /home/autodrive_devkit/install/slam_toolbox/lib/slam_toolbox/async_slam_toolbox_node
[82.921s] -- Set runtime path of "/home/autodrive_devkit/install/slam_toolbox/lib/slam_toolbox/async_slam_toolbox_node" to ""
[82.921s] -- Installing: /home/autodrive_devkit/install/slam_toolbox/lib/slam_toolbox/sync_slam_toolbox_node
[82.925s] -- Set runtime path of "/home/autodrive_devkit/install/slam_toolbox/lib/slam_toolbox/sync_slam_toolbox_node" to ""
[82.925s] -- Installing: /home/autodrive_devkit/install/slam_toolbox/lib/slam_toolbox/localization_slam_toolbox_node
[82.927s] -- Set runtime path of "/home/autodrive_devkit/install/slam_toolbox/lib/slam_toolbox/localization_slam_toolbox_node" to ""
[82.927s] -- Installing: /home/autodrive_devkit/install/slam_toolbox/lib/slam_toolbox/map_and_localization_slam_toolbox_node
[82.929s] -- Set runtime path of "/home/autodrive_devkit/install/slam_toolbox/lib/slam_toolbox/map_and_localization_slam_toolbox_node" to ""
[82.929s] -- Installing: /home/autodrive_devkit/install/slam_toolbox/lib/slam_toolbox/merge_maps_kinematic
[82.932s] -- Set runtime path of "/home/autodrive_devkit/install/slam_toolbox/lib/slam_toolbox/merge_maps_kinematic" to ""
[82.933s] -- Installing: /home/autodrive_devkit/install/slam_toolbox/lib/libtoolbox_common.so
[82.941s] -- Set runtime path of "/home/autodrive_devkit/install/slam_toolbox/lib/libtoolbox_common.so" to ""
[82.942s] -- Installing: /home/autodrive_devkit/install/slam_toolbox/lib/libSlamToolboxPlugin.so
[82.944s] -- Set runtime path of "/home/autodrive_devkit/install/slam_toolbox/lib/libSlamToolboxPlugin.so" to ""
[82.945s] -- Installing: /home/autodrive_devkit/install/slam_toolbox/lib/libceres_solver_plugin.so
[82.946s] -- Set runtime path of "/home/autodrive_devkit/install/slam_toolbox/lib/libceres_solver_plugin.so" to ""
[82.947s] -- Installing: /home/autodrive_devkit/install/slam_toolbox/lib/libasync_slam_toolbox.so
[82.948s] -- Set runtime path of "/home/autodrive_devkit/install/slam_toolbox/lib/libasync_slam_toolbox.so" to ""
[82.949s] -- Installing: /home/autodrive_devkit/install/slam_toolbox/lib/libsync_slam_toolbox.so
[82.951s] -- Set runtime path of "/home/autodrive_devkit/install/slam_toolbox/lib/libsync_slam_toolbox.so" to ""
[82.951s] -- Installing: /home/autodrive_devkit/install/slam_toolbox/lib/liblocalization_slam_toolbox.so
[82.954s] -- Set runtime path of "/home/autodrive_devkit/install/slam_toolbox/lib/liblocalization_slam_toolbox.so" to ""
[82.954s] -- Installing: /home/autodrive_devkit/install/slam_toolbox/lib/liblifelong_slam_toolbox.so
[82.956s] -- Set runtime path of "/home/autodrive_devkit/install/slam_toolbox/lib/liblifelong_slam_toolbox.so" to ""
[82.956s] -- Installing: /home/autodrive_devkit/install/slam_toolbox/lib/libmap_and_localization_slam_toolbox.so
[82.959s] -- Set runtime path of "/home/autodrive_devkit/install/slam_toolbox/lib/libmap_and_localization_slam_toolbox.so" to ""
[82.959s] -- Up-to-date: /home/autodrive_devkit/install/slam_toolbox/lib/libkartoSlamToolbox.so
[82.969s] -- Up-to-date: /home/autodrive_devkit/install/slam_toolbox/lib/libSlamToolboxPlugin.so
[82.969s] -- Up-to-date: /home/autodrive_devkit/install/slam_toolbox/include
[82.969s] -- Up-to-date: /home/autodrive_devkit/install/slam_toolbox/include/slam_toolbox
[82.969s] -- Up-to-date: /home/autodrive_devkit/install/slam_toolbox/include/slam_toolbox/slam_toolbox_localization.hpp
[82.970s] -- Up-to-date: /home/autodrive_devkit/install/slam_toolbox/include/slam_toolbox/map_saver.hpp
[82.970s] -- Up-to-date: /home/autodrive_devkit/install/slam_toolbox/include/slam_toolbox/merge_maps_kinematic.hpp
[82.971s] -- Up-to-date: /home/autodrive_devkit/install/slam_toolbox/include/slam_toolbox/get_pose_helper.hpp
[82.972s] -- Up-to-date: /home/autodrive_devkit/install/slam_toolbox/include/slam_toolbox/slam_mapper.hpp
[82.972s] -- Up-to-date: /home/autodrive_devkit/install/slam_toolbox/include/slam_toolbox/visualization_utils.hpp
[82.973s] -- Up-to-date: /home/autodrive_devkit/install/slam_toolbox/include/slam_toolbox/loop_closure_assistant.hpp
[82.974s] -- Up-to-date: /home/autodrive_devkit/install/slam_toolbox/include/slam_toolbox/slam_toolbox_common.hpp
[82.975s] -- Up-to-date: /home/autodrive_devkit/install/slam_toolbox/include/slam_toolbox/experimental
[82.975s] -- Up-to-date: /home/autodrive_devkit/install/slam_toolbox/include/slam_toolbox/experimental/slam_toolbox_map_and_localization.hpp
[82.976s] -- Up-to-date: /home/autodrive_devkit/install/slam_toolbox/include/slam_toolbox/experimental/slam_toolbox_lifelong.hpp
[82.977s] -- Up-to-date: /home/autodrive_devkit/install/slam_toolbox/include/slam_toolbox/snap_utils.hpp
[82.977s] -- Up-to-date: /home/autodrive_devkit/install/slam_toolbox/include/slam_toolbox/serialization.hpp
[82.978s] -- Up-to-date: /home/autodrive_devkit/install/slam_toolbox/include/slam_toolbox/slam_toolbox_async.hpp
[82.979s] -- Up-to-date: /home/autodrive_devkit/install/slam_toolbox/include/slam_toolbox/laser_utils.hpp
[82.980s] -- Up-to-date: /home/autodrive_devkit/install/slam_toolbox/include/slam_toolbox/toolbox_msgs.hpp
[82.980s] -- Up-to-date: /home/autodrive_devkit/install/slam_toolbox/include/slam_toolbox/toolbox_types.hpp
[82.981s] -- Up-to-date: /home/autodrive_devkit/install/slam_toolbox/include/slam_toolbox/slam_toolbox_sync.hpp
[82.982s] -- Up-to-date: /home/autodrive_devkit/install/slam_toolbox/share/slam_toolbox/launch
[82.982s] -- Up-to-date: /home/autodrive_devkit/install/slam_toolbox/share/slam_toolbox/launch/offline_launch.py
[82.983s] -- Up-to-date: /home/autodrive_devkit/install/slam_toolbox/share/slam_toolbox/launch/online_async_launch.py
[82.983s] -- Up-to-date: /home/autodrive_devkit/install/slam_toolbox/share/slam_toolbox/launch/online_sync_launch.py
[82.984s] -- Up-to-date: /home/autodrive_devkit/install/slam_toolbox/share/slam_toolbox/launch/localization_launch.py
[82.985s] -- Up-to-date: /home/autodrive_devkit/install/slam_toolbox/share/slam_toolbox/launch/merge_maps_kinematic_launch.py
[82.986s] -- Up-to-date: /home/autodrive_devkit/install/slam_toolbox/share/slam_toolbox/config
[82.986s] -- Up-to-date: /home/autodrive_devkit/install/slam_toolbox/share/slam_toolbox/config/mapper_params_online_sync.yaml
[82.987s] -- Up-to-date: /home/autodrive_devkit/install/slam_toolbox/share/slam_toolbox/config/slam_toolbox_default.rviz
[82.988s] -- Up-to-date: /home/autodrive_devkit/install/slam_toolbox/share/slam_toolbox/config/mapper_params_offline.yaml
[82.988s] -- Up-to-date: /home/autodrive_devkit/install/slam_toolbox/share/slam_toolbox/config/mapper_params_localization.yaml
[82.989s] -- Up-to-date: /home/autodrive_devkit/install/slam_toolbox/share/slam_toolbox/config/mapper_params_lifelong.yaml
[82.990s] -- Up-to-date: /home/autodrive_devkit/install/slam_toolbox/share/slam_toolbox/config/mapper_params_online_async.yaml
[82.990s] -- Up-to-date: /home/autodrive_devkit/install/slam_toolbox/share/solver_plugins.xml
[82.991s] -- Up-to-date: /home/autodrive_devkit/install/slam_toolbox/share/rviz_plugins.xml
[82.992s] -- Up-to-date: /home/autodrive_devkit/install/slam_toolbox/share/ament_index/resource_index/package_run_dependencies/slam_toolbox
[82.993s] -- Installing: /home/autodrive_devkit/install/slam_toolbox/share/ament_index/resource_index/parent_prefix_path/slam_toolbox
[82.993s] -- Up-to-date: /home/autodrive_devkit/install/slam_toolbox/share/slam_toolbox/environment/ament_prefix_path.sh
[82.994s] -- Installing: /home/autodrive_devkit/install/slam_toolbox/share/slam_toolbox/environment/ament_prefix_path.dsv
[82.994s] -- Up-to-date: /home/autodrive_devkit/install/slam_toolbox/share/slam_toolbox/environment/path.sh
[82.995s] -- Installing: /home/autodrive_devkit/install/slam_toolbox/share/slam_toolbox/environment/path.dsv
[82.995s] -- Up-to-date: /home/autodrive_devkit/install/slam_toolbox/share/slam_toolbox/local_setup.bash
[82.996s] -- Up-to-date: /home/autodrive_devkit/install/slam_toolbox/share/slam_toolbox/local_setup.sh
[82.996s] -- Up-to-date: /home/autodrive_devkit/install/slam_toolbox/share/slam_toolbox/local_setup.zsh
[82.997s] -- Installing: /home/autodrive_devkit/install/slam_toolbox/share/slam_toolbox/local_setup.dsv
[82.998s] -- Installing: /home/autodrive_devkit/install/slam_toolbox/share/slam_toolbox/package.dsv
[82.998s] -- Up-to-date: /home/autodrive_devkit/install/slam_toolbox/share/ament_index/resource_index/packages/slam_toolbox
[82.998s] -- Up-to-date: /home/autodrive_devkit/install/slam_toolbox/share/ament_index/resource_index/rviz_common__pluginlib__plugin/slam_toolbox
[83.000s] -- Up-to-date: /home/autodrive_devkit/install/slam_toolbox/share/ament_index/resource_index/slam_toolbox__pluginlib__plugin/slam_toolbox
[83.001s] -- Up-to-date: /home/autodrive_devkit/install/slam_toolbox/share/slam_toolbox/cmake/export_slam_toolbox__rosidl_generator_cExport.cmake
[83.002s] -- Up-to-date: /home/autodrive_devkit/install/slam_toolbox/share/slam_toolbox/cmake/export_slam_toolbox__rosidl_generator_cExport-release.cmake
[83.003s] -- Up-to-date: /home/autodrive_devkit/install/slam_toolbox/share/slam_toolbox/cmake/export_slam_toolbox__rosidl_typesupport_fastrtps_cExport.cmake
[83.003s] -- Up-to-date: /home/autodrive_devkit/install/slam_toolbox/share/slam_toolbox/cmake/export_slam_toolbox__rosidl_typesupport_fastrtps_cExport-release.cmake
[83.004s] -- Up-to-date: /home/autodrive_devkit/install/slam_toolbox/share/slam_toolbox/cmake/export_slam_toolbox__rosidl_generator_cppExport.cmake
[83.005s] -- Up-to-date: /home/autodrive_devkit/install/slam_toolbox/share/slam_toolbox/cmake/export_slam_toolbox__rosidl_typesupport_fastrtps_cppExport.cmake
[83.006s] -- Up-to-date: /home/autodrive_devkit/install/slam_toolbox/share/slam_toolbox/cmake/export_slam_toolbox__rosidl_typesupport_fastrtps_cppExport-release.cmake
[83.007s] -- Up-to-date: /home/autodrive_devkit/install/slam_toolbox/share/slam_toolbox/cmake/slam_toolbox__rosidl_typesupport_introspection_cExport.cmake
[83.008s] -- Up-to-date: /home/autodrive_devkit/install/slam_toolbox/share/slam_toolbox/cmake/slam_toolbox__rosidl_typesupport_introspection_cExport-release.cmake
[83.009s] -- Up-to-date: /home/autodrive_devkit/install/slam_toolbox/share/slam_toolbox/cmake/slam_toolbox__rosidl_typesupport_cExport.cmake
[83.010s] -- Up-to-date: /home/autodrive_devkit/install/slam_toolbox/share/slam_toolbox/cmake/slam_toolbox__rosidl_typesupport_cExport-release.cmake
[83.011s] -- Up-to-date: /home/autodrive_devkit/install/slam_toolbox/share/slam_toolbox/cmake/slam_toolbox__rosidl_typesupport_introspection_cppExport.cmake
[83.011s] -- Up-to-date: /home/autodrive_devkit/install/slam_toolbox/share/slam_toolbox/cmake/slam_toolbox__rosidl_typesupport_introspection_cppExport-release.cmake
[83.012s] -- Up-to-date: /home/autodrive_devkit/install/slam_toolbox/share/slam_toolbox/cmake/slam_toolbox__rosidl_typesupport_cppExport.cmake
[83.013s] -- Up-to-date: /home/autodrive_devkit/install/slam_toolbox/share/slam_toolbox/cmake/slam_toolbox__rosidl_typesupport_cppExport-release.cmake
[83.014s] -- Up-to-date: /home/autodrive_devkit/install/slam_toolbox/share/slam_toolbox/cmake/export_slam_toolbox__rosidl_generator_pyExport.cmake
[83.015s] -- Up-to-date: /home/autodrive_devkit/install/slam_toolbox/share/slam_toolbox/cmake/export_slam_toolbox__rosidl_generator_pyExport-release.cmake
[83.016s] -- Up-to-date: /home/autodrive_devkit/install/slam_toolbox/share/slam_toolbox/cmake/SlamToolboxPluginExport.cmake
[83.017s] -- Up-to-date: /home/autodrive_devkit/install/slam_toolbox/share/slam_toolbox/cmake/SlamToolboxPluginExport-release.cmake
[83.018s] -- Up-to-date: /home/autodrive_devkit/install/slam_toolbox/share/ament_index/resource_index/rclcpp_components/slam_toolbox
[83.019s] -- Up-to-date: /home/autodrive_devkit/install/slam_toolbox/share/slam_toolbox/cmake/rosidl_cmake-extras.cmake
[83.020s] -- Up-to-date: /home/autodrive_devkit/install/slam_toolbox/share/slam_toolbox/cmake/ament_cmake_export_dependencies-extras.cmake
[83.021s] -- Up-to-date: /home/autodrive_devkit/install/slam_toolbox/share/slam_toolbox/cmake/ament_cmake_export_include_directories-extras.cmake
[83.022s] -- Up-to-date: /home/autodrive_devkit/install/slam_toolbox/share/slam_toolbox/cmake/ament_cmake_export_libraries-extras.cmake
[83.022s] -- Up-to-date: /home/autodrive_devkit/install/slam_toolbox/share/slam_toolbox/cmake/ament_cmake_export_targets-extras.cmake
[83.023s] -- Up-to-date: /home/autodrive_devkit/install/slam_toolbox/share/slam_toolbox/cmake/rosidl_cmake_export_typesupport_targets-extras.cmake
[83.024s] -- Up-to-date: /home/autodrive_devkit/install/slam_toolbox/share/slam_toolbox/cmake/rosidl_cmake_export_typesupport_libraries-extras.cmake
[83.025s] -- Up-to-date: /home/autodrive_devkit/install/slam_toolbox/share/slam_toolbox/cmake/slam_toolboxConfig.cmake
[83.025s] -- Up-to-date: /home/autodrive_devkit/install/slam_toolbox/share/slam_toolbox/cmake/slam_toolboxConfig-version.cmake
[83.026s] -- Up-to-date: /home/autodrive_devkit/install/slam_toolbox/share/slam_toolbox/package.xml
[83.027s] -- Up-to-date: /home/autodrive_devkit/install/slam_toolbox/include/
[83.027s] -- Up-to-date: /home/autodrive_devkit/install/slam_toolbox/include//karto_sdk
[83.028s] -- Up-to-date: /home/autodrive_devkit/install/slam_toolbox/include//karto_sdk/Types.h
[83.028s] -- Up-to-date: /home/autodrive_devkit/install/slam_toolbox/include//karto_sdk/Mapper.h
[83.029s] -- Up-to-date: /home/autodrive_devkit/install/slam_toolbox/include//karto_sdk/nanoflann.hpp
[83.030s] -- Up-to-date: /home/autodrive_devkit/install/slam_toolbox/include//karto_sdk/nanoflann_adaptors.h
[83.031s] -- Up-to-date: /home/autodrive_devkit/install/slam_toolbox/include//karto_sdk/Math.h
[83.031s] -- Up-to-date: /home/autodrive_devkit/install/slam_toolbox/include//karto_sdk/Karto.h
[83.033s] -- Up-to-date: /home/autodrive_devkit/install/slam_toolbox/include//karto_sdk/Macros.h
[83.038s] Invoked command in '/home/autodrive_devkit/build/slam_toolbox' returned '0': CMAKE_PREFIX_PATH=${CMAKE_PREFIX_PATH}:/home/autodrive_devkit/install/nav2_simple_commander:/home/autodrive_devkit/install/nav2_loopback_sim:/home/autodrive_devkit/install/f1tenth_stanley_controller:/home/autodrive_devkit/install/autodrive_f1tenth:/opt/ros/humble /usr/bin/cmake --install /home/autodrive_devkit/build/slam_toolbox
