[0.022s] Invoking command in '/home/autodrive_devkit/build/nav2_common': CMAKE_PREFIX_PATH=${CMAKE_PREFIX_PATH}:/home/autodrive_devkit/install/f1tenth_stanley_controller:/home/autodrive_devkit/install/autodrive_f1tenth:/opt/ros/humble /usr/bin/cmake --build /home/autodrive_devkit/build/nav2_common -- -j16 -l16
[0.312s] Built target ament_cmake_python_copy_nav2_common
[0.312s] running egg_info
[0.313s] writing nav2_common.egg-info/PKG-INFO
[0.314s] writing dependency_links to nav2_common.egg-info/dependency_links.txt
[0.314s] writing top-level names to nav2_common.egg-info/top_level.txt
[0.314s] reading manifest file 'nav2_common.egg-info/SOURCES.txt'
[0.314s] writing manifest file 'nav2_common.egg-info/SOURCES.txt'
[0.314s] Built target ament_cmake_python_build_nav2_common_egg
[0.458s] Invoked command in '/home/autodrive_devkit/build/nav2_common' returned '0': CMAKE_PREFIX_PATH=${CMAKE_PREFIX_PATH}:/home/autodrive_devkit/install/f1tenth_stanley_controller:/home/autodrive_devkit/install/autodrive_f1tenth:/opt/ros/humble /usr/bin/cmake --build /home/autodrive_devkit/build/nav2_common -- -j16 -l16
[0.491s] Invoking command in '/home/autodrive_devkit/build/nav2_common': CMAKE_PREFIX_PATH=${CMAKE_PREFIX_PATH}:/home/autodrive_devkit/install/f1tenth_stanley_controller:/home/autodrive_devkit/install/autodrive_f1tenth:/opt/ros/humble /usr/bin/cmake --install /home/autodrive_devkit/build/nav2_common
[0.495s] -- Install configuration: ""
[0.495s] -- Up-to-date: /home/autodrive_devkit/install/nav2_common/share/nav2_common/environment/pythonpath.sh
[0.495s] -- Up-to-date: /home/autodrive_devkit/install/nav2_common/share/nav2_common/environment/pythonpath.dsv
[0.495s] -- Up-to-date: /home/autodrive_devkit/install/nav2_common/local/lib/python3.10/dist-packages/nav2_common-1.3.1-py3.10.egg-info
[0.495s] -- Installing: /home/autodrive_devkit/install/nav2_common/local/lib/python3.10/dist-packages/nav2_common-1.3.1-py3.10.egg-info/SOURCES.txt
[0.495s] -- Installing: /home/autodrive_devkit/install/nav2_common/local/lib/python3.10/dist-packages/nav2_common-1.3.1-py3.10.egg-info/PKG-INFO
[0.495s] -- Installing: /home/autodrive_devkit/install/nav2_common/local/lib/python3.10/dist-packages/nav2_common-1.3.1-py3.10.egg-info/dependency_links.txt
[0.495s] -- Installing: /home/autodrive_devkit/install/nav2_common/local/lib/python3.10/dist-packages/nav2_common-1.3.1-py3.10.egg-info/top_level.txt
[0.495s] -- Up-to-date: /home/autodrive_devkit/install/nav2_common/local/lib/python3.10/dist-packages/nav2_common
[0.495s] -- Up-to-date: /home/autodrive_devkit/install/nav2_common/local/lib/python3.10/dist-packages/nav2_common/__init__.py
[0.495s] -- Up-to-date: /home/autodrive_devkit/install/nav2_common/local/lib/python3.10/dist-packages/nav2_common/launch
[0.495s] -- Up-to-date: /home/autodrive_devkit/install/nav2_common/local/lib/python3.10/dist-packages/nav2_common/launch/replace_string.py
[0.496s] -- Up-to-date: /home/autodrive_devkit/install/nav2_common/local/lib/python3.10/dist-packages/nav2_common/launch/__init__.py
[0.496s] -- Up-to-date: /home/autodrive_devkit/install/nav2_common/local/lib/python3.10/dist-packages/nav2_common/launch/has_node_params.py
[0.496s] -- Up-to-date: /home/autodrive_devkit/install/nav2_common/local/lib/python3.10/dist-packages/nav2_common/launch/rewritten_yaml.py
[0.515s] Listing '/home/autodrive_devkit/install/nav2_common/local/lib/python3.10/dist-packages/nav2_common'...
[0.515s] Listing '/home/autodrive_devkit/install/nav2_common/local/lib/python3.10/dist-packages/nav2_common/launch'...
[0.518s] -- Up-to-date: /home/autodrive_devkit/install/nav2_common/share/ament_index/resource_index/package_run_dependencies/nav2_common
[0.518s] -- Up-to-date: /home/autodrive_devkit/install/nav2_common/share/ament_index/resource_index/parent_prefix_path/nav2_common
[0.518s] -- Up-to-date: /home/autodrive_devkit/install/nav2_common/share/nav2_common/environment/ament_prefix_path.sh
[0.518s] -- Up-to-date: /home/autodrive_devkit/install/nav2_common/share/nav2_common/environment/ament_prefix_path.dsv
[0.519s] -- Up-to-date: /home/autodrive_devkit/install/nav2_common/share/nav2_common/environment/path.sh
[0.519s] -- Up-to-date: /home/autodrive_devkit/install/nav2_common/share/nav2_common/environment/path.dsv
[0.519s] -- Up-to-date: /home/autodrive_devkit/install/nav2_common/share/nav2_common/local_setup.bash
[0.519s] -- Up-to-date: /home/autodrive_devkit/install/nav2_common/share/nav2_common/local_setup.sh
[0.519s] -- Up-to-date: /home/autodrive_devkit/install/nav2_common/share/nav2_common/local_setup.zsh
[0.519s] -- Up-to-date: /home/autodrive_devkit/install/nav2_common/share/nav2_common/local_setup.dsv
[0.519s] -- Installing: /home/autodrive_devkit/install/nav2_common/share/nav2_common/package.dsv
[0.519s] -- Up-to-date: /home/autodrive_devkit/install/nav2_common/share/ament_index/resource_index/packages/nav2_common
[0.520s] -- Up-to-date: /home/autodrive_devkit/install/nav2_common/share/nav2_common/cmake/nav2_common-extras.cmake
[0.520s] -- Up-to-date: /home/autodrive_devkit/install/nav2_common/share/nav2_common/cmake/nav2_commonConfig.cmake
[0.520s] -- Up-to-date: /home/autodrive_devkit/install/nav2_common/share/nav2_common/cmake/nav2_commonConfig-version.cmake
[0.520s] -- Up-to-date: /home/autodrive_devkit/install/nav2_common/share/nav2_common/package.xml
[0.520s] -- Up-to-date: /home/autodrive_devkit/install/nav2_common/share/nav2_common/cmake
[0.520s] -- Up-to-date: /home/autodrive_devkit/install/nav2_common/share/nav2_common/cmake/nav2_package.cmake
[0.523s] Invoked command in '/home/autodrive_devkit/build/nav2_common' returned '0': CMAKE_PREFIX_PATH=${CMAKE_PREFIX_PATH}:/home/autodrive_devkit/install/f1tenth_stanley_controller:/home/autodrive_devkit/install/autodrive_f1tenth:/opt/ros/humble /usr/bin/cmake --install /home/autodrive_devkit/build/nav2_common
