[0.560s] Invoking command in '/home/autodrive_devkit/build/autodrive_f1tenth': PYTHONPATH=/home/autodrive_devkit/build/autodrive_f1tenth/prefix_override:/usr/lib/python3/dist-packages/colcon_core/task/python/colcon_distutils_commands:/home/autodrive_devkit/install/autodrive_f1tenth/lib/python3.10/site-packages:${PYTHONPATH} /usr/bin/python3 -W ignore:setup.py install is deprecated setup.py develop --uninstall --editable --build-directory /home/autodrive_devkit/build/autodrive_f1tenth/build
[0.717s] running develop
[0.717s] /usr/lib/python3/dist-packages/setuptools/command/easy_install.py:158: EasyInstallDeprecationWarning: easy_install command is deprecated. Use build and pip and other standards-based tools.
[0.717s]   warnings.warn(
[0.799s] Removing /home/autodrive_devkit/install/autodrive_f1tenth/lib/python3.10/site-packages/autodrive-f1tenth.egg-link (link to .)
[0.825s] Invoked command in '/home/autodrive_devkit/build/autodrive_f1tenth' returned '0': PYTHONPATH=/home/autodrive_devkit/build/autodrive_f1tenth/prefix_override:/usr/lib/python3/dist-packages/colcon_core/task/python/colcon_distutils_commands:/home/autodrive_devkit/install/autodrive_f1tenth/lib/python3.10/site-packages:${PYTHONPATH} /usr/bin/python3 -W ignore:setup.py install is deprecated setup.py develop --uninstall --editable --build-directory /home/autodrive_devkit/build/autodrive_f1tenth/build
[0.826s] Invoking command in '/home/autodrive_devkit/src/autodrive_devkit': PYTHONPATH=/home/autodrive_devkit/build/autodrive_f1tenth/prefix_override:/usr/lib/python3/dist-packages/colcon_core/task/python/colcon_distutils_commands:/home/autodrive_devkit/install/autodrive_f1tenth/lib/python3.10/site-packages:${PYTHONPATH} /usr/bin/python3 -W ignore:setup.py install is deprecated setup.py egg_info --egg-base ../../build/autodrive_f1tenth build --build-base /home/autodrive_devkit/build/autodrive_f1tenth/build install --record /home/autodrive_devkit/build/autodrive_f1tenth/install.log --single-version-externally-managed install_data --force
[0.981s] running egg_info
[0.981s] writing ../../build/autodrive_f1tenth/autodrive_f1tenth.egg-info/PKG-INFO
[0.981s] writing dependency_links to ../../build/autodrive_f1tenth/autodrive_f1tenth.egg-info/dependency_links.txt
[0.981s] writing entry points to ../../build/autodrive_f1tenth/autodrive_f1tenth.egg-info/entry_points.txt
[0.981s] writing requirements to ../../build/autodrive_f1tenth/autodrive_f1tenth.egg-info/requires.txt
[0.981s] writing top-level names to ../../build/autodrive_f1tenth/autodrive_f1tenth.egg-info/top_level.txt
[0.983s] reading manifest file '../../build/autodrive_f1tenth/autodrive_f1tenth.egg-info/SOURCES.txt'
[0.983s] writing manifest file '../../build/autodrive_f1tenth/autodrive_f1tenth.egg-info/SOURCES.txt'
[0.983s] running build
[0.983s] running build_py
[0.984s] running install
[0.984s] running install_lib
[0.984s] creating /home/autodrive_devkit/install/autodrive_f1tenth/lib/python3.10/site-packages/autodrive_f1tenth
[0.984s] copying /home/autodrive_devkit/build/autodrive_f1tenth/build/lib/autodrive_f1tenth/config.py -> /home/autodrive_devkit/install/autodrive_f1tenth/lib/python3.10/site-packages/autodrive_f1tenth
[0.984s] copying /home/autodrive_devkit/build/autodrive_f1tenth/build/lib/autodrive_f1tenth/__init__.py -> /home/autodrive_devkit/install/autodrive_f1tenth/lib/python3.10/site-packages/autodrive_f1tenth
[0.984s] copying /home/autodrive_devkit/build/autodrive_f1tenth/build/lib/autodrive_f1tenth/teleop_keyboard.py -> /home/autodrive_devkit/install/autodrive_f1tenth/lib/python3.10/site-packages/autodrive_f1tenth
[0.984s] copying /home/autodrive_devkit/build/autodrive_f1tenth/build/lib/autodrive_f1tenth/autodrive_bridge.py -> /home/autodrive_devkit/install/autodrive_f1tenth/lib/python3.10/site-packages/autodrive_f1tenth
[0.985s] byte-compiling /home/autodrive_devkit/install/autodrive_f1tenth/lib/python3.10/site-packages/autodrive_f1tenth/config.py to config.cpython-310.pyc
[0.985s] byte-compiling /home/autodrive_devkit/install/autodrive_f1tenth/lib/python3.10/site-packages/autodrive_f1tenth/__init__.py to __init__.cpython-310.pyc
[0.985s] byte-compiling /home/autodrive_devkit/install/autodrive_f1tenth/lib/python3.10/site-packages/autodrive_f1tenth/teleop_keyboard.py to teleop_keyboard.cpython-310.pyc
[0.986s] byte-compiling /home/autodrive_devkit/install/autodrive_f1tenth/lib/python3.10/site-packages/autodrive_f1tenth/autodrive_bridge.py to autodrive_bridge.cpython-310.pyc
[0.988s] running install_data
[0.988s] copying resource/autodrive_f1tenth -> /home/autodrive_devkit/install/autodrive_f1tenth/share/ament_index/resource_index/packages
[0.988s] copying package.xml -> /home/autodrive_devkit/install/autodrive_f1tenth/share/autodrive_f1tenth
[0.988s] copying launch/simulator_bringup_rviz.launch.py -> /home/autodrive_devkit/install/autodrive_f1tenth/share/autodrive_f1tenth/launch
[0.988s] copying launch/simulator_bringup_headless.launch.py -> /home/autodrive_devkit/install/autodrive_f1tenth/share/autodrive_f1tenth/launch
[0.988s] copying rviz/simulator.rviz -> /home/autodrive_devkit/install/autodrive_f1tenth/share/autodrive_f1tenth/rviz
[0.988s] running install_egg_info
[0.990s] Copying ../../build/autodrive_f1tenth/autodrive_f1tenth.egg-info to /home/autodrive_devkit/install/autodrive_f1tenth/lib/python3.10/site-packages/autodrive_f1tenth-0.1.0-py3.10.egg-info
[0.991s] running install_scripts
[1.008s] Installing autodrive_bridge script to /home/autodrive_devkit/install/autodrive_f1tenth/lib/autodrive_f1tenth
[1.008s] Installing teleop_keyboard script to /home/autodrive_devkit/install/autodrive_f1tenth/lib/autodrive_f1tenth
[1.008s] writing list of installed files to '/home/autodrive_devkit/build/autodrive_f1tenth/install.log'
[1.029s] Invoked command in '/home/autodrive_devkit/src/autodrive_devkit' returned '0': PYTHONPATH=/home/autodrive_devkit/build/autodrive_f1tenth/prefix_override:/usr/lib/python3/dist-packages/colcon_core/task/python/colcon_distutils_commands:/home/autodrive_devkit/install/autodrive_f1tenth/lib/python3.10/site-packages:${PYTHONPATH} /usr/bin/python3 -W ignore:setup.py install is deprecated setup.py egg_info --egg-base ../../build/autodrive_f1tenth build --build-base /home/autodrive_devkit/build/autodrive_f1tenth/build install --record /home/autodrive_devkit/build/autodrive_f1tenth/install.log --single-version-externally-managed install_data --force
