[0.023s] Invoking command in '/home/autodrive_devkit/src/build/geographic_msgs': /usr/bin/cmake /home/autodrive_devkit/src/geographic_info/geographic_msgs -DCATKIN_INSTALL_INTO_PREFIX_ROOT=0 -DCMAKE_INSTALL_PREFIX=/home/autodrive_devkit/src/install/geographic_msgs
[0.313s] -- The C compiler identification is GNU 11.4.0
[0.314s] -- The CXX compiler identification is GNU 11.4.0
[0.314s] -- Detecting C compiler ABI info
[0.314s] -- Detecting C compiler ABI info - done
[0.314s] -- Check for working C compiler: /usr/bin/cc - skipped
[0.315s] -- Detecting C compile features
[0.315s] -- Detecting C compile features - done
[0.315s] -- Detecting CXX compiler ABI info
[0.315s] -- Detecting CXX compiler ABI info - done
[0.315s] -- Check for working CXX compiler: /usr/bin/c++ - skipped
[0.315s] -- Detecting CXX compile features
[0.315s] -- Detecting CXX compile features - done
[0.315s] -- Configuring incomplete, errors occurred!
[0.316s] See also "/home/autodrive_devkit/src/build/geographic_msgs/CMakeFiles/CMakeOutput.log".
[0.316s] [31mCMake Error at CMakeLists.txt:4 (find_package):
[0.316s]   By not providing "Findcatkin.cmake" in CMAKE_MODULE_PATH this project has
[0.316s]   asked CMake to find a package configuration file provided by "catkin", but
[0.316s]   CMake did not find one.
[0.316s] 
[0.316s]   Could not find a package configuration file provided by "catkin" with any
[0.316s]   of the following names:
[0.316s] 
[0.316s]     catkinConfig.cmake
[0.316s]     catkin-config.cmake
[0.316s] 
[0.316s]   Add the installation prefix of "catkin" to CMAKE_PREFIX_PATH or set
[0.316s]   "catkin_DIR" to a directory containing one of the above files.  If "catkin"
[0.316s]   provides a separate development package or SDK, be sure it has been
[0.316s]   installed.
[0.316s] 
[0.316s] [0m
[0.448s] Invoked command in '/home/autodrive_devkit/src/build/geographic_msgs' returned '1': /usr/bin/cmake /home/autodrive_devkit/src/geographic_info/geographic_msgs -DCATKIN_INSTALL_INTO_PREFIX_ROOT=0 -DCMAKE_INSTALL_PREFIX=/home/autodrive_devkit/src/install/geographic_msgs
