[0.599s] Invoking command in '/home/autodrive_devkit/build/f1tenth_stanley_controller': PYTHONPATH=/home/autodrive_devkit/build/f1tenth_stanley_controller/prefix_override:/usr/lib/python3/dist-packages/colcon_core/task/python/colcon_distutils_commands:/home/autodrive_devkit/install/f1tenth_stanley_controller/lib/python3.10/site-packages:${PYTHONPATH} /usr/bin/python3 -W ignore:setup.py install is deprecated setup.py develop --editable --build-directory /home/autodrive_devkit/build/f1tenth_stanley_controller/build --no-deps symlink_data
[0.744s] /usr/lib/python3/dist-packages/setuptools/dist.py:723: UserWarning: Usage of dash-separated 'script-dir' will not be supported in future versions. Please use the underscore name 'script_dir' instead
[0.744s]   warnings.warn(
[0.765s] running develop
[0.765s] /usr/lib/python3/dist-packages/setuptools/command/easy_install.py:158: EasyInstallDeprecationWarning: easy_install command is deprecated. Use build and pip and other standards-based tools.
[0.765s]   warnings.warn(
[0.855s] running egg_info
[0.855s] writing f1tenth_stanley_controller.egg-info/PKG-INFO
[0.855s] writing dependency_links to f1tenth_stanley_controller.egg-info/dependency_links.txt
[0.855s] writing entry points to f1tenth_stanley_controller.egg-info/entry_points.txt
[0.856s] writing requirements to f1tenth_stanley_controller.egg-info/requires.txt
[0.856s] writing top-level names to f1tenth_stanley_controller.egg-info/top_level.txt
[0.857s] reading manifest file 'f1tenth_stanley_controller.egg-info/SOURCES.txt'
[0.858s] writing manifest file 'f1tenth_stanley_controller.egg-info/SOURCES.txt'
[0.859s] running build_ext
[0.859s] Creating /home/autodrive_devkit/install/f1tenth_stanley_controller/lib/python3.10/site-packages/f1tenth-stanley-controller.egg-link (link to .)
[0.860s] Installing controller_node script to /home/autodrive_devkit/install/f1tenth_stanley_controller/lib/f1tenth_stanley_controller
[0.860s] Installing fake_tf_node script to /home/autodrive_devkit/install/f1tenth_stanley_controller/lib/f1tenth_stanley_controller
[0.860s] 
[0.860s] Installed /home/autodrive_devkit/build/f1tenth_stanley_controller
[0.860s] running symlink_data
