Determining if the function sgemm_ exists failed with the following output:
Change Dir: /home/autodrive_devkit/src/build/slam_toolbox/CMakeFiles/CMakeTmp

Run Build Command(s):/usr/bin/gmake -f Makefile cmTC_18220/fast && /usr/bin/gmake  -f CMakeFiles/cmTC_18220.dir/build.make CMakeFiles/cmTC_18220.dir/build
gmake[1]: Entering directory '/home/autodrive_devkit/src/build/slam_toolbox/CMakeFiles/CMakeTmp'
Building C object CMakeFiles/cmTC_18220.dir/CheckFunctionExists.c.o
/usr/bin/cc   -DCHECK_FUNCTION_EXISTS=sgemm_ -o CMakeFiles/cmTC_18220.dir/CheckFunctionExists.c.o -c /usr/share/cmake-3.22/Modules/CheckFunctionExists.c
Linking C executable cmTC_18220
/usr/bin/cmake -E cmake_link_script CMakeFiles/cmTC_18220.dir/link.txt --verbose=1
/usr/bin/cc  -DCHECK_FUNCTION_EXISTS=sgemm_ CMakeFiles/cmTC_18220.dir/CheckFunctionExists.c.o -o cmTC_18220 
/usr/bin/ld: CMakeFiles/cmTC_18220.dir/CheckFunctionExists.c.o: in function `main':
CheckFunctionExists.c:(.text+0x14): undefined reference to `sgemm_'
collect2: error: ld returned 1 exit status
gmake[1]: *** [CMakeFiles/cmTC_18220.dir/build.make:99: cmTC_18220] Error 1
gmake[1]: Leaving directory '/home/autodrive_devkit/src/build/slam_toolbox/CMakeFiles/CMakeTmp'
gmake: *** [Makefile:127: cmTC_18220/fast] Error 2



Determining if the function cheev_ exists failed with the following output:
Change Dir: /home/autodrive_devkit/src/build/slam_toolbox/CMakeFiles/CMakeTmp

Run Build Command(s):/usr/bin/gmake -f Makefile cmTC_6b36d/fast && /usr/bin/gmake  -f CMakeFiles/cmTC_6b36d.dir/build.make CMakeFiles/cmTC_6b36d.dir/build
gmake[1]: Entering directory '/home/autodrive_devkit/src/build/slam_toolbox/CMakeFiles/CMakeTmp'
Building C object CMakeFiles/cmTC_6b36d.dir/CheckFunctionExists.c.o
/usr/bin/cc   -DCHECK_FUNCTION_EXISTS=cheev_ -o CMakeFiles/cmTC_6b36d.dir/CheckFunctionExists.c.o -c /usr/share/cmake-3.22/Modules/CheckFunctionExists.c
Linking C executable cmTC_6b36d
/usr/bin/cmake -E cmake_link_script CMakeFiles/cmTC_6b36d.dir/link.txt --verbose=1
/usr/bin/cc  -DCHECK_FUNCTION_EXISTS=cheev_ CMakeFiles/cmTC_6b36d.dir/CheckFunctionExists.c.o -o cmTC_6b36d  /usr/lib/x86_64-linux-gnu/libblas.so -lm -ldl 
/usr/bin/ld: CMakeFiles/cmTC_6b36d.dir/CheckFunctionExists.c.o: in function `main':
CheckFunctionExists.c:(.text+0x14): undefined reference to `cheev_'
collect2: error: ld returned 1 exit status
gmake[1]: *** [CMakeFiles/cmTC_6b36d.dir/build.make:100: cmTC_6b36d] Error 1
gmake[1]: Leaving directory '/home/autodrive_devkit/src/build/slam_toolbox/CMakeFiles/CMakeTmp'
gmake: *** [Makefile:127: cmTC_6b36d/fast] Error 2



Determining if the function cheev_ exists failed with the following output:
Change Dir: /home/autodrive_devkit/src/build/slam_toolbox/CMakeFiles/CMakeTmp

Run Build Command(s):/usr/bin/gmake -f Makefile cmTC_cc732/fast && /usr/bin/gmake  -f CMakeFiles/cmTC_cc732.dir/build.make CMakeFiles/cmTC_cc732.dir/build
gmake[1]: Entering directory '/home/autodrive_devkit/src/build/slam_toolbox/CMakeFiles/CMakeTmp'
Building C object CMakeFiles/cmTC_cc732.dir/CheckFunctionExists.c.o
/usr/bin/cc   -DCHECK_FUNCTION_EXISTS=cheev_ -o CMakeFiles/cmTC_cc732.dir/CheckFunctionExists.c.o -c /usr/share/cmake-3.22/Modules/CheckFunctionExists.c
Linking C executable cmTC_cc732
/usr/bin/cmake -E cmake_link_script CMakeFiles/cmTC_cc732.dir/link.txt --verbose=1
/usr/bin/cc  -DCHECK_FUNCTION_EXISTS=cheev_ CMakeFiles/cmTC_cc732.dir/CheckFunctionExists.c.o -o cmTC_cc732  /usr/lib/x86_64-linux-gnu/liblapack.so /usr/lib/x86_64-linux-gnu/libblas.so -fortranlibs 
cc: error: unrecognized command-line option ‘-fortranlibs’
gmake[1]: *** [CMakeFiles/cmTC_cc732.dir/build.make:101: cmTC_cc732] Error 1
gmake[1]: Leaving directory '/home/autodrive_devkit/src/build/slam_toolbox/CMakeFiles/CMakeTmp'
gmake: *** [Makefile:127: cmTC_cc732/fast] Error 2



