[0.320s] Invoking command in '/home/autodrive_devkit/build/slam_toolbox': CMAKE_PREFIX_PATH=${CMAKE_PREFIX_PATH}:/home/autodrive_devkit/install/nav2_simple_commander:/home/autodrive_devkit/install/nav2_loopback_sim:/home/autodrive_devkit/install/f1tenth_stanley_controller:/home/autodrive_devkit/install/autodrive_f1tenth:/opt/ros/humble /usr/bin/cmake /home/autodrive_devkit/src/slam_toolbox -DAMENT_CMAKE_SYMLINK_INSTALL=1 -DCMAKE_INSTALL_PREFIX=/home/autodrive_devkit/install/slam_toolbox
[0.411s] -- The C compiler identification is GNU 11.4.0
[0.492s] -- The CXX compiler identification is GNU 11.4.0
[0.501s] -- Detecting C compiler ABI info
[0.564s] -- Detecting C compiler ABI info - done
[0.576s] -- Check for working C compiler: /usr/bin/cc - skipped
[0.576s] -- Detecting C compile features
[0.577s] -- Detecting C compile features - done
[0.579s] -- Detecting CXX compiler ABI info
[0.663s] -- Detecting CXX compiler ABI info - done
[0.669s] -- Check for working CXX compiler: /usr/bin/c++ - skipped
[0.669s] -- Detecting CXX compile features
[0.669s] -- Detecting CXX compile features - done
[0.675s] -- Found ament_cmake: 1.3.10 (/opt/ros/humble/share/ament_cmake/cmake)
[0.814s] -- Found Python3: /usr/bin/python3 (found version "3.10.12") found components: Interpreter 
[0.865s] -- Override CMake install command with custom implementation using symlinks instead of copying resources
[0.900s] -- Found message_filters: 4.3.5 (/opt/ros/humble/share/message_filters/cmake)
[0.944s] -- Found rosidl_generator_c: 3.1.5 (/opt/ros/humble/share/rosidl_generator_c/cmake)
[0.949s] -- Found rosidl_adapter: 3.1.5 (/opt/ros/humble/share/rosidl_adapter/cmake)
[0.958s] -- Found rosidl_generator_cpp: 3.1.5 (/opt/ros/humble/share/rosidl_generator_cpp/cmake)
[0.969s] -- Using all available rosidl_typesupport_c: rosidl_typesupport_fastrtps_c;rosidl_typesupport_introspection_c
[0.983s] -- Using all available rosidl_typesupport_cpp: rosidl_typesupport_fastrtps_cpp;rosidl_typesupport_introspection_cpp
[1.026s] -- Found rmw_implementation_cmake: 6.1.2 (/opt/ros/humble/share/rmw_implementation_cmake/cmake)
[1.029s] -- Found rmw_fastrtps_cpp: 6.2.7 (/opt/ros/humble/share/rmw_fastrtps_cpp/cmake)
[1.129s] -- Found OpenSSL: /usr/lib/x86_64-linux-gnu/libcrypto.so (found version "3.0.2")  
[1.156s] -- Found FastRTPS: /opt/ros/humble/include  
[1.199s] -- Using RMW implementation 'rmw_fastrtps_cpp' as default
[1.210s] -- Looking for pthread.h
[1.292s] -- Looking for pthread.h - found
[1.292s] -- Performing Test CMAKE_HAVE_LIBC_PTHREAD
[1.375s] -- Performing Test CMAKE_HAVE_LIBC_PTHREAD - Success
[1.377s] -- Found Threads: TRUE  
[1.423s] -- Found nav_msgs: 4.8.0 (/opt/ros/humble/share/nav_msgs/cmake)
[1.450s] -- Found sensor_msgs: 4.2.4 (/opt/ros/humble/share/sensor_msgs/cmake)
[1.467s] -- Found tf2: 0.25.7 (/opt/ros/humble/share/tf2/cmake)
[1.480s] -- Found tf2_ros: 0.25.7 (/opt/ros/humble/share/tf2_ros/cmake)
[1.545s] -- Found visualization_msgs: 4.2.4 (/opt/ros/humble/share/visualization_msgs/cmake)
[1.558s] -- Found pluginlib: 5.1.0 (/opt/ros/humble/share/pluginlib/cmake)
[1.578s] -- Found tf2_geometry_msgs: 0.25.7 (/opt/ros/humble/share/tf2_geometry_msgs/cmake)
[1.594s] -- Found eigen3_cmake_module: 0.1.1 (/opt/ros/humble/share/eigen3_cmake_module/cmake)
[1.595s] -- Found Eigen3: TRUE (found version "3.4.0") 
[1.595s] -- Ensuring Eigen3 include directory is part of orocos-kdl CMake target
[1.597s] -- Found tf2_sensor_msgs: 0.25.7 (/opt/ros/humble/share/tf2_sensor_msgs/cmake)
[1.602s] -- Found std_srvs: 4.2.4 (/opt/ros/humble/share/std_srvs/cmake)
[1.610s] -- Found rosidl_default_generators: 1.2.0 (/opt/ros/humble/share/rosidl_default_generators/cmake)
[1.618s] -- Found rviz_common: 11.2.13 (/opt/ros/humble/share/rviz_common/cmake)
[1.636s] -- Setting assimp_DIR to: '/opt/ros/humble/share/rviz_assimp_vendor/cmake/../../../opt/rviz_assimp_vendor/lib/cmake/assimp-4.1'
[1.644s] -- Setting OGRE_DIR to: '/opt/ros/humble/share/rviz_ogre_vendor/cmake/../../../opt/rviz_ogre_vendor/lib/OGRE/cmake'
[1.645s] -- Found OGRE
[1.645s] --   static     : OFF
[1.645s] --   components : HLMS;MeshLodGenerator;Overlay;Paging;Property;RTShaderSystem;Terrain;Volume
[1.645s] --   plugins    : Plugin_BSPSceneManager;Plugin_OctreeSceneManager;Plugin_PCZSceneManager;Plugin_ParticleFX;RenderSystem_GL;RenderSystem_GL3Plus;Codec_STBI
[1.645s] --   media      : /opt/ros/humble/opt/rviz_ogre_vendor/share/OGRE/Media
[1.645s] -- OGRE_LIBRARIES: OgreHLMS;OgreMeshLodGenerator;OgreOverlay;OgrePaging;OgreProperty;OgreRTShaderSystem;OgreTerrain;OgreVolume;OgreMain
[1.645s] -- OGRE_LIBRARY_DIRS: /opt/ros/humble/opt/rviz_ogre_vendor/lib
[1.645s] -- OGRE_PLUGINS: Plugin_BSPSceneManager;Plugin_OctreeSceneManager;Plugin_PCZSceneManager;Plugin_ParticleFX;RenderSystem_GL;RenderSystem_GL3Plus;Codec_STBI
[1.645s] -- OGRE_PLUGIN_DIR: /opt/ros/humble/opt/rviz_ogre_vendor/lib/OGRE
[1.645s] -- rviz_ogre_vendor::OgreOverlay for IMPORTED_LOCATION_RELEASE: /opt/ros/humble/opt/rviz_ogre_vendor/lib/libOgreOverlay.so
[1.645s] -- rviz_ogre_vendor::OgreOverlay for IMPORTED_LOCATION_DEBUG: /opt/ros/humble/opt/rviz_ogre_vendor/lib/libOgreOverlay.so
[1.645s] -- rviz_ogre_vendor::OgreMain for IMPORTED_LOCATION_RELEASE: /opt/ros/humble/opt/rviz_ogre_vendor/lib/libOgreMain.so
[1.645s] -- rviz_ogre_vendor::OgreMain for IMPORTED_LOCATION_DEBUG: /opt/ros/humble/opt/rviz_ogre_vendor/lib/libOgreMain.so
[1.646s] -- Could not find freeimage library
[1.658s] -- Found ZLIB: /usr/lib/x86_64-linux-gnu/libz.so (found version "1.2.11") 
[1.661s] -- Found OpenGL: /usr/lib/x86_64-linux-gnu/libOpenGL.so   
[1.752s] -- Found X11: /usr/include   
[1.752s] -- Looking for XOpenDisplay in /usr/lib/x86_64-linux-gnu/libX11.so;/usr/lib/x86_64-linux-gnu/libXext.so
[1.838s] -- Looking for XOpenDisplay in /usr/lib/x86_64-linux-gnu/libX11.so;/usr/lib/x86_64-linux-gnu/libXext.so - found
[1.838s] -- Looking for gethostbyname
[1.910s] -- Looking for gethostbyname - found
[1.911s] -- Looking for connect
[1.993s] -- Looking for connect - found
[1.993s] -- Looking for remove
[2.073s] -- Looking for remove - found
[2.073s] -- Looking for shmat
[2.157s] -- Looking for shmat - found
[2.157s] -- Looking for IceConnectionNumber in ICE
[2.228s] -- Looking for IceConnectionNumber in ICE - found
[2.324s] -- library: /usr/lib/x86_64-linux-gnu/libcurl.so
[2.347s] -- Found rviz_default_plugins: 11.2.13 (/opt/ros/humble/share/rviz_default_plugins/cmake)
[2.409s] -- Found Boost: /usr/lib/x86_64-linux-gnu/cmake/Boost-1.74.0/BoostConfig.cmake (found version "1.74.0") found components: system serialization filesystem thread 
[2.418s] -- Found PkgConfig: /usr/bin/pkg-config (found version "0.29.2") 
[2.424s] -- Found CHOLMOD: /usr/include/suitesparse  
[2.425s] -- Found CSparse: /usr/include/suitesparse  
[2.442s] -- Looking for sgemm_
[2.515s] -- Looking for sgemm_ - not found
[2.539s] -- Looking for sgemm_
[2.615s] -- Looking for sgemm_ - found
[2.616s] -- Found BLAS: /usr/lib/x86_64-linux-gnu/libblas.so  
[2.618s] -- Looking for cheev_
[2.705s] -- Looking for cheev_ - not found
[2.711s] -- Looking for cheev_
[2.780s] -- Looking for cheev_ - not found
[2.781s] -- Looking for cheev_
[2.865s] -- Looking for cheev_ - found
[2.865s] -- Found LAPACK: /usr/lib/x86_64-linux-gnu/liblapack.so;/usr/lib/x86_64-linux-gnu/libblas.so  
[2.870s] -- Found required Ceres dependency: Eigen version 3.4.0 in /usr/include/eigen3
[2.876s] -- Found required Ceres dependency: glog
[2.877s] -- Found required Ceres dependency: gflags
[2.877s] -- Found Ceres version: 2.0.0 installed in: /usr with components: [EigenSparse, SparseLinearAlgebraLibrary, LAPACK, SuiteSparse, CXSparse, SchurSpecializations, Multithreading]
[3.177s] -- Found ament_cmake_ros: 0.10.0 (/opt/ros/humble/share/ament_cmake_ros/cmake)
[3.581s] -- Using all available rosidl_typesupport_c: rosidl_typesupport_fastrtps_c;rosidl_typesupport_introspection_c
[3.751s] -- Using all available rosidl_typesupport_cpp: rosidl_typesupport_fastrtps_cpp;rosidl_typesupport_introspection_cpp
[3.778s] -- Found PythonInterp: /usr/bin/python3 (found suitable version "3.10.12", minimum required is "3.6") 
[3.781s] -- Found python_cmake_module: 0.10.0 (/opt/ros/humble/share/python_cmake_module/cmake)
[3.810s] -- Found PythonLibs: /usr/lib/x86_64-linux-gnu/libpython3.10.so (found suitable version "3.10.12", minimum required is "3.5") 
[3.810s] -- Using PYTHON_EXECUTABLE: /usr/bin/python3
[3.810s] -- Using PYTHON_INCLUDE_DIRS: /usr/include/python3.10
[3.810s] -- Using PYTHON_LIBRARIES: /usr/lib/x86_64-linux-gnu/libpython3.10.so
[3.829s] -- Found PythonExtra: .so  
[3.938s] -- Configuring done
[4.162s] -- Generating done
[4.168s] -- Build files have been written to: /home/autodrive_devkit/build/slam_toolbox
[4.187s] Invoked command in '/home/autodrive_devkit/build/slam_toolbox' returned '0': CMAKE_PREFIX_PATH=${CMAKE_PREFIX_PATH}:/home/autodrive_devkit/install/nav2_simple_commander:/home/autodrive_devkit/install/nav2_loopback_sim:/home/autodrive_devkit/install/f1tenth_stanley_controller:/home/autodrive_devkit/install/autodrive_f1tenth:/opt/ros/humble /usr/bin/cmake /home/autodrive_devkit/src/slam_toolbox -DAMENT_CMAKE_SYMLINK_INSTALL=1 -DCMAKE_INSTALL_PREFIX=/home/autodrive_devkit/install/slam_toolbox
[4.192s] Invoking command in '/home/autodrive_devkit/build/slam_toolbox': CMAKE_PREFIX_PATH=${CMAKE_PREFIX_PATH}:/home/autodrive_devkit/install/nav2_simple_commander:/home/autodrive_devkit/install/nav2_loopback_sim:/home/autodrive_devkit/install/f1tenth_stanley_controller:/home/autodrive_devkit/install/autodrive_f1tenth:/opt/ros/humble /usr/bin/cmake --build /home/autodrive_devkit/build/slam_toolbox -- -j16 -l16
[4.243s] [  1%] [34m[1mGenerating C code for ROS interfaces[0m
[4.250s] [  2%] [32mBuilding CXX object lib/karto_sdk/CMakeFiles/kartoSlamToolbox.dir/src/Karto.cpp.o[0m
[4.251s] [  3%] [34m[1mGenerating C++ code for ROS interfaces[0m
[4.251s] [  3%] [32mBuilding CXX object lib/karto_sdk/CMakeFiles/kartoSlamToolbox.dir/src/Mapper.cpp.o[0m
[4.259s] [  3%] Built target ament_cmake_python_symlink_slam_toolbox
[4.427s] running egg_info
[4.428s] creating slam_toolbox.egg-info
[4.428s] writing slam_toolbox.egg-info/PKG-INFO
[4.428s] writing dependency_links to slam_toolbox.egg-info/dependency_links.txt
[4.428s] writing top-level names to slam_toolbox.egg-info/top_level.txt
[4.428s] writing manifest file 'slam_toolbox.egg-info/SOURCES.txt'
[4.430s] reading manifest file 'slam_toolbox.egg-info/SOURCES.txt'
[4.430s] writing manifest file 'slam_toolbox.egg-info/SOURCES.txt'
[4.460s] [  3%] Built target ament_cmake_python_build_slam_toolbox_egg
[4.923s] [  3%] Built target slam_toolbox__cpp
[4.934s] [  5%] [34m[1mGenerating C++ type support dispatch for ROS interfaces[0m
[4.934s] [  5%] [34m[1mGenerating C++ type support for eProsima Fast-RTPS[0m
[4.935s] [  5%] [34m[1mGenerating C++ introspection for ROS interfaces[0m
[5.012s] [  6%] [32mBuilding C object CMakeFiles/slam_toolbox__rosidl_generator_c.dir/rosidl_generator_c/slam_toolbox/srv/detail/loop_closure__functions.c.o[0m
[5.012s] [  7%] [32mBuilding C object CMakeFiles/slam_toolbox__rosidl_generator_c.dir/rosidl_generator_c/slam_toolbox/srv/detail/pause__functions.c.o[0m
[5.012s] [  7%] [32mBuilding C object CMakeFiles/slam_toolbox__rosidl_generator_c.dir/rosidl_generator_c/slam_toolbox/srv/detail/merge_maps__functions.c.o[0m
[5.012s] [  7%] [32mBuilding C object CMakeFiles/slam_toolbox__rosidl_generator_c.dir/rosidl_generator_c/slam_toolbox/srv/detail/clear_queue__functions.c.o[0m
[5.012s] [  8%] [32mBuilding C object CMakeFiles/slam_toolbox__rosidl_generator_c.dir/rosidl_generator_c/slam_toolbox/srv/detail/save_map__functions.c.o[0m
[5.013s] [  9%] [32mBuilding C object CMakeFiles/slam_toolbox__rosidl_generator_c.dir/rosidl_generator_c/slam_toolbox/srv/detail/toggle_interactive__functions.c.o[0m
[5.013s] [ 10%] [32mBuilding C object CMakeFiles/slam_toolbox__rosidl_generator_c.dir/rosidl_generator_c/slam_toolbox/srv/detail/serialize_pose_graph__functions.c.o[0m
[5.014s] [ 11%] [32mBuilding C object CMakeFiles/slam_toolbox__rosidl_generator_c.dir/rosidl_generator_c/slam_toolbox/srv/detail/clear__functions.c.o[0m
[5.016s] [ 12%] [32mBuilding C object CMakeFiles/slam_toolbox__rosidl_generator_c.dir/rosidl_generator_c/slam_toolbox/srv/detail/add_submap__functions.c.o[0m
[5.020s] [ 12%] [32mBuilding C object CMakeFiles/slam_toolbox__rosidl_generator_c.dir/rosidl_generator_c/slam_toolbox/srv/detail/deserialize_pose_graph__functions.c.o[0m
[5.172s] [ 13%] [32m[1mLinking C shared library libslam_toolbox__rosidl_generator_c.so[0m
[5.214s] [ 13%] Built target slam_toolbox__rosidl_generator_c
[5.225s] [ 15%] [34m[1mGenerating C type support for eProsima Fast-RTPS[0m
[5.225s] [ 15%] [34m[1mGenerating C introspection for ROS interfaces[0m
[5.228s] [ 15%] [34m[1mGenerating C type support dispatch for ROS interfaces[0m
[5.525s] [ 18%] [32mBuilding CXX object CMakeFiles/slam_toolbox__rosidl_typesupport_cpp.dir/rosidl_typesupport_cpp/slam_toolbox/srv/loop_closure__type_support.cpp.o[0m
[5.525s] [ 18%] [32mBuilding CXX object CMakeFiles/slam_toolbox__rosidl_typesupport_cpp.dir/rosidl_typesupport_cpp/slam_toolbox/srv/pause__type_support.cpp.o[0m
[5.526s] [ 18%] [32mBuilding CXX object CMakeFiles/slam_toolbox__rosidl_typesupport_cpp.dir/rosidl_typesupport_cpp/slam_toolbox/srv/clear__type_support.cpp.o[0m
[5.526s] [ 20%] [32mBuilding CXX object CMakeFiles/slam_toolbox__rosidl_typesupport_cpp.dir/rosidl_typesupport_cpp/slam_toolbox/srv/save_map__type_support.cpp.o[0m
[5.526s] [ 20%] [32mBuilding CXX object CMakeFiles/slam_toolbox__rosidl_typesupport_cpp.dir/rosidl_typesupport_cpp/slam_toolbox/srv/toggle_interactive__type_support.cpp.o[0m
[5.526s] [ 20%] [32mBuilding CXX object CMakeFiles/slam_toolbox__rosidl_typesupport_cpp.dir/rosidl_typesupport_cpp/slam_toolbox/srv/merge_maps__type_support.cpp.o[0m
[5.527s] [ 20%] [32mBuilding CXX object CMakeFiles/slam_toolbox__rosidl_typesupport_cpp.dir/rosidl_typesupport_cpp/slam_toolbox/srv/clear_queue__type_support.cpp.o[0m
[5.536s] [ 21%] [32mBuilding CXX object CMakeFiles/slam_toolbox__rosidl_typesupport_cpp.dir/rosidl_typesupport_cpp/slam_toolbox/srv/add_submap__type_support.cpp.o[0m
[5.539s] [ 22%] [32mBuilding CXX object CMakeFiles/slam_toolbox__rosidl_typesupport_cpp.dir/rosidl_typesupport_cpp/slam_toolbox/srv/deserialize_pose_graph__type_support.cpp.o[0m
[5.806s] [ 22%] [32mBuilding CXX object CMakeFiles/slam_toolbox__rosidl_typesupport_introspection_cpp.dir/rosidl_typesupport_introspection_cpp/slam_toolbox/srv/detail/pause__type_support.cpp.o[0m
[5.818s] [ 23%] [32mBuilding CXX object CMakeFiles/slam_toolbox__rosidl_typesupport_c.dir/rosidl_typesupport_c/slam_toolbox/srv/pause__type_support.cpp.o[0m
[5.867s] [ 24%] [32mBuilding CXX object CMakeFiles/slam_toolbox__rosidl_typesupport_c.dir/rosidl_typesupport_c/slam_toolbox/srv/clear_queue__type_support.cpp.o[0m
[5.869s] [ 25%] [32mBuilding CXX object CMakeFiles/slam_toolbox__rosidl_typesupport_c.dir/rosidl_typesupport_c/slam_toolbox/srv/toggle_interactive__type_support.cpp.o[0m
[5.884s] [ 26%] [32mBuilding CXX object CMakeFiles/slam_toolbox__rosidl_typesupport_cpp.dir/rosidl_typesupport_cpp/slam_toolbox/srv/serialize_pose_graph__type_support.cpp.o[0m
[5.887s] [ 26%] [32mBuilding CXX object CMakeFiles/slam_toolbox__rosidl_typesupport_c.dir/rosidl_typesupport_c/slam_toolbox/srv/clear__type_support.cpp.o[0m
[5.892s] [ 27%] [32mBuilding CXX object CMakeFiles/slam_toolbox__rosidl_typesupport_c.dir/rosidl_typesupport_c/slam_toolbox/srv/save_map__type_support.cpp.o[0m
[5.894s] [ 28%] [32mBuilding CXX object CMakeFiles/slam_toolbox__rosidl_typesupport_introspection_cpp.dir/rosidl_typesupport_introspection_cpp/slam_toolbox/srv/detail/clear_queue__type_support.cpp.o[0m
[5.900s] [ 29%] [32mBuilding CXX object CMakeFiles/slam_toolbox__rosidl_typesupport_introspection_cpp.dir/rosidl_typesupport_introspection_cpp/slam_toolbox/srv/detail/toggle_interactive__type_support.cpp.o[0m
[5.912s] [ 30%] [32mBuilding CXX object CMakeFiles/slam_toolbox__rosidl_typesupport_c.dir/rosidl_typesupport_c/slam_toolbox/srv/loop_closure__type_support.cpp.o[0m
[5.913s] [ 31%] [32mBuilding CXX object CMakeFiles/slam_toolbox__rosidl_typesupport_c.dir/rosidl_typesupport_c/slam_toolbox/srv/add_submap__type_support.cpp.o[0m
[5.916s] [ 31%] [32mBuilding CXX object CMakeFiles/slam_toolbox__rosidl_typesupport_c.dir/rosidl_typesupport_c/slam_toolbox/srv/merge_maps__type_support.cpp.o[0m
[5.935s] [ 31%] [32mBuilding CXX object CMakeFiles/slam_toolbox__rosidl_typesupport_introspection_cpp.dir/rosidl_typesupport_introspection_cpp/slam_toolbox/srv/detail/clear__type_support.cpp.o[0m
[5.935s] [ 32%] [32mBuilding CXX object CMakeFiles/slam_toolbox__rosidl_typesupport_c.dir/rosidl_typesupport_c/slam_toolbox/srv/deserialize_pose_graph__type_support.cpp.o[0m
[5.938s] [ 33%] [32mBuilding CXX object CMakeFiles/slam_toolbox__rosidl_typesupport_introspection_cpp.dir/rosidl_typesupport_introspection_cpp/slam_toolbox/srv/detail/save_map__type_support.cpp.o[0m
[5.954s] [ 34%] [32mBuilding CXX object CMakeFiles/slam_toolbox__rosidl_typesupport_c.dir/rosidl_typesupport_c/slam_toolbox/srv/serialize_pose_graph__type_support.cpp.o[0m
[5.961s] [ 35%] [32mBuilding CXX object CMakeFiles/slam_toolbox__rosidl_typesupport_introspection_cpp.dir/rosidl_typesupport_introspection_cpp/slam_toolbox/srv/detail/loop_closure__type_support.cpp.o[0m
[5.963s] [ 36%] [32mBuilding CXX object CMakeFiles/slam_toolbox__rosidl_typesupport_introspection_cpp.dir/rosidl_typesupport_introspection_cpp/slam_toolbox/srv/detail/merge_maps__type_support.cpp.o[0m
[5.971s] [ 37%] [32mBuilding CXX object CMakeFiles/slam_toolbox__rosidl_typesupport_fastrtps_cpp.dir/rosidl_typesupport_fastrtps_cpp/slam_toolbox/srv/detail/dds_fastrtps/pause__type_support.cpp.o[0m
[5.996s] [ 37%] [32m[1mLinking CXX shared library libslam_toolbox__rosidl_typesupport_c.so[0m
[6.012s] [ 37%] [32mBuilding CXX object CMakeFiles/slam_toolbox__rosidl_typesupport_introspection_cpp.dir/rosidl_typesupport_introspection_cpp/slam_toolbox/srv/detail/add_submap__type_support.cpp.o[0m
[6.028s] [ 38%] [32mBuilding CXX object CMakeFiles/slam_toolbox__rosidl_typesupport_introspection_cpp.dir/rosidl_typesupport_introspection_cpp/slam_toolbox/srv/detail/deserialize_pose_graph__type_support.cpp.o[0m
[6.038s] [ 38%] [32mBuilding C object CMakeFiles/slam_toolbox__rosidl_typesupport_introspection_c.dir/rosidl_typesupport_introspection_c/slam_toolbox/srv/detail/pause__type_support.c.o[0m
[6.069s] [ 38%] Built target slam_toolbox__rosidl_typesupport_c
[6.094s] [ 38%] [32mBuilding CXX object CMakeFiles/slam_toolbox__rosidl_typesupport_fastrtps_cpp.dir/rosidl_typesupport_fastrtps_cpp/slam_toolbox/srv/detail/dds_fastrtps/clear_queue__type_support.cpp.o[0m
[6.136s] [ 39%] [32mBuilding C object CMakeFiles/slam_toolbox__rosidl_typesupport_introspection_c.dir/rosidl_typesupport_introspection_c/slam_toolbox/srv/detail/clear_queue__type_support.c.o[0m
[6.211s] [ 40%] [32mBuilding C object CMakeFiles/slam_toolbox__rosidl_typesupport_introspection_c.dir/rosidl_typesupport_introspection_c/slam_toolbox/srv/detail/toggle_interactive__type_support.c.o[0m
[6.228s] [ 40%] [32m[1mLinking CXX shared library libslam_toolbox__rosidl_typesupport_cpp.so[0m
[6.276s] [ 40%] [32mBuilding C object CMakeFiles/slam_toolbox__rosidl_typesupport_introspection_c.dir/rosidl_typesupport_introspection_c/slam_toolbox/srv/detail/clear__type_support.c.o[0m
[6.318s] [ 41%] [32mBuilding CXX object CMakeFiles/slam_toolbox__rosidl_typesupport_introspection_cpp.dir/rosidl_typesupport_introspection_cpp/slam_toolbox/srv/detail/serialize_pose_graph__type_support.cpp.o[0m
[6.335s] [ 41%] Built target slam_toolbox__rosidl_typesupport_cpp
[6.349s] [ 41%] [34m[1mGenerating rviz_plugin/moc_slam_toolbox_rviz_plugin.cpp[0m
[6.369s] [ 42%] [32mBuilding C object CMakeFiles/slam_toolbox__rosidl_typesupport_introspection_c.dir/rosidl_typesupport_introspection_c/slam_toolbox/srv/detail/save_map__type_support.c.o[0m
[6.375s] [ 43%] [32mBuilding C object CMakeFiles/slam_toolbox__rosidl_typesupport_introspection_c.dir/rosidl_typesupport_introspection_c/slam_toolbox/srv/detail/loop_closure__type_support.c.o[0m
[6.392s] [ 44%] [32mBuilding CXX object CMakeFiles/SlamToolboxPlugin.dir/rviz_plugin/slam_toolbox_rviz_plugin.cpp.o[0m
[6.392s] [ 45%] [32mBuilding CXX object CMakeFiles/slam_toolbox__rosidl_typesupport_fastrtps_cpp.dir/rosidl_typesupport_fastrtps_cpp/slam_toolbox/srv/detail/dds_fastrtps/toggle_interactive__type_support.cpp.o[0m
[6.401s] [ 46%] [32mBuilding CXX object CMakeFiles/slam_toolbox__rosidl_typesupport_fastrtps_cpp.dir/rosidl_typesupport_fastrtps_cpp/slam_toolbox/srv/detail/dds_fastrtps/clear__type_support.cpp.o[0m
[6.415s] [ 47%] [32mBuilding CXX object CMakeFiles/slam_toolbox__rosidl_typesupport_fastrtps_c.dir/rosidl_typesupport_fastrtps_c/slam_toolbox/srv/detail/pause__type_support_c.cpp.o[0m
[6.444s] [ 47%] [32mBuilding CXX object CMakeFiles/slam_toolbox__rosidl_typesupport_fastrtps_c.dir/rosidl_typesupport_fastrtps_c/slam_toolbox/srv/detail/clear_queue__type_support_c.cpp.o[0m
[6.458s] [ 48%] [32mBuilding C object CMakeFiles/slam_toolbox__rosidl_typesupport_introspection_c.dir/rosidl_typesupport_introspection_c/slam_toolbox/srv/detail/merge_maps__type_support.c.o[0m
[6.463s] [ 49%] [32mBuilding CXX object CMakeFiles/slam_toolbox__rosidl_typesupport_fastrtps_c.dir/rosidl_typesupport_fastrtps_c/slam_toolbox/srv/detail/toggle_interactive__type_support_c.cpp.o[0m
[6.473s] [ 50%] [32mBuilding CXX object CMakeFiles/slam_toolbox__rosidl_typesupport_fastrtps_c.dir/rosidl_typesupport_fastrtps_c/slam_toolbox/srv/detail/clear__type_support_c.cpp.o[0m
[6.475s] [ 50%] [32mBuilding C object CMakeFiles/slam_toolbox__rosidl_typesupport_introspection_c.dir/rosidl_typesupport_introspection_c/slam_toolbox/srv/detail/add_submap__type_support.c.o[0m
[6.526s] [ 51%] [32mBuilding C object CMakeFiles/slam_toolbox__rosidl_typesupport_introspection_c.dir/rosidl_typesupport_introspection_c/slam_toolbox/srv/detail/deserialize_pose_graph__type_support.c.o[0m
[6.533s] [ 52%] [32mBuilding CXX object CMakeFiles/slam_toolbox__rosidl_typesupport_fastrtps_c.dir/rosidl_typesupport_fastrtps_c/slam_toolbox/srv/detail/save_map__type_support_c.cpp.o[0m
[6.534s] [ 53%] [32mBuilding C object CMakeFiles/slam_toolbox__rosidl_typesupport_introspection_c.dir/rosidl_typesupport_introspection_c/slam_toolbox/srv/detail/serialize_pose_graph__type_support.c.o[0m
[6.537s] [ 53%] [32mBuilding CXX object CMakeFiles/slam_toolbox__rosidl_typesupport_fastrtps_c.dir/rosidl_typesupport_fastrtps_c/slam_toolbox/srv/detail/loop_closure__type_support_c.cpp.o[0m
[6.602s] [ 54%] [32mBuilding CXX object CMakeFiles/slam_toolbox__rosidl_typesupport_fastrtps_cpp.dir/rosidl_typesupport_fastrtps_cpp/slam_toolbox/srv/detail/dds_fastrtps/save_map__type_support.cpp.o[0m
[6.603s] [ 55%] [32mBuilding CXX object CMakeFiles/slam_toolbox__rosidl_typesupport_fastrtps_c.dir/rosidl_typesupport_fastrtps_c/slam_toolbox/srv/detail/merge_maps__type_support_c.cpp.o[0m
[6.613s] [ 55%] [32m[1mLinking C shared library libslam_toolbox__rosidl_typesupport_introspection_c.so[0m
[6.665s] [ 55%] [32mBuilding CXX object CMakeFiles/slam_toolbox__rosidl_typesupport_fastrtps_cpp.dir/rosidl_typesupport_fastrtps_cpp/slam_toolbox/srv/detail/dds_fastrtps/loop_closure__type_support.cpp.o[0m
[6.745s] [ 55%] Built target slam_toolbox__rosidl_typesupport_introspection_c
[6.761s] [ 56%] [32mBuilding CXX object CMakeFiles/slam_toolbox__rosidl_typesupport_fastrtps_cpp.dir/rosidl_typesupport_fastrtps_cpp/slam_toolbox/srv/detail/dds_fastrtps/merge_maps__type_support.cpp.o[0m
[6.794s] [ 56%] [32m[1mLinking CXX shared library libslam_toolbox__rosidl_typesupport_introspection_cpp.so[0m
[6.851s] [ 57%] [32mBuilding CXX object CMakeFiles/slam_toolbox__rosidl_typesupport_fastrtps_c.dir/rosidl_typesupport_fastrtps_c/slam_toolbox/srv/detail/add_submap__type_support_c.cpp.o[0m
[6.901s] [ 57%] [32mBuilding CXX object CMakeFiles/slam_toolbox__rosidl_typesupport_fastrtps_c.dir/rosidl_typesupport_fastrtps_c/slam_toolbox/srv/detail/deserialize_pose_graph__type_support_c.cpp.o[0m
[6.910s] [ 58%] [32mBuilding CXX object CMakeFiles/slam_toolbox__rosidl_typesupport_fastrtps_cpp.dir/rosidl_typesupport_fastrtps_cpp/slam_toolbox/srv/detail/dds_fastrtps/add_submap__type_support.cpp.o[0m
[6.916s] [ 59%] [32mBuilding CXX object CMakeFiles/slam_toolbox__rosidl_typesupport_fastrtps_c.dir/rosidl_typesupport_fastrtps_c/slam_toolbox/srv/detail/serialize_pose_graph__type_support_c.cpp.o[0m
[6.923s] [ 59%] Built target slam_toolbox__rosidl_typesupport_introspection_cpp
[6.927s] [ 59%] [32mBuilding CXX object CMakeFiles/slam_toolbox__rosidl_typesupport_fastrtps_cpp.dir/rosidl_typesupport_fastrtps_cpp/slam_toolbox/srv/detail/dds_fastrtps/deserialize_pose_graph__type_support.cpp.o[0m
[6.934s] [ 60%] [32mBuilding CXX object CMakeFiles/slam_toolbox__rosidl_typesupport_fastrtps_cpp.dir/rosidl_typesupport_fastrtps_cpp/slam_toolbox/srv/detail/dds_fastrtps/serialize_pose_graph__type_support.cpp.o[0m
[6.947s] [ 61%] [32mBuilding CXX object CMakeFiles/SlamToolboxPlugin.dir/rviz_plugin/moc_slam_toolbox_rviz_plugin.cpp.o[0m
[7.393s] [ 62%] [32m[1mLinking CXX shared library libslam_toolbox__rosidl_typesupport_fastrtps_c.so[0m
[7.425s] [ 63%] [32m[1mLinking CXX shared library libslam_toolbox__rosidl_typesupport_fastrtps_cpp.so[0m
[7.471s] [ 63%] Built target slam_toolbox__rosidl_typesupport_fastrtps_c
[7.508s] [ 63%] Built target slam_toolbox__rosidl_typesupport_fastrtps_cpp
[7.531s] [ 63%] Built target slam_toolbox
[7.552s] [ 63%] [34m[1mGenerating Python code for ROS interfaces[0m
[8.761s] [ 63%] Built target slam_toolbox__py
[8.781s] [ 63%] [32mBuilding C object CMakeFiles/slam_toolbox__rosidl_generator_py.dir/rosidl_generator_py/slam_toolbox/srv/_save_map_s.c.o[0m
[8.782s] [ 64%] [32mBuilding C object CMakeFiles/slam_toolbox__rosidl_generator_py.dir/rosidl_generator_py/slam_toolbox/srv/_pause_s.c.o[0m
[8.782s] [ 65%] [32mBuilding C object CMakeFiles/slam_toolbox__rosidl_generator_py.dir/rosidl_generator_py/slam_toolbox/srv/_deserialize_pose_graph_s.c.o[0m
[8.782s] [ 65%] [32mBuilding C object CMakeFiles/slam_toolbox__rosidl_generator_py.dir/rosidl_generator_py/slam_toolbox/srv/_toggle_interactive_s.c.o[0m
[8.782s] [ 68%] [32mBuilding C object CMakeFiles/slam_toolbox__rosidl_generator_py.dir/rosidl_generator_py/slam_toolbox/srv/_clear_s.c.o[0m
[8.782s] [ 68%] [32mBuilding C object CMakeFiles/slam_toolbox__rosidl_generator_py.dir/rosidl_generator_py/slam_toolbox/srv/_serialize_pose_graph_s.c.o[0m
[8.782s] [ 68%] [32mBuilding C object CMakeFiles/slam_toolbox__rosidl_generator_py.dir/rosidl_generator_py/slam_toolbox/srv/_merge_maps_s.c.o[0m
[8.782s] [ 69%] [32mBuilding C object CMakeFiles/slam_toolbox__rosidl_generator_py.dir/rosidl_generator_py/slam_toolbox/srv/_add_submap_s.c.o[0m
[8.785s] [ 69%] [32mBuilding C object CMakeFiles/slam_toolbox__rosidl_generator_py.dir/rosidl_generator_py/slam_toolbox/srv/_clear_queue_s.c.o[0m
[8.786s] [ 70%] [32mBuilding C object CMakeFiles/slam_toolbox__rosidl_generator_py.dir/rosidl_generator_py/slam_toolbox/srv/_loop_closure_s.c.o[0m
[8.970s] [ 71%] [32m[1mLinking C shared library rosidl_generator_py/slam_toolbox/libslam_toolbox__rosidl_generator_py.so[0m
[9.017s] [ 71%] Built target slam_toolbox__rosidl_generator_py
[9.035s] [ 73%] [32mBuilding C object CMakeFiles/slam_toolbox__rosidl_typesupport_fastrtps_c__pyext.dir/rosidl_generator_py/slam_toolbox/_slam_toolbox_s.ep.rosidl_typesupport_fastrtps_c.c.o[0m
[9.035s] [ 73%] [32mBuilding C object CMakeFiles/slam_toolbox__rosidl_typesupport_introspection_c__pyext.dir/rosidl_generator_py/slam_toolbox/_slam_toolbox_s.ep.rosidl_typesupport_introspection_c.c.o[0m
[9.037s] [ 74%] [32mBuilding C object CMakeFiles/slam_toolbox__rosidl_typesupport_c__pyext.dir/rosidl_generator_py/slam_toolbox/_slam_toolbox_s.ep.rosidl_typesupport_c.c.o[0m
[9.304s] [ 75%] [32m[1mLinking C shared library rosidl_generator_py/slam_toolbox/slam_toolbox_s__rosidl_typesupport_c.cpython-310-x86_64-linux-gnu.so[0m
[9.305s] [ 75%] [32m[1mLinking C shared library rosidl_generator_py/slam_toolbox/slam_toolbox_s__rosidl_typesupport_fastrtps_c.cpython-310-x86_64-linux-gnu.so[0m
[9.317s] [ 76%] [32m[1mLinking C shared library rosidl_generator_py/slam_toolbox/slam_toolbox_s__rosidl_typesupport_introspection_c.cpython-310-x86_64-linux-gnu.so[0m
[9.344s] [ 76%] Built target slam_toolbox__rosidl_typesupport_c__pyext
[9.345s] [ 76%] Built target slam_toolbox__rosidl_typesupport_fastrtps_c__pyext
[9.368s] [ 76%] Built target slam_toolbox__rosidl_typesupport_introspection_c__pyext
[20.224s] [ 77%] [32m[1mLinking CXX shared library libkartoSlamToolbox.so[0m
[20.499s] [ 77%] Built target kartoSlamToolbox
[20.522s] [ 79%] [32mBuilding CXX object CMakeFiles/toolbox_common.dir/src/slam_mapper.cpp.o[0m
[20.523s] [ 79%] [32mBuilding CXX object CMakeFiles/ceres_solver_plugin.dir/solvers/ceres_solver.cpp.o[0m
[20.525s] [ 80%] [32mBuilding CXX object CMakeFiles/toolbox_common.dir/src/slam_toolbox_common.cpp.o[0m
[20.525s] [ 81%] [32mBuilding CXX object CMakeFiles/toolbox_common.dir/src/laser_utils.cpp.o[0m
[20.526s] [ 82%] [32mBuilding CXX object CMakeFiles/toolbox_common.dir/src/map_saver.cpp.o[0m
[20.526s] [ 82%] [32mBuilding CXX object CMakeFiles/toolbox_common.dir/src/loop_closure_assistant.cpp.o[0m
[23.401s] [ 82%] [32m[1mLinking CXX shared library libSlamToolboxPlugin.so[0m
[24.790s] [ 82%] Built target SlamToolboxPlugin
[33.262s] [ 83%] [32m[1mLinking CXX shared library libceres_solver_plugin.so[0m
[33.579s] [ 83%] Built target ceres_solver_plugin
[46.356s] [ 84%] [32m[1mLinking CXX shared library libtoolbox_common.so[0m
[46.812s] [ 84%] Built target toolbox_common
[46.829s] [ 87%] [32mBuilding CXX object CMakeFiles/localization_slam_toolbox.dir/src/slam_toolbox_localization.cpp.o[0m
[46.830s] [ 87%] [32mBuilding CXX object CMakeFiles/lifelong_slam_toolbox.dir/src/experimental/slam_toolbox_lifelong.cpp.o[0m
[46.830s] [ 87%] [32mBuilding CXX object CMakeFiles/async_slam_toolbox.dir/src/slam_toolbox_async.cpp.o[0m
[46.830s] [ 87%] [32mBuilding CXX object CMakeFiles/merge_maps_kinematic.dir/src/merge_maps_kinematic.cpp.o[0m
[46.831s] [ 88%] [32mBuilding CXX object CMakeFiles/sync_slam_toolbox.dir/src/slam_toolbox_sync.cpp.o[0m
[57.396s] [ 89%] [32m[1mLinking CXX shared library libasync_slam_toolbox.so[0m
[57.789s] [ 89%] Built target async_slam_toolbox
[57.811s] [ 90%] [32mBuilding CXX object CMakeFiles/async_slam_toolbox_node.dir/src/slam_toolbox_async_node.cpp.o[0m
[57.949s] [ 90%] [32m[1mLinking CXX shared library liblifelong_slam_toolbox.so[0m
[58.361s] [ 90%] Built target lifelong_slam_toolbox
[58.386s] [ 91%] [32mBuilding CXX object CMakeFiles/lifelong_slam_toolbox_node.dir/src/experimental/slam_toolbox_lifelong_node.cpp.o[0m
[58.444s] [ 92%] [32m[1mLinking CXX shared library libsync_slam_toolbox.so[0m
[58.828s] [ 92%] Built target sync_slam_toolbox
[58.851s] [ 93%] [32mBuilding CXX object CMakeFiles/sync_slam_toolbox_node.dir/src/slam_toolbox_sync_node.cpp.o[0m
[60.911s] [ 94%] [32m[1mLinking CXX executable merge_maps_kinematic[0m
[61.355s] [ 94%] Built target merge_maps_kinematic
[63.810s] [ 95%] [32m[1mLinking CXX shared library liblocalization_slam_toolbox.so[0m
[64.212s] [ 95%] Built target localization_slam_toolbox
[64.229s] [ 96%] [32mBuilding CXX object CMakeFiles/localization_slam_toolbox_node.dir/src/slam_toolbox_localization_node.cpp.o[0m
[64.229s] [ 96%] [32mBuilding CXX object CMakeFiles/map_and_localization_slam_toolbox.dir/src/experimental/slam_toolbox_map_and_localization.cpp.o[0m
[68.225s] [ 96%] [32m[1mLinking CXX executable async_slam_toolbox_node[0m
[68.538s] [ 96%] Built target async_slam_toolbox_node
[68.798s] [ 97%] [32m[1mLinking CXX executable lifelong_slam_toolbox_node[0m
[69.110s] [ 97%] Built target lifelong_slam_toolbox_node
[69.341s] [ 97%] [32m[1mLinking CXX executable sync_slam_toolbox_node[0m
[69.638s] [ 97%] Built target sync_slam_toolbox_node
[74.033s] [ 98%] [32m[1mLinking CXX executable localization_slam_toolbox_node[0m
[74.316s] [ 98%] Built target localization_slam_toolbox_node
[79.506s] [ 99%] [32m[1mLinking CXX shared library libmap_and_localization_slam_toolbox.so[0m
[79.866s] [ 99%] Built target map_and_localization_slam_toolbox
[79.895s] [100%] [32mBuilding CXX object CMakeFiles/map_and_localization_slam_toolbox_node.dir/src/experimental/slam_toolbox_map_and_localization_node.cpp.o[0m
[88.726s] [100%] [32m[1mLinking CXX executable map_and_localization_slam_toolbox_node[0m
[88.977s] [100%] Built target map_and_localization_slam_toolbox_node
[88.995s] Invoked command in '/home/autodrive_devkit/build/slam_toolbox' returned '0': CMAKE_PREFIX_PATH=${CMAKE_PREFIX_PATH}:/home/autodrive_devkit/install/nav2_simple_commander:/home/autodrive_devkit/install/nav2_loopback_sim:/home/autodrive_devkit/install/f1tenth_stanley_controller:/home/autodrive_devkit/install/autodrive_f1tenth:/opt/ros/humble /usr/bin/cmake --build /home/autodrive_devkit/build/slam_toolbox -- -j16 -l16
[89.455s] Invoking command in '/home/autodrive_devkit/build/slam_toolbox': CMAKE_PREFIX_PATH=${CMAKE_PREFIX_PATH}:/home/autodrive_devkit/install/nav2_simple_commander:/home/autodrive_devkit/install/nav2_loopback_sim:/home/autodrive_devkit/install/f1tenth_stanley_controller:/home/autodrive_devkit/install/autodrive_f1tenth:/opt/ros/humble /usr/bin/cmake --install /home/autodrive_devkit/build/slam_toolbox
[89.464s] -- Install configuration: "Release"
[89.465s] -- Execute custom install script
[89.466s] -- Symlinking: /home/autodrive_devkit/install/slam_toolbox/include//karto_sdk/Karto.h
[89.475s] -- Symlinking: /home/autodrive_devkit/install/slam_toolbox/include//karto_sdk/Macros.h
[89.486s] -- Symlinking: /home/autodrive_devkit/install/slam_toolbox/include//karto_sdk/Mapper.h
[89.496s] -- Symlinking: /home/autodrive_devkit/install/slam_toolbox/include//karto_sdk/Math.h
[89.507s] -- Symlinking: /home/autodrive_devkit/install/slam_toolbox/include//karto_sdk/Types.h
[89.512s] -- Symlinking: /home/autodrive_devkit/install/slam_toolbox/include//karto_sdk/nanoflann.hpp
[89.518s] -- Symlinking: /home/autodrive_devkit/install/slam_toolbox/include//karto_sdk/nanoflann_adaptors.h
[89.527s] -- Symlinking: /home/autodrive_devkit/install/slam_toolbox/share/ament_index/resource_index/rosidl_interfaces/slam_toolbox
[89.535s] -- Symlinking: /home/autodrive_devkit/install/slam_toolbox/include/slam_toolbox/slam_toolbox/msg/rosidl_generator_c__visibility_control.h
[89.542s] -- Symlinking: /home/autodrive_devkit/install/slam_toolbox/include/slam_toolbox/slam_toolbox/srv/add_submap.h
[89.547s] -- Symlinking: /home/autodrive_devkit/install/slam_toolbox/include/slam_toolbox/slam_toolbox/srv/clear.h
[89.559s] -- Symlinking: /home/autodrive_devkit/install/slam_toolbox/include/slam_toolbox/slam_toolbox/srv/clear_queue.h
[89.564s] -- Symlinking: /home/autodrive_devkit/install/slam_toolbox/include/slam_toolbox/slam_toolbox/srv/deserialize_pose_graph.h
[89.574s] -- Symlinking: /home/autodrive_devkit/install/slam_toolbox/include/slam_toolbox/slam_toolbox/srv/detail/add_submap__functions.h
[89.585s] -- Symlinking: /home/autodrive_devkit/install/slam_toolbox/include/slam_toolbox/slam_toolbox/srv/detail/add_submap__struct.h
[89.598s] -- Symlinking: /home/autodrive_devkit/install/slam_toolbox/include/slam_toolbox/slam_toolbox/srv/detail/add_submap__type_support.h
[89.607s] -- Symlinking: /home/autodrive_devkit/install/slam_toolbox/include/slam_toolbox/slam_toolbox/srv/detail/clear__functions.h
[89.615s] -- Symlinking: /home/autodrive_devkit/install/slam_toolbox/include/slam_toolbox/slam_toolbox/srv/detail/clear__struct.h
[89.622s] -- Symlinking: /home/autodrive_devkit/install/slam_toolbox/include/slam_toolbox/slam_toolbox/srv/detail/clear__type_support.h
[89.631s] -- Symlinking: /home/autodrive_devkit/install/slam_toolbox/include/slam_toolbox/slam_toolbox/srv/detail/clear_queue__functions.h
[89.637s] -- Symlinking: /home/autodrive_devkit/install/slam_toolbox/include/slam_toolbox/slam_toolbox/srv/detail/clear_queue__struct.h
[89.643s] -- Symlinking: /home/autodrive_devkit/install/slam_toolbox/include/slam_toolbox/slam_toolbox/srv/detail/clear_queue__type_support.h
[89.650s] -- Symlinking: /home/autodrive_devkit/install/slam_toolbox/include/slam_toolbox/slam_toolbox/srv/detail/deserialize_pose_graph__functions.h
[89.656s] -- Symlinking: /home/autodrive_devkit/install/slam_toolbox/include/slam_toolbox/slam_toolbox/srv/detail/deserialize_pose_graph__struct.h
[89.666s] -- Symlinking: /home/autodrive_devkit/install/slam_toolbox/include/slam_toolbox/slam_toolbox/srv/detail/deserialize_pose_graph__type_support.h
[89.671s] -- Symlinking: /home/autodrive_devkit/install/slam_toolbox/include/slam_toolbox/slam_toolbox/srv/detail/loop_closure__functions.h
[89.682s] -- Symlinking: /home/autodrive_devkit/install/slam_toolbox/include/slam_toolbox/slam_toolbox/srv/detail/loop_closure__struct.h
[89.688s] -- Symlinking: /home/autodrive_devkit/install/slam_toolbox/include/slam_toolbox/slam_toolbox/srv/detail/loop_closure__type_support.h
[89.695s] -- Symlinking: /home/autodrive_devkit/install/slam_toolbox/include/slam_toolbox/slam_toolbox/srv/detail/merge_maps__functions.h
[89.706s] -- Symlinking: /home/autodrive_devkit/install/slam_toolbox/include/slam_toolbox/slam_toolbox/srv/detail/merge_maps__struct.h
[89.712s] -- Symlinking: /home/autodrive_devkit/install/slam_toolbox/include/slam_toolbox/slam_toolbox/srv/detail/merge_maps__type_support.h
[89.718s] -- Symlinking: /home/autodrive_devkit/install/slam_toolbox/include/slam_toolbox/slam_toolbox/srv/detail/pause__functions.h
[89.729s] -- Symlinking: /home/autodrive_devkit/install/slam_toolbox/include/slam_toolbox/slam_toolbox/srv/detail/pause__struct.h
[89.735s] -- Symlinking: /home/autodrive_devkit/install/slam_toolbox/include/slam_toolbox/slam_toolbox/srv/detail/pause__type_support.h
[89.741s] -- Symlinking: /home/autodrive_devkit/install/slam_toolbox/include/slam_toolbox/slam_toolbox/srv/detail/save_map__functions.h
[89.746s] -- Symlinking: /home/autodrive_devkit/install/slam_toolbox/include/slam_toolbox/slam_toolbox/srv/detail/save_map__struct.h
[89.752s] -- Symlinking: /home/autodrive_devkit/install/slam_toolbox/include/slam_toolbox/slam_toolbox/srv/detail/save_map__type_support.h
[89.758s] -- Symlinking: /home/autodrive_devkit/install/slam_toolbox/include/slam_toolbox/slam_toolbox/srv/detail/serialize_pose_graph__functions.h
[89.763s] -- Symlinking: /home/autodrive_devkit/install/slam_toolbox/include/slam_toolbox/slam_toolbox/srv/detail/serialize_pose_graph__struct.h
[89.769s] -- Symlinking: /home/autodrive_devkit/install/slam_toolbox/include/slam_toolbox/slam_toolbox/srv/detail/serialize_pose_graph__type_support.h
[89.777s] -- Symlinking: /home/autodrive_devkit/install/slam_toolbox/include/slam_toolbox/slam_toolbox/srv/detail/toggle_interactive__functions.h
[89.783s] -- Symlinking: /home/autodrive_devkit/install/slam_toolbox/include/slam_toolbox/slam_toolbox/srv/detail/toggle_interactive__struct.h
[89.788s] -- Symlinking: /home/autodrive_devkit/install/slam_toolbox/include/slam_toolbox/slam_toolbox/srv/detail/toggle_interactive__type_support.h
[89.795s] -- Symlinking: /home/autodrive_devkit/install/slam_toolbox/include/slam_toolbox/slam_toolbox/srv/loop_closure.h
[89.801s] -- Symlinking: /home/autodrive_devkit/install/slam_toolbox/include/slam_toolbox/slam_toolbox/srv/merge_maps.h
[89.806s] -- Symlinking: /home/autodrive_devkit/install/slam_toolbox/include/slam_toolbox/slam_toolbox/srv/pause.h
[89.812s] -- Symlinking: /home/autodrive_devkit/install/slam_toolbox/include/slam_toolbox/slam_toolbox/srv/save_map.h
[89.817s] -- Symlinking: /home/autodrive_devkit/install/slam_toolbox/include/slam_toolbox/slam_toolbox/srv/serialize_pose_graph.h
[89.823s] -- Symlinking: /home/autodrive_devkit/install/slam_toolbox/include/slam_toolbox/slam_toolbox/srv/toggle_interactive.h
[89.828s] -- Symlinking: /home/autodrive_devkit/install/slam_toolbox/share/slam_toolbox/environment/library_path.sh
[89.840s] -- Symlinking: /home/autodrive_devkit/install/slam_toolbox/share/slam_toolbox/environment/library_path.dsv
[89.847s] -- Symlinking: /home/autodrive_devkit/install/slam_toolbox/include/slam_toolbox/slam_toolbox/msg/rosidl_typesupport_fastrtps_c__visibility_control.h
[89.852s] -- Symlinking: /home/autodrive_devkit/install/slam_toolbox/include/slam_toolbox/slam_toolbox/srv/detail/add_submap__rosidl_typesupport_fastrtps_c.h
[89.863s] -- Symlinking: /home/autodrive_devkit/install/slam_toolbox/include/slam_toolbox/slam_toolbox/srv/detail/clear__rosidl_typesupport_fastrtps_c.h
[89.872s] -- Symlinking: /home/autodrive_devkit/install/slam_toolbox/include/slam_toolbox/slam_toolbox/srv/detail/clear_queue__rosidl_typesupport_fastrtps_c.h
[89.877s] -- Symlinking: /home/autodrive_devkit/install/slam_toolbox/include/slam_toolbox/slam_toolbox/srv/detail/deserialize_pose_graph__rosidl_typesupport_fastrtps_c.h
[89.886s] -- Symlinking: /home/autodrive_devkit/install/slam_toolbox/include/slam_toolbox/slam_toolbox/srv/detail/loop_closure__rosidl_typesupport_fastrtps_c.h
[89.898s] -- Symlinking: /home/autodrive_devkit/install/slam_toolbox/include/slam_toolbox/slam_toolbox/srv/detail/merge_maps__rosidl_typesupport_fastrtps_c.h
[89.910s] -- Symlinking: /home/autodrive_devkit/install/slam_toolbox/include/slam_toolbox/slam_toolbox/srv/detail/pause__rosidl_typesupport_fastrtps_c.h
[89.921s] -- Symlinking: /home/autodrive_devkit/install/slam_toolbox/include/slam_toolbox/slam_toolbox/srv/detail/save_map__rosidl_typesupport_fastrtps_c.h
[89.932s] -- Symlinking: /home/autodrive_devkit/install/slam_toolbox/include/slam_toolbox/slam_toolbox/srv/detail/serialize_pose_graph__rosidl_typesupport_fastrtps_c.h
[89.943s] -- Symlinking: /home/autodrive_devkit/install/slam_toolbox/include/slam_toolbox/slam_toolbox/srv/detail/toggle_interactive__rosidl_typesupport_fastrtps_c.h
[89.955s] -- Symlinking: /home/autodrive_devkit/install/slam_toolbox/include/slam_toolbox/slam_toolbox/srv/add_submap.hpp
[89.966s] -- Symlinking: /home/autodrive_devkit/install/slam_toolbox/include/slam_toolbox/slam_toolbox/srv/clear.hpp
[89.975s] -- Symlinking: /home/autodrive_devkit/install/slam_toolbox/include/slam_toolbox/slam_toolbox/srv/clear_queue.hpp
[89.983s] -- Symlinking: /home/autodrive_devkit/install/slam_toolbox/include/slam_toolbox/slam_toolbox/srv/deserialize_pose_graph.hpp
[89.995s] -- Symlinking: /home/autodrive_devkit/install/slam_toolbox/include/slam_toolbox/slam_toolbox/srv/detail/add_submap__builder.hpp
[90.001s] -- Symlinking: /home/autodrive_devkit/install/slam_toolbox/include/slam_toolbox/slam_toolbox/srv/detail/add_submap__struct.hpp
[90.012s] -- Symlinking: /home/autodrive_devkit/install/slam_toolbox/include/slam_toolbox/slam_toolbox/srv/detail/add_submap__traits.hpp
[90.018s] -- Symlinking: /home/autodrive_devkit/install/slam_toolbox/include/slam_toolbox/slam_toolbox/srv/detail/clear__builder.hpp
[90.028s] -- Symlinking: /home/autodrive_devkit/install/slam_toolbox/include/slam_toolbox/slam_toolbox/srv/detail/clear__struct.hpp
[90.040s] -- Symlinking: /home/autodrive_devkit/install/slam_toolbox/include/slam_toolbox/slam_toolbox/srv/detail/clear__traits.hpp
[90.046s] -- Symlinking: /home/autodrive_devkit/install/slam_toolbox/include/slam_toolbox/slam_toolbox/srv/detail/clear_queue__builder.hpp
[90.052s] -- Symlinking: /home/autodrive_devkit/install/slam_toolbox/include/slam_toolbox/slam_toolbox/srv/detail/clear_queue__struct.hpp
[90.058s] -- Symlinking: /home/autodrive_devkit/install/slam_toolbox/include/slam_toolbox/slam_toolbox/srv/detail/clear_queue__traits.hpp
[90.067s] -- Symlinking: /home/autodrive_devkit/install/slam_toolbox/include/slam_toolbox/slam_toolbox/srv/detail/deserialize_pose_graph__builder.hpp
[90.073s] -- Symlinking: /home/autodrive_devkit/install/slam_toolbox/include/slam_toolbox/slam_toolbox/srv/detail/deserialize_pose_graph__struct.hpp
[90.079s] -- Symlinking: /home/autodrive_devkit/install/slam_toolbox/include/slam_toolbox/slam_toolbox/srv/detail/deserialize_pose_graph__traits.hpp
[90.085s] -- Symlinking: /home/autodrive_devkit/install/slam_toolbox/include/slam_toolbox/slam_toolbox/srv/detail/loop_closure__builder.hpp
[90.093s] -- Symlinking: /home/autodrive_devkit/install/slam_toolbox/include/slam_toolbox/slam_toolbox/srv/detail/loop_closure__struct.hpp
[90.100s] -- Symlinking: /home/autodrive_devkit/install/slam_toolbox/include/slam_toolbox/slam_toolbox/srv/detail/loop_closure__traits.hpp
[90.110s] -- Symlinking: /home/autodrive_devkit/install/slam_toolbox/include/slam_toolbox/slam_toolbox/srv/detail/merge_maps__builder.hpp
[90.119s] -- Symlinking: /home/autodrive_devkit/install/slam_toolbox/include/slam_toolbox/slam_toolbox/srv/detail/merge_maps__struct.hpp
[90.129s] -- Symlinking: /home/autodrive_devkit/install/slam_toolbox/include/slam_toolbox/slam_toolbox/srv/detail/merge_maps__traits.hpp
[90.136s] -- Symlinking: /home/autodrive_devkit/install/slam_toolbox/include/slam_toolbox/slam_toolbox/srv/detail/pause__builder.hpp
[90.141s] -- Symlinking: /home/autodrive_devkit/install/slam_toolbox/include/slam_toolbox/slam_toolbox/srv/detail/pause__struct.hpp
[90.152s] -- Symlinking: /home/autodrive_devkit/install/slam_toolbox/include/slam_toolbox/slam_toolbox/srv/detail/pause__traits.hpp
[90.158s] -- Symlinking: /home/autodrive_devkit/install/slam_toolbox/include/slam_toolbox/slam_toolbox/srv/detail/save_map__builder.hpp
[90.167s] -- Symlinking: /home/autodrive_devkit/install/slam_toolbox/include/slam_toolbox/slam_toolbox/srv/detail/save_map__struct.hpp
[90.173s] -- Symlinking: /home/autodrive_devkit/install/slam_toolbox/include/slam_toolbox/slam_toolbox/srv/detail/save_map__traits.hpp
[90.179s] -- Symlinking: /home/autodrive_devkit/install/slam_toolbox/include/slam_toolbox/slam_toolbox/srv/detail/serialize_pose_graph__builder.hpp
[90.188s] -- Symlinking: /home/autodrive_devkit/install/slam_toolbox/include/slam_toolbox/slam_toolbox/srv/detail/serialize_pose_graph__struct.hpp
[90.197s] -- Symlinking: /home/autodrive_devkit/install/slam_toolbox/include/slam_toolbox/slam_toolbox/srv/detail/serialize_pose_graph__traits.hpp
[90.206s] -- Symlinking: /home/autodrive_devkit/install/slam_toolbox/include/slam_toolbox/slam_toolbox/srv/detail/toggle_interactive__builder.hpp
[90.218s] -- Symlinking: /home/autodrive_devkit/install/slam_toolbox/include/slam_toolbox/slam_toolbox/srv/detail/toggle_interactive__struct.hpp
[90.230s] -- Symlinking: /home/autodrive_devkit/install/slam_toolbox/include/slam_toolbox/slam_toolbox/srv/detail/toggle_interactive__traits.hpp
[90.239s] -- Symlinking: /home/autodrive_devkit/install/slam_toolbox/include/slam_toolbox/slam_toolbox/srv/loop_closure.hpp
[90.249s] -- Symlinking: /home/autodrive_devkit/install/slam_toolbox/include/slam_toolbox/slam_toolbox/srv/merge_maps.hpp
[90.260s] -- Symlinking: /home/autodrive_devkit/install/slam_toolbox/include/slam_toolbox/slam_toolbox/srv/pause.hpp
[90.266s] -- Symlinking: /home/autodrive_devkit/install/slam_toolbox/include/slam_toolbox/slam_toolbox/srv/save_map.hpp
[90.277s] -- Symlinking: /home/autodrive_devkit/install/slam_toolbox/include/slam_toolbox/slam_toolbox/srv/serialize_pose_graph.hpp
[90.289s] -- Symlinking: /home/autodrive_devkit/install/slam_toolbox/include/slam_toolbox/slam_toolbox/srv/toggle_interactive.hpp
[90.299s] -- Symlinking: /home/autodrive_devkit/install/slam_toolbox/include/slam_toolbox/slam_toolbox/msg/rosidl_typesupport_fastrtps_cpp__visibility_control.h
[90.310s] -- Symlinking: /home/autodrive_devkit/install/slam_toolbox/include/slam_toolbox/slam_toolbox/srv/detail/add_submap__rosidl_typesupport_fastrtps_cpp.hpp
[90.321s] -- Symlinking: /home/autodrive_devkit/install/slam_toolbox/include/slam_toolbox/slam_toolbox/srv/detail/clear__rosidl_typesupport_fastrtps_cpp.hpp
[90.332s] -- Symlinking: /home/autodrive_devkit/install/slam_toolbox/include/slam_toolbox/slam_toolbox/srv/detail/clear_queue__rosidl_typesupport_fastrtps_cpp.hpp
[90.338s] -- Symlinking: /home/autodrive_devkit/install/slam_toolbox/include/slam_toolbox/slam_toolbox/srv/detail/deserialize_pose_graph__rosidl_typesupport_fastrtps_cpp.hpp
[90.347s] -- Symlinking: /home/autodrive_devkit/install/slam_toolbox/include/slam_toolbox/slam_toolbox/srv/detail/loop_closure__rosidl_typesupport_fastrtps_cpp.hpp
[90.353s] -- Symlinking: /home/autodrive_devkit/install/slam_toolbox/include/slam_toolbox/slam_toolbox/srv/detail/merge_maps__rosidl_typesupport_fastrtps_cpp.hpp
[90.359s] -- Symlinking: /home/autodrive_devkit/install/slam_toolbox/include/slam_toolbox/slam_toolbox/srv/detail/pause__rosidl_typesupport_fastrtps_cpp.hpp
[90.368s] -- Symlinking: /home/autodrive_devkit/install/slam_toolbox/include/slam_toolbox/slam_toolbox/srv/detail/save_map__rosidl_typesupport_fastrtps_cpp.hpp
[90.374s] -- Symlinking: /home/autodrive_devkit/install/slam_toolbox/include/slam_toolbox/slam_toolbox/srv/detail/serialize_pose_graph__rosidl_typesupport_fastrtps_cpp.hpp
[90.380s] -- Symlinking: /home/autodrive_devkit/install/slam_toolbox/include/slam_toolbox/slam_toolbox/srv/detail/toggle_interactive__rosidl_typesupport_fastrtps_cpp.hpp
[90.393s] -- Symlinking: /home/autodrive_devkit/install/slam_toolbox/include/slam_toolbox/slam_toolbox/msg/rosidl_typesupport_introspection_c__visibility_control.h
[90.399s] -- Symlinking: /home/autodrive_devkit/install/slam_toolbox/include/slam_toolbox/slam_toolbox/srv/detail/add_submap__rosidl_typesupport_introspection_c.h
[90.405s] -- Symlinking: /home/autodrive_devkit/install/slam_toolbox/include/slam_toolbox/slam_toolbox/srv/detail/clear__rosidl_typesupport_introspection_c.h
[90.415s] -- Symlinking: /home/autodrive_devkit/install/slam_toolbox/include/slam_toolbox/slam_toolbox/srv/detail/clear_queue__rosidl_typesupport_introspection_c.h
[90.425s] -- Symlinking: /home/autodrive_devkit/install/slam_toolbox/include/slam_toolbox/slam_toolbox/srv/detail/deserialize_pose_graph__rosidl_typesupport_introspection_c.h
[90.435s] -- Symlinking: /home/autodrive_devkit/install/slam_toolbox/include/slam_toolbox/slam_toolbox/srv/detail/loop_closure__rosidl_typesupport_introspection_c.h
[90.445s] -- Symlinking: /home/autodrive_devkit/install/slam_toolbox/include/slam_toolbox/slam_toolbox/srv/detail/merge_maps__rosidl_typesupport_introspection_c.h
[90.452s] -- Symlinking: /home/autodrive_devkit/install/slam_toolbox/include/slam_toolbox/slam_toolbox/srv/detail/pause__rosidl_typesupport_introspection_c.h
[90.458s] -- Symlinking: /home/autodrive_devkit/install/slam_toolbox/include/slam_toolbox/slam_toolbox/srv/detail/save_map__rosidl_typesupport_introspection_c.h
[90.466s] -- Symlinking: /home/autodrive_devkit/install/slam_toolbox/include/slam_toolbox/slam_toolbox/srv/detail/serialize_pose_graph__rosidl_typesupport_introspection_c.h
[90.473s] -- Symlinking: /home/autodrive_devkit/install/slam_toolbox/include/slam_toolbox/slam_toolbox/srv/detail/toggle_interactive__rosidl_typesupport_introspection_c.h
[90.484s] -- Symlinking: /home/autodrive_devkit/install/slam_toolbox/include/slam_toolbox/slam_toolbox/srv/detail/add_submap__rosidl_typesupport_introspection_cpp.hpp
[90.492s] -- Symlinking: /home/autodrive_devkit/install/slam_toolbox/include/slam_toolbox/slam_toolbox/srv/detail/clear__rosidl_typesupport_introspection_cpp.hpp
[90.502s] -- Symlinking: /home/autodrive_devkit/install/slam_toolbox/include/slam_toolbox/slam_toolbox/srv/detail/clear_queue__rosidl_typesupport_introspection_cpp.hpp
[90.507s] -- Symlinking: /home/autodrive_devkit/install/slam_toolbox/include/slam_toolbox/slam_toolbox/srv/detail/deserialize_pose_graph__rosidl_typesupport_introspection_cpp.hpp
[90.516s] -- Symlinking: /home/autodrive_devkit/install/slam_toolbox/include/slam_toolbox/slam_toolbox/srv/detail/loop_closure__rosidl_typesupport_introspection_cpp.hpp
[90.526s] -- Symlinking: /home/autodrive_devkit/install/slam_toolbox/include/slam_toolbox/slam_toolbox/srv/detail/merge_maps__rosidl_typesupport_introspection_cpp.hpp
[90.533s] -- Symlinking: /home/autodrive_devkit/install/slam_toolbox/include/slam_toolbox/slam_toolbox/srv/detail/pause__rosidl_typesupport_introspection_cpp.hpp
[90.543s] -- Symlinking: /home/autodrive_devkit/install/slam_toolbox/include/slam_toolbox/slam_toolbox/srv/detail/save_map__rosidl_typesupport_introspection_cpp.hpp
[90.549s] -- Symlinking: /home/autodrive_devkit/install/slam_toolbox/include/slam_toolbox/slam_toolbox/srv/detail/serialize_pose_graph__rosidl_typesupport_introspection_cpp.hpp
[90.557s] -- Symlinking: /home/autodrive_devkit/install/slam_toolbox/include/slam_toolbox/slam_toolbox/srv/detail/toggle_interactive__rosidl_typesupport_introspection_cpp.hpp
[90.567s] -- Symlinking: /home/autodrive_devkit/install/slam_toolbox/share/slam_toolbox/environment/pythonpath.sh
[90.573s] -- Symlinking: /home/autodrive_devkit/install/slam_toolbox/share/slam_toolbox/environment/pythonpath.dsv
[90.583s] -- Symlinking: /home/autodrive_devkit/install/slam_toolbox/local/lib/python3.10/dist-packages/slam_toolbox-2.6.8-py3.10.egg-info/PKG-INFO
[90.589s] -- Symlinking: /home/autodrive_devkit/install/slam_toolbox/local/lib/python3.10/dist-packages/slam_toolbox-2.6.8-py3.10.egg-info/SOURCES.txt
[90.600s] -- Symlinking: /home/autodrive_devkit/install/slam_toolbox/local/lib/python3.10/dist-packages/slam_toolbox-2.6.8-py3.10.egg-info/dependency_links.txt
[90.606s] -- Symlinking: /home/autodrive_devkit/install/slam_toolbox/local/lib/python3.10/dist-packages/slam_toolbox-2.6.8-py3.10.egg-info/top_level.txt
[90.619s] -- Symlinking: /home/autodrive_devkit/install/slam_toolbox/local/lib/python3.10/dist-packages/slam_toolbox/__init__.py
[90.630s] -- Symlinking: /home/autodrive_devkit/install/slam_toolbox/local/lib/python3.10/dist-packages/slam_toolbox/_slam_toolbox_s.ep.rosidl_typesupport_c.c
[90.640s] -- Symlinking: /home/autodrive_devkit/install/slam_toolbox/local/lib/python3.10/dist-packages/slam_toolbox/_slam_toolbox_s.ep.rosidl_typesupport_fastrtps_c.c
[90.646s] -- Symlinking: /home/autodrive_devkit/install/slam_toolbox/local/lib/python3.10/dist-packages/slam_toolbox/_slam_toolbox_s.ep.rosidl_typesupport_introspection_c.c
[90.655s] -- Symlinking: /home/autodrive_devkit/install/slam_toolbox/local/lib/python3.10/dist-packages/slam_toolbox/libslam_toolbox__rosidl_generator_py.so
[90.664s] -- Symlinking: /home/autodrive_devkit/install/slam_toolbox/local/lib/python3.10/dist-packages/slam_toolbox/slam_toolbox_s__rosidl_typesupport_c.cpython-310-x86_64-linux-gnu.so
[90.671s] -- Symlinking: /home/autodrive_devkit/install/slam_toolbox/local/lib/python3.10/dist-packages/slam_toolbox/slam_toolbox_s__rosidl_typesupport_fastrtps_c.cpython-310-x86_64-linux-gnu.so
[90.677s] -- Symlinking: /home/autodrive_devkit/install/slam_toolbox/local/lib/python3.10/dist-packages/slam_toolbox/slam_toolbox_s__rosidl_typesupport_introspection_c.cpython-310-x86_64-linux-gnu.so
[90.682s] -- Symlinking: /home/autodrive_devkit/install/slam_toolbox/local/lib/python3.10/dist-packages/slam_toolbox/srv/__init__.py
[90.694s] -- Symlinking: /home/autodrive_devkit/install/slam_toolbox/local/lib/python3.10/dist-packages/slam_toolbox/srv/_add_submap.py
[90.706s] -- Symlinking: /home/autodrive_devkit/install/slam_toolbox/local/lib/python3.10/dist-packages/slam_toolbox/srv/_add_submap_s.c
[90.711s] -- Symlinking: /home/autodrive_devkit/install/slam_toolbox/local/lib/python3.10/dist-packages/slam_toolbox/srv/_clear.py
[90.723s] -- Symlinking: /home/autodrive_devkit/install/slam_toolbox/local/lib/python3.10/dist-packages/slam_toolbox/srv/_clear_queue.py
[90.729s] -- Symlinking: /home/autodrive_devkit/install/slam_toolbox/local/lib/python3.10/dist-packages/slam_toolbox/srv/_clear_queue_s.c
[90.735s] -- Symlinking: /home/autodrive_devkit/install/slam_toolbox/local/lib/python3.10/dist-packages/slam_toolbox/srv/_clear_s.c
[90.746s] -- Symlinking: /home/autodrive_devkit/install/slam_toolbox/local/lib/python3.10/dist-packages/slam_toolbox/srv/_deserialize_pose_graph.py
[90.757s] -- Symlinking: /home/autodrive_devkit/install/slam_toolbox/local/lib/python3.10/dist-packages/slam_toolbox/srv/_deserialize_pose_graph_s.c
[90.767s] -- Symlinking: /home/autodrive_devkit/install/slam_toolbox/local/lib/python3.10/dist-packages/slam_toolbox/srv/_loop_closure.py
[90.777s] -- Symlinking: /home/autodrive_devkit/install/slam_toolbox/local/lib/python3.10/dist-packages/slam_toolbox/srv/_loop_closure_s.c
[90.784s] -- Symlinking: /home/autodrive_devkit/install/slam_toolbox/local/lib/python3.10/dist-packages/slam_toolbox/srv/_merge_maps.py
[90.795s] -- Symlinking: /home/autodrive_devkit/install/slam_toolbox/local/lib/python3.10/dist-packages/slam_toolbox/srv/_merge_maps_s.c
[90.806s] -- Symlinking: /home/autodrive_devkit/install/slam_toolbox/local/lib/python3.10/dist-packages/slam_toolbox/srv/_pause.py
[90.813s] -- Symlinking: /home/autodrive_devkit/install/slam_toolbox/local/lib/python3.10/dist-packages/slam_toolbox/srv/_pause_s.c
[90.818s] -- Symlinking: /home/autodrive_devkit/install/slam_toolbox/local/lib/python3.10/dist-packages/slam_toolbox/srv/_save_map.py
[90.827s] -- Symlinking: /home/autodrive_devkit/install/slam_toolbox/local/lib/python3.10/dist-packages/slam_toolbox/srv/_save_map_s.c
[90.833s] -- Symlinking: /home/autodrive_devkit/install/slam_toolbox/local/lib/python3.10/dist-packages/slam_toolbox/srv/_serialize_pose_graph.py
[90.839s] -- Symlinking: /home/autodrive_devkit/install/slam_toolbox/local/lib/python3.10/dist-packages/slam_toolbox/srv/_serialize_pose_graph_s.c
[90.845s] -- Symlinking: /home/autodrive_devkit/install/slam_toolbox/local/lib/python3.10/dist-packages/slam_toolbox/srv/_toggle_interactive.py
[90.851s] -- Symlinking: /home/autodrive_devkit/install/slam_toolbox/local/lib/python3.10/dist-packages/slam_toolbox/srv/_toggle_interactive_s.c
[90.862s] -- Up-to-date symlink: /home/autodrive_devkit/install/slam_toolbox/local/lib/python3.10/dist-packages/slam_toolbox/slam_toolbox_s__rosidl_typesupport_fastrtps_c.cpython-310-x86_64-linux-gnu.so
[90.862s] -- Up-to-date symlink: /home/autodrive_devkit/install/slam_toolbox/local/lib/python3.10/dist-packages/slam_toolbox/slam_toolbox_s__rosidl_typesupport_introspection_c.cpython-310-x86_64-linux-gnu.so
[90.863s] -- Up-to-date symlink: /home/autodrive_devkit/install/slam_toolbox/local/lib/python3.10/dist-packages/slam_toolbox/slam_toolbox_s__rosidl_typesupport_c.cpython-310-x86_64-linux-gnu.so
[90.863s] -- Symlinking: /home/autodrive_devkit/install/slam_toolbox/share/slam_toolbox/srv/Pause.idl
[90.872s] -- Symlinking: /home/autodrive_devkit/install/slam_toolbox/share/slam_toolbox/srv/ClearQueue.idl
[90.877s] -- Symlinking: /home/autodrive_devkit/install/slam_toolbox/share/slam_toolbox/srv/ToggleInteractive.idl
[90.888s] -- Symlinking: /home/autodrive_devkit/install/slam_toolbox/share/slam_toolbox/srv/Clear.idl
[90.897s] -- Symlinking: /home/autodrive_devkit/install/slam_toolbox/share/slam_toolbox/srv/SaveMap.idl
[90.904s] -- Symlinking: /home/autodrive_devkit/install/slam_toolbox/share/slam_toolbox/srv/LoopClosure.idl
[90.910s] -- Symlinking: /home/autodrive_devkit/install/slam_toolbox/share/slam_toolbox/srv/MergeMaps.idl
[90.917s] -- Symlinking: /home/autodrive_devkit/install/slam_toolbox/share/slam_toolbox/srv/AddSubmap.idl
[90.928s] -- Symlinking: /home/autodrive_devkit/install/slam_toolbox/share/slam_toolbox/srv/DeserializePoseGraph.idl
[90.934s] -- Symlinking: /home/autodrive_devkit/install/slam_toolbox/share/slam_toolbox/srv/SerializePoseGraph.idl
[90.946s] -- Symlinking: /home/autodrive_devkit/install/slam_toolbox/share/slam_toolbox/srvs/Pause.srv
[90.957s] -- Symlinking: /home/autodrive_devkit/install/slam_toolbox/share/slam_toolbox/srvs/Pause_Request.msg
[90.967s] -- Symlinking: /home/autodrive_devkit/install/slam_toolbox/share/slam_toolbox/srvs/Pause_Response.msg
[90.977s] -- Symlinking: /home/autodrive_devkit/install/slam_toolbox/share/slam_toolbox/srvs/ClearQueue.srv
[90.987s] -- Symlinking: /home/autodrive_devkit/install/slam_toolbox/share/slam_toolbox/srvs/ClearQueue_Request.msg
[90.998s] -- Symlinking: /home/autodrive_devkit/install/slam_toolbox/share/slam_toolbox/srvs/ClearQueue_Response.msg
[91.009s] -- Symlinking: /home/autodrive_devkit/install/slam_toolbox/share/slam_toolbox/srvs/ToggleInteractive.srv
[91.020s] -- Symlinking: /home/autodrive_devkit/install/slam_toolbox/share/slam_toolbox/srvs/ToggleInteractive_Request.msg
[91.026s] -- Symlinking: /home/autodrive_devkit/install/slam_toolbox/share/slam_toolbox/srvs/ToggleInteractive_Response.msg
[91.038s] -- Symlinking: /home/autodrive_devkit/install/slam_toolbox/share/slam_toolbox/srvs/Clear.srv
[91.049s] -- Symlinking: /home/autodrive_devkit/install/slam_toolbox/share/slam_toolbox/srvs/Clear_Request.msg
[91.060s] -- Symlinking: /home/autodrive_devkit/install/slam_toolbox/share/slam_toolbox/srvs/Clear_Response.msg
[91.070s] -- Symlinking: /home/autodrive_devkit/install/slam_toolbox/share/slam_toolbox/srvs/SaveMap.srv
[91.076s] -- Symlinking: /home/autodrive_devkit/install/slam_toolbox/share/slam_toolbox/srvs/SaveMap_Request.msg
[91.089s] -- Symlinking: /home/autodrive_devkit/install/slam_toolbox/share/slam_toolbox/srvs/SaveMap_Response.msg
[91.097s] -- Symlinking: /home/autodrive_devkit/install/slam_toolbox/share/slam_toolbox/srvs/LoopClosure.srv
[91.108s] -- Symlinking: /home/autodrive_devkit/install/slam_toolbox/share/slam_toolbox/srvs/LoopClosure_Request.msg
[91.114s] -- Symlinking: /home/autodrive_devkit/install/slam_toolbox/share/slam_toolbox/srvs/LoopClosure_Response.msg
[91.119s] -- Symlinking: /home/autodrive_devkit/install/slam_toolbox/share/slam_toolbox/srvs/MergeMaps.srv
[91.125s] -- Symlinking: /home/autodrive_devkit/install/slam_toolbox/share/slam_toolbox/srvs/MergeMaps_Request.msg
[91.131s] -- Symlinking: /home/autodrive_devkit/install/slam_toolbox/share/slam_toolbox/srvs/MergeMaps_Response.msg
[91.138s] -- Symlinking: /home/autodrive_devkit/install/slam_toolbox/share/slam_toolbox/srvs/AddSubmap.srv
[91.147s] -- Symlinking: /home/autodrive_devkit/install/slam_toolbox/share/slam_toolbox/srvs/AddSubmap_Request.msg
[91.159s] -- Symlinking: /home/autodrive_devkit/install/slam_toolbox/share/slam_toolbox/srvs/AddSubmap_Response.msg
[91.167s] -- Symlinking: /home/autodrive_devkit/install/slam_toolbox/share/slam_toolbox/srvs/DeserializePoseGraph.srv
[91.173s] -- Symlinking: /home/autodrive_devkit/install/slam_toolbox/share/slam_toolbox/srvs/DeserializePoseGraph_Request.msg
[91.179s] -- Symlinking: /home/autodrive_devkit/install/slam_toolbox/share/slam_toolbox/srvs/DeserializePoseGraph_Response.msg
[91.184s] -- Symlinking: /home/autodrive_devkit/install/slam_toolbox/share/slam_toolbox/srvs/SerializePoseGraph.srv
[91.190s] -- Symlinking: /home/autodrive_devkit/install/slam_toolbox/share/slam_toolbox/srvs/SerializePoseGraph_Request.msg
[91.195s] -- Symlinking: /home/autodrive_devkit/install/slam_toolbox/share/slam_toolbox/srvs/SerializePoseGraph_Response.msg
[91.201s] -- Symlinking: /home/autodrive_devkit/install/slam_toolbox/share/slam_toolbox//rviz_plugins.xml
[91.207s] -- Symlinking: /home/autodrive_devkit/install/slam_toolbox/share/slam_toolbox//solver_plugins.xml
[91.217s] -- Symlinking: /home/autodrive_devkit/install/slam_toolbox/lib/slam_toolbox/async_slam_toolbox_node
[91.223s] -- Symlinking: /home/autodrive_devkit/install/slam_toolbox/lib/slam_toolbox/sync_slam_toolbox_node
[91.230s] -- Symlinking: /home/autodrive_devkit/install/slam_toolbox/lib/slam_toolbox/localization_slam_toolbox_node
[91.241s] -- Symlinking: /home/autodrive_devkit/install/slam_toolbox/lib/slam_toolbox/map_and_localization_slam_toolbox_node
[91.254s] -- Symlinking: /home/autodrive_devkit/install/slam_toolbox/lib/slam_toolbox/merge_maps_kinematic
[91.266s] -- Symlinking: /home/autodrive_devkit/install/slam_toolbox/lib/libtoolbox_common.so
[91.275s] -- Symlinking: /home/autodrive_devkit/install/slam_toolbox/lib/libSlamToolboxPlugin.so
[91.286s] -- Symlinking: /home/autodrive_devkit/install/slam_toolbox/lib/libceres_solver_plugin.so
[91.292s] -- Symlinking: /home/autodrive_devkit/install/slam_toolbox/lib/libasync_slam_toolbox.so
[91.298s] -- Symlinking: /home/autodrive_devkit/install/slam_toolbox/lib/libsync_slam_toolbox.so
[91.311s] -- Symlinking: /home/autodrive_devkit/install/slam_toolbox/lib/liblocalization_slam_toolbox.so
[91.320s] -- Symlinking: /home/autodrive_devkit/install/slam_toolbox/lib/liblifelong_slam_toolbox.so
[91.330s] -- Symlinking: /home/autodrive_devkit/install/slam_toolbox/lib/libmap_and_localization_slam_toolbox.so
[91.336s] -- Symlinking: /home/autodrive_devkit/install/slam_toolbox/lib/libkartoSlamToolbox.so
[91.348s] -- Symlinking: /home/autodrive_devkit/install/slam_toolbox/include/slam_toolbox/experimental/slam_toolbox_lifelong.hpp
[91.359s] -- Symlinking: /home/autodrive_devkit/install/slam_toolbox/include/slam_toolbox/experimental/slam_toolbox_map_and_localization.hpp
[91.365s] -- Symlinking: /home/autodrive_devkit/install/slam_toolbox/include/slam_toolbox/get_pose_helper.hpp
[91.376s] -- Symlinking: /home/autodrive_devkit/install/slam_toolbox/include/slam_toolbox/laser_utils.hpp
[91.386s] -- Symlinking: /home/autodrive_devkit/install/slam_toolbox/include/slam_toolbox/loop_closure_assistant.hpp
[91.399s] -- Symlinking: /home/autodrive_devkit/install/slam_toolbox/include/slam_toolbox/map_saver.hpp
[91.408s] -- Symlinking: /home/autodrive_devkit/install/slam_toolbox/include/slam_toolbox/merge_maps_kinematic.hpp
[91.414s] -- Symlinking: /home/autodrive_devkit/install/slam_toolbox/include/slam_toolbox/serialization.hpp
[91.421s] -- Symlinking: /home/autodrive_devkit/install/slam_toolbox/include/slam_toolbox/slam_mapper.hpp
[91.430s] -- Symlinking: /home/autodrive_devkit/install/slam_toolbox/include/slam_toolbox/slam_toolbox_async.hpp
[91.437s] -- Symlinking: /home/autodrive_devkit/install/slam_toolbox/include/slam_toolbox/slam_toolbox_common.hpp
[91.443s] -- Symlinking: /home/autodrive_devkit/install/slam_toolbox/include/slam_toolbox/slam_toolbox_localization.hpp
[91.449s] -- Symlinking: /home/autodrive_devkit/install/slam_toolbox/include/slam_toolbox/slam_toolbox_sync.hpp
[91.457s] -- Symlinking: /home/autodrive_devkit/install/slam_toolbox/include/slam_toolbox/snap_utils.hpp
[91.465s] -- Symlinking: /home/autodrive_devkit/install/slam_toolbox/include/slam_toolbox/toolbox_msgs.hpp
[91.471s] -- Symlinking: /home/autodrive_devkit/install/slam_toolbox/include/slam_toolbox/toolbox_types.hpp
[91.480s] -- Symlinking: /home/autodrive_devkit/install/slam_toolbox/include/slam_toolbox/visualization_utils.hpp
[91.491s] -- Symlinking: /home/autodrive_devkit/install/slam_toolbox/share/slam_toolbox/launch/localization_launch.py
[91.500s] -- Symlinking: /home/autodrive_devkit/install/slam_toolbox/share/slam_toolbox/launch/merge_maps_kinematic_launch.py
[91.511s] -- Symlinking: /home/autodrive_devkit/install/slam_toolbox/share/slam_toolbox/launch/offline_launch.py
[91.522s] -- Symlinking: /home/autodrive_devkit/install/slam_toolbox/share/slam_toolbox/launch/online_async_launch.py
[91.533s] -- Symlinking: /home/autodrive_devkit/install/slam_toolbox/share/slam_toolbox/launch/online_sync_launch.py
[91.546s] -- Symlinking: /home/autodrive_devkit/install/slam_toolbox/share/slam_toolbox/config/mapper_params_lifelong.yaml
[91.552s] -- Symlinking: /home/autodrive_devkit/install/slam_toolbox/share/slam_toolbox/config/mapper_params_localization.yaml
[91.558s] -- Symlinking: /home/autodrive_devkit/install/slam_toolbox/share/slam_toolbox/config/mapper_params_offline.yaml
[91.569s] -- Symlinking: /home/autodrive_devkit/install/slam_toolbox/share/slam_toolbox/config/mapper_params_online_async.yaml
[91.579s] -- Symlinking: /home/autodrive_devkit/install/slam_toolbox/share/slam_toolbox/config/mapper_params_online_sync.yaml
[91.586s] -- Symlinking: /home/autodrive_devkit/install/slam_toolbox/share/slam_toolbox/config/slam_toolbox_default.rviz
[91.592s] -- Symlinking: /home/autodrive_devkit/install/slam_toolbox/share/solver_plugins.xml
[91.599s] -- Symlinking: /home/autodrive_devkit/install/slam_toolbox/share/rviz_plugins.xml
[91.608s] -- Symlinking: /home/autodrive_devkit/install/slam_toolbox/share/ament_index/resource_index/package_run_dependencies/slam_toolbox
[91.615s] -- Symlinking: /home/autodrive_devkit/install/slam_toolbox/share/ament_index/resource_index/parent_prefix_path/slam_toolbox
[91.625s] -- Symlinking: /home/autodrive_devkit/install/slam_toolbox/share/slam_toolbox/environment/ament_prefix_path.sh
[91.633s] -- Symlinking: /home/autodrive_devkit/install/slam_toolbox/share/slam_toolbox/environment/ament_prefix_path.dsv
[91.643s] -- Symlinking: /home/autodrive_devkit/install/slam_toolbox/share/slam_toolbox/environment/path.sh
[91.649s] -- Symlinking: /home/autodrive_devkit/install/slam_toolbox/share/slam_toolbox/environment/path.dsv
[91.657s] -- Symlinking: /home/autodrive_devkit/install/slam_toolbox/share/slam_toolbox/local_setup.bash
[91.667s] -- Symlinking: /home/autodrive_devkit/install/slam_toolbox/share/slam_toolbox/local_setup.sh
[91.678s] -- Symlinking: /home/autodrive_devkit/install/slam_toolbox/share/slam_toolbox/local_setup.zsh
[91.688s] -- Symlinking: /home/autodrive_devkit/install/slam_toolbox/share/slam_toolbox/local_setup.dsv
[91.700s] -- Symlinking: /home/autodrive_devkit/install/slam_toolbox/share/slam_toolbox/package.dsv
[91.713s] -- Symlinking: /home/autodrive_devkit/install/slam_toolbox/share/ament_index/resource_index/packages/slam_toolbox
[91.723s] -- Symlinking: /home/autodrive_devkit/install/slam_toolbox/share/ament_index/resource_index/rviz_common__pluginlib__plugin/slam_toolbox
[91.735s] -- Symlinking: /home/autodrive_devkit/install/slam_toolbox/share/ament_index/resource_index/slam_toolbox__pluginlib__plugin/slam_toolbox
[91.749s] -- Symlinking: /home/autodrive_devkit/install/slam_toolbox/share/ament_index/resource_index/rclcpp_components/slam_toolbox
[91.755s] -- Symlinking: /home/autodrive_devkit/install/slam_toolbox/share/slam_toolbox/cmake/rosidl_cmake-extras.cmake
[91.762s] -- Symlinking: /home/autodrive_devkit/install/slam_toolbox/share/slam_toolbox/cmake/ament_cmake_export_dependencies-extras.cmake
[91.772s] -- Symlinking: /home/autodrive_devkit/install/slam_toolbox/share/slam_toolbox/cmake/ament_cmake_export_include_directories-extras.cmake
[91.778s] -- Symlinking: /home/autodrive_devkit/install/slam_toolbox/share/slam_toolbox/cmake/ament_cmake_export_libraries-extras.cmake
[91.790s] -- Symlinking: /home/autodrive_devkit/install/slam_toolbox/share/slam_toolbox/cmake/ament_cmake_export_targets-extras.cmake
[91.798s] -- Symlinking: /home/autodrive_devkit/install/slam_toolbox/share/slam_toolbox/cmake/rosidl_cmake_export_typesupport_targets-extras.cmake
[91.810s] -- Symlinking: /home/autodrive_devkit/install/slam_toolbox/share/slam_toolbox/cmake/rosidl_cmake_export_typesupport_libraries-extras.cmake
[91.822s] -- Symlinking: /home/autodrive_devkit/install/slam_toolbox/share/slam_toolbox/cmake/slam_toolboxConfig.cmake
[91.832s] -- Symlinking: /home/autodrive_devkit/install/slam_toolbox/share/slam_toolbox/cmake/slam_toolboxConfig-version.cmake
[91.841s] -- Symlinking: /home/autodrive_devkit/install/slam_toolbox/share/slam_toolbox/package.xml
[91.847s] -- Installing: /home/autodrive_devkit/install/slam_toolbox/lib/libslam_toolbox__rosidl_generator_c.so
[91.848s] -- Set runtime path of "/home/autodrive_devkit/install/slam_toolbox/lib/libslam_toolbox__rosidl_generator_c.so" to ""
[91.848s] -- Installing: /home/autodrive_devkit/install/slam_toolbox/lib/libslam_toolbox__rosidl_typesupport_fastrtps_c.so
[91.848s] -- Set runtime path of "/home/autodrive_devkit/install/slam_toolbox/lib/libslam_toolbox__rosidl_typesupport_fastrtps_c.so" to ""
[91.848s] -- Installing: /home/autodrive_devkit/install/slam_toolbox/lib/libslam_toolbox__rosidl_typesupport_fastrtps_cpp.so
[91.849s] -- Set runtime path of "/home/autodrive_devkit/install/slam_toolbox/lib/libslam_toolbox__rosidl_typesupport_fastrtps_cpp.so" to ""
[91.849s] -- Installing: /home/autodrive_devkit/install/slam_toolbox/lib/libslam_toolbox__rosidl_typesupport_introspection_c.so
[91.849s] -- Set runtime path of "/home/autodrive_devkit/install/slam_toolbox/lib/libslam_toolbox__rosidl_typesupport_introspection_c.so" to ""
[91.849s] -- Installing: /home/autodrive_devkit/install/slam_toolbox/lib/libslam_toolbox__rosidl_typesupport_c.so
[91.850s] -- Set runtime path of "/home/autodrive_devkit/install/slam_toolbox/lib/libslam_toolbox__rosidl_typesupport_c.so" to ""
[91.850s] -- Installing: /home/autodrive_devkit/install/slam_toolbox/lib/libslam_toolbox__rosidl_typesupport_introspection_cpp.so
[91.850s] -- Set runtime path of "/home/autodrive_devkit/install/slam_toolbox/lib/libslam_toolbox__rosidl_typesupport_introspection_cpp.so" to ""
[91.850s] -- Installing: /home/autodrive_devkit/install/slam_toolbox/lib/libslam_toolbox__rosidl_typesupport_cpp.so
[91.850s] -- Set runtime path of "/home/autodrive_devkit/install/slam_toolbox/lib/libslam_toolbox__rosidl_typesupport_cpp.so" to ""
[91.885s] Listing '/home/autodrive_devkit/install/slam_toolbox/local/lib/python3.10/dist-packages/slam_toolbox'...
[91.885s] Compiling '/home/autodrive_devkit/install/slam_toolbox/local/lib/python3.10/dist-packages/slam_toolbox/__init__.py'...
[91.885s] Listing '/home/autodrive_devkit/install/slam_toolbox/local/lib/python3.10/dist-packages/slam_toolbox/srv'...
[91.886s] Compiling '/home/autodrive_devkit/install/slam_toolbox/local/lib/python3.10/dist-packages/slam_toolbox/srv/__init__.py'...
[91.886s] Compiling '/home/autodrive_devkit/install/slam_toolbox/local/lib/python3.10/dist-packages/slam_toolbox/srv/_add_submap.py'...
[91.886s] Compiling '/home/autodrive_devkit/install/slam_toolbox/local/lib/python3.10/dist-packages/slam_toolbox/srv/_clear.py'...
[91.886s] Compiling '/home/autodrive_devkit/install/slam_toolbox/local/lib/python3.10/dist-packages/slam_toolbox/srv/_clear_queue.py'...
[91.886s] Compiling '/home/autodrive_devkit/install/slam_toolbox/local/lib/python3.10/dist-packages/slam_toolbox/srv/_deserialize_pose_graph.py'...
[91.886s] Compiling '/home/autodrive_devkit/install/slam_toolbox/local/lib/python3.10/dist-packages/slam_toolbox/srv/_loop_closure.py'...
[91.886s] Compiling '/home/autodrive_devkit/install/slam_toolbox/local/lib/python3.10/dist-packages/slam_toolbox/srv/_merge_maps.py'...
[91.886s] Compiling '/home/autodrive_devkit/install/slam_toolbox/local/lib/python3.10/dist-packages/slam_toolbox/srv/_pause.py'...
[91.886s] Compiling '/home/autodrive_devkit/install/slam_toolbox/local/lib/python3.10/dist-packages/slam_toolbox/srv/_save_map.py'...
[91.886s] Compiling '/home/autodrive_devkit/install/slam_toolbox/local/lib/python3.10/dist-packages/slam_toolbox/srv/_serialize_pose_graph.py'...
[91.886s] Compiling '/home/autodrive_devkit/install/slam_toolbox/local/lib/python3.10/dist-packages/slam_toolbox/srv/_toggle_interactive.py'...
[91.889s] -- Installing: /home/autodrive_devkit/install/slam_toolbox/lib/libslam_toolbox__rosidl_generator_py.so
[91.890s] -- Set runtime path of "/home/autodrive_devkit/install/slam_toolbox/lib/libslam_toolbox__rosidl_generator_py.so" to ""
[91.890s] -- Installing: /home/autodrive_devkit/install/slam_toolbox/share/slam_toolbox/cmake/export_slam_toolbox__rosidl_generator_cExport.cmake
[91.890s] -- Installing: /home/autodrive_devkit/install/slam_toolbox/share/slam_toolbox/cmake/export_slam_toolbox__rosidl_generator_cExport-release.cmake
[91.891s] -- Installing: /home/autodrive_devkit/install/slam_toolbox/share/slam_toolbox/cmake/export_slam_toolbox__rosidl_typesupport_fastrtps_cExport.cmake
[91.891s] -- Installing: /home/autodrive_devkit/install/slam_toolbox/share/slam_toolbox/cmake/export_slam_toolbox__rosidl_typesupport_fastrtps_cExport-release.cmake
[91.891s] -- Installing: /home/autodrive_devkit/install/slam_toolbox/share/slam_toolbox/cmake/export_slam_toolbox__rosidl_generator_cppExport.cmake
[91.891s] -- Installing: /home/autodrive_devkit/install/slam_toolbox/share/slam_toolbox/cmake/export_slam_toolbox__rosidl_typesupport_fastrtps_cppExport.cmake
[91.892s] -- Installing: /home/autodrive_devkit/install/slam_toolbox/share/slam_toolbox/cmake/export_slam_toolbox__rosidl_typesupport_fastrtps_cppExport-release.cmake
[91.892s] -- Installing: /home/autodrive_devkit/install/slam_toolbox/share/slam_toolbox/cmake/slam_toolbox__rosidl_typesupport_introspection_cExport.cmake
[91.893s] -- Installing: /home/autodrive_devkit/install/slam_toolbox/share/slam_toolbox/cmake/slam_toolbox__rosidl_typesupport_introspection_cExport-release.cmake
[91.893s] -- Installing: /home/autodrive_devkit/install/slam_toolbox/share/slam_toolbox/cmake/slam_toolbox__rosidl_typesupport_cExport.cmake
[91.893s] -- Installing: /home/autodrive_devkit/install/slam_toolbox/share/slam_toolbox/cmake/slam_toolbox__rosidl_typesupport_cExport-release.cmake
[91.893s] -- Installing: /home/autodrive_devkit/install/slam_toolbox/share/slam_toolbox/cmake/slam_toolbox__rosidl_typesupport_introspection_cppExport.cmake
[91.894s] -- Installing: /home/autodrive_devkit/install/slam_toolbox/share/slam_toolbox/cmake/slam_toolbox__rosidl_typesupport_introspection_cppExport-release.cmake
[91.894s] -- Installing: /home/autodrive_devkit/install/slam_toolbox/share/slam_toolbox/cmake/slam_toolbox__rosidl_typesupport_cppExport.cmake
[91.894s] -- Installing: /home/autodrive_devkit/install/slam_toolbox/share/slam_toolbox/cmake/slam_toolbox__rosidl_typesupport_cppExport-release.cmake
[91.895s] -- Installing: /home/autodrive_devkit/install/slam_toolbox/share/slam_toolbox/cmake/export_slam_toolbox__rosidl_generator_pyExport.cmake
[91.895s] -- Installing: /home/autodrive_devkit/install/slam_toolbox/share/slam_toolbox/cmake/export_slam_toolbox__rosidl_generator_pyExport-release.cmake
[91.895s] -- Installing: /home/autodrive_devkit/install/slam_toolbox/share/slam_toolbox/cmake/SlamToolboxPluginExport.cmake
[91.895s] -- Installing: /home/autodrive_devkit/install/slam_toolbox/share/slam_toolbox/cmake/SlamToolboxPluginExport-release.cmake
[91.899s] Invoked command in '/home/autodrive_devkit/build/slam_toolbox' returned '0': CMAKE_PREFIX_PATH=${CMAKE_PREFIX_PATH}:/home/autodrive_devkit/install/nav2_simple_commander:/home/autodrive_devkit/install/nav2_loopback_sim:/home/autodrive_devkit/install/f1tenth_stanley_controller:/home/autodrive_devkit/install/autodrive_f1tenth:/opt/ros/humble /usr/bin/cmake --install /home/autodrive_devkit/build/slam_toolbox
