[0.019s] Invoking command in '/home/autodrive_devkit/build/nav_2d_msgs': CMAKE_PREFIX_PATH=${CMAKE_PREFIX_PATH}:/home/autodrive_devkit/install/f1tenth_stanley_controller:/home/autodrive_devkit/install/autodrive_f1tenth:/opt/ros/humble /usr/bin/cmake --build /home/autodrive_devkit/build/nav_2d_msgs -- -j16 -l16
[0.310s] [35m[1mConsolidate compiler generated dependencies of target nav_2d_msgs__rosidl_generator_c[0m
[0.310s] [  1%] Built target nav_2d_msgs__cpp
[0.310s] [  1%] Built target ament_cmake_python_copy_nav_2d_msgs
[0.310s] [35m[1mConsolidate compiler generated dependencies of target nav_2d_msgs__rosidl_typesupport_cpp[0m
[0.310s] [35m[1mConsolidate compiler generated dependencies of target nav_2d_msgs__rosidl_typesupport_fastrtps_cpp[0m
[0.310s] [35m[1mConsolidate compiler generated dependencies of target nav_2d_msgs__rosidl_typesupport_introspection_cpp[0m
[0.310s] [ 12%] Built target nav_2d_msgs__rosidl_generator_c
[0.310s] [35m[1mConsolidate compiler generated dependencies of target nav_2d_msgs__rosidl_typesupport_introspection_c[0m
[0.310s] [35m[1mConsolidate compiler generated dependencies of target nav_2d_msgs__rosidl_typesupport_fastrtps_c[0m
[0.310s] [35m[1mConsolidate compiler generated dependencies of target nav_2d_msgs__rosidl_typesupport_c[0m
[0.310s] [ 23%] Built target nav_2d_msgs__rosidl_typesupport_cpp
[0.310s] [ 35%] Built target nav_2d_msgs__rosidl_typesupport_fastrtps_cpp
[0.310s] [ 50%] Built target nav_2d_msgs__rosidl_typesupport_introspection_cpp
[0.310s] [ 57%] Built target nav_2d_msgs__rosidl_typesupport_c
[0.310s] [ 69%] Built target nav_2d_msgs__rosidl_typesupport_introspection_c
[0.310s] [ 80%] Built target nav_2d_msgs__rosidl_typesupport_fastrtps_c
[0.311s] [ 80%] Built target nav_2d_msgs
[0.311s] [ 81%] Built target nav_2d_msgs__py
[0.311s] [35m[1mConsolidate compiler generated dependencies of target nav_2d_msgs__rosidl_generator_py[0m
[0.311s] [ 91%] Built target nav_2d_msgs__rosidl_generator_py
[0.311s] [35m[1mConsolidate compiler generated dependencies of target nav_2d_msgs__rosidl_typesupport_c__pyext[0m
[0.311s] [35m[1mConsolidate compiler generated dependencies of target nav_2d_msgs__rosidl_typesupport_introspection_c__pyext[0m
[0.311s] [35m[1mConsolidate compiler generated dependencies of target nav_2d_msgs__rosidl_typesupport_fastrtps_c__pyext[0m
[0.311s] [ 97%] Built target nav_2d_msgs__rosidl_typesupport_introspection_c__pyext
[0.311s] [ 97%] Built target nav_2d_msgs__rosidl_typesupport_fastrtps_c__pyext
[0.311s] [100%] Built target nav_2d_msgs__rosidl_typesupport_c__pyext
[0.311s] running egg_info
[0.311s] writing nav_2d_msgs.egg-info/PKG-INFO
[0.311s] writing dependency_links to nav_2d_msgs.egg-info/dependency_links.txt
[0.311s] writing top-level names to nav_2d_msgs.egg-info/top_level.txt
[0.311s] reading manifest file 'nav_2d_msgs.egg-info/SOURCES.txt'
[0.311s] writing manifest file 'nav_2d_msgs.egg-info/SOURCES.txt'
[0.311s] [100%] Built target ament_cmake_python_build_nav_2d_msgs_egg
[0.449s] Invoked command in '/home/autodrive_devkit/build/nav_2d_msgs' returned '0': CMAKE_PREFIX_PATH=${CMAKE_PREFIX_PATH}:/home/autodrive_devkit/install/f1tenth_stanley_controller:/home/autodrive_devkit/install/autodrive_f1tenth:/opt/ros/humble /usr/bin/cmake --build /home/autodrive_devkit/build/nav_2d_msgs -- -j16 -l16
[0.584s] Invoking command in '/home/autodrive_devkit/build/nav_2d_msgs': CMAKE_PREFIX_PATH=${CMAKE_PREFIX_PATH}:/home/autodrive_devkit/install/f1tenth_stanley_controller:/home/autodrive_devkit/install/autodrive_f1tenth:/opt/ros/humble /usr/bin/cmake --install /home/autodrive_devkit/build/nav_2d_msgs
[0.590s] -- Install configuration: ""
[0.590s] -- Installing: /home/autodrive_devkit/install/nav_2d_msgs/share/ament_index/resource_index/rosidl_interfaces/nav_2d_msgs
[0.590s] -- Installing: /home/autodrive_devkit/install/nav_2d_msgs/include/nav_2d_msgs/nav_2d_msgs
[0.590s] -- Installing: /home/autodrive_devkit/install/nav_2d_msgs/include/nav_2d_msgs/nav_2d_msgs/msg
[0.590s] -- Installing: /home/autodrive_devkit/install/nav_2d_msgs/include/nav_2d_msgs/nav_2d_msgs/msg/rosidl_generator_c__visibility_control.h
[0.590s] -- Installing: /home/autodrive_devkit/install/nav_2d_msgs/include/nav_2d_msgs/nav_2d_msgs/msg/path2_d.h
[0.591s] -- Installing: /home/autodrive_devkit/install/nav_2d_msgs/include/nav_2d_msgs/nav_2d_msgs/msg/pose2_d_stamped.h
[0.591s] -- Installing: /home/autodrive_devkit/install/nav_2d_msgs/include/nav_2d_msgs/nav_2d_msgs/msg/twist2_d.h
[0.591s] -- Installing: /home/autodrive_devkit/install/nav_2d_msgs/include/nav_2d_msgs/nav_2d_msgs/msg/detail
[0.591s] -- Installing: /home/autodrive_devkit/install/nav_2d_msgs/include/nav_2d_msgs/nav_2d_msgs/msg/detail/pose2_d_stamped__functions.h
[0.591s] -- Installing: /home/autodrive_devkit/install/nav_2d_msgs/include/nav_2d_msgs/nav_2d_msgs/msg/detail/path2_d__functions.h
[0.591s] -- Installing: /home/autodrive_devkit/install/nav_2d_msgs/include/nav_2d_msgs/nav_2d_msgs/msg/detail/twist2_d32__functions.h
[0.591s] -- Installing: /home/autodrive_devkit/install/nav_2d_msgs/include/nav_2d_msgs/nav_2d_msgs/msg/detail/pose2_d32__functions.h
[0.591s] -- Installing: /home/autodrive_devkit/install/nav_2d_msgs/include/nav_2d_msgs/nav_2d_msgs/msg/detail/pose2_d_stamped__type_support.h
[0.592s] -- Installing: /home/autodrive_devkit/install/nav_2d_msgs/include/nav_2d_msgs/nav_2d_msgs/msg/detail/pose2_d32__type_support.h
[0.592s] -- Installing: /home/autodrive_devkit/install/nav_2d_msgs/include/nav_2d_msgs/nav_2d_msgs/msg/detail/pose2_d_stamped__functions.c
[0.592s] -- Installing: /home/autodrive_devkit/install/nav_2d_msgs/include/nav_2d_msgs/nav_2d_msgs/msg/detail/path2_d__type_support.h
[0.592s] -- Installing: /home/autodrive_devkit/install/nav_2d_msgs/include/nav_2d_msgs/nav_2d_msgs/msg/detail/twist2_d32__type_support.h
[0.592s] -- Installing: /home/autodrive_devkit/install/nav_2d_msgs/include/nav_2d_msgs/nav_2d_msgs/msg/detail/twist2_d_stamped__struct.h
[0.592s] -- Installing: /home/autodrive_devkit/install/nav_2d_msgs/include/nav_2d_msgs/nav_2d_msgs/msg/detail/twist2_d_stamped__functions.h
[0.592s] -- Installing: /home/autodrive_devkit/install/nav_2d_msgs/include/nav_2d_msgs/nav_2d_msgs/msg/detail/twist2_d_stamped__functions.c
[0.592s] -- Installing: /home/autodrive_devkit/install/nav_2d_msgs/include/nav_2d_msgs/nav_2d_msgs/msg/detail/pose2_d_stamped__struct.h
[0.593s] -- Installing: /home/autodrive_devkit/install/nav_2d_msgs/include/nav_2d_msgs/nav_2d_msgs/msg/detail/twist2_d__type_support.h
[0.593s] -- Installing: /home/autodrive_devkit/install/nav_2d_msgs/include/nav_2d_msgs/nav_2d_msgs/msg/detail/path2_d__struct.h
[0.593s] -- Installing: /home/autodrive_devkit/install/nav_2d_msgs/include/nav_2d_msgs/nav_2d_msgs/msg/detail/twist2_d32__struct.h
[0.593s] -- Installing: /home/autodrive_devkit/install/nav_2d_msgs/include/nav_2d_msgs/nav_2d_msgs/msg/detail/twist2_d__functions.h
[0.593s] -- Installing: /home/autodrive_devkit/install/nav_2d_msgs/include/nav_2d_msgs/nav_2d_msgs/msg/detail/twist2_d__functions.c
[0.593s] -- Installing: /home/autodrive_devkit/install/nav_2d_msgs/include/nav_2d_msgs/nav_2d_msgs/msg/detail/twist2_d_stamped__type_support.h
[0.593s] -- Installing: /home/autodrive_devkit/install/nav_2d_msgs/include/nav_2d_msgs/nav_2d_msgs/msg/detail/twist2_d32__functions.c
[0.593s] -- Installing: /home/autodrive_devkit/install/nav_2d_msgs/include/nav_2d_msgs/nav_2d_msgs/msg/detail/path2_d__functions.c
[0.594s] -- Installing: /home/autodrive_devkit/install/nav_2d_msgs/include/nav_2d_msgs/nav_2d_msgs/msg/detail/pose2_d32__functions.c
[0.594s] -- Installing: /home/autodrive_devkit/install/nav_2d_msgs/include/nav_2d_msgs/nav_2d_msgs/msg/detail/pose2_d32__struct.h
[0.594s] -- Installing: /home/autodrive_devkit/install/nav_2d_msgs/include/nav_2d_msgs/nav_2d_msgs/msg/detail/twist2_d__struct.h
[0.594s] -- Installing: /home/autodrive_devkit/install/nav_2d_msgs/include/nav_2d_msgs/nav_2d_msgs/msg/twist2_d_stamped.h
[0.594s] -- Installing: /home/autodrive_devkit/install/nav_2d_msgs/include/nav_2d_msgs/nav_2d_msgs/msg/pose2_d32.h
[0.594s] -- Installing: /home/autodrive_devkit/install/nav_2d_msgs/include/nav_2d_msgs/nav_2d_msgs/msg/twist2_d32.h
[0.595s] -- Installing: /home/autodrive_devkit/install/nav_2d_msgs/share/nav_2d_msgs/environment/library_path.sh
[0.595s] -- Installing: /home/autodrive_devkit/install/nav_2d_msgs/share/nav_2d_msgs/environment/library_path.dsv
[0.595s] -- Installing: /home/autodrive_devkit/install/nav_2d_msgs/lib/libnav_2d_msgs__rosidl_generator_c.so
[0.596s] -- Set runtime path of "/home/autodrive_devkit/install/nav_2d_msgs/lib/libnav_2d_msgs__rosidl_generator_c.so" to ""
[0.596s] -- Up-to-date: /home/autodrive_devkit/install/nav_2d_msgs/include/nav_2d_msgs/nav_2d_msgs
[0.596s] -- Up-to-date: /home/autodrive_devkit/install/nav_2d_msgs/include/nav_2d_msgs/nav_2d_msgs/msg
[0.596s] -- Up-to-date: /home/autodrive_devkit/install/nav_2d_msgs/include/nav_2d_msgs/nav_2d_msgs/msg/detail
[0.596s] -- Installing: /home/autodrive_devkit/install/nav_2d_msgs/include/nav_2d_msgs/nav_2d_msgs/msg/detail/twist2_d_stamped__rosidl_typesupport_fastrtps_c.h
[0.596s] -- Installing: /home/autodrive_devkit/install/nav_2d_msgs/include/nav_2d_msgs/nav_2d_msgs/msg/detail/pose2_d32__rosidl_typesupport_fastrtps_c.h
[0.596s] -- Installing: /home/autodrive_devkit/install/nav_2d_msgs/include/nav_2d_msgs/nav_2d_msgs/msg/detail/pose2_d_stamped__rosidl_typesupport_fastrtps_c.h
[0.597s] -- Installing: /home/autodrive_devkit/install/nav_2d_msgs/include/nav_2d_msgs/nav_2d_msgs/msg/detail/twist2_d32__rosidl_typesupport_fastrtps_c.h
[0.597s] -- Installing: /home/autodrive_devkit/install/nav_2d_msgs/include/nav_2d_msgs/nav_2d_msgs/msg/detail/twist2_d__rosidl_typesupport_fastrtps_c.h
[0.597s] -- Installing: /home/autodrive_devkit/install/nav_2d_msgs/include/nav_2d_msgs/nav_2d_msgs/msg/detail/path2_d__rosidl_typesupport_fastrtps_c.h
[0.597s] -- Installing: /home/autodrive_devkit/install/nav_2d_msgs/include/nav_2d_msgs/nav_2d_msgs/msg/rosidl_typesupport_fastrtps_c__visibility_control.h
[0.597s] -- Installing: /home/autodrive_devkit/install/nav_2d_msgs/lib/libnav_2d_msgs__rosidl_typesupport_fastrtps_c.so
[0.598s] -- Set runtime path of "/home/autodrive_devkit/install/nav_2d_msgs/lib/libnav_2d_msgs__rosidl_typesupport_fastrtps_c.so" to ""
[0.598s] -- Up-to-date: /home/autodrive_devkit/install/nav_2d_msgs/include/nav_2d_msgs/nav_2d_msgs
[0.598s] -- Up-to-date: /home/autodrive_devkit/install/nav_2d_msgs/include/nav_2d_msgs/nav_2d_msgs/msg
[0.598s] -- Installing: /home/autodrive_devkit/install/nav_2d_msgs/include/nav_2d_msgs/nav_2d_msgs/msg/path2_d.hpp
[0.598s] -- Installing: /home/autodrive_devkit/install/nav_2d_msgs/include/nav_2d_msgs/nav_2d_msgs/msg/pose2_d32.hpp
[0.598s] -- Installing: /home/autodrive_devkit/install/nav_2d_msgs/include/nav_2d_msgs/nav_2d_msgs/msg/twist2_d32.hpp
[0.598s] -- Up-to-date: /home/autodrive_devkit/install/nav_2d_msgs/include/nav_2d_msgs/nav_2d_msgs/msg/detail
[0.598s] -- Installing: /home/autodrive_devkit/install/nav_2d_msgs/include/nav_2d_msgs/nav_2d_msgs/msg/detail/twist2_d__struct.hpp
[0.598s] -- Installing: /home/autodrive_devkit/install/nav_2d_msgs/include/nav_2d_msgs/nav_2d_msgs/msg/detail/twist2_d_stamped__builder.hpp
[0.598s] -- Installing: /home/autodrive_devkit/install/nav_2d_msgs/include/nav_2d_msgs/nav_2d_msgs/msg/detail/pose2_d_stamped__builder.hpp
[0.598s] -- Installing: /home/autodrive_devkit/install/nav_2d_msgs/include/nav_2d_msgs/nav_2d_msgs/msg/detail/twist2_d__builder.hpp
[0.598s] -- Installing: /home/autodrive_devkit/install/nav_2d_msgs/include/nav_2d_msgs/nav_2d_msgs/msg/detail/path2_d__traits.hpp
[0.599s] -- Installing: /home/autodrive_devkit/install/nav_2d_msgs/include/nav_2d_msgs/nav_2d_msgs/msg/detail/twist2_d_stamped__traits.hpp
[0.599s] -- Installing: /home/autodrive_devkit/install/nav_2d_msgs/include/nav_2d_msgs/nav_2d_msgs/msg/detail/twist2_d32__builder.hpp
[0.599s] -- Installing: /home/autodrive_devkit/install/nav_2d_msgs/include/nav_2d_msgs/nav_2d_msgs/msg/detail/pose2_d_stamped__traits.hpp
[0.599s] -- Installing: /home/autodrive_devkit/install/nav_2d_msgs/include/nav_2d_msgs/nav_2d_msgs/msg/detail/path2_d__struct.hpp
[0.599s] -- Installing: /home/autodrive_devkit/install/nav_2d_msgs/include/nav_2d_msgs/nav_2d_msgs/msg/detail/pose2_d32__traits.hpp
[0.599s] -- Installing: /home/autodrive_devkit/install/nav_2d_msgs/include/nav_2d_msgs/nav_2d_msgs/msg/detail/twist2_d_stamped__struct.hpp
[0.599s] -- Installing: /home/autodrive_devkit/install/nav_2d_msgs/include/nav_2d_msgs/nav_2d_msgs/msg/detail/pose2_d32__builder.hpp
[0.599s] -- Installing: /home/autodrive_devkit/install/nav_2d_msgs/include/nav_2d_msgs/nav_2d_msgs/msg/detail/twist2_d32__struct.hpp
[0.600s] -- Installing: /home/autodrive_devkit/install/nav_2d_msgs/include/nav_2d_msgs/nav_2d_msgs/msg/detail/twist2_d__traits.hpp
[0.600s] -- Installing: /home/autodrive_devkit/install/nav_2d_msgs/include/nav_2d_msgs/nav_2d_msgs/msg/detail/pose2_d_stamped__struct.hpp
[0.600s] -- Installing: /home/autodrive_devkit/install/nav_2d_msgs/include/nav_2d_msgs/nav_2d_msgs/msg/detail/twist2_d32__traits.hpp
[0.600s] -- Installing: /home/autodrive_devkit/install/nav_2d_msgs/include/nav_2d_msgs/nav_2d_msgs/msg/detail/pose2_d32__struct.hpp
[0.600s] -- Installing: /home/autodrive_devkit/install/nav_2d_msgs/include/nav_2d_msgs/nav_2d_msgs/msg/detail/path2_d__builder.hpp
[0.600s] -- Installing: /home/autodrive_devkit/install/nav_2d_msgs/include/nav_2d_msgs/nav_2d_msgs/msg/twist2_d_stamped.hpp
[0.600s] -- Installing: /home/autodrive_devkit/install/nav_2d_msgs/include/nav_2d_msgs/nav_2d_msgs/msg/pose2_d_stamped.hpp
[0.600s] -- Installing: /home/autodrive_devkit/install/nav_2d_msgs/include/nav_2d_msgs/nav_2d_msgs/msg/twist2_d.hpp
[0.601s] -- Up-to-date: /home/autodrive_devkit/install/nav_2d_msgs/include/nav_2d_msgs/nav_2d_msgs
[0.601s] -- Up-to-date: /home/autodrive_devkit/install/nav_2d_msgs/include/nav_2d_msgs/nav_2d_msgs/msg
[0.601s] -- Installing: /home/autodrive_devkit/install/nav_2d_msgs/include/nav_2d_msgs/nav_2d_msgs/msg/rosidl_typesupport_fastrtps_cpp__visibility_control.h
[0.601s] -- Up-to-date: /home/autodrive_devkit/install/nav_2d_msgs/include/nav_2d_msgs/nav_2d_msgs/msg/detail
[0.601s] -- Installing: /home/autodrive_devkit/install/nav_2d_msgs/include/nav_2d_msgs/nav_2d_msgs/msg/detail/twist2_d__rosidl_typesupport_fastrtps_cpp.hpp
[0.601s] -- Installing: /home/autodrive_devkit/install/nav_2d_msgs/include/nav_2d_msgs/nav_2d_msgs/msg/detail/path2_d__rosidl_typesupport_fastrtps_cpp.hpp
[0.601s] -- Installing: /home/autodrive_devkit/install/nav_2d_msgs/include/nav_2d_msgs/nav_2d_msgs/msg/detail/twist2_d_stamped__rosidl_typesupport_fastrtps_cpp.hpp
[0.601s] -- Installing: /home/autodrive_devkit/install/nav_2d_msgs/include/nav_2d_msgs/nav_2d_msgs/msg/detail/dds_fastrtps
[0.601s] -- Installing: /home/autodrive_devkit/install/nav_2d_msgs/include/nav_2d_msgs/nav_2d_msgs/msg/detail/pose2_d32__rosidl_typesupport_fastrtps_cpp.hpp
[0.601s] -- Installing: /home/autodrive_devkit/install/nav_2d_msgs/include/nav_2d_msgs/nav_2d_msgs/msg/detail/twist2_d32__rosidl_typesupport_fastrtps_cpp.hpp
[0.601s] -- Installing: /home/autodrive_devkit/install/nav_2d_msgs/include/nav_2d_msgs/nav_2d_msgs/msg/detail/pose2_d_stamped__rosidl_typesupport_fastrtps_cpp.hpp
[0.602s] -- Installing: /home/autodrive_devkit/install/nav_2d_msgs/lib/libnav_2d_msgs__rosidl_typesupport_fastrtps_cpp.so
[0.602s] -- Set runtime path of "/home/autodrive_devkit/install/nav_2d_msgs/lib/libnav_2d_msgs__rosidl_typesupport_fastrtps_cpp.so" to ""
[0.602s] -- Up-to-date: /home/autodrive_devkit/install/nav_2d_msgs/include/nav_2d_msgs/nav_2d_msgs
[0.602s] -- Up-to-date: /home/autodrive_devkit/install/nav_2d_msgs/include/nav_2d_msgs/nav_2d_msgs/msg
[0.602s] -- Installing: /home/autodrive_devkit/install/nav_2d_msgs/include/nav_2d_msgs/nav_2d_msgs/msg/rosidl_typesupport_introspection_c__visibility_control.h
[0.602s] -- Up-to-date: /home/autodrive_devkit/install/nav_2d_msgs/include/nav_2d_msgs/nav_2d_msgs/msg/detail
[0.602s] -- Installing: /home/autodrive_devkit/install/nav_2d_msgs/include/nav_2d_msgs/nav_2d_msgs/msg/detail/pose2_d32__rosidl_typesupport_introspection_c.h
[0.603s] -- Installing: /home/autodrive_devkit/install/nav_2d_msgs/include/nav_2d_msgs/nav_2d_msgs/msg/detail/twist2_d32__type_support.c
[0.603s] -- Installing: /home/autodrive_devkit/install/nav_2d_msgs/include/nav_2d_msgs/nav_2d_msgs/msg/detail/path2_d__rosidl_typesupport_introspection_c.h
[0.603s] -- Installing: /home/autodrive_devkit/install/nav_2d_msgs/include/nav_2d_msgs/nav_2d_msgs/msg/detail/twist2_d__type_support.c
[0.603s] -- Installing: /home/autodrive_devkit/install/nav_2d_msgs/include/nav_2d_msgs/nav_2d_msgs/msg/detail/twist2_d__rosidl_typesupport_introspection_c.h
[0.603s] -- Installing: /home/autodrive_devkit/install/nav_2d_msgs/include/nav_2d_msgs/nav_2d_msgs/msg/detail/pose2_d32__type_support.c
[0.603s] -- Installing: /home/autodrive_devkit/install/nav_2d_msgs/include/nav_2d_msgs/nav_2d_msgs/msg/detail/pose2_d_stamped__rosidl_typesupport_introspection_c.h
[0.603s] -- Installing: /home/autodrive_devkit/install/nav_2d_msgs/include/nav_2d_msgs/nav_2d_msgs/msg/detail/twist2_d32__rosidl_typesupport_introspection_c.h
[0.603s] -- Installing: /home/autodrive_devkit/install/nav_2d_msgs/include/nav_2d_msgs/nav_2d_msgs/msg/detail/twist2_d_stamped__rosidl_typesupport_introspection_c.h
[0.603s] -- Installing: /home/autodrive_devkit/install/nav_2d_msgs/include/nav_2d_msgs/nav_2d_msgs/msg/detail/pose2_d_stamped__type_support.c
[0.604s] -- Installing: /home/autodrive_devkit/install/nav_2d_msgs/include/nav_2d_msgs/nav_2d_msgs/msg/detail/twist2_d_stamped__type_support.c
[0.604s] -- Installing: /home/autodrive_devkit/install/nav_2d_msgs/include/nav_2d_msgs/nav_2d_msgs/msg/detail/path2_d__type_support.c
[0.604s] -- Installing: /home/autodrive_devkit/install/nav_2d_msgs/lib/libnav_2d_msgs__rosidl_typesupport_introspection_c.so
[0.604s] -- Set runtime path of "/home/autodrive_devkit/install/nav_2d_msgs/lib/libnav_2d_msgs__rosidl_typesupport_introspection_c.so" to ""
[0.604s] -- Installing: /home/autodrive_devkit/install/nav_2d_msgs/lib/libnav_2d_msgs__rosidl_typesupport_c.so
[0.606s] -- Set runtime path of "/home/autodrive_devkit/install/nav_2d_msgs/lib/libnav_2d_msgs__rosidl_typesupport_c.so" to ""
[0.606s] -- Up-to-date: /home/autodrive_devkit/install/nav_2d_msgs/include/nav_2d_msgs/nav_2d_msgs
[0.606s] -- Up-to-date: /home/autodrive_devkit/install/nav_2d_msgs/include/nav_2d_msgs/nav_2d_msgs/msg
[0.606s] -- Up-to-date: /home/autodrive_devkit/install/nav_2d_msgs/include/nav_2d_msgs/nav_2d_msgs/msg/detail
[0.606s] -- Installing: /home/autodrive_devkit/install/nav_2d_msgs/include/nav_2d_msgs/nav_2d_msgs/msg/detail/pose2_d_stamped__type_support.cpp
[0.606s] -- Installing: /home/autodrive_devkit/install/nav_2d_msgs/include/nav_2d_msgs/nav_2d_msgs/msg/detail/pose2_d32__rosidl_typesupport_introspection_cpp.hpp
[0.606s] -- Installing: /home/autodrive_devkit/install/nav_2d_msgs/include/nav_2d_msgs/nav_2d_msgs/msg/detail/twist2_d__type_support.cpp
[0.606s] -- Installing: /home/autodrive_devkit/install/nav_2d_msgs/include/nav_2d_msgs/nav_2d_msgs/msg/detail/twist2_d32__type_support.cpp
[0.606s] -- Installing: /home/autodrive_devkit/install/nav_2d_msgs/include/nav_2d_msgs/nav_2d_msgs/msg/detail/pose2_d_stamped__rosidl_typesupport_introspection_cpp.hpp
[0.606s] -- Installing: /home/autodrive_devkit/install/nav_2d_msgs/include/nav_2d_msgs/nav_2d_msgs/msg/detail/twist2_d_stamped__type_support.cpp
[0.607s] -- Installing: /home/autodrive_devkit/install/nav_2d_msgs/include/nav_2d_msgs/nav_2d_msgs/msg/detail/twist2_d32__rosidl_typesupport_introspection_cpp.hpp
[0.607s] -- Installing: /home/autodrive_devkit/install/nav_2d_msgs/include/nav_2d_msgs/nav_2d_msgs/msg/detail/pose2_d32__type_support.cpp
[0.607s] -- Installing: /home/autodrive_devkit/install/nav_2d_msgs/include/nav_2d_msgs/nav_2d_msgs/msg/detail/twist2_d__rosidl_typesupport_introspection_cpp.hpp
[0.607s] -- Installing: /home/autodrive_devkit/install/nav_2d_msgs/include/nav_2d_msgs/nav_2d_msgs/msg/detail/path2_d__rosidl_typesupport_introspection_cpp.hpp
[0.607s] -- Installing: /home/autodrive_devkit/install/nav_2d_msgs/include/nav_2d_msgs/nav_2d_msgs/msg/detail/path2_d__type_support.cpp
[0.607s] -- Installing: /home/autodrive_devkit/install/nav_2d_msgs/include/nav_2d_msgs/nav_2d_msgs/msg/detail/twist2_d_stamped__rosidl_typesupport_introspection_cpp.hpp
[0.607s] -- Installing: /home/autodrive_devkit/install/nav_2d_msgs/lib/libnav_2d_msgs__rosidl_typesupport_introspection_cpp.so
[0.607s] -- Set runtime path of "/home/autodrive_devkit/install/nav_2d_msgs/lib/libnav_2d_msgs__rosidl_typesupport_introspection_cpp.so" to ""
[0.607s] -- Installing: /home/autodrive_devkit/install/nav_2d_msgs/lib/libnav_2d_msgs__rosidl_typesupport_cpp.so
[0.607s] -- Set runtime path of "/home/autodrive_devkit/install/nav_2d_msgs/lib/libnav_2d_msgs__rosidl_typesupport_cpp.so" to ""
[0.607s] -- Installing: /home/autodrive_devkit/install/nav_2d_msgs/share/nav_2d_msgs/environment/pythonpath.sh
[0.607s] -- Installing: /home/autodrive_devkit/install/nav_2d_msgs/share/nav_2d_msgs/environment/pythonpath.dsv
[0.607s] -- Installing: /home/autodrive_devkit/install/nav_2d_msgs/local/lib/python3.10/dist-packages/nav_2d_msgs-1.3.1-py3.10.egg-info
[0.608s] -- Installing: /home/autodrive_devkit/install/nav_2d_msgs/local/lib/python3.10/dist-packages/nav_2d_msgs-1.3.1-py3.10.egg-info/SOURCES.txt
[0.608s] -- Installing: /home/autodrive_devkit/install/nav_2d_msgs/local/lib/python3.10/dist-packages/nav_2d_msgs-1.3.1-py3.10.egg-info/PKG-INFO
[0.608s] -- Installing: /home/autodrive_devkit/install/nav_2d_msgs/local/lib/python3.10/dist-packages/nav_2d_msgs-1.3.1-py3.10.egg-info/dependency_links.txt
[0.608s] -- Installing: /home/autodrive_devkit/install/nav_2d_msgs/local/lib/python3.10/dist-packages/nav_2d_msgs-1.3.1-py3.10.egg-info/top_level.txt
[0.608s] -- Installing: /home/autodrive_devkit/install/nav_2d_msgs/local/lib/python3.10/dist-packages/nav_2d_msgs
[0.608s] -- Installing: /home/autodrive_devkit/install/nav_2d_msgs/local/lib/python3.10/dist-packages/nav_2d_msgs/nav_2d_msgs_s__rosidl_typesupport_fastrtps_c.cpython-310-x86_64-linux-gnu.so
[0.608s] -- Installing: /home/autodrive_devkit/install/nav_2d_msgs/local/lib/python3.10/dist-packages/nav_2d_msgs/_nav_2d_msgs_s.ep.rosidl_typesupport_introspection_c.c
[0.609s] -- Installing: /home/autodrive_devkit/install/nav_2d_msgs/local/lib/python3.10/dist-packages/nav_2d_msgs/libnav_2d_msgs__rosidl_generator_py.so
[0.609s] -- Installing: /home/autodrive_devkit/install/nav_2d_msgs/local/lib/python3.10/dist-packages/nav_2d_msgs/_nav_2d_msgs_s.ep.rosidl_typesupport_fastrtps_c.c
[0.609s] -- Installing: /home/autodrive_devkit/install/nav_2d_msgs/local/lib/python3.10/dist-packages/nav_2d_msgs/_nav_2d_msgs_s.ep.rosidl_typesupport_c.c
[0.609s] -- Installing: /home/autodrive_devkit/install/nav_2d_msgs/local/lib/python3.10/dist-packages/nav_2d_msgs/__init__.py
[0.609s] -- Installing: /home/autodrive_devkit/install/nav_2d_msgs/local/lib/python3.10/dist-packages/nav_2d_msgs/nav_2d_msgs_s__rosidl_typesupport_introspection_c.cpython-310-x86_64-linux-gnu.so
[0.609s] -- Installing: /home/autodrive_devkit/install/nav_2d_msgs/local/lib/python3.10/dist-packages/nav_2d_msgs/msg
[0.609s] -- Installing: /home/autodrive_devkit/install/nav_2d_msgs/local/lib/python3.10/dist-packages/nav_2d_msgs/msg/_path2_d.py
[0.609s] -- Installing: /home/autodrive_devkit/install/nav_2d_msgs/local/lib/python3.10/dist-packages/nav_2d_msgs/msg/_pose2_d_stamped.py
[0.609s] -- Installing: /home/autodrive_devkit/install/nav_2d_msgs/local/lib/python3.10/dist-packages/nav_2d_msgs/msg/_twist2_d_stamped.py
[0.610s] -- Installing: /home/autodrive_devkit/install/nav_2d_msgs/local/lib/python3.10/dist-packages/nav_2d_msgs/msg/_twist2_d.py
[0.610s] -- Installing: /home/autodrive_devkit/install/nav_2d_msgs/local/lib/python3.10/dist-packages/nav_2d_msgs/msg/_pose2_d32.py
[0.610s] -- Installing: /home/autodrive_devkit/install/nav_2d_msgs/local/lib/python3.10/dist-packages/nav_2d_msgs/msg/_twist2_d32.py
[0.610s] -- Installing: /home/autodrive_devkit/install/nav_2d_msgs/local/lib/python3.10/dist-packages/nav_2d_msgs/msg/_twist2_d32_s.c
[0.610s] -- Installing: /home/autodrive_devkit/install/nav_2d_msgs/local/lib/python3.10/dist-packages/nav_2d_msgs/msg/_twist2_d_stamped_s.c
[0.610s] -- Installing: /home/autodrive_devkit/install/nav_2d_msgs/local/lib/python3.10/dist-packages/nav_2d_msgs/msg/__init__.py
[0.610s] -- Installing: /home/autodrive_devkit/install/nav_2d_msgs/local/lib/python3.10/dist-packages/nav_2d_msgs/msg/_pose2_d32_s.c
[0.610s] -- Installing: /home/autodrive_devkit/install/nav_2d_msgs/local/lib/python3.10/dist-packages/nav_2d_msgs/msg/_path2_d_s.c
[0.611s] -- Installing: /home/autodrive_devkit/install/nav_2d_msgs/local/lib/python3.10/dist-packages/nav_2d_msgs/msg/_pose2_d_stamped_s.c
[0.611s] -- Installing: /home/autodrive_devkit/install/nav_2d_msgs/local/lib/python3.10/dist-packages/nav_2d_msgs/msg/_twist2_d_s.c
[0.611s] -- Installing: /home/autodrive_devkit/install/nav_2d_msgs/local/lib/python3.10/dist-packages/nav_2d_msgs/nav_2d_msgs_s__rosidl_typesupport_c.cpython-310-x86_64-linux-gnu.so
[0.639s] Listing '/home/autodrive_devkit/install/nav_2d_msgs/local/lib/python3.10/dist-packages/nav_2d_msgs'...
[0.639s] Compiling '/home/autodrive_devkit/install/nav_2d_msgs/local/lib/python3.10/dist-packages/nav_2d_msgs/__init__.py'...
[0.639s] Listing '/home/autodrive_devkit/install/nav_2d_msgs/local/lib/python3.10/dist-packages/nav_2d_msgs/msg'...
[0.640s] Compiling '/home/autodrive_devkit/install/nav_2d_msgs/local/lib/python3.10/dist-packages/nav_2d_msgs/msg/__init__.py'...
[0.640s] Compiling '/home/autodrive_devkit/install/nav_2d_msgs/local/lib/python3.10/dist-packages/nav_2d_msgs/msg/_path2_d.py'...
[0.640s] Compiling '/home/autodrive_devkit/install/nav_2d_msgs/local/lib/python3.10/dist-packages/nav_2d_msgs/msg/_pose2_d32.py'...
[0.640s] Compiling '/home/autodrive_devkit/install/nav_2d_msgs/local/lib/python3.10/dist-packages/nav_2d_msgs/msg/_pose2_d_stamped.py'...
[0.640s] Compiling '/home/autodrive_devkit/install/nav_2d_msgs/local/lib/python3.10/dist-packages/nav_2d_msgs/msg/_twist2_d.py'...
[0.640s] Compiling '/home/autodrive_devkit/install/nav_2d_msgs/local/lib/python3.10/dist-packages/nav_2d_msgs/msg/_twist2_d32.py'...
[0.640s] Compiling '/home/autodrive_devkit/install/nav_2d_msgs/local/lib/python3.10/dist-packages/nav_2d_msgs/msg/_twist2_d_stamped.py'...
[0.643s] -- Installing: /home/autodrive_devkit/install/nav_2d_msgs/local/lib/python3.10/dist-packages/nav_2d_msgs/nav_2d_msgs_s__rosidl_typesupport_fastrtps_c.cpython-310-x86_64-linux-gnu.so
[0.644s] -- Set runtime path of "/home/autodrive_devkit/install/nav_2d_msgs/local/lib/python3.10/dist-packages/nav_2d_msgs/nav_2d_msgs_s__rosidl_typesupport_fastrtps_c.cpython-310-x86_64-linux-gnu.so" to ""
[0.644s] -- Installing: /home/autodrive_devkit/install/nav_2d_msgs/local/lib/python3.10/dist-packages/nav_2d_msgs/nav_2d_msgs_s__rosidl_typesupport_introspection_c.cpython-310-x86_64-linux-gnu.so
[0.645s] -- Set runtime path of "/home/autodrive_devkit/install/nav_2d_msgs/local/lib/python3.10/dist-packages/nav_2d_msgs/nav_2d_msgs_s__rosidl_typesupport_introspection_c.cpython-310-x86_64-linux-gnu.so" to ""
[0.646s] -- Installing: /home/autodrive_devkit/install/nav_2d_msgs/local/lib/python3.10/dist-packages/nav_2d_msgs/nav_2d_msgs_s__rosidl_typesupport_c.cpython-310-x86_64-linux-gnu.so
[0.647s] -- Set runtime path of "/home/autodrive_devkit/install/nav_2d_msgs/local/lib/python3.10/dist-packages/nav_2d_msgs/nav_2d_msgs_s__rosidl_typesupport_c.cpython-310-x86_64-linux-gnu.so" to ""
[0.647s] -- Installing: /home/autodrive_devkit/install/nav_2d_msgs/lib/libnav_2d_msgs__rosidl_generator_py.so
[0.648s] -- Set runtime path of "/home/autodrive_devkit/install/nav_2d_msgs/lib/libnav_2d_msgs__rosidl_generator_py.so" to ""
[0.648s] -- Installing: /home/autodrive_devkit/install/nav_2d_msgs/share/nav_2d_msgs/msg/Path2D.idl
[0.648s] -- Installing: /home/autodrive_devkit/install/nav_2d_msgs/share/nav_2d_msgs/msg/Pose2D32.idl
[0.649s] -- Installing: /home/autodrive_devkit/install/nav_2d_msgs/share/nav_2d_msgs/msg/Pose2DStamped.idl
[0.649s] -- Installing: /home/autodrive_devkit/install/nav_2d_msgs/share/nav_2d_msgs/msg/Twist2D.idl
[0.649s] -- Installing: /home/autodrive_devkit/install/nav_2d_msgs/share/nav_2d_msgs/msg/Twist2D32.idl
[0.649s] -- Installing: /home/autodrive_devkit/install/nav_2d_msgs/share/nav_2d_msgs/msg/Twist2DStamped.idl
[0.649s] -- Installing: /home/autodrive_devkit/install/nav_2d_msgs/share/nav_2d_msgs/msg/Path2D.msg
[0.650s] -- Installing: /home/autodrive_devkit/install/nav_2d_msgs/share/nav_2d_msgs/msg/Pose2D32.msg
[0.650s] -- Installing: /home/autodrive_devkit/install/nav_2d_msgs/share/nav_2d_msgs/msg/Pose2DStamped.msg
[0.650s] -- Installing: /home/autodrive_devkit/install/nav_2d_msgs/share/nav_2d_msgs/msg/Twist2D.msg
[0.650s] -- Installing: /home/autodrive_devkit/install/nav_2d_msgs/share/nav_2d_msgs/msg/Twist2D32.msg
[0.650s] -- Installing: /home/autodrive_devkit/install/nav_2d_msgs/share/nav_2d_msgs/msg/Twist2DStamped.msg
[0.651s] -- Installing: /home/autodrive_devkit/install/nav_2d_msgs/share/ament_index/resource_index/package_run_dependencies/nav_2d_msgs
[0.651s] -- Installing: /home/autodrive_devkit/install/nav_2d_msgs/share/ament_index/resource_index/parent_prefix_path/nav_2d_msgs
[0.651s] -- Installing: /home/autodrive_devkit/install/nav_2d_msgs/share/nav_2d_msgs/environment/ament_prefix_path.sh
[0.651s] -- Installing: /home/autodrive_devkit/install/nav_2d_msgs/share/nav_2d_msgs/environment/ament_prefix_path.dsv
[0.651s] -- Installing: /home/autodrive_devkit/install/nav_2d_msgs/share/nav_2d_msgs/environment/path.sh
[0.652s] -- Installing: /home/autodrive_devkit/install/nav_2d_msgs/share/nav_2d_msgs/environment/path.dsv
[0.652s] -- Installing: /home/autodrive_devkit/install/nav_2d_msgs/share/nav_2d_msgs/local_setup.bash
[0.652s] -- Installing: /home/autodrive_devkit/install/nav_2d_msgs/share/nav_2d_msgs/local_setup.sh
[0.652s] -- Installing: /home/autodrive_devkit/install/nav_2d_msgs/share/nav_2d_msgs/local_setup.zsh
[0.652s] -- Installing: /home/autodrive_devkit/install/nav_2d_msgs/share/nav_2d_msgs/local_setup.dsv
[0.653s] -- Installing: /home/autodrive_devkit/install/nav_2d_msgs/share/nav_2d_msgs/package.dsv
[0.653s] -- Installing: /home/autodrive_devkit/install/nav_2d_msgs/share/ament_index/resource_index/packages/nav_2d_msgs
[0.653s] -- Installing: /home/autodrive_devkit/install/nav_2d_msgs/share/nav_2d_msgs/cmake/export_nav_2d_msgs__rosidl_generator_cExport.cmake
[0.653s] -- Installing: /home/autodrive_devkit/install/nav_2d_msgs/share/nav_2d_msgs/cmake/export_nav_2d_msgs__rosidl_generator_cExport-noconfig.cmake
[0.653s] -- Installing: /home/autodrive_devkit/install/nav_2d_msgs/share/nav_2d_msgs/cmake/export_nav_2d_msgs__rosidl_typesupport_fastrtps_cExport.cmake
[0.653s] -- Installing: /home/autodrive_devkit/install/nav_2d_msgs/share/nav_2d_msgs/cmake/export_nav_2d_msgs__rosidl_typesupport_fastrtps_cExport-noconfig.cmake
[0.654s] -- Installing: /home/autodrive_devkit/install/nav_2d_msgs/share/nav_2d_msgs/cmake/export_nav_2d_msgs__rosidl_generator_cppExport.cmake
[0.654s] -- Installing: /home/autodrive_devkit/install/nav_2d_msgs/share/nav_2d_msgs/cmake/export_nav_2d_msgs__rosidl_typesupport_fastrtps_cppExport.cmake
[0.654s] -- Installing: /home/autodrive_devkit/install/nav_2d_msgs/share/nav_2d_msgs/cmake/export_nav_2d_msgs__rosidl_typesupport_fastrtps_cppExport-noconfig.cmake
[0.654s] -- Installing: /home/autodrive_devkit/install/nav_2d_msgs/share/nav_2d_msgs/cmake/nav_2d_msgs__rosidl_typesupport_introspection_cExport.cmake
[0.654s] -- Installing: /home/autodrive_devkit/install/nav_2d_msgs/share/nav_2d_msgs/cmake/nav_2d_msgs__rosidl_typesupport_introspection_cExport-noconfig.cmake
[0.654s] -- Installing: /home/autodrive_devkit/install/nav_2d_msgs/share/nav_2d_msgs/cmake/nav_2d_msgs__rosidl_typesupport_cExport.cmake
[0.654s] -- Installing: /home/autodrive_devkit/install/nav_2d_msgs/share/nav_2d_msgs/cmake/nav_2d_msgs__rosidl_typesupport_cExport-noconfig.cmake
[0.655s] -- Installing: /home/autodrive_devkit/install/nav_2d_msgs/share/nav_2d_msgs/cmake/nav_2d_msgs__rosidl_typesupport_introspection_cppExport.cmake
[0.655s] -- Installing: /home/autodrive_devkit/install/nav_2d_msgs/share/nav_2d_msgs/cmake/nav_2d_msgs__rosidl_typesupport_introspection_cppExport-noconfig.cmake
[0.655s] -- Installing: /home/autodrive_devkit/install/nav_2d_msgs/share/nav_2d_msgs/cmake/nav_2d_msgs__rosidl_typesupport_cppExport.cmake
[0.655s] -- Installing: /home/autodrive_devkit/install/nav_2d_msgs/share/nav_2d_msgs/cmake/nav_2d_msgs__rosidl_typesupport_cppExport-noconfig.cmake
[0.655s] -- Installing: /home/autodrive_devkit/install/nav_2d_msgs/share/nav_2d_msgs/cmake/export_nav_2d_msgs__rosidl_generator_pyExport.cmake
[0.655s] -- Installing: /home/autodrive_devkit/install/nav_2d_msgs/share/nav_2d_msgs/cmake/export_nav_2d_msgs__rosidl_generator_pyExport-noconfig.cmake
[0.655s] -- Installing: /home/autodrive_devkit/install/nav_2d_msgs/share/nav_2d_msgs/cmake/rosidl_cmake-extras.cmake
[0.656s] -- Installing: /home/autodrive_devkit/install/nav_2d_msgs/share/nav_2d_msgs/cmake/ament_cmake_export_dependencies-extras.cmake
[0.656s] -- Installing: /home/autodrive_devkit/install/nav_2d_msgs/share/nav_2d_msgs/cmake/ament_cmake_export_include_directories-extras.cmake
[0.656s] -- Installing: /home/autodrive_devkit/install/nav_2d_msgs/share/nav_2d_msgs/cmake/ament_cmake_export_libraries-extras.cmake
[0.656s] -- Installing: /home/autodrive_devkit/install/nav_2d_msgs/share/nav_2d_msgs/cmake/ament_cmake_export_targets-extras.cmake
[0.656s] -- Installing: /home/autodrive_devkit/install/nav_2d_msgs/share/nav_2d_msgs/cmake/rosidl_cmake_export_typesupport_targets-extras.cmake
[0.657s] -- Installing: /home/autodrive_devkit/install/nav_2d_msgs/share/nav_2d_msgs/cmake/rosidl_cmake_export_typesupport_libraries-extras.cmake
[0.657s] -- Installing: /home/autodrive_devkit/install/nav_2d_msgs/share/nav_2d_msgs/cmake/nav_2d_msgsConfig.cmake
[0.657s] -- Installing: /home/autodrive_devkit/install/nav_2d_msgs/share/nav_2d_msgs/cmake/nav_2d_msgsConfig-version.cmake
[0.657s] -- Installing: /home/autodrive_devkit/install/nav_2d_msgs/share/nav_2d_msgs/package.xml
[0.659s] Invoked command in '/home/autodrive_devkit/build/nav_2d_msgs' returned '0': CMAKE_PREFIX_PATH=${CMAKE_PREFIX_PATH}:/home/autodrive_devkit/install/f1tenth_stanley_controller:/home/autodrive_devkit/install/autodrive_f1tenth:/opt/ros/humble /usr/bin/cmake --install /home/autodrive_devkit/build/nav_2d_msgs
