[0.339s] Invoking command in '/home/autodrive_devkit/src/navigation2/nav2_simple_commander': AMENT_PREFIX_PATH=/home/autodrive_devkit/install/nav2_msgs:/home/autodrive_devkit/install/nav2_common:${AMENT_PREFIX_PATH} CMAKE_PREFIX_PATH=/home/autodrive_devkit/install/nav2_msgs:/home/autodrive_devkit/install/nav2_common:${CMAKE_PREFIX_PATH} LD_LIBRARY_PATH=/home/autodrive_devkit/install/nav2_msgs/lib:${LD_LIBRARY_PATH} PYTHONPATH=/home/autodrive_devkit/build/nav2_simple_commander/prefix_override:/usr/lib/python3/dist-packages/colcon_core/task/python/colcon_distutils_commands:/home/autodrive_devkit/install/nav2_simple_commander/lib/python3.10/site-packages:/home/autodrive_devkit/install/nav2_msgs/local/lib/python3.10/dist-packages:/home/autodrive_devkit/install/nav2_common/local/lib/python3.10/dist-packages:${PYTHONPATH} /usr/bin/python3 -W ignore:setup.py install is deprecated setup.py egg_info --egg-base ../../../build/nav2_simple_commander build --build-base /home/autodrive_devkit/build/nav2_simple_commander/build install --record /home/autodrive_devkit/build/nav2_simple_commander/install.log --single-version-externally-managed install_data
[0.460s] running egg_info
[0.460s] creating ../../../build/nav2_simple_commander/nav2_simple_commander.egg-info
[0.460s] writing ../../../build/nav2_simple_commander/nav2_simple_commander.egg-info/PKG-INFO
[0.461s] writing dependency_links to ../../../build/nav2_simple_commander/nav2_simple_commander.egg-info/dependency_links.txt
[0.461s] writing entry points to ../../../build/nav2_simple_commander/nav2_simple_commander.egg-info/entry_points.txt
[0.461s] writing requirements to ../../../build/nav2_simple_commander/nav2_simple_commander.egg-info/requires.txt
[0.461s] writing top-level names to ../../../build/nav2_simple_commander/nav2_simple_commander.egg-info/top_level.txt
[0.461s] writing manifest file '../../../build/nav2_simple_commander/nav2_simple_commander.egg-info/SOURCES.txt'
[0.462s] reading manifest file '../../../build/nav2_simple_commander/nav2_simple_commander.egg-info/SOURCES.txt'
[0.462s] writing manifest file '../../../build/nav2_simple_commander/nav2_simple_commander.egg-info/SOURCES.txt'
[0.462s] running build
[0.462s] running build_py
[0.462s] creating /home/autodrive_devkit/build/nav2_simple_commander/build
[0.463s] creating /home/autodrive_devkit/build/nav2_simple_commander/build/lib
[0.463s] creating /home/autodrive_devkit/build/nav2_simple_commander/build/lib/nav2_simple_commander
[0.463s] copying nav2_simple_commander/demo_inspection.py -> /home/autodrive_devkit/build/nav2_simple_commander/build/lib/nav2_simple_commander
[0.463s] copying nav2_simple_commander/line_iterator.py -> /home/autodrive_devkit/build/nav2_simple_commander/build/lib/nav2_simple_commander
[0.463s] copying nav2_simple_commander/example_nav_through_poses.py -> /home/autodrive_devkit/build/nav2_simple_commander/build/lib/nav2_simple_commander
[0.463s] copying nav2_simple_commander/robot_navigator.py -> /home/autodrive_devkit/build/nav2_simple_commander/build/lib/nav2_simple_commander
[0.463s] copying nav2_simple_commander/__init__.py -> /home/autodrive_devkit/build/nav2_simple_commander/build/lib/nav2_simple_commander
[0.463s] copying nav2_simple_commander/demo_recoveries.py -> /home/autodrive_devkit/build/nav2_simple_commander/build/lib/nav2_simple_commander
[0.463s] copying nav2_simple_commander/demo_security.py -> /home/autodrive_devkit/build/nav2_simple_commander/build/lib/nav2_simple_commander
[0.463s] copying nav2_simple_commander/demo_picking.py -> /home/autodrive_devkit/build/nav2_simple_commander/build/lib/nav2_simple_commander
[0.463s] copying nav2_simple_commander/example_follow_path.py -> /home/autodrive_devkit/build/nav2_simple_commander/build/lib/nav2_simple_commander
[0.463s] copying nav2_simple_commander/footprint_collision_checker.py -> /home/autodrive_devkit/build/nav2_simple_commander/build/lib/nav2_simple_commander
[0.463s] copying nav2_simple_commander/example_waypoint_follower.py -> /home/autodrive_devkit/build/nav2_simple_commander/build/lib/nav2_simple_commander
[0.464s] copying nav2_simple_commander/example_nav_to_pose.py -> /home/autodrive_devkit/build/nav2_simple_commander/build/lib/nav2_simple_commander
[0.464s] copying nav2_simple_commander/costmap_2d.py -> /home/autodrive_devkit/build/nav2_simple_commander/build/lib/nav2_simple_commander
[0.464s] copying nav2_simple_commander/example_assisted_teleop.py -> /home/autodrive_devkit/build/nav2_simple_commander/build/lib/nav2_simple_commander
[0.464s] copying nav2_simple_commander/utils.py -> /home/autodrive_devkit/build/nav2_simple_commander/build/lib/nav2_simple_commander
[0.464s] running install
[0.464s] running install_lib
[0.464s] creating /home/autodrive_devkit/install/nav2_simple_commander/lib/python3.10/site-packages/nav2_simple_commander
[0.464s] copying /home/autodrive_devkit/build/nav2_simple_commander/build/lib/nav2_simple_commander/demo_inspection.py -> /home/autodrive_devkit/install/nav2_simple_commander/lib/python3.10/site-packages/nav2_simple_commander
[0.464s] copying /home/autodrive_devkit/build/nav2_simple_commander/build/lib/nav2_simple_commander/line_iterator.py -> /home/autodrive_devkit/install/nav2_simple_commander/lib/python3.10/site-packages/nav2_simple_commander
[0.464s] copying /home/autodrive_devkit/build/nav2_simple_commander/build/lib/nav2_simple_commander/example_nav_through_poses.py -> /home/autodrive_devkit/install/nav2_simple_commander/lib/python3.10/site-packages/nav2_simple_commander
[0.464s] copying /home/autodrive_devkit/build/nav2_simple_commander/build/lib/nav2_simple_commander/robot_navigator.py -> /home/autodrive_devkit/install/nav2_simple_commander/lib/python3.10/site-packages/nav2_simple_commander
[0.465s] copying /home/autodrive_devkit/build/nav2_simple_commander/build/lib/nav2_simple_commander/__init__.py -> /home/autodrive_devkit/install/nav2_simple_commander/lib/python3.10/site-packages/nav2_simple_commander
[0.465s] copying /home/autodrive_devkit/build/nav2_simple_commander/build/lib/nav2_simple_commander/demo_recoveries.py -> /home/autodrive_devkit/install/nav2_simple_commander/lib/python3.10/site-packages/nav2_simple_commander
[0.465s] copying /home/autodrive_devkit/build/nav2_simple_commander/build/lib/nav2_simple_commander/demo_security.py -> /home/autodrive_devkit/install/nav2_simple_commander/lib/python3.10/site-packages/nav2_simple_commander
[0.465s] copying /home/autodrive_devkit/build/nav2_simple_commander/build/lib/nav2_simple_commander/demo_picking.py -> /home/autodrive_devkit/install/nav2_simple_commander/lib/python3.10/site-packages/nav2_simple_commander
[0.465s] copying /home/autodrive_devkit/build/nav2_simple_commander/build/lib/nav2_simple_commander/example_follow_path.py -> /home/autodrive_devkit/install/nav2_simple_commander/lib/python3.10/site-packages/nav2_simple_commander
[0.465s] copying /home/autodrive_devkit/build/nav2_simple_commander/build/lib/nav2_simple_commander/footprint_collision_checker.py -> /home/autodrive_devkit/install/nav2_simple_commander/lib/python3.10/site-packages/nav2_simple_commander
[0.465s] copying /home/autodrive_devkit/build/nav2_simple_commander/build/lib/nav2_simple_commander/example_waypoint_follower.py -> /home/autodrive_devkit/install/nav2_simple_commander/lib/python3.10/site-packages/nav2_simple_commander
[0.465s] copying /home/autodrive_devkit/build/nav2_simple_commander/build/lib/nav2_simple_commander/example_nav_to_pose.py -> /home/autodrive_devkit/install/nav2_simple_commander/lib/python3.10/site-packages/nav2_simple_commander
[0.465s] copying /home/autodrive_devkit/build/nav2_simple_commander/build/lib/nav2_simple_commander/costmap_2d.py -> /home/autodrive_devkit/install/nav2_simple_commander/lib/python3.10/site-packages/nav2_simple_commander
[0.465s] copying /home/autodrive_devkit/build/nav2_simple_commander/build/lib/nav2_simple_commander/example_assisted_teleop.py -> /home/autodrive_devkit/install/nav2_simple_commander/lib/python3.10/site-packages/nav2_simple_commander
[0.465s] copying /home/autodrive_devkit/build/nav2_simple_commander/build/lib/nav2_simple_commander/utils.py -> /home/autodrive_devkit/install/nav2_simple_commander/lib/python3.10/site-packages/nav2_simple_commander
[0.466s] byte-compiling /home/autodrive_devkit/install/nav2_simple_commander/lib/python3.10/site-packages/nav2_simple_commander/demo_inspection.py to demo_inspection.cpython-310.pyc
[0.466s] byte-compiling /home/autodrive_devkit/install/nav2_simple_commander/lib/python3.10/site-packages/nav2_simple_commander/line_iterator.py to line_iterator.cpython-310.pyc
[0.466s] byte-compiling /home/autodrive_devkit/install/nav2_simple_commander/lib/python3.10/site-packages/nav2_simple_commander/example_nav_through_poses.py to example_nav_through_poses.cpython-310.pyc
[0.467s] byte-compiling /home/autodrive_devkit/install/nav2_simple_commander/lib/python3.10/site-packages/nav2_simple_commander/robot_navigator.py to robot_navigator.cpython-310.pyc
[0.470s] byte-compiling /home/autodrive_devkit/install/nav2_simple_commander/lib/python3.10/site-packages/nav2_simple_commander/__init__.py to __init__.cpython-310.pyc
[0.470s] byte-compiling /home/autodrive_devkit/install/nav2_simple_commander/lib/python3.10/site-packages/nav2_simple_commander/demo_recoveries.py to demo_recoveries.cpython-310.pyc
[0.470s] byte-compiling /home/autodrive_devkit/install/nav2_simple_commander/lib/python3.10/site-packages/nav2_simple_commander/demo_security.py to demo_security.cpython-310.pyc
[0.471s] byte-compiling /home/autodrive_devkit/install/nav2_simple_commander/lib/python3.10/site-packages/nav2_simple_commander/demo_picking.py to demo_picking.cpython-310.pyc
[0.471s] byte-compiling /home/autodrive_devkit/install/nav2_simple_commander/lib/python3.10/site-packages/nav2_simple_commander/example_follow_path.py to example_follow_path.cpython-310.pyc
[0.471s] byte-compiling /home/autodrive_devkit/install/nav2_simple_commander/lib/python3.10/site-packages/nav2_simple_commander/footprint_collision_checker.py to footprint_collision_checker.cpython-310.pyc
[0.472s] byte-compiling /home/autodrive_devkit/install/nav2_simple_commander/lib/python3.10/site-packages/nav2_simple_commander/example_waypoint_follower.py to example_waypoint_follower.cpython-310.pyc
[0.472s] byte-compiling /home/autodrive_devkit/install/nav2_simple_commander/lib/python3.10/site-packages/nav2_simple_commander/example_nav_to_pose.py to example_nav_to_pose.cpython-310.pyc
[0.472s] byte-compiling /home/autodrive_devkit/install/nav2_simple_commander/lib/python3.10/site-packages/nav2_simple_commander/costmap_2d.py to costmap_2d.cpython-310.pyc
[0.473s] byte-compiling /home/autodrive_devkit/install/nav2_simple_commander/lib/python3.10/site-packages/nav2_simple_commander/example_assisted_teleop.py to example_assisted_teleop.cpython-310.pyc
[0.473s] byte-compiling /home/autodrive_devkit/install/nav2_simple_commander/lib/python3.10/site-packages/nav2_simple_commander/utils.py to utils.cpython-310.pyc
[0.473s] running install_data
[0.473s] creating /home/autodrive_devkit/install/nav2_simple_commander/share/ament_index
[0.473s] creating /home/autodrive_devkit/install/nav2_simple_commander/share/ament_index/resource_index
[0.474s] creating /home/autodrive_devkit/install/nav2_simple_commander/share/ament_index/resource_index/packages
[0.474s] copying resource/nav2_simple_commander -> /home/autodrive_devkit/install/nav2_simple_commander/share/ament_index/resource_index/packages
[0.474s] copying package.xml -> /home/autodrive_devkit/install/nav2_simple_commander/share/nav2_simple_commander
[0.474s] copying launch/security_demo_launch.py -> /home/autodrive_devkit/install/nav2_simple_commander/share/nav2_simple_commander
[0.474s] copying launch/nav_to_pose_example_launch.py -> /home/autodrive_devkit/install/nav2_simple_commander/share/nav2_simple_commander
[0.474s] copying launch/follow_path_example_launch.py -> /home/autodrive_devkit/install/nav2_simple_commander/share/nav2_simple_commander
[0.474s] copying launch/picking_demo_launch.py -> /home/autodrive_devkit/install/nav2_simple_commander/share/nav2_simple_commander
[0.474s] copying launch/inspection_demo_launch.py -> /home/autodrive_devkit/install/nav2_simple_commander/share/nav2_simple_commander
[0.474s] copying launch/waypoint_follower_example_launch.py -> /home/autodrive_devkit/install/nav2_simple_commander/share/nav2_simple_commander
[0.474s] copying launch/assisted_teleop_example_launch.py -> /home/autodrive_devkit/install/nav2_simple_commander/share/nav2_simple_commander
[0.474s] copying launch/nav_through_poses_example_launch.py -> /home/autodrive_devkit/install/nav2_simple_commander/share/nav2_simple_commander
[0.474s] copying launch/recoveries_example_launch.py -> /home/autodrive_devkit/install/nav2_simple_commander/share/nav2_simple_commander
[0.474s] running install_egg_info
[0.475s] Copying ../../../build/nav2_simple_commander/nav2_simple_commander.egg-info to /home/autodrive_devkit/install/nav2_simple_commander/lib/python3.10/site-packages/nav2_simple_commander-1.0.0-py3.10.egg-info
[0.475s] running install_scripts
[0.487s] Installing demo_inspection script to /home/autodrive_devkit/install/nav2_simple_commander/lib/nav2_simple_commander
[0.487s] Installing demo_picking script to /home/autodrive_devkit/install/nav2_simple_commander/lib/nav2_simple_commander
[0.487s] Installing demo_recoveries script to /home/autodrive_devkit/install/nav2_simple_commander/lib/nav2_simple_commander
[0.488s] Installing demo_security script to /home/autodrive_devkit/install/nav2_simple_commander/lib/nav2_simple_commander
[0.488s] Installing example_assisted_teleop script to /home/autodrive_devkit/install/nav2_simple_commander/lib/nav2_simple_commander
[0.488s] Installing example_follow_path script to /home/autodrive_devkit/install/nav2_simple_commander/lib/nav2_simple_commander
[0.488s] Installing example_nav_through_poses script to /home/autodrive_devkit/install/nav2_simple_commander/lib/nav2_simple_commander
[0.488s] Installing example_nav_to_pose script to /home/autodrive_devkit/install/nav2_simple_commander/lib/nav2_simple_commander
[0.488s] Installing example_waypoint_follower script to /home/autodrive_devkit/install/nav2_simple_commander/lib/nav2_simple_commander
[0.488s] writing list of installed files to '/home/autodrive_devkit/build/nav2_simple_commander/install.log'
[0.503s] Invoked command in '/home/autodrive_devkit/src/navigation2/nav2_simple_commander' returned '0': AMENT_PREFIX_PATH=/home/autodrive_devkit/install/nav2_msgs:/home/autodrive_devkit/install/nav2_common:${AMENT_PREFIX_PATH} CMAKE_PREFIX_PATH=/home/autodrive_devkit/install/nav2_msgs:/home/autodrive_devkit/install/nav2_common:${CMAKE_PREFIX_PATH} LD_LIBRARY_PATH=/home/autodrive_devkit/install/nav2_msgs/lib:${LD_LIBRARY_PATH} PYTHONPATH=/home/autodrive_devkit/build/nav2_simple_commander/prefix_override:/usr/lib/python3/dist-packages/colcon_core/task/python/colcon_distutils_commands:/home/autodrive_devkit/install/nav2_simple_commander/lib/python3.10/site-packages:/home/autodrive_devkit/install/nav2_msgs/local/lib/python3.10/dist-packages:/home/autodrive_devkit/install/nav2_common/local/lib/python3.10/dist-packages:${PYTHONPATH} /usr/bin/python3 -W ignore:setup.py install is deprecated setup.py egg_info --egg-base ../../../build/nav2_simple_commander build --build-base /home/autodrive_devkit/build/nav2_simple_commander/build install --record /home/autodrive_devkit/build/nav2_simple_commander/install.log --single-version-externally-managed install_data
